2023-04-28 17:59:19.260 [info] Log level: Info
2023-04-28 17:59:19.260 [info] Validating found git in: "git"
2023-04-28 17:59:19.260 [info] Using git "" from "git"
2023-04-28 17:59:19.260 [info] > git rev-parse --show-toplevel [55ms]
2023-04-28 17:59:19.260 [info] > git rev-parse --git-dir --git-common-dir [45ms]
2023-04-28 17:59:19.260 [info] Open repository: /home/bontzkl/projects/projekcikpykpyk/pomeranian-bolierplate-public
2023-04-28 17:59:19.260 [info] > git check-ignore -v -z --stdin [59ms]
2023-04-28 17:59:19.260 [info] > git config --get commit.template [769ms]
2023-04-28 17:59:19.260 [info] > git rev-parse --show-toplevel [806ms]
2023-04-28 17:59:19.934 [info] > git rev-parse --show-toplevel [692ms]
2023-04-28 17:59:20.084 [info] > git rev-parse --show-toplevel [128ms]
2023-04-28 17:59:20.131 [info] > git check-ignore -v -z --stdin [136ms]
2023-04-28 17:59:20.134 [info] > git rev-parse --show-toplevel [26ms]
2023-04-28 17:59:20.184 [info] > git for-each-ref --format=%(refname)%00%(upstream:short)%00%(objectname)%00%(upstream:track)%00%(upstream:remotename)%00%(upstream:remoteref) refs/heads/feature/new-route refs/remotes/feature/new-route [168ms]
2023-04-28 17:59:20.217 [info] > git status -z -uall [5ms]
2023-04-28 17:59:20.218 [info] > git rev-parse --show-toplevel [35ms]
2023-04-28 17:59:20.431 [info] > git show --textconv :src/App/Exercises/ReactExercises/view-router-data.jsx [158ms]
2023-04-28 17:59:20.433 [info] > git show --textconv :src/App/Exercises/ReactExercises/SubRouteExercise1/router-data.jsx [121ms]
2023-04-28 17:59:20.434 [info] > git show --textconv :src/App/Exercises/ReactExercises/SubRouteExercise1/Exercise1.jsx [100ms]
2023-04-28 17:59:20.439 [info] > git ls-files --stage -- /home/bontzkl/projects/projekcikpykpyk/pomeranian-bolierplate-public/src/App/Exercises/ReactExercises/SubRouteExercise1/router-data.jsx [35ms]
2023-04-28 17:59:20.447 [info] > git ls-files --stage -- /home/bontzkl/projects/projekcikpykpyk/pomeranian-bolierplate-public/src/App/Exercises/ReactExercises/view-router-data.jsx [79ms]
2023-04-28 17:59:20.633 [info] > git cat-file -s a70e1db429f94c91797d26db36220124155e9b47 [143ms]
2023-04-28 17:59:20.636 [info] > git ls-files --stage -- /home/bontzkl/projects/projekcikpykpyk/pomeranian-bolierplate-public/src/App/Exercises/ReactExercises/SubRouteExercise1/Exercise1.jsx [213ms]
2023-04-28 17:59:20.723 [info] > git config --get commit.template [106ms]
2023-04-28 17:59:20.775 [info] > git for-each-ref --format=%(refname)%00%(upstream:short)%00%(objectname)%00%(upstream:track)%00%(upstream:remotename)%00%(upstream:remoteref) refs/heads/feature/new-route refs/remotes/feature/new-route [8ms]
2023-04-28 17:59:20.824 [info] > git status -z -uall [16ms]
2023-04-28 18:00:16.132 [info] > git check-ignore -v -z --stdin [3ms]
2023-04-28 18:00:40.337 [info] > git config --get commit.template [8ms]
2023-04-28 18:00:40.337 [info] > git for-each-ref --format=%(refname)%00%(upstream:short)%00%(objectname)%00%(upstream:track)%00%(upstream:remotename)%00%(upstream:remoteref) refs/heads/feature/new-route refs/remotes/feature/new-route [2ms]
2023-04-28 18:00:40.346 [info] > git status -z -uall [2ms]
2023-04-28 18:00:59.458 [info] > git check-ignore -v -z --stdin [1ms]
2023-04-28 18:00:59.968 [info] > git config --get commit.template [1ms]
2023-04-28 18:00:59.975 [info] > git for-each-ref --format=%(refname)%00%(upstream:short)%00%(objectname)%00%(upstream:track)%00%(upstream:remotename)%00%(upstream:remoteref) refs/heads/feature/new-route refs/remotes/feature/new-route [1ms]
2023-04-28 18:00:59.983 [info] > git status -z -uall [2ms]
2023-04-28 18:01:00.794 [info] > git check-ignore -v -z --stdin [1ms]
2023-04-28 18:01:08.550 [info] > git config --get commit.template [2ms]
2023-04-28 18:01:08.558 [info] > git for-each-ref --format=%(refname)%00%(upstream:short)%00%(objectname)%00%(upstream:track)%00%(upstream:remotename)%00%(upstream:remoteref) refs/heads/feature/new-route refs/remotes/feature/new-route [2ms]
2023-04-28 18:01:08.566 [info] > git status -z -uall [2ms]
2023-04-28 18:01:10.286 [info] > git check-ignore -v -z --stdin [7ms]
2023-04-28 18:01:13.581 [info] > git config --get commit.template [2ms]
2023-04-28 18:01:13.588 [info] > git for-each-ref --format=%(refname)%00%(upstream:short)%00%(objectname)%00%(upstream:track)%00%(upstream:remotename)%00%(upstream:remoteref) refs/heads/feature/new-route refs/remotes/feature/new-route [1ms]
2023-04-28 18:01:13.602 [info] > git status -z -uall [4ms]
2023-04-28 18:01:27.559 [info] > git check-ignore -v -z --stdin [1ms]
2023-04-28 18:01:28.063 [info] > git config --get commit.template [2ms]
2023-04-28 18:01:28.069 [info] > git for-each-ref --format=%(refname)%00%(upstream:short)%00%(objectname)%00%(upstream:track)%00%(upstream:remotename)%00%(upstream:remoteref) refs/heads/feature/new-route refs/remotes/feature/new-route [1ms]
2023-04-28 18:01:28.077 [info] > git status -z -uall [2ms]
2023-04-28 18:01:41.470 [info] > git check-ignore -v -z --stdin [0ms]
2023-04-28 18:01:46.386 [info] > git show --textconv :src/App/Exercises/ReactExercises/SubRouteExercise2/Exercise2.jsx [18ms]
2023-04-28 18:01:46.390 [info] > git ls-files --stage -- /home/bontzkl/projects/projekcikpykpyk/pomeranian-bolierplate-public/src/App/Exercises/ReactExercises/SubRouteExercise2/Exercise2.jsx [6ms]
2023-04-28 18:01:54.911 [info] > git config --get commit.template [1ms]
2023-04-28 18:01:54.917 [info] > git for-each-ref --format=%(refname)%00%(upstream:short)%00%(objectname)%00%(upstream:track)%00%(upstream:remotename)%00%(upstream:remoteref) refs/heads/feature/new-route refs/remotes/feature/new-route [1ms]
2023-04-28 18:01:54.925 [info] > git status -z -uall [2ms]
2023-04-28 18:01:59.380 [info] > git show --textconv :src/App/Exercises/ReactExercises/SubRouteExercise2/router-data.jsx [16ms]
2023-04-28 18:01:59.383 [info] > git ls-files --stage -- /home/bontzkl/projects/projekcikpykpyk/pomeranian-bolierplate-public/src/App/Exercises/ReactExercises/SubRouteExercise2/router-data.jsx [8ms]
2023-04-28 18:02:30.541 [info] > git config --get commit.template [1ms]
2023-04-28 18:02:30.548 [info] > git for-each-ref --format=%(refname)%00%(upstream:short)%00%(objectname)%00%(upstream:track)%00%(upstream:remotename)%00%(upstream:remoteref) refs/heads/feature/new-route refs/remotes/feature/new-route [1ms]
2023-04-28 18:02:30.557 [info] > git status -z -uall [2ms]
2023-04-28 18:02:45.875 [info] > git config --get commit.template [7ms]
2023-04-28 18:02:45.902 [info] > git for-each-ref --format=%(refname)%00%(upstream:short)%00%(objectname)%00%(upstream:track)%00%(upstream:remotename)%00%(upstream:remoteref) refs/heads/feature/new-route refs/remotes/feature/new-route [12ms]
2023-04-28 18:02:45.927 [info] > git status -z -uall [5ms]
2023-04-28 18:03:07.808 [info] > git check-ignore -v -z --stdin [1ms]
2023-04-28 18:03:08.358 [info] > git config --get commit.template [1ms]
2023-04-28 18:03:08.365 [info] > git for-each-ref --format=%(refname)%00%(upstream:short)%00%(objectname)%00%(upstream:track)%00%(upstream:remotename)%00%(upstream:remoteref) refs/heads/feature/new-route refs/remotes/feature/new-route [1ms]
2023-04-28 18:03:08.372 [info] > git status -z -uall [2ms]
2023-04-28 18:03:11.292 [info] > git check-ignore -v -z --stdin [1ms]
2023-04-28 18:03:26.788 [info] > git show --textconv :src/App/Exercises/ReactExercises/SubRouteExercise2 copy/Exercise2.jsx [20ms]
2023-04-28 18:03:26.791 [info] > git ls-files --stage -- /home/bontzkl/projects/projekcikpykpyk/pomeranian-bolierplate-public/src/App/Exercises/ReactExercises/SubRouteExercise2 copy/Exercise2.jsx [5ms]
2023-04-28 18:03:30.717 [info] > git show --textconv :src/App/Exercises/ReactExercises/SubRouteExercise2 copy/router-data.jsx [9ms]
2023-04-28 18:03:30.719 [info] > git ls-files --stage -- /home/bontzkl/projects/projekcikpykpyk/pomeranian-bolierplate-public/src/App/Exercises/ReactExercises/SubRouteExercise2 copy/router-data.jsx [4ms]
2023-04-28 18:03:56.000 [info] > git config --get commit.template [2ms]
2023-04-28 18:03:56.019 [info] > git for-each-ref --format=%(refname)%00%(upstream:short)%00%(objectname)%00%(upstream:track)%00%(upstream:remotename)%00%(upstream:remoteref) refs/heads/feature/new-route refs/remotes/feature/new-route [2ms]
2023-04-28 18:03:56.041 [info] > git status -z -uall [3ms]
2023-04-28 18:04:01.081 [info] > git config --get commit.template [4ms]
2023-04-28 18:04:01.104 [info] > git for-each-ref --format=%(refname)%00%(upstream:short)%00%(objectname)%00%(upstream:track)%00%(upstream:remotename)%00%(upstream:remoteref) refs/heads/feature/new-route refs/remotes/feature/new-route [2ms]
2023-04-28 18:04:01.114 [info] > git status -z -uall [2ms]
2023-04-28 18:04:09.845 [info] > git config --get commit.template [3ms]
2023-04-28 18:04:09.860 [info] > git for-each-ref --format=%(refname)%00%(upstream:short)%00%(objectname)%00%(upstream:track)%00%(upstream:remotename)%00%(upstream:remoteref) refs/heads/feature/new-route refs/remotes/feature/new-route [3ms]
2023-04-28 18:04:09.878 [info] > git status -z -uall [2ms]
2023-04-28 18:04:28.478 [info] > git config --get commit.template [2ms]
2023-04-28 18:04:28.512 [info] > git for-each-ref --format=%(refname)%00%(upstream:short)%00%(objectname)%00%(upstream:track)%00%(upstream:remotename)%00%(upstream:remoteref) refs/heads/feature/new-route refs/remotes/feature/new-route [2ms]
2023-04-28 18:04:28.555 [info] > git status -z -uall [13ms]
2023-04-28 18:04:30.446 [info] > git check-ignore -v -z --stdin [16ms]
2023-04-28 18:04:30.653 [info] > git show --textconv :src/App/Exercises/ReactExercises/SubRouteExercise3/router-data.jsx [123ms]
2023-04-28 18:04:30.654 [info] > git show --textconv :src/App/Exercises/ReactExercises/SubRouteExercise3/Exercise2.jsx [60ms]
2023-04-28 18:04:30.661 [info] > git ls-files --stage -- /home/bontzkl/projects/projekcikpykpyk/pomeranian-bolierplate-public/src/App/Exercises/ReactExercises/SubRouteExercise3/Exercise2.jsx [15ms]
2023-04-28 18:04:30.663 [info] > git ls-files --stage -- /home/bontzkl/projects/projekcikpykpyk/pomeranian-bolierplate-public/src/App/Exercises/ReactExercises/SubRouteExercise3/router-data.jsx [34ms]
2023-04-28 18:04:33.589 [info] > git config --get commit.template [6ms]
2023-04-28 18:04:33.603 [info] > git for-each-ref --format=%(refname)%00%(upstream:short)%00%(objectname)%00%(upstream:track)%00%(upstream:remotename)%00%(upstream:remoteref) refs/heads/feature/new-route refs/remotes/feature/new-route [2ms]
2023-04-28 18:04:33.616 [info] > git status -z -uall [2ms]
2023-04-28 18:04:38.815 [info] > git config --get commit.template [15ms]
2023-04-28 18:04:38.816 [info] > git for-each-ref --format=%(refname)%00%(upstream:short)%00%(objectname)%00%(upstream:track)%00%(upstream:remotename)%00%(upstream:remoteref) refs/heads/feature/new-route refs/remotes/feature/new-route [3ms]
2023-04-28 18:04:38.834 [info] > git status -z -uall [3ms]
2023-04-28 18:04:43.854 [info] > git config --get commit.template [2ms]
2023-04-28 18:04:43.863 [info] > git for-each-ref --format=%(refname)%00%(upstream:short)%00%(objectname)%00%(upstream:track)%00%(upstream:remotename)%00%(upstream:remoteref) refs/heads/feature/new-route refs/remotes/feature/new-route [3ms]
2023-04-28 18:04:43.875 [info] > git status -z -uall [2ms]
2023-04-28 18:05:03.167 [info] > git show --textconv :src/App/Exercises/ReactExercises/SubRouteExercise3/Exercise3.jsx [71ms]
2023-04-28 18:05:03.168 [info] > git check-ignore -v -z --stdin [13ms]
2023-04-28 18:05:03.170 [info] > git ls-files --stage -- /home/bontzkl/projects/projekcikpykpyk/pomeranian-bolierplate-public/src/App/Exercises/ReactExercises/SubRouteExercise3/Exercise3.jsx [50ms]
2023-04-28 18:05:03.645 [info] > git config --get commit.template [7ms]
2023-04-28 18:05:03.668 [info] > git for-each-ref --format=%(refname)%00%(upstream:short)%00%(objectname)%00%(upstream:track)%00%(upstream:remotename)%00%(upstream:remoteref) refs/heads/feature/new-route refs/remotes/feature/new-route [3ms]
2023-04-28 18:05:03.698 [info] > git status -z -uall [15ms]
2023-04-28 18:05:15.007 [info] > git check-ignore -v -z --stdin [1ms]
2023-04-28 18:05:15.531 [info] > git config --get commit.template [10ms]
2023-04-28 18:05:15.532 [info] > git for-each-ref --format=%(refname)%00%(upstream:short)%00%(objectname)%00%(upstream:track)%00%(upstream:remotename)%00%(upstream:remoteref) refs/heads/feature/new-route refs/remotes/feature/new-route [3ms]
2023-04-28 18:05:15.546 [info] > git status -z -uall [4ms]
2023-04-28 18:05:21.441 [info] > git check-ignore -v -z --stdin [1ms]
2023-04-28 18:05:29.235 [info] > git config --get commit.template [8ms]
2023-04-28 18:05:29.235 [info] > git for-each-ref --format=%(refname)%00%(upstream:short)%00%(objectname)%00%(upstream:track)%00%(upstream:remotename)%00%(upstream:remoteref) refs/heads/feature/new-route refs/remotes/feature/new-route [1ms]
2023-04-28 18:05:29.246 [info] > git status -z -uall [3ms]
2023-04-28 18:05:34.260 [info] > git config --get commit.template [1ms]
2023-04-28 18:05:34.268 [info] > git for-each-ref --format=%(refname)%00%(upstream:short)%00%(objectname)%00%(upstream:track)%00%(upstream:remotename)%00%(upstream:remoteref) refs/heads/feature/new-route refs/remotes/feature/new-route [1ms]
2023-04-28 18:05:34.280 [info] > git status -z -uall [4ms]
2023-04-28 18:05:38.851 [info] > git check-ignore -v -z --stdin [2ms]
2023-04-28 18:05:39.360 [info] > git config --get commit.template [2ms]
2023-04-28 18:05:39.371 [info] > git for-each-ref --format=%(refname)%00%(upstream:short)%00%(objectname)%00%(upstream:track)%00%(upstream:remotename)%00%(upstream:remoteref) refs/heads/feature/new-route refs/remotes/feature/new-route [3ms]
2023-04-28 18:05:39.382 [info] > git status -z -uall [3ms]
2023-04-28 18:05:40.254 [info] > git check-ignore -v -z --stdin [3ms]
2023-04-28 18:05:47.178 [info] > git check-ignore -v -z --stdin [2ms]
2023-04-28 18:05:50.452 [info] > git config --get commit.template [15ms]
2023-04-28 18:05:50.453 [info] > git for-each-ref --format=%(refname)%00%(upstream:short)%00%(objectname)%00%(upstream:track)%00%(upstream:remotename)%00%(upstream:remoteref) refs/heads/feature/new-route refs/remotes/feature/new-route [2ms]
2023-04-28 18:05:50.467 [info] > git status -z -uall [2ms]
2023-04-28 18:05:56.160 [info] > git show --textconv :src/App/Exercises/ReactExercises/SubRouteExercise4/router-data.jsx [9ms]
2023-04-28 18:05:56.161 [info] > git ls-files --stage -- /home/bontzkl/projects/projekcikpykpyk/pomeranian-bolierplate-public/src/App/Exercises/ReactExercises/SubRouteExercise4/router-data.jsx [4ms]
2023-04-28 18:06:00.738 [info] > git show --textconv :src/App/Exercises/ReactExercises/SubRouteExercise4/Exercise4.jsx [20ms]
2023-04-28 18:06:00.740 [info] > git ls-files --stage -- /home/bontzkl/projects/projekcikpykpyk/pomeranian-bolierplate-public/src/App/Exercises/ReactExercises/SubRouteExercise4/Exercise4.jsx [5ms]
2023-04-28 18:06:08.212 [info] > git config --get commit.template [6ms]
2023-04-28 18:06:08.227 [info] > git for-each-ref --format=%(refname)%00%(upstream:short)%00%(objectname)%00%(upstream:track)%00%(upstream:remotename)%00%(upstream:remoteref) refs/heads/feature/new-route refs/remotes/feature/new-route [2ms]
2023-04-28 18:06:08.262 [info] > git status -z -uall [5ms]
2023-04-28 18:06:20.466 [info] > git config --get commit.template [1ms]
2023-04-28 18:06:20.476 [info] > git for-each-ref --format=%(refname)%00%(upstream:short)%00%(objectname)%00%(upstream:track)%00%(upstream:remotename)%00%(upstream:remoteref) refs/heads/feature/new-route refs/remotes/feature/new-route [1ms]
2023-04-28 18:06:20.483 [info] > git status -z -uall [2ms]
2023-04-28 18:06:25.903 [info] > git config --get commit.template [33ms]
2023-04-28 18:06:25.904 [info] > git for-each-ref --format=%(refname)%00%(upstream:short)%00%(objectname)%00%(upstream:track)%00%(upstream:remotename)%00%(upstream:remoteref) refs/heads/feature/new-route refs/remotes/feature/new-route [5ms]
2023-04-28 18:06:25.951 [info] > git status -z -uall [5ms]
2023-04-28 18:06:39.644 [info] > git config --get commit.template [2ms]
2023-04-28 18:06:39.655 [info] > git for-each-ref --format=%(refname)%00%(upstream:short)%00%(objectname)%00%(upstream:track)%00%(upstream:remotename)%00%(upstream:remoteref) refs/heads/feature/new-route refs/remotes/feature/new-route [1ms]
2023-04-28 18:06:39.680 [info] > git status -z -uall [2ms]
2023-04-28 18:06:45.372 [info] > git check-ignore -v -z --stdin [2ms]
2023-04-28 18:06:45.894 [info] > git config --get commit.template [12ms]
2023-04-28 18:06:45.895 [info] > git for-each-ref --format=%(refname)%00%(upstream:short)%00%(objectname)%00%(upstream:track)%00%(upstream:remotename)%00%(upstream:remoteref) refs/heads/feature/new-route refs/remotes/feature/new-route [2ms]
2023-04-28 18:06:45.909 [info] > git status -z -uall [2ms]
2023-04-28 18:06:46.445 [info] > git check-ignore -v -z --stdin [1ms]
2023-04-28 18:06:53.361 [info] > git check-ignore -v -z --stdin [1ms]
2023-04-28 18:06:55.512 [info] > git config --get commit.template [20ms]
2023-04-28 18:06:55.514 [info] > git for-each-ref --format=%(refname)%00%(upstream:short)%00%(objectname)%00%(upstream:track)%00%(upstream:remotename)%00%(upstream:remoteref) refs/heads/feature/new-route refs/remotes/feature/new-route [5ms]
2023-04-28 18:06:55.544 [info] > git status -z -uall [3ms]
2023-04-28 18:07:01.541 [info] > git show --textconv :src/App/Exercises/ReactExercises/SubRouteExercise5/router-data.jsx [16ms]
2023-04-28 18:07:01.545 [info] > git ls-files --stage -- /home/bontzkl/projects/projekcikpykpyk/pomeranian-bolierplate-public/src/App/Exercises/ReactExercises/SubRouteExercise5/router-data.jsx [6ms]
2023-04-28 18:07:07.071 [info] > git show --textconv :src/App/Exercises/ReactExercises/SubRouteExercise5/Exercise5.jsx [22ms]
2023-04-28 18:07:07.074 [info] > git ls-files --stage -- /home/bontzkl/projects/projekcikpykpyk/pomeranian-bolierplate-public/src/App/Exercises/ReactExercises/SubRouteExercise5/Exercise5.jsx [5ms]
2023-04-28 18:07:15.793 [info] > git config --get commit.template [2ms]
2023-04-28 18:07:15.812 [info] > git for-each-ref --format=%(refname)%00%(upstream:short)%00%(objectname)%00%(upstream:track)%00%(upstream:remotename)%00%(upstream:remoteref) refs/heads/feature/new-route refs/remotes/feature/new-route [1ms]
2023-04-28 18:07:15.832 [info] > git status -z -uall [3ms]
2023-04-28 18:07:26.389 [info] > git config --get commit.template [22ms]
2023-04-28 18:07:26.389 [info] > git for-each-ref --format=%(refname)%00%(upstream:short)%00%(objectname)%00%(upstream:track)%00%(upstream:remotename)%00%(upstream:remoteref) refs/heads/feature/new-route refs/remotes/feature/new-route [2ms]
2023-04-28 18:07:26.411 [info] > git status -z -uall [11ms]
2023-04-28 18:07:31.437 [info] > git config --get commit.template [11ms]
2023-04-28 18:07:31.438 [info] > git for-each-ref --format=%(refname)%00%(upstream:short)%00%(objectname)%00%(upstream:track)%00%(upstream:remotename)%00%(upstream:remoteref) refs/heads/feature/new-route refs/remotes/feature/new-route [1ms]
2023-04-28 18:07:31.448 [info] > git status -z -uall [3ms]
2023-04-28 18:07:42.662 [info] > git config --get commit.template [16ms]
2023-04-28 18:07:42.663 [info] > git for-each-ref --format=%(refname)%00%(upstream:short)%00%(objectname)%00%(upstream:track)%00%(upstream:remotename)%00%(upstream:remoteref) refs/heads/feature/new-route refs/remotes/feature/new-route [5ms]
2023-04-28 18:07:42.677 [info] > git status -z -uall [2ms]
2023-04-28 18:08:02.913 [info] > git show --textconv :src/App/Exercises/ReactExercises/SubRouteExercise1/Exercise1.jsx [20ms]
2023-04-28 18:08:02.916 [info] > git ls-files --stage -- /home/bontzkl/projects/projekcikpykpyk/pomeranian-bolierplate-public/src/App/Exercises/ReactExercises/SubRouteExercise1/Exercise1.jsx [7ms]
2023-04-28 18:13:06.457 [info] > git config --get commit.template [9ms]
2023-04-28 18:13:06.458 [info] > git for-each-ref --format=%(refname)%00%(upstream:short)%00%(objectname)%00%(upstream:track)%00%(upstream:remotename)%00%(upstream:remoteref) refs/heads/feature/new-route refs/remotes/feature/new-route [2ms]
2023-04-28 18:13:06.467 [info] > git status -z -uall [3ms]
2023-04-28 18:13:57.830 [info] > git config --get commit.template [2ms]
2023-04-28 18:13:57.837 [info] > git for-each-ref --format=%(refname)%00%(upstream:short)%00%(objectname)%00%(upstream:track)%00%(upstream:remotename)%00%(upstream:remoteref) refs/heads/feature/new-route refs/remotes/feature/new-route [1ms]
2023-04-28 18:13:57.846 [info] > git status -z -uall [2ms]
2023-04-28 18:16:02.895 [info] > git config --get commit.template [16ms]
2023-04-28 18:16:02.897 [info] > git for-each-ref --format=%(refname)%00%(upstream:short)%00%(objectname)%00%(upstream:track)%00%(upstream:remotename)%00%(upstream:remoteref) refs/heads/feature/new-route refs/remotes/feature/new-route [4ms]
2023-04-28 18:16:02.911 [info] > git status -z -uall [3ms]
2023-04-28 18:20:33.116 [info] > git config --get commit.template [9ms]
2023-04-28 18:20:33.117 [info] > git for-each-ref --format=%(refname)%00%(upstream:short)%00%(objectname)%00%(upstream:track)%00%(upstream:remotename)%00%(upstream:remoteref) refs/heads/feature/new-route refs/remotes/feature/new-route [2ms]
2023-04-28 18:20:33.124 [info] > git status -z -uall [2ms]
2023-04-28 18:20:46.138 [info] > git config --get commit.template [1ms]
2023-04-28 18:20:46.145 [info] > git for-each-ref --format=%(refname)%00%(upstream:short)%00%(objectname)%00%(upstream:track)%00%(upstream:remotename)%00%(upstream:remoteref) refs/heads/feature/new-route refs/remotes/feature/new-route [1ms]
2023-04-28 18:20:46.152 [info] > git status -z -uall [1ms]
2023-04-28 18:21:12.412 [info] > git config --get commit.template [3ms]
2023-04-28 18:21:12.418 [info] > git for-each-ref --format=%(refname)%00%(upstream:short)%00%(objectname)%00%(upstream:track)%00%(upstream:remotename)%00%(upstream:remoteref) refs/heads/feature/new-route refs/remotes/feature/new-route [1ms]
2023-04-28 18:21:12.426 [info] > git status -z -uall [2ms]
2023-04-28 18:21:36.093 [info] > git config --get commit.template [7ms]
2023-04-28 18:21:36.093 [info] > git for-each-ref --format=%(refname)%00%(upstream:short)%00%(objectname)%00%(upstream:track)%00%(upstream:remotename)%00%(upstream:remoteref) refs/heads/feature/new-route refs/remotes/feature/new-route [1ms]
2023-04-28 18:21:36.101 [info] > git status -z -uall [2ms]
2023-04-28 18:21:42.415 [info] > git config --get commit.template [1ms]
2023-04-28 18:21:42.426 [info] > git for-each-ref --format=%(refname)%00%(upstream:short)%00%(objectname)%00%(upstream:track)%00%(upstream:remotename)%00%(upstream:remoteref) refs/heads/feature/new-route refs/remotes/feature/new-route [1ms]
2023-04-28 18:21:42.436 [info] > git status -z -uall [4ms]
2023-04-28 18:21:52.550 [info] > git config --get commit.template [11ms]
2023-04-28 18:21:52.550 [info] > git for-each-ref --format=%(refname)%00%(upstream:short)%00%(objectname)%00%(upstream:track)%00%(upstream:remotename)%00%(upstream:remoteref) refs/heads/feature/new-route refs/remotes/feature/new-route [1ms]
2023-04-28 18:21:52.560 [info] > git status -z -uall [2ms]
2023-04-28 18:22:02.958 [info] > git config --get commit.template [9ms]
2023-04-28 18:22:02.958 [info] > git for-each-ref --format=%(refname)%00%(upstream:short)%00%(objectname)%00%(upstream:track)%00%(upstream:remotename)%00%(upstream:remoteref) refs/heads/feature/new-route refs/remotes/feature/new-route [1ms]
2023-04-28 18:22:02.967 [info] > git status -z -uall [3ms]
2023-04-28 18:23:11.331 [info] > git config --get commit.template [11ms]
2023-04-28 18:23:11.331 [info] > git for-each-ref --format=%(refname)%00%(upstream:short)%00%(objectname)%00%(upstream:track)%00%(upstream:remotename)%00%(upstream:remoteref) refs/heads/feature/new-route refs/remotes/feature/new-route [2ms]
2023-04-28 18:23:11.342 [info] > git status -z -uall [2ms]
2023-04-28 18:23:16.361 [info] > git config --get commit.template [9ms]
2023-04-28 18:23:16.361 [info] > git for-each-ref --format=%(refname)%00%(upstream:short)%00%(objectname)%00%(upstream:track)%00%(upstream:remotename)%00%(upstream:remoteref) refs/heads/feature/new-route refs/remotes/feature/new-route [1ms]
2023-04-28 18:23:16.368 [info] > git status -z -uall [2ms]
2023-04-28 18:23:25.976 [info] > git config --get commit.template [9ms]
2023-04-28 18:23:25.976 [info] > git for-each-ref --format=%(refname)%00%(upstream:short)%00%(objectname)%00%(upstream:track)%00%(upstream:remotename)%00%(upstream:remoteref) refs/heads/feature/new-route refs/remotes/feature/new-route [2ms]
2023-04-28 18:23:25.990 [info] > git status -z -uall [2ms]
2023-04-28 18:23:32.186 [info] > git config --get commit.template [8ms]
2023-04-28 18:23:32.186 [info] > git for-each-ref --format=%(refname)%00%(upstream:short)%00%(objectname)%00%(upstream:track)%00%(upstream:remotename)%00%(upstream:remoteref) refs/heads/feature/new-route refs/remotes/feature/new-route [1ms]
2023-04-28 18:23:32.196 [info] > git status -z -uall [2ms]
2023-04-28 18:25:31.567 [info] > git config --get commit.template [7ms]
2023-04-28 18:25:31.567 [info] > git for-each-ref --format=%(refname)%00%(upstream:short)%00%(objectname)%00%(upstream:track)%00%(upstream:remotename)%00%(upstream:remoteref) refs/heads/feature/new-route refs/remotes/feature/new-route [1ms]
2023-04-28 18:25:31.578 [info] > git status -z -uall [3ms]
2023-04-28 18:25:41.208 [info] > git config --get commit.template [3ms]
2023-04-28 18:25:41.217 [info] > git for-each-ref --format=%(refname)%00%(upstream:short)%00%(objectname)%00%(upstream:track)%00%(upstream:remotename)%00%(upstream:remoteref) refs/heads/feature/new-route refs/remotes/feature/new-route [1ms]
2023-04-28 18:25:41.226 [info] > git status -z -uall [2ms]
2023-04-28 18:25:51.487 [info] > git config --get commit.template [2ms]
2023-04-28 18:25:51.499 [info] > git for-each-ref --format=%(refname)%00%(upstream:short)%00%(objectname)%00%(upstream:track)%00%(upstream:remotename)%00%(upstream:remoteref) refs/heads/feature/new-route refs/remotes/feature/new-route [1ms]
2023-04-28 18:25:51.516 [info] > git status -z -uall [4ms]
2023-04-28 18:26:34.084 [info] > git config --get commit.template [1ms]
2023-04-28 18:26:34.111 [info] > git for-each-ref --format=%(refname)%00%(upstream:short)%00%(objectname)%00%(upstream:track)%00%(upstream:remotename)%00%(upstream:remoteref) refs/heads/feature/new-route refs/remotes/feature/new-route [2ms]
2023-04-28 18:26:34.131 [info] > git status -z -uall [2ms]
2023-04-28 18:26:47.650 [info] > git config --get commit.template [9ms]
2023-04-28 18:26:47.651 [info] > git for-each-ref --format=%(refname)%00%(upstream:short)%00%(objectname)%00%(upstream:track)%00%(upstream:remotename)%00%(upstream:remoteref) refs/heads/feature/new-route refs/remotes/feature/new-route [2ms]
2023-04-28 18:26:47.659 [info] > git status -z -uall [2ms]
2023-04-28 18:27:10.063 [info] > git config --get commit.template [29ms]
2023-04-28 18:27:10.064 [info] > git for-each-ref --format=%(refname)%00%(upstream:short)%00%(objectname)%00%(upstream:track)%00%(upstream:remotename)%00%(upstream:remoteref) refs/heads/feature/new-route refs/remotes/feature/new-route [3ms]
2023-04-28 18:27:10.088 [info] > git status -z -uall [5ms]
2023-04-28 18:27:15.909 [info] > git config --get commit.template [4ms]
2023-04-28 18:27:15.938 [info] > git for-each-ref --format=%(refname)%00%(upstream:short)%00%(objectname)%00%(upstream:track)%00%(upstream:remotename)%00%(upstream:remoteref) refs/heads/feature/new-route refs/remotes/feature/new-route [1ms]
2023-04-28 18:27:15.960 [info] > git status -z -uall [4ms]
2023-04-28 18:28:08.121 [info] > git config --get commit.template [29ms]
2023-04-28 18:28:08.122 [info] > git for-each-ref --format=%(refname)%00%(upstream:short)%00%(objectname)%00%(upstream:track)%00%(upstream:remotename)%00%(upstream:remoteref) refs/heads/feature/new-route refs/remotes/feature/new-route [2ms]
2023-04-28 18:28:08.159 [info] > git status -z -uall [11ms]
2023-04-28 18:28:16.913 [info] > git config --get commit.template [25ms]
2023-04-28 18:28:16.914 [info] > git for-each-ref --format=%(refname)%00%(upstream:short)%00%(objectname)%00%(upstream:track)%00%(upstream:remotename)%00%(upstream:remoteref) refs/heads/feature/new-route refs/remotes/feature/new-route [3ms]
2023-04-28 18:28:16.944 [info] > git status -z -uall [4ms]
2023-04-28 18:28:22.318 [info] > git config --get commit.template [29ms]
2023-04-28 18:28:22.319 [info] > git for-each-ref --format=%(refname)%00%(upstream:short)%00%(objectname)%00%(upstream:track)%00%(upstream:remotename)%00%(upstream:remoteref) refs/heads/feature/new-route refs/remotes/feature/new-route [3ms]
2023-04-28 18:28:22.350 [info] > git status -z -uall [4ms]
2023-04-28 18:30:38.638 [info] > git check-ignore -v -z --stdin [2ms]
2023-04-28 18:30:39.239 [info] > git config --get commit.template [1ms]
2023-04-28 18:30:39.247 [info] > git for-each-ref --format=%(refname)%00%(upstream:short)%00%(objectname)%00%(upstream:track)%00%(upstream:remotename)%00%(upstream:remoteref) refs/heads/feature/new-route refs/remotes/feature/new-route [1ms]
2023-04-28 18:30:39.256 [info] > git status -z -uall [3ms]
2023-04-28 18:33:47.849 [info] > git config --get commit.template [2ms]
2023-04-28 18:33:47.867 [info] > git for-each-ref --format=%(refname)%00%(upstream:short)%00%(objectname)%00%(upstream:track)%00%(upstream:remotename)%00%(upstream:remoteref) refs/heads/feature/new-route refs/remotes/feature/new-route [3ms]
2023-04-28 18:33:47.893 [info] > git status -z -uall [9ms]
2023-04-28 18:34:22.339 [info] > git config --get commit.template [10ms]
2023-04-28 18:34:22.339 [info] > git for-each-ref --format=%(refname)%00%(upstream:short)%00%(objectname)%00%(upstream:track)%00%(upstream:remotename)%00%(upstream:remoteref) refs/heads/feature/new-route refs/remotes/feature/new-route [1ms]
2023-04-28 18:34:22.349 [info] > git status -z -uall [1ms]
2023-04-28 18:38:03.922 [info] > git for-each-ref --format=%(refname)%00%(upstream:short)%00%(objectname)%00%(upstream:track)%00%(upstream:remotename)%00%(upstream:remoteref) refs/heads/feature/new-route refs/remotes/feature/new-route [4ms]
2023-04-28 18:38:03.922 [info] > git config --get commit.template [30ms]
2023-04-28 18:38:03.945 [info] > git status -z -uall [3ms]
2023-04-28 18:38:23.511 [info] > git config --get commit.template [3ms]
2023-04-28 18:38:23.523 [info] > git for-each-ref --format=%(refname)%00%(upstream:short)%00%(objectname)%00%(upstream:track)%00%(upstream:remotename)%00%(upstream:remoteref) refs/heads/feature/new-route refs/remotes/feature/new-route [1ms]
2023-04-28 18:38:23.533 [info] > git status -z -uall [2ms]
2023-04-28 18:38:33.387 [info] > git config --get commit.template [2ms]
2023-04-28 18:38:33.395 [info] > git for-each-ref --format=%(refname)%00%(upstream:short)%00%(objectname)%00%(upstream:track)%00%(upstream:remotename)%00%(upstream:remoteref) refs/heads/feature/new-route refs/remotes/feature/new-route [2ms]
2023-04-28 18:38:33.405 [info] > git status -z -uall [1ms]
2023-04-28 18:40:49.114 [info] > git config --get commit.template [15ms]
2023-04-28 18:40:49.115 [info] > git for-each-ref --format=%(refname)%00%(upstream:short)%00%(objectname)%00%(upstream:track)%00%(upstream:remotename)%00%(upstream:remoteref) refs/heads/feature/new-route refs/remotes/feature/new-route [2ms]
2023-04-28 18:40:49.129 [info] > git status -z -uall [3ms]
2023-04-28 18:42:20.995 [info] > git check-ignore -v -z --stdin [1ms]
2023-04-28 18:42:21.510 [info] > git config --get commit.template [6ms]
2023-04-28 18:42:21.513 [info] > git for-each-ref --format=%(refname)%00%(upstream:short)%00%(objectname)%00%(upstream:track)%00%(upstream:remotename)%00%(upstream:remoteref) refs/heads/feature/new-route refs/remotes/feature/new-route [3ms]
2023-04-28 18:42:21.521 [info] > git status -z -uall [3ms]
2023-04-28 18:42:45.466 [info] > git check-ignore -v -z --stdin [2ms]
2023-04-28 18:42:45.995 [info] > git config --get commit.template [10ms]
2023-04-28 18:42:45.996 [info] > git for-each-ref --format=%(refname)%00%(upstream:short)%00%(objectname)%00%(upstream:track)%00%(upstream:remotename)%00%(upstream:remoteref) refs/heads/feature/new-route refs/remotes/feature/new-route [2ms]
2023-04-28 18:42:46.009 [info] > git status -z -uall [3ms]
2023-04-28 18:44:00.287 [info] > git config --get commit.template [2ms]
2023-04-28 18:44:00.300 [info] > git for-each-ref --format=%(refname)%00%(upstream:short)%00%(objectname)%00%(upstream:track)%00%(upstream:remotename)%00%(upstream:remoteref) refs/heads/feature/new-route refs/remotes/feature/new-route [1ms]
2023-04-28 18:44:00.309 [info] > git status -z -uall [2ms]
2023-04-28 18:44:53.924 [info] > git config --get commit.template [2ms]
2023-04-28 18:44:53.937 [info] > git for-each-ref --format=%(refname)%00%(upstream:short)%00%(objectname)%00%(upstream:track)%00%(upstream:remotename)%00%(upstream:remoteref) refs/heads/feature/new-route refs/remotes/feature/new-route [1ms]
2023-04-28 18:44:53.952 [info] > git status -z -uall [3ms]
2023-04-28 18:44:58.967 [info] > git config --get commit.template [1ms]
2023-04-28 18:44:58.985 [info] > git for-each-ref --format=%(refname)%00%(upstream:short)%00%(objectname)%00%(upstream:track)%00%(upstream:remotename)%00%(upstream:remoteref) refs/heads/feature/new-route refs/remotes/feature/new-route [1ms]
2023-04-28 18:44:59.001 [info] > git status -z -uall [4ms]
2023-04-28 18:45:45.810 [info] > git config --get commit.template [1ms]
2023-04-28 18:45:45.830 [info] > git for-each-ref --format=%(refname)%00%(upstream:short)%00%(objectname)%00%(upstream:track)%00%(upstream:remotename)%00%(upstream:remoteref) refs/heads/feature/new-route refs/remotes/feature/new-route [1ms]
2023-04-28 18:45:45.847 [info] > git status -z -uall [3ms]
2023-04-28 18:46:08.762 [info] > git config --get commit.template [10ms]
2023-04-28 18:46:08.763 [info] > git for-each-ref --format=%(refname)%00%(upstream:short)%00%(objectname)%00%(upstream:track)%00%(upstream:remotename)%00%(upstream:remoteref) refs/heads/feature/new-route refs/remotes/feature/new-route [3ms]
2023-04-28 18:46:08.774 [info] > git status -z -uall [2ms]
2023-04-28 18:46:13.796 [info] > git config --get commit.template [1ms]
2023-04-28 18:46:13.811 [info] > git for-each-ref --format=%(refname)%00%(upstream:short)%00%(objectname)%00%(upstream:track)%00%(upstream:remotename)%00%(upstream:remoteref) refs/heads/feature/new-route refs/remotes/feature/new-route [1ms]
2023-04-28 18:46:13.826 [info] > git status -z -uall [2ms]
2023-04-28 18:46:54.546 [info] > git config --get commit.template [9ms]
2023-04-28 18:46:54.548 [info] > git for-each-ref --format=%(refname)%00%(upstream:short)%00%(objectname)%00%(upstream:track)%00%(upstream:remotename)%00%(upstream:remoteref) refs/heads/feature/new-route refs/remotes/feature/new-route [3ms]
2023-04-28 18:46:54.562 [info] > git status -z -uall [2ms]
2023-04-28 18:48:43.057 [info] > git config --get commit.template [2ms]
2023-04-28 18:48:43.066 [info] > git for-each-ref --format=%(refname)%00%(upstream:short)%00%(objectname)%00%(upstream:track)%00%(upstream:remotename)%00%(upstream:remoteref) refs/heads/feature/new-route refs/remotes/feature/new-route [1ms]
2023-04-28 18:48:43.077 [info] > git status -z -uall [4ms]
2023-04-28 18:49:31.095 [info] > git config --get commit.template [23ms]
2023-04-28 18:49:31.098 [info] > git for-each-ref --format=%(refname)%00%(upstream:short)%00%(objectname)%00%(upstream:track)%00%(upstream:remotename)%00%(upstream:remoteref) refs/heads/feature/new-route refs/remotes/feature/new-route [5ms]
2023-04-28 18:49:31.130 [info] > git status -z -uall [12ms]
2023-04-28 18:49:43.755 [info] > git config --get commit.template [3ms]
2023-04-28 18:49:43.769 [info] > git for-each-ref --format=%(refname)%00%(upstream:short)%00%(objectname)%00%(upstream:track)%00%(upstream:remotename)%00%(upstream:remoteref) refs/heads/feature/new-route refs/remotes/feature/new-route [2ms]
2023-04-28 18:49:43.788 [info] > git status -z -uall [4ms]
2023-04-28 18:50:09.067 [info] > git config --get commit.template [17ms]
2023-04-28 18:50:09.068 [info] > git for-each-ref --format=%(refname)%00%(upstream:short)%00%(objectname)%00%(upstream:track)%00%(upstream:remotename)%00%(upstream:remoteref) refs/heads/feature/new-route refs/remotes/feature/new-route [4ms]
2023-04-28 18:50:09.082 [info] > git status -z -uall [3ms]
2023-04-28 18:51:03.354 [info] > git config --get commit.template [2ms]
2023-04-28 18:51:03.374 [info] > git for-each-ref --format=%(refname)%00%(upstream:short)%00%(objectname)%00%(upstream:track)%00%(upstream:remotename)%00%(upstream:remoteref) refs/heads/feature/new-route refs/remotes/feature/new-route [5ms]
2023-04-28 18:51:03.391 [info] > git status -z -uall [3ms]
2023-04-28 18:51:28.591 [info] > git config --get commit.template [1ms]
2023-04-28 18:51:28.603 [info] > git for-each-ref --format=%(refname)%00%(upstream:short)%00%(objectname)%00%(upstream:track)%00%(upstream:remotename)%00%(upstream:remoteref) refs/heads/feature/new-route refs/remotes/feature/new-route [1ms]
2023-04-28 18:51:28.613 [info] > git status -z -uall [2ms]
2023-04-28 18:51:48.959 [info] > git config --get commit.template [4ms]
2023-04-28 18:51:48.973 [info] > git for-each-ref --format=%(refname)%00%(upstream:short)%00%(objectname)%00%(upstream:track)%00%(upstream:remotename)%00%(upstream:remoteref) refs/heads/feature/new-route refs/remotes/feature/new-route [1ms]
2023-04-28 18:51:48.997 [info] > git status -z -uall [4ms]
2023-04-28 18:53:34.692 [info] > git config --get commit.template [2ms]
2023-04-28 18:53:34.709 [info] > git for-each-ref --format=%(refname)%00%(upstream:short)%00%(objectname)%00%(upstream:track)%00%(upstream:remotename)%00%(upstream:remoteref) refs/heads/feature/new-route refs/remotes/feature/new-route [2ms]
2023-04-28 18:53:34.722 [info] > git status -z -uall [2ms]
2023-04-28 18:53:39.741 [info] > git config --get commit.template [9ms]
2023-04-28 18:53:39.742 [info] > git for-each-ref --format=%(refname)%00%(upstream:short)%00%(objectname)%00%(upstream:track)%00%(upstream:remotename)%00%(upstream:remoteref) refs/heads/feature/new-route refs/remotes/feature/new-route [1ms]
2023-04-28 18:53:39.751 [info] > git status -z -uall [1ms]
2023-04-28 19:00:35.004 [info] > git config --get commit.template [19ms]
2023-04-28 19:00:35.005 [info] > git for-each-ref --format=%(refname)%00%(upstream:short)%00%(objectname)%00%(upstream:track)%00%(upstream:remotename)%00%(upstream:remoteref) refs/heads/feature/new-route refs/remotes/feature/new-route [2ms]
2023-04-28 19:00:35.025 [info] > git status -z -uall [3ms]
2023-04-28 19:15:22.945 [info] > git config --get commit.template [40ms]
2023-04-28 19:15:22.945 [info] > git ls-files --stage -- /home/bontzkl/projects/projekcikpykpyk/pomeranian-bolierplate-public/src/App/Exercises/ReactExercises/SubRouteExercise1/Exercise1.jsx [1ms]
2023-04-28 19:15:22.962 [info] > git ls-files --stage -- /home/bontzkl/projects/projekcikpykpyk/pomeranian-bolierplate-public/src/App/Exercises/ReactExercises/SubRouteExercise5/router-data.jsx [34ms]
2023-04-28 19:15:22.968 [info] > git for-each-ref --format=%(refname)%00%(upstream:short)%00%(objectname)%00%(upstream:track)%00%(upstream:remotename)%00%(upstream:remoteref) refs/heads/feature/update refs/remotes/feature/update [53ms]
2023-04-28 19:15:23.005 [info] > git status -z -uall [19ms]
2023-04-28 19:15:23.006 [info] > git cat-file -s 2770c604a2df2c4dc9200e78a2bd6513a640f473 [37ms]
2023-04-28 19:15:23.007 [info] > git cat-file -s 6cd975a0a193087abdc2b3a2eef953aea5caf611 [45ms]
2023-04-28 19:15:23.109 [info] > git show --textconv :src/App/Exercises/ReactExercises/SubRouteExercise5/router-data.jsx [19ms]
2023-04-28 19:15:23.109 [info] > git show --textconv :src/App/Exercises/ReactExercises/SubRouteExercise1/Exercise1.jsx [3ms]
2023-04-28 19:15:23.367 [info] > git show --textconv :src/App/Exercises/ReactExercises/index.jsx [9ms]
2023-04-28 19:15:23.368 [info] > git ls-files --stage -- /home/bontzkl/projects/projekcikpykpyk/pomeranian-bolierplate-public/src/App/Exercises/ReactExercises/index.jsx [3ms]
2023-04-28 19:15:23.378 [info] > git cat-file -s 3c89b50047a12ba652d770ab06a2657a7e8829dc [2ms]
2023-04-28 19:15:28.031 [info] > git config --get commit.template [1ms]
2023-04-28 19:15:28.040 [info] > git for-each-ref --format=%(refname)%00%(upstream:short)%00%(objectname)%00%(upstream:track)%00%(upstream:remotename)%00%(upstream:remoteref) refs/heads/feature/update refs/remotes/feature/update [1ms]
2023-04-28 19:15:28.051 [info] > git status -z -uall [3ms]
2023-04-28 19:15:33.989 [info] > git show --textconv :src/App/Exercises/ReactExercises/SubRouteExercise1/style.css [11ms]
2023-04-28 19:15:33.991 [info] > git ls-files --stage -- /home/bontzkl/projects/projekcikpykpyk/pomeranian-bolierplate-public/src/App/Exercises/ReactExercises/SubRouteExercise1/style.css [2ms]
2023-04-28 19:15:34.001 [info] > git cat-file -s 1329ab6b6aa01f14eac6ec8cb4e52262d266152d [2ms]
2023-04-28 19:20:58.427 [info] > git show --textconv :src/App/Exercises/ReactExercises/SubRouteExercise2/Exercise2.jsx [18ms]
2023-04-28 19:20:58.429 [info] > git ls-files --stage -- /home/bontzkl/projects/projekcikpykpyk/pomeranian-bolierplate-public/src/App/Exercises/ReactExercises/SubRouteExercise2/Exercise2.jsx [5ms]
2023-04-28 19:20:58.442 [info] > git cat-file -s 9aaa96f92fafad5e60793084b51a30419ae2303c [2ms]
2023-04-28 19:22:02.319 [info] > git show --textconv :src/App/Exercises/ReactExercises/SubRouteExercise2/router-data.jsx [13ms]
2023-04-28 19:22:02.326 [info] > git ls-files --stage -- /home/bontzkl/projects/projekcikpykpyk/pomeranian-bolierplate-public/src/App/Exercises/ReactExercises/SubRouteExercise2/router-data.jsx [10ms]
2023-04-28 19:22:02.336 [info] > git cat-file -s cc177e0410ba73f60d7688c22a108c17e8365ba3 [3ms]
2023-04-28 19:22:11.047 [info] > git config --get commit.template [1ms]
2023-04-28 19:22:11.055 [info] > git for-each-ref --format=%(refname)%00%(upstream:short)%00%(objectname)%00%(upstream:track)%00%(upstream:remotename)%00%(upstream:remoteref) refs/heads/feature/update refs/remotes/feature/update [2ms]
2023-04-28 19:22:11.066 [info] > git status -z -uall [2ms]
2023-04-28 19:22:11.506 [info] > git show --textconv :src/App/Exercises/ReactExercises/SubRouteExercise3/router-data.jsx [9ms]
2023-04-28 19:22:11.507 [info] > git ls-files --stage -- /home/bontzkl/projects/projekcikpykpyk/pomeranian-bolierplate-public/src/App/Exercises/ReactExercises/SubRouteExercise3/router-data.jsx [2ms]
2023-04-28 19:22:11.517 [info] > git cat-file -s fc3afff45b5abd55960da2db700faef3bcbd3ef5 [2ms]
2023-04-28 19:22:16.525 [info] > git for-each-ref --format=%(refname)%00%(upstream:short)%00%(objectname)%00%(upstream:track)%00%(upstream:remotename)%00%(upstream:remoteref) refs/heads/feature/update refs/remotes/feature/update [3ms]
2023-04-28 19:22:16.526 [info] > git config --get commit.template [21ms]
2023-04-28 19:22:16.570 [info] > git status -z -uall [22ms]
2023-04-28 19:22:16.629 [info] > git show --textconv :src/App/Exercises/ReactExercises/SubRouteExercise4/router-data.jsx [24ms]
2023-04-28 19:22:16.630 [info] > git ls-files --stage -- /home/bontzkl/projects/projekcikpykpyk/pomeranian-bolierplate-public/src/App/Exercises/ReactExercises/SubRouteExercise4/router-data.jsx [4ms]
2023-04-28 19:22:16.665 [info] > git cat-file -s ded94f295eb4b136c1c405bb4da4d94568b61bbf [5ms]
2023-04-28 19:22:23.100 [info] > git show --textconv :src/App/Exercises/ReactExercises/view-router-data.jsx [17ms]
2023-04-28 19:22:23.102 [info] > git ls-files --stage -- /home/bontzkl/projects/projekcikpykpyk/pomeranian-bolierplate-public/src/App/Exercises/ReactExercises/view-router-data.jsx [3ms]
2023-04-28 19:22:23.128 [info] > git cat-file -s b991616d8721d61f8b679e1e304eaae3f5a121a8 [6ms]
2023-04-28 19:22:24.035 [info] > git config --get commit.template [14ms]
2023-04-28 19:22:24.035 [info] > git for-each-ref --format=%(refname)%00%(upstream:short)%00%(objectname)%00%(upstream:track)%00%(upstream:remotename)%00%(upstream:remoteref) refs/heads/feature/update refs/remotes/feature/update [1ms]
2023-04-28 19:22:24.060 [info] > git status -z -uall [7ms]
2023-04-28 19:22:25.856 [info] > git show --textconv :src/App/Exercises/ReactExercises/SubRouteExercise5/router-data.jsx [24ms]
2023-04-28 19:22:25.864 [info] > git ls-files --stage -- /home/bontzkl/projects/projekcikpykpyk/pomeranian-bolierplate-public/src/App/Exercises/ReactExercises/SubRouteExercise5/router-data.jsx [9ms]
2023-04-28 19:22:25.889 [info] > git cat-file -s 2770c604a2df2c4dc9200e78a2bd6513a640f473 [4ms]
2023-04-28 19:22:48.717 [info] > git config --get commit.template [3ms]
2023-04-28 19:22:48.728 [info] > git for-each-ref --format=%(refname)%00%(upstream:short)%00%(objectname)%00%(upstream:track)%00%(upstream:remotename)%00%(upstream:remoteref) refs/heads/feature/update refs/remotes/feature/update [1ms]
2023-04-28 19:22:48.742 [info] > git status -z -uall [3ms]
2023-04-28 19:23:05.086 [info] > git config --get commit.template [8ms]
2023-04-28 19:23:05.086 [info] > git for-each-ref --format=%(refname)%00%(upstream:short)%00%(objectname)%00%(upstream:track)%00%(upstream:remotename)%00%(upstream:remoteref) refs/heads/feature/update refs/remotes/feature/update [1ms]
2023-04-28 19:23:05.095 [info] > git status -z -uall [1ms]
2023-04-28 19:23:05.720 [info] > git show --textconv :src/App/Exercises/ReactExercises/SubRouteExercise1/router-data.jsx [22ms]
2023-04-28 19:23:05.721 [info] > git ls-files --stage -- /home/bontzkl/projects/projekcikpykpyk/pomeranian-bolierplate-public/src/App/Exercises/ReactExercises/SubRouteExercise1/router-data.jsx [4ms]
2023-04-28 19:23:05.743 [info] > git cat-file -s 50c381870208f38bb56d68a72dd239c2285ce97d [7ms]
2023-04-28 19:23:12.490 [info] > git config --get commit.template [1ms]
2023-04-28 19:23:12.498 [info] > git for-each-ref --format=%(refname)%00%(upstream:short)%00%(objectname)%00%(upstream:track)%00%(upstream:remotename)%00%(upstream:remoteref) refs/heads/feature/update refs/remotes/feature/update [2ms]
2023-04-28 19:23:12.507 [info] > git status -z -uall [2ms]
2023-04-28 19:23:17.867 [info] > git config --get commit.template [22ms]
2023-04-28 19:23:17.868 [info] > git for-each-ref --format=%(refname)%00%(upstream:short)%00%(objectname)%00%(upstream:track)%00%(upstream:remotename)%00%(upstream:remoteref) refs/heads/feature/update refs/remotes/feature/update [3ms]
2023-04-28 19:23:17.924 [info] > git status -z -uall [11ms]
2023-04-28 19:23:22.943 [info] > git config --get commit.template [2ms]
2023-04-28 19:23:22.957 [info] > git for-each-ref --format=%(refname)%00%(upstream:short)%00%(objectname)%00%(upstream:track)%00%(upstream:remotename)%00%(upstream:remoteref) refs/heads/feature/update refs/remotes/feature/update [1ms]
2023-04-28 19:23:22.971 [info] > git status -z -uall [3ms]
2023-04-28 19:23:59.434 [info] > git config --get commit.template [4ms]
2023-04-28 19:23:59.473 [info] > git for-each-ref --format=%(refname)%00%(upstream:short)%00%(objectname)%00%(upstream:track)%00%(upstream:remotename)%00%(upstream:remoteref) refs/heads/feature/update refs/remotes/feature/update [23ms]
2023-04-28 19:23:59.495 [info] > git status -z -uall [6ms]
2023-04-28 19:24:03.291 [info] > git show --textconv :src/App/Exercises/ReactExercises/SubRouteExercise2/Exercise2.jsx [17ms]
2023-04-28 19:24:03.293 [info] > git ls-files --stage -- /home/bontzkl/projects/projekcikpykpyk/pomeranian-bolierplate-public/src/App/Exercises/ReactExercises/SubRouteExercise2/Exercise2.jsx [3ms]
2023-04-28 19:24:03.319 [info] > git cat-file -s 9aaa96f92fafad5e60793084b51a30419ae2303c [11ms]
2023-04-28 19:32:11.647 [info] > git show --textconv HEAD:src/App/Exercises/ReactExercises/SubRouteExercise1/router-data.jsx [10ms]
2023-04-28 19:32:11.649 [info] > git ls-tree -l HEAD -- /home/bontzkl/projects/projekcikpykpyk/pomeranian-bolierplate-public/src/App/Exercises/ReactExercises/SubRouteExercise1/router-data.jsx [3ms]
2023-04-28 19:32:12.693 [info] > git show --textconv HEAD:src/App/Exercises/ReactExercises/SubRouteExercise2/router-data.jsx [13ms]
2023-04-28 19:32:12.694 [info] > git ls-tree -l HEAD -- /home/bontzkl/projects/projekcikpykpyk/pomeranian-bolierplate-public/src/App/Exercises/ReactExercises/SubRouteExercise2/router-data.jsx [6ms]
2023-04-28 19:39:46.195 [info] > git show --textconv :src/App/Exercises/ReactExercises/SubRouteExercise2/router-data.jsx [13ms]
2023-04-28 19:39:46.195 [info] > git ls-files --stage -- /home/bontzkl/projects/projekcikpykpyk/pomeranian-bolierplate-public/src/App/Exercises/ReactExercises/SubRouteExercise2/router-data.jsx [1ms]
2023-04-28 19:39:46.207 [info] > git cat-file -s cc177e0410ba73f60d7688c22a108c17e8365ba3 [3ms]
2023-04-28 19:39:48.628 [info] > git show --textconv :src/App/Exercises/ReactExercises/SubRouteExercise2/Exercise2.jsx [37ms]
2023-04-28 19:39:48.629 [info] > git ls-files --stage -- /home/bontzkl/projects/projekcikpykpyk/pomeranian-bolierplate-public/src/App/Exercises/ReactExercises/SubRouteExercise2/Exercise2.jsx [14ms]
2023-04-28 19:39:48.660 [info] > git cat-file -s 9aaa96f92fafad5e60793084b51a30419ae2303c [3ms]
2023-04-28 19:42:16.955 [info] > git config --get commit.template [3ms]
2023-04-28 19:42:16.982 [info] > git for-each-ref --format=%(refname)%00%(upstream:short)%00%(objectname)%00%(upstream:track)%00%(upstream:remotename)%00%(upstream:remoteref) refs/heads/feature/update refs/remotes/feature/update [11ms]
2023-04-28 19:42:17.004 [info] > git status -z -uall [6ms]
2023-04-28 19:42:22.017 [info] > git config --get commit.template [1ms]
2023-04-28 19:42:22.026 [info] > git for-each-ref --format=%(refname)%00%(upstream:short)%00%(objectname)%00%(upstream:track)%00%(upstream:remotename)%00%(upstream:remoteref) refs/heads/feature/update refs/remotes/feature/update [2ms]
2023-04-28 19:42:22.034 [info] > git status -z -uall [2ms]
2023-04-28 19:44:10.996 [info] > git config --get commit.template [18ms]
2023-04-28 19:44:10.998 [info] > git for-each-ref --format=%(refname)%00%(upstream:short)%00%(objectname)%00%(upstream:track)%00%(upstream:remotename)%00%(upstream:remoteref) refs/heads/feature/update refs/remotes/feature/update [4ms]
2023-04-28 19:44:11.018 [info] > git status -z -uall [4ms]
2023-04-28 19:44:17.226 [info] > git config --get commit.template [7ms]
2023-04-28 19:44:17.227 [info] > git for-each-ref --format=%(refname)%00%(upstream:short)%00%(objectname)%00%(upstream:track)%00%(upstream:remotename)%00%(upstream:remoteref) refs/heads/feature/update refs/remotes/feature/update [1ms]
2023-04-28 19:44:17.241 [info] > git status -z -uall [4ms]
2023-04-28 19:47:21.109 [info] > git config --get commit.template [4ms]
2023-04-28 19:47:21.125 [info] > git for-each-ref --format=%(refname)%00%(upstream:short)%00%(objectname)%00%(upstream:track)%00%(upstream:remotename)%00%(upstream:remoteref) refs/heads/feature/update refs/remotes/feature/update [2ms]
2023-04-28 19:47:21.142 [info] > git status -z -uall [3ms]
2023-04-28 19:48:01.730 [info] > git config --get commit.template [17ms]
2023-04-28 19:48:01.732 [info] > git for-each-ref --format=%(refname)%00%(upstream:short)%00%(objectname)%00%(upstream:track)%00%(upstream:remotename)%00%(upstream:remoteref) refs/heads/feature/update refs/remotes/feature/update [3ms]
2023-04-28 19:48:01.760 [info] > git status -z -uall [5ms]
2023-04-28 19:48:10.051 [info] > git config --get commit.template [3ms]
2023-04-28 19:48:10.061 [info] > git for-each-ref --format=%(refname)%00%(upstream:short)%00%(objectname)%00%(upstream:track)%00%(upstream:remotename)%00%(upstream:remoteref) refs/heads/feature/update refs/remotes/feature/update [3ms]
2023-04-28 19:48:10.071 [info] > git status -z -uall [2ms]
2023-04-28 19:49:42.011 [info] > git config --get commit.template [13ms]
2023-04-28 19:49:42.011 [info] > git for-each-ref --format=%(refname)%00%(upstream:short)%00%(objectname)%00%(upstream:track)%00%(upstream:remotename)%00%(upstream:remoteref) refs/heads/feature/update refs/remotes/feature/update [2ms]
2023-04-28 19:49:42.024 [info] > git status -z -uall [3ms]
2023-04-28 19:49:56.172 [info] > git config --get commit.template [14ms]
2023-04-28 19:49:56.173 [info] > git for-each-ref --format=%(refname)%00%(upstream:short)%00%(objectname)%00%(upstream:track)%00%(upstream:remotename)%00%(upstream:remoteref) refs/heads/feature/update refs/remotes/feature/update [3ms]
2023-04-28 19:49:56.185 [info] > git status -z -uall [3ms]
2023-04-28 19:50:41.457 [info] > git config --get commit.template [2ms]
2023-04-28 19:50:41.474 [info] > git for-each-ref --format=%(refname)%00%(upstream:short)%00%(objectname)%00%(upstream:track)%00%(upstream:remotename)%00%(upstream:remoteref) refs/heads/feature/update refs/remotes/feature/update [3ms]
2023-04-28 19:50:41.492 [info] > git status -z -uall [5ms]
2023-04-28 19:51:06.833 [info] > git config --get commit.template [3ms]
2023-04-28 19:51:06.847 [info] > git for-each-ref --format=%(refname)%00%(upstream:short)%00%(objectname)%00%(upstream:track)%00%(upstream:remotename)%00%(upstream:remoteref) refs/heads/feature/update refs/remotes/feature/update [2ms]
2023-04-28 19:51:06.860 [info] > git status -z -uall [2ms]
2023-04-28 19:51:30.542 [info] > git config --get commit.template [18ms]
2023-04-28 19:51:30.543 [info] > git for-each-ref --format=%(refname)%00%(upstream:short)%00%(objectname)%00%(upstream:track)%00%(upstream:remotename)%00%(upstream:remoteref) refs/heads/feature/update refs/remotes/feature/update [2ms]
2023-04-28 19:51:30.562 [info] > git status -z -uall [5ms]
2023-04-28 19:52:44.672 [info] > git config --get commit.template [26ms]
2023-04-28 19:52:44.673 [info] > git for-each-ref --format=%(refname)%00%(upstream:short)%00%(objectname)%00%(upstream:track)%00%(upstream:remotename)%00%(upstream:remoteref) refs/heads/feature/update refs/remotes/feature/update [4ms]
2023-04-28 19:52:44.694 [info] > git status -z -uall [6ms]
2023-04-28 19:52:56.305 [info] > git config --get commit.template [8ms]
2023-04-28 19:52:56.305 [info] > git for-each-ref --format=%(refname)%00%(upstream:short)%00%(objectname)%00%(upstream:track)%00%(upstream:remotename)%00%(upstream:remoteref) refs/heads/feature/update refs/remotes/feature/update [1ms]
2023-04-28 19:52:56.314 [info] > git status -z -uall [2ms]
2023-04-28 19:53:25.236 [info] > git config --get commit.template [7ms]
2023-04-28 19:53:25.264 [info] > git for-each-ref --format=%(refname)%00%(upstream:short)%00%(objectname)%00%(upstream:track)%00%(upstream:remotename)%00%(upstream:remoteref) refs/heads/feature/update refs/remotes/feature/update [2ms]
2023-04-28 19:53:25.281 [info] > git status -z -uall [4ms]
2023-04-28 19:57:22.211 [info] > git config --get commit.template [15ms]
2023-04-28 19:57:22.212 [info] > git for-each-ref --format=%(refname)%00%(upstream:short)%00%(objectname)%00%(upstream:track)%00%(upstream:remotename)%00%(upstream:remoteref) refs/heads/feature/update refs/remotes/feature/update [3ms]
2023-04-28 19:57:22.223 [info] > git status -z -uall [1ms]
2023-04-28 19:58:03.509 [info] > git config --get commit.template [12ms]
2023-04-28 19:58:03.510 [info] > git for-each-ref --format=%(refname)%00%(upstream:short)%00%(objectname)%00%(upstream:track)%00%(upstream:remotename)%00%(upstream:remoteref) refs/heads/feature/update refs/remotes/feature/update [2ms]
2023-04-28 19:58:03.521 [info] > git status -z -uall [3ms]
2023-04-28 19:59:40.674 [info] > git config --get commit.template [2ms]
2023-04-28 19:59:40.684 [info] > git for-each-ref --format=%(refname)%00%(upstream:short)%00%(objectname)%00%(upstream:track)%00%(upstream:remotename)%00%(upstream:remoteref) refs/heads/feature/update refs/remotes/feature/update [2ms]
2023-04-28 19:59:40.699 [info] > git status -z -uall [4ms]
2023-04-28 19:59:45.717 [info] > git config --get commit.template [2ms]
2023-04-28 19:59:45.728 [info] > git for-each-ref --format=%(refname)%00%(upstream:short)%00%(objectname)%00%(upstream:track)%00%(upstream:remotename)%00%(upstream:remoteref) refs/heads/feature/update refs/remotes/feature/update [2ms]
2023-04-28 19:59:45.738 [info] > git status -z -uall [2ms]
2023-04-28 20:07:29.158 [info] > git config --get commit.template [2ms]
2023-04-28 20:07:29.169 [info] > git for-each-ref --format=%(refname)%00%(upstream:short)%00%(objectname)%00%(upstream:track)%00%(upstream:remotename)%00%(upstream:remoteref) refs/heads/feature/update refs/remotes/feature/update [2ms]
2023-04-28 20:07:29.186 [info] > git status -z -uall [5ms]
2023-04-28 20:07:52.312 [info] > git config --get commit.template [18ms]
2023-04-28 20:07:52.313 [info] > git for-each-ref --format=%(refname)%00%(upstream:short)%00%(objectname)%00%(upstream:track)%00%(upstream:remotename)%00%(upstream:remoteref) refs/heads/feature/update refs/remotes/feature/update [2ms]
2023-04-28 20:07:52.343 [info] > git status -z -uall [10ms]
2023-04-28 20:07:57.389 [info] > git config --get commit.template [8ms]
2023-04-28 20:07:57.389 [info] > git for-each-ref --format=%(refname)%00%(upstream:short)%00%(objectname)%00%(upstream:track)%00%(upstream:remotename)%00%(upstream:remoteref) refs/heads/feature/update refs/remotes/feature/update [1ms]
2023-04-28 20:07:57.404 [info] > git status -z -uall [2ms]
2023-04-28 20:11:41.348 [info] > git config --get commit.template [13ms]
2023-04-28 20:11:41.357 [info] > git ls-files --stage -- /home/bontzkl/projects/projekcikpykpyk/pomeranian-bolierplate-public/src/App/Exercises/ReactExercises/SubRouteExercise2/Exercise2.jsx [9ms]
2023-04-28 20:11:41.371 [info] > git for-each-ref --format=%(refname)%00%(upstream:short)%00%(objectname)%00%(upstream:track)%00%(upstream:remotename)%00%(upstream:remoteref) refs/heads/feature/exercise2 refs/remotes/feature/exercise2 [16ms]
2023-04-28 20:11:41.381 [info] > git cat-file -s 3644662222e864ade001f143c8ba6fedc9e26dc3 [11ms]
2023-04-28 20:11:41.383 [info] > git status -z -uall [3ms]
2023-04-28 20:11:41.423 [info] > git show --textconv :src/App/Exercises/ReactExercises/SubRouteExercise2/Exercise2.jsx [4ms]
2023-04-28 20:11:44.148 [info] > git show --textconv :src/App/Exercises/ReactExercises/SubRouteExercise3/Exercise3.jsx [12ms]
2023-04-28 20:11:44.148 [info] > git ls-files --stage -- /home/bontzkl/projects/projekcikpykpyk/pomeranian-bolierplate-public/src/App/Exercises/ReactExercises/SubRouteExercise3/Exercise3.jsx [2ms]
2023-04-28 20:11:44.158 [info] > git cat-file -s c12c760845c2838a140f1c9947c3ee8485ef3ef8 [3ms]
2023-04-28 20:11:46.407 [info] > git config --get commit.template [12ms]
2023-04-28 20:11:46.407 [info] > git for-each-ref --format=%(refname)%00%(upstream:short)%00%(objectname)%00%(upstream:track)%00%(upstream:remotename)%00%(upstream:remoteref) refs/heads/feature/exercise2 refs/remotes/feature/exercise2 [1ms]
2023-04-28 20:11:46.415 [info] > git status -z -uall [2ms]
2023-04-28 20:14:12.173 [info] > git config --get commit.template [21ms]
2023-04-28 20:14:12.174 [info] > git for-each-ref --format=%(refname)%00%(upstream:short)%00%(objectname)%00%(upstream:track)%00%(upstream:remotename)%00%(upstream:remoteref) refs/heads/feature/exercise2 refs/remotes/feature/exercise2 [3ms]
2023-04-28 20:14:12.185 [info] > git status -z -uall [3ms]
2023-04-28 20:15:42.611 [info] > git config --get commit.template [1ms]
2023-04-28 20:15:42.634 [info] > git for-each-ref --format=%(refname)%00%(upstream:short)%00%(objectname)%00%(upstream:track)%00%(upstream:remotename)%00%(upstream:remoteref) refs/heads/feature/exercise2 refs/remotes/feature/exercise2 [1ms]
2023-04-28 20:15:42.657 [info] > git status -z -uall [3ms]
2023-04-28 20:19:30.269 [info] > git config --get commit.template [2ms]
2023-04-28 20:19:30.294 [info] > git for-each-ref --format=%(refname)%00%(upstream:short)%00%(objectname)%00%(upstream:track)%00%(upstream:remotename)%00%(upstream:remoteref) refs/heads/feature/exercise2 refs/remotes/feature/exercise2 [2ms]
2023-04-28 20:19:30.316 [info] > git status -z -uall [2ms]
2023-04-28 20:20:18.774 [info] > git config --get commit.template [20ms]
2023-04-28 20:20:18.774 [info] > git for-each-ref --format=%(refname)%00%(upstream:short)%00%(objectname)%00%(upstream:track)%00%(upstream:remotename)%00%(upstream:remoteref) refs/heads/feature/exercise2 refs/remotes/feature/exercise2 [5ms]
2023-04-28 20:20:18.796 [info] > git status -z -uall [2ms]
2023-04-28 20:20:31.716 [info] > git config --get commit.template [2ms]
2023-04-28 20:20:31.726 [info] > git for-each-ref --format=%(refname)%00%(upstream:short)%00%(objectname)%00%(upstream:track)%00%(upstream:remotename)%00%(upstream:remoteref) refs/heads/feature/exercise2 refs/remotes/feature/exercise2 [1ms]
2023-04-28 20:20:31.740 [info] > git status -z -uall [3ms]
2023-04-28 20:23:44.290 [info] > git config --get commit.template [2ms]
2023-04-28 20:23:44.303 [info] > git for-each-ref --format=%(refname)%00%(upstream:short)%00%(objectname)%00%(upstream:track)%00%(upstream:remotename)%00%(upstream:remoteref) refs/heads/feature/exercise2 refs/remotes/feature/exercise2 [2ms]
2023-04-28 20:23:44.312 [info] > git status -z -uall [2ms]
2023-04-28 20:25:04.604 [info] > git config --get commit.template [1ms]
2023-04-28 20:25:04.618 [info] > git for-each-ref --format=%(refname)%00%(upstream:short)%00%(objectname)%00%(upstream:track)%00%(upstream:remotename)%00%(upstream:remoteref) refs/heads/feature/exercise2 refs/remotes/feature/exercise2 [2ms]
2023-04-28 20:25:04.637 [info] > git status -z -uall [4ms]
2023-04-28 20:25:52.651 [info] > git config --get commit.template [1ms]
2023-04-28 20:25:52.667 [info] > git for-each-ref --format=%(refname)%00%(upstream:short)%00%(objectname)%00%(upstream:track)%00%(upstream:remotename)%00%(upstream:remoteref) refs/heads/feature/exercise2 refs/remotes/feature/exercise2 [3ms]
2023-04-28 20:25:52.676 [info] > git status -z -uall [2ms]
2023-04-28 20:26:28.954 [info] > git config --get commit.template [1ms]
2023-04-28 20:26:28.968 [info] > git for-each-ref --format=%(refname)%00%(upstream:short)%00%(objectname)%00%(upstream:track)%00%(upstream:remotename)%00%(upstream:remoteref) refs/heads/feature/exercise2 refs/remotes/feature/exercise2 [1ms]
2023-04-28 20:26:28.984 [info] > git status -z -uall [5ms]
2023-04-28 20:28:53.070 [info] > git config --get commit.template [17ms]
2023-04-28 20:28:53.071 [info] > git for-each-ref --format=%(refname)%00%(upstream:short)%00%(objectname)%00%(upstream:track)%00%(upstream:remotename)%00%(upstream:remoteref) refs/heads/feature/exercise2 refs/remotes/feature/exercise2 [2ms]
2023-04-28 20:28:53.090 [info] > git status -z -uall [3ms]
2023-04-28 20:30:03.558 [info] > git config --get commit.template [1ms]
2023-04-28 20:30:03.579 [info] > git for-each-ref --format=%(refname)%00%(upstream:short)%00%(objectname)%00%(upstream:track)%00%(upstream:remotename)%00%(upstream:remoteref) refs/heads/feature/exercise2 refs/remotes/feature/exercise2 [11ms]
2023-04-28 20:30:03.593 [info] > git status -z -uall [3ms]
2023-04-28 20:30:12.729 [info] > git config --get commit.template [1ms]
2023-04-28 20:30:12.741 [info] > git for-each-ref --format=%(refname)%00%(upstream:short)%00%(objectname)%00%(upstream:track)%00%(upstream:remotename)%00%(upstream:remoteref) refs/heads/feature/exercise2 refs/remotes/feature/exercise2 [2ms]
2023-04-28 20:30:12.750 [info] > git status -z -uall [1ms]
2023-04-28 20:30:29.664 [info] > git config --get commit.template [1ms]
2023-04-28 20:30:29.674 [info] > git for-each-ref --format=%(refname)%00%(upstream:short)%00%(objectname)%00%(upstream:track)%00%(upstream:remotename)%00%(upstream:remoteref) refs/heads/feature/exercise2 refs/remotes/feature/exercise2 [1ms]
2023-04-28 20:30:29.685 [info] > git status -z -uall [4ms]
2023-04-28 20:31:54.987 [info] > git config --get commit.template [21ms]
2023-04-28 20:31:54.988 [info] > git for-each-ref --format=%(refname)%00%(upstream:short)%00%(objectname)%00%(upstream:track)%00%(upstream:remotename)%00%(upstream:remoteref) refs/heads/feature/exercise2 refs/remotes/feature/exercise2 [3ms]
2023-04-28 20:31:55.005 [info] > git status -z -uall [4ms]
2023-04-28 20:34:26.871 [info] > git config --get commit.template [2ms]
2023-04-28 20:34:26.882 [info] > git for-each-ref --format=%(refname)%00%(upstream:short)%00%(objectname)%00%(upstream:track)%00%(upstream:remotename)%00%(upstream:remoteref) refs/heads/feature/exercise2 refs/remotes/feature/exercise2 [2ms]
2023-04-28 20:34:26.895 [info] > git status -z -uall [6ms]
2023-04-28 20:37:19.252 [info] > git config --get commit.template [8ms]
2023-04-28 20:37:19.252 [info] > git for-each-ref --format=%(refname)%00%(upstream:short)%00%(objectname)%00%(upstream:track)%00%(upstream:remotename)%00%(upstream:remoteref) refs/heads/feature/exercise2 refs/remotes/feature/exercise2 [1ms]
2023-04-28 20:37:19.274 [info] > git status -z -uall [2ms]
2023-04-28 20:49:12.238 [info] > git config --get commit.template [8ms]
2023-04-28 20:49:12.238 [info] > git for-each-ref --format=%(refname)%00%(upstream:short)%00%(objectname)%00%(upstream:track)%00%(upstream:remotename)%00%(upstream:remoteref) refs/heads/feature/exercise2 refs/remotes/feature/exercise2 [2ms]
2023-04-28 20:49:12.254 [info] > git status -z -uall [5ms]
2023-04-28 20:53:18.699 [info] > git config --get commit.template [18ms]
2023-04-28 20:53:18.700 [info] > git for-each-ref --format=%(refname)%00%(upstream:short)%00%(objectname)%00%(upstream:track)%00%(upstream:remotename)%00%(upstream:remoteref) refs/heads/feature/exercise2 refs/remotes/feature/exercise2 [3ms]
2023-04-28 20:53:18.727 [info] > git status -z -uall [7ms]
2023-04-28 20:54:25.620 [info] > git config --get commit.template [21ms]
2023-04-28 20:54:25.621 [info] > git for-each-ref --format=%(refname)%00%(upstream:short)%00%(objectname)%00%(upstream:track)%00%(upstream:remotename)%00%(upstream:remoteref) refs/heads/feature/exercise2 refs/remotes/feature/exercise2 [8ms]
2023-04-28 20:54:25.657 [info] > git status -z -uall [12ms]
2023-04-28 20:54:37.700 [info] > git config --get commit.template [1ms]
2023-04-28 20:54:37.708 [info] > git for-each-ref --format=%(refname)%00%(upstream:short)%00%(objectname)%00%(upstream:track)%00%(upstream:remotename)%00%(upstream:remoteref) refs/heads/feature/exercise2 refs/remotes/feature/exercise2 [1ms]
2023-04-28 20:54:37.722 [info] > git status -z -uall [2ms]
2023-04-28 20:55:10.728 [info] > git config --get commit.template [16ms]
2023-04-28 20:55:10.729 [info] > git for-each-ref --format=%(refname)%00%(upstream:short)%00%(objectname)%00%(upstream:track)%00%(upstream:remotename)%00%(upstream:remoteref) refs/heads/feature/exercise2 refs/remotes/feature/exercise2 [2ms]
2023-04-28 20:55:10.767 [info] > git status -z -uall [3ms]
2023-04-28 20:55:21.326 [info] > git config --get commit.template [1ms]
2023-04-28 20:55:21.337 [info] > git for-each-ref --format=%(refname)%00%(upstream:short)%00%(objectname)%00%(upstream:track)%00%(upstream:remotename)%00%(upstream:remoteref) refs/heads/feature/exercise2 refs/remotes/feature/exercise2 [1ms]
2023-04-28 20:55:21.351 [info] > git status -z -uall [3ms]
2023-04-28 20:55:32.229 [info] > git config --get commit.template [10ms]
2023-04-28 20:55:32.229 [info] > git for-each-ref --format=%(refname)%00%(upstream:short)%00%(objectname)%00%(upstream:track)%00%(upstream:remotename)%00%(upstream:remoteref) refs/heads/feature/exercise2 refs/remotes/feature/exercise2 [1ms]
2023-04-28 20:55:32.241 [info] > git status -z -uall [3ms]
2023-04-28 20:56:11.585 [info] > git config --get commit.template [4ms]
2023-04-28 20:56:11.603 [info] > git for-each-ref --format=%(refname)%00%(upstream:short)%00%(objectname)%00%(upstream:track)%00%(upstream:remotename)%00%(upstream:remoteref) refs/heads/feature/exercise2 refs/remotes/feature/exercise2 [4ms]
2023-04-28 20:56:11.617 [info] > git status -z -uall [3ms]
2023-04-28 20:56:28.176 [info] > git config --get commit.template [2ms]
2023-04-28 20:56:28.190 [info] > git for-each-ref --format=%(refname)%00%(upstream:short)%00%(objectname)%00%(upstream:track)%00%(upstream:remotename)%00%(upstream:remoteref) refs/heads/feature/exercise2 refs/remotes/feature/exercise2 [2ms]
2023-04-28 20:56:28.209 [info] > git status -z -uall [2ms]
2023-04-28 20:57:47.194 [info] > git config --get commit.template [25ms]
2023-04-28 20:57:47.197 [info] > git for-each-ref --format=%(refname)%00%(upstream:short)%00%(objectname)%00%(upstream:track)%00%(upstream:remotename)%00%(upstream:remoteref) refs/heads/feature/exercise2 refs/remotes/feature/exercise2 [4ms]
2023-04-28 20:57:47.218 [info] > git status -z -uall [4ms]
2023-04-28 20:59:00.276 [info] > git config --get commit.template [16ms]
2023-04-28 20:59:00.281 [info] > git for-each-ref --format=%(refname)%00%(upstream:short)%00%(objectname)%00%(upstream:track)%00%(upstream:remotename)%00%(upstream:remoteref) refs/heads/feature/exercise2 refs/remotes/feature/exercise2 [7ms]
2023-04-28 20:59:00.300 [info] > git status -z -uall [3ms]
2023-04-28 21:01:59.136 [info] > git config --get commit.template [1ms]
2023-04-28 21:01:59.151 [info] > git for-each-ref --format=%(refname)%00%(upstream:short)%00%(objectname)%00%(upstream:track)%00%(upstream:remotename)%00%(upstream:remoteref) refs/heads/feature/exercise3 refs/remotes/feature/exercise3 [8ms]
2023-04-28 21:01:59.157 [info] > git ls-files --stage -- /home/bontzkl/projects/projekcikpykpyk/pomeranian-bolierplate-public/src/App/Exercises/ReactExercises/SubRouteExercise3/Exercise3.jsx [7ms]
2023-04-28 21:01:59.164 [info] > git status -z -uall [8ms]
2023-04-28 21:01:59.166 [info] > git cat-file -s 921fa4da22b6709b9686db782afd62b5d93e3880 [3ms]
2023-04-28 21:01:59.236 [info] > git show --textconv :src/App/Exercises/ReactExercises/SubRouteExercise3/Exercise3.jsx [2ms]
