["INFO" - 12:17:39 PM] Extension Name: esbenp.prettier-vscode.
["INFO" - 12:17:39 PM] Extension Version: 9.12.0.
["INFO" - 12:18:40 PM] Formatting file:///home/bontzkl/projects/projekcikpykpyk/pomeranian-bolierplate-public/src/App/Layout/styles/aside.css
["INFO" - 12:18:40 PM] Using config file at '/home/bontzkl/projects/projekcikpykpyk/pomeranian-bolierplate-public/.prettierrc.json'
["INFO" - 12:18:40 PM] Using ignore file (if present) at /home/bontzkl/projects/projekcikpykpyk/pomeranian-bolierplate-public/.prettierignore
["INFO" - 12:18:40 PM] File Info:
{
  "ignored": false,
  "inferredParser": "css"
}
["INFO" - 12:18:40 PM] Detected local configuration (i.e. .prettierrc or .editorconfig), VS Code configuration will not be used
["INFO" - 12:18:40 PM] Prettier Options:
{
  "filepath": "/home/bontzkl/projects/projekcikpykpyk/pomeranian-bolierplate-public/src/App/Layout/styles/aside.css",
  "parser": "css",
  "singleQuote": true,
  "trailingComma": "es5",
  "endOfLine": "auto"
}
["ERROR" - 12:18:40 PM] Error formatting document.
["ERROR" - 12:18:40 PM] CssSyntaxError: Unknown word (19:3)
  17 | aside li {
  18 |   line-height: 2rem;z
> 19 |   margin-top: 10px;
     |   ^
  20 |   margin-bottom: 10px;
  21 | }
  22 |
SyntaxError: CssSyntaxError: Unknown word (19:3)
  17 | aside li {
  18 |   line-height: 2rem;z
> 19 |   margin-top: 10px;
     |   ^
  20 |   margin-bottom: 10px;
  21 | }
  22 |
	at i (/home/bontzkl/projects/projekcikpykpyk/pomeranian-bolierplate-public/node_modules/prettier/parser-postcss.js:1:13656)
	at ya (/home/bontzkl/projects/projekcikpykpyk/pomeranian-bolierplate-public/node_modules/prettier/parser-postcss.js:76:8108)
	at Ot (/home/bontzkl/projects/projekcikpykpyk/pomeranian-bolierplate-public/node_modules/prettier/parser-postcss.js:76:8536)
	at Object.mp [as parse] (/home/bontzkl/projects/projekcikpykpyk/pomeranian-bolierplate-public/node_modules/prettier/parser-postcss.js:76:8403)
	at Object.parse (/home/bontzkl/projects/projekcikpykpyk/pomeranian-bolierplate-public/node_modules/prettier/index.js:7515:23)
	at coreFormat (/home/bontzkl/projects/projekcikpykpyk/pomeranian-bolierplate-public/node_modules/prettier/index.js:8829:18)
	at formatWithCursor2 (/home/bontzkl/projects/projekcikpykpyk/pomeranian-bolierplate-public/node_modules/prettier/index.js:9021:18)
	at /home/bontzkl/projects/projekcikpykpyk/pomeranian-bolierplate-public/node_modules/prettier/index.js:38176:12
	at Object.format (/home/bontzkl/projects/projekcikpykpyk/pomeranian-bolierplate-public/node_modules/prettier/index.js:38190:12)
	at t.default.format (/home/bontzkl/.vscode-server/extensions/esbenp.prettier-vscode-9.12.0/dist/extension.js:1:14694)
	at async t.PrettierEditProvider.provideEdits (/home/bontzkl/.vscode-server/extensions/esbenp.prettier-vscode-9.12.0/dist/extension.js:1:11367)
	at async B.provideDocumentFormattingEdits (/home/bontzkl/.vscode-server/bin/704ed70d4fd1c6bd6342c436f1ede30d1cff4710/out/vs/workbench/api/node/extensionHostProcess.js:101:46615)
["INFO" - 12:18:40 PM] Formatting completed in 90ms.
["INFO" - 12:18:51 PM] Formatting file:///home/bontzkl/projects/projekcikpykpyk/pomeranian-bolierplate-public/src/App/Layout/styles/aside.css
["INFO" - 12:18:51 PM] Using config file at '/home/bontzkl/projects/projekcikpykpyk/pomeranian-bolierplate-public/.prettierrc.json'
["INFO" - 12:18:51 PM] Using ignore file (if present) at /home/bontzkl/projects/projekcikpykpyk/pomeranian-bolierplate-public/.prettierignore
["INFO" - 12:18:51 PM] File Info:
{
  "ignored": false,
  "inferredParser": "css"
}
["INFO" - 12:18:51 PM] Detected local configuration (i.e. .prettierrc or .editorconfig), VS Code configuration will not be used
["INFO" - 12:18:51 PM] Prettier Options:
{
  "filepath": "/home/bontzkl/projects/projekcikpykpyk/pomeranian-bolierplate-public/src/App/Layout/styles/aside.css",
  "parser": "css",
  "singleQuote": true,
  "trailingComma": "es5",
  "endOfLine": "auto"
}
["INFO" - 12:18:51 PM] Formatting completed in 40ms.
["INFO" - 12:21:29 PM] Formatting file:///home/bontzkl/projects/projekcikpykpyk/pomeranian-bolierplate-public/src/App/Layout/styles/aside.css
["INFO" - 12:21:29 PM] Using config file at '/home/bontzkl/projects/projekcikpykpyk/pomeranian-bolierplate-public/.prettierrc.json'
["INFO" - 12:21:29 PM] Using ignore file (if present) at /home/bontzkl/projects/projekcikpykpyk/pomeranian-bolierplate-public/.prettierignore
["INFO" - 12:21:29 PM] File Info:
{
  "ignored": false,
  "inferredParser": "css"
}
["INFO" - 12:21:29 PM] Detected local configuration (i.e. .prettierrc or .editorconfig), VS Code configuration will not be used
["INFO" - 12:21:29 PM] Prettier Options:
{
  "filepath": "/home/bontzkl/projects/projekcikpykpyk/pomeranian-bolierplate-public/src/App/Layout/styles/aside.css",
  "parser": "css",
  "singleQuote": true,
  "trailingComma": "es5",
  "endOfLine": "auto"
}
["INFO" - 12:21:29 PM] Formatting completed in 38ms.
["INFO" - 12:22:58 PM] Formatting file:///home/bontzkl/projects/projekcikpykpyk/pomeranian-bolierplate-public/src/App/Layout/styles/aside.css
["INFO" - 12:22:58 PM] Using config file at '/home/bontzkl/projects/projekcikpykpyk/pomeranian-bolierplate-public/.prettierrc.json'
["INFO" - 12:22:58 PM] Using ignore file (if present) at /home/bontzkl/projects/projekcikpykpyk/pomeranian-bolierplate-public/.prettierignore
["INFO" - 12:22:58 PM] File Info:
{
  "ignored": false,
  "inferredParser": "css"
}
["INFO" - 12:22:58 PM] Detected local configuration (i.e. .prettierrc or .editorconfig), VS Code configuration will not be used
["INFO" - 12:22:58 PM] Prettier Options:
{
  "filepath": "/home/bontzkl/projects/projekcikpykpyk/pomeranian-bolierplate-public/src/App/Layout/styles/aside.css",
  "parser": "css",
  "singleQuote": true,
  "trailingComma": "es5",
  "endOfLine": "auto"
}
["INFO" - 12:22:58 PM] Formatting completed in 44ms.
["INFO" - 12:25:22 PM] Formatting file:///home/bontzkl/projects/projekcikpykpyk/pomeranian-bolierplate-public/src/App/Layout/styles/aside.css
["INFO" - 12:25:22 PM] Using config file at '/home/bontzkl/projects/projekcikpykpyk/pomeranian-bolierplate-public/.prettierrc.json'
["INFO" - 12:25:22 PM] Using ignore file (if present) at /home/bontzkl/projects/projekcikpykpyk/pomeranian-bolierplate-public/.prettierignore
["INFO" - 12:25:22 PM] File Info:
{
  "ignored": false,
  "inferredParser": "css"
}
["INFO" - 12:25:22 PM] Detected local configuration (i.e. .prettierrc or .editorconfig), VS Code configuration will not be used
["INFO" - 12:25:22 PM] Prettier Options:
{
  "filepath": "/home/bontzkl/projects/projekcikpykpyk/pomeranian-bolierplate-public/src/App/Layout/styles/aside.css",
  "parser": "css",
  "singleQuote": true,
  "trailingComma": "es5",
  "endOfLine": "auto"
}
["INFO" - 12:25:22 PM] Formatting completed in 55ms.
["INFO" - 12:25:31 PM] Formatting file:///home/bontzkl/projects/projekcikpykpyk/pomeranian-bolierplate-public/src/App/Layout/styles/aside.css
["INFO" - 12:25:31 PM] Using config file at '/home/bontzkl/projects/projekcikpykpyk/pomeranian-bolierplate-public/.prettierrc.json'
["INFO" - 12:25:31 PM] Using ignore file (if present) at /home/bontzkl/projects/projekcikpykpyk/pomeranian-bolierplate-public/.prettierignore
["INFO" - 12:25:31 PM] File Info:
{
  "ignored": false,
  "inferredParser": "css"
}
["INFO" - 12:25:31 PM] Detected local configuration (i.e. .prettierrc or .editorconfig), VS Code configuration will not be used
["INFO" - 12:25:31 PM] Prettier Options:
{
  "filepath": "/home/bontzkl/projects/projekcikpykpyk/pomeranian-bolierplate-public/src/App/Layout/styles/aside.css",
  "parser": "css",
  "singleQuote": true,
  "trailingComma": "es5",
  "endOfLine": "auto"
}
["INFO" - 12:25:31 PM] Formatting completed in 14ms.
["INFO" - 12:26:25 PM] Formatting file:///home/bontzkl/projects/projekcikpykpyk/pomeranian-bolierplate-public/src/App/Layout/styles/aside.css
["INFO" - 12:26:25 PM] Using config file at '/home/bontzkl/projects/projekcikpykpyk/pomeranian-bolierplate-public/.prettierrc.json'
["INFO" - 12:26:25 PM] Using ignore file (if present) at /home/bontzkl/projects/projekcikpykpyk/pomeranian-bolierplate-public/.prettierignore
["INFO" - 12:26:25 PM] File Info:
{
  "ignored": false,
  "inferredParser": "css"
}
["INFO" - 12:26:25 PM] Detected local configuration (i.e. .prettierrc or .editorconfig), VS Code configuration will not be used
["INFO" - 12:26:25 PM] Prettier Options:
{
  "filepath": "/home/bontzkl/projects/projekcikpykpyk/pomeranian-bolierplate-public/src/App/Layout/styles/aside.css",
  "parser": "css",
  "singleQuote": true,
  "trailingComma": "es5",
  "endOfLine": "auto"
}
["INFO" - 12:26:25 PM] Formatting completed in 16ms.
["INFO" - 12:26:35 PM] Formatting file:///home/bontzkl/projects/projekcikpykpyk/pomeranian-bolierplate-public/src/App/Layout/styles/aside.css
["INFO" - 12:26:35 PM] Using config file at '/home/bontzkl/projects/projekcikpykpyk/pomeranian-bolierplate-public/.prettierrc.json'
["INFO" - 12:26:35 PM] Using ignore file (if present) at /home/bontzkl/projects/projekcikpykpyk/pomeranian-bolierplate-public/.prettierignore
["INFO" - 12:26:35 PM] File Info:
{
  "ignored": false,
  "inferredParser": "css"
}
["INFO" - 12:26:35 PM] Detected local configuration (i.e. .prettierrc or .editorconfig), VS Code configuration will not be used
["INFO" - 12:26:35 PM] Prettier Options:
{
  "filepath": "/home/bontzkl/projects/projekcikpykpyk/pomeranian-bolierplate-public/src/App/Layout/styles/aside.css",
  "parser": "css",
  "singleQuote": true,
  "trailingComma": "es5",
  "endOfLine": "auto"
}
["INFO" - 12:26:35 PM] Formatting completed in 15ms.
["INFO" - 12:27:00 PM] Formatting file:///home/bontzkl/projects/projekcikpykpyk/pomeranian-bolierplate-public/src/App/Layout/styles/aside.css
["INFO" - 12:27:00 PM] Using config file at '/home/bontzkl/projects/projekcikpykpyk/pomeranian-bolierplate-public/.prettierrc.json'
["INFO" - 12:27:00 PM] Using ignore file (if present) at /home/bontzkl/projects/projekcikpykpyk/pomeranian-bolierplate-public/.prettierignore
["INFO" - 12:27:00 PM] File Info:
{
  "ignored": false,
  "inferredParser": "css"
}
["INFO" - 12:27:00 PM] Detected local configuration (i.e. .prettierrc or .editorconfig), VS Code configuration will not be used
["INFO" - 12:27:00 PM] Prettier Options:
{
  "filepath": "/home/bontzkl/projects/projekcikpykpyk/pomeranian-bolierplate-public/src/App/Layout/styles/aside.css",
  "parser": "css",
  "singleQuote": true,
  "trailingComma": "es5",
  "endOfLine": "auto"
}
["INFO" - 12:27:00 PM] Formatting completed in 19ms.
["INFO" - 12:27:26 PM] Formatting file:///home/bontzkl/projects/projekcikpykpyk/pomeranian-bolierplate-public/src/App/Layout/styles/aside.css
["INFO" - 12:27:26 PM] Using config file at '/home/bontzkl/projects/projekcikpykpyk/pomeranian-bolierplate-public/.prettierrc.json'
["INFO" - 12:27:26 PM] Using ignore file (if present) at /home/bontzkl/projects/projekcikpykpyk/pomeranian-bolierplate-public/.prettierignore
["INFO" - 12:27:26 PM] File Info:
{
  "ignored": false,
  "inferredParser": "css"
}
["INFO" - 12:27:26 PM] Detected local configuration (i.e. .prettierrc or .editorconfig), VS Code configuration will not be used
["INFO" - 12:27:26 PM] Prettier Options:
{
  "filepath": "/home/bontzkl/projects/projekcikpykpyk/pomeranian-bolierplate-public/src/App/Layout/styles/aside.css",
  "parser": "css",
  "singleQuote": true,
  "trailingComma": "es5",
  "endOfLine": "auto"
}
["INFO" - 12:27:26 PM] Formatting completed in 16ms.
["INFO" - 12:29:20 PM] Formatting file:///home/bontzkl/projects/projekcikpykpyk/pomeranian-bolierplate-public/src/App/Layout/styles/aside.css
["INFO" - 12:29:20 PM] Using config file at '/home/bontzkl/projects/projekcikpykpyk/pomeranian-bolierplate-public/.prettierrc.json'
["INFO" - 12:29:20 PM] Using ignore file (if present) at /home/bontzkl/projects/projekcikpykpyk/pomeranian-bolierplate-public/.prettierignore
["INFO" - 12:29:20 PM] File Info:
{
  "ignored": false,
  "inferredParser": "css"
}
["INFO" - 12:29:20 PM] Detected local configuration (i.e. .prettierrc or .editorconfig), VS Code configuration will not be used
["INFO" - 12:29:20 PM] Prettier Options:
{
  "filepath": "/home/bontzkl/projects/projekcikpykpyk/pomeranian-bolierplate-public/src/App/Layout/styles/aside.css",
  "parser": "css",
  "singleQuote": true,
  "trailingComma": "es5",
  "endOfLine": "auto"
}
["INFO" - 12:29:20 PM] Formatting completed in 17ms.
["INFO" - 12:29:58 PM] Formatting file:///home/bontzkl/projects/projekcikpykpyk/pomeranian-bolierplate-public/src/App/Layout/styles/aside.css
["INFO" - 12:29:58 PM] Using config file at '/home/bontzkl/projects/projekcikpykpyk/pomeranian-bolierplate-public/.prettierrc.json'
["INFO" - 12:29:58 PM] Using ignore file (if present) at /home/bontzkl/projects/projekcikpykpyk/pomeranian-bolierplate-public/.prettierignore
["INFO" - 12:29:58 PM] File Info:
{
  "ignored": false,
  "inferredParser": "css"
}
["INFO" - 12:29:58 PM] Detected local configuration (i.e. .prettierrc or .editorconfig), VS Code configuration will not be used
["INFO" - 12:29:58 PM] Prettier Options:
{
  "filepath": "/home/bontzkl/projects/projekcikpykpyk/pomeranian-bolierplate-public/src/App/Layout/styles/aside.css",
  "parser": "css",
  "singleQuote": true,
  "trailingComma": "es5",
  "endOfLine": "auto"
}
["INFO" - 12:29:58 PM] Formatting completed in 17ms.
["INFO" - 12:32:39 PM] Formatting file:///home/bontzkl/projects/projekcikpykpyk/pomeranian-bolierplate-public/src/App/Layout/styles/aside.css
["INFO" - 12:32:39 PM] Using config file at '/home/bontzkl/projects/projekcikpykpyk/pomeranian-bolierplate-public/.prettierrc.json'
["INFO" - 12:32:39 PM] Using ignore file (if present) at /home/bontzkl/projects/projekcikpykpyk/pomeranian-bolierplate-public/.prettierignore
["INFO" - 12:32:39 PM] File Info:
{
  "ignored": false,
  "inferredParser": "css"
}
["INFO" - 12:32:39 PM] Detected local configuration (i.e. .prettierrc or .editorconfig), VS Code configuration will not be used
["INFO" - 12:32:39 PM] Prettier Options:
{
  "filepath": "/home/bontzkl/projects/projekcikpykpyk/pomeranian-bolierplate-public/src/App/Layout/styles/aside.css",
  "parser": "css",
  "singleQuote": true,
  "trailingComma": "es5",
  "endOfLine": "auto"
}
["INFO" - 12:32:39 PM] Formatting completed in 19ms.
["INFO" - 12:34:40 PM] Formatting file:///home/bontzkl/projects/projekcikpykpyk/pomeranian-bolierplate-public/src/App/Layout/styles/aside.css
["INFO" - 12:34:40 PM] Using config file at '/home/bontzkl/projects/projekcikpykpyk/pomeranian-bolierplate-public/.prettierrc.json'
["INFO" - 12:34:40 PM] Using ignore file (if present) at /home/bontzkl/projects/projekcikpykpyk/pomeranian-bolierplate-public/.prettierignore
["INFO" - 12:34:40 PM] File Info:
{
  "ignored": false,
  "inferredParser": "css"
}
["INFO" - 12:34:40 PM] Detected local configuration (i.e. .prettierrc or .editorconfig), VS Code configuration will not be used
["INFO" - 12:34:40 PM] Prettier Options:
{
  "filepath": "/home/bontzkl/projects/projekcikpykpyk/pomeranian-bolierplate-public/src/App/Layout/styles/aside.css",
  "parser": "css",
  "singleQuote": true,
  "trailingComma": "es5",
  "endOfLine": "auto"
}
["INFO" - 12:34:40 PM] Formatting completed in 18ms.
["INFO" - 12:42:30 PM] Formatting file:///home/bontzkl/projects/projekcikpykpyk/pomeranian-bolierplate-public/src/App/Layout/styles/aside.css
["INFO" - 12:42:30 PM] Using config file at '/home/bontzkl/projects/projekcikpykpyk/pomeranian-bolierplate-public/.prettierrc.json'
["INFO" - 12:42:30 PM] Using ignore file (if present) at /home/bontzkl/projects/projekcikpykpyk/pomeranian-bolierplate-public/.prettierignore
["INFO" - 12:42:30 PM] File Info:
{
  "ignored": false,
  "inferredParser": "css"
}
["INFO" - 12:42:30 PM] Detected local configuration (i.e. .prettierrc or .editorconfig), VS Code configuration will not be used
["INFO" - 12:42:30 PM] Prettier Options:
{
  "filepath": "/home/bontzkl/projects/projekcikpykpyk/pomeranian-bolierplate-public/src/App/Layout/styles/aside.css",
  "parser": "css",
  "singleQuote": true,
  "trailingComma": "es5",
  "endOfLine": "auto"
}
["INFO" - 12:42:30 PM] Formatting completed in 14ms.
["INFO" - 12:42:36 PM] Formatting file:///home/bontzkl/projects/projekcikpykpyk/pomeranian-bolierplate-public/src/App/Layout/styles/aside.css
["INFO" - 12:42:36 PM] Using config file at '/home/bontzkl/projects/projekcikpykpyk/pomeranian-bolierplate-public/.prettierrc.json'
["INFO" - 12:42:36 PM] Using ignore file (if present) at /home/bontzkl/projects/projekcikpykpyk/pomeranian-bolierplate-public/.prettierignore
["INFO" - 12:42:36 PM] File Info:
{
  "ignored": false,
  "inferredParser": "css"
}
["INFO" - 12:42:36 PM] Detected local configuration (i.e. .prettierrc or .editorconfig), VS Code configuration will not be used
["INFO" - 12:42:36 PM] Prettier Options:
{
  "filepath": "/home/bontzkl/projects/projekcikpykpyk/pomeranian-bolierplate-public/src/App/Layout/styles/aside.css",
  "parser": "css",
  "singleQuote": true,
  "trailingComma": "es5",
  "endOfLine": "auto"
}
["INFO" - 12:42:36 PM] Formatting completed in 22ms.
["INFO" - 12:42:43 PM] Formatting file:///home/bontzkl/projects/projekcikpykpyk/pomeranian-bolierplate-public/src/App/Layout/styles/aside.css
["INFO" - 12:42:43 PM] Using config file at '/home/bontzkl/projects/projekcikpykpyk/pomeranian-bolierplate-public/.prettierrc.json'
["INFO" - 12:42:43 PM] Using ignore file (if present) at /home/bontzkl/projects/projekcikpykpyk/pomeranian-bolierplate-public/.prettierignore
["INFO" - 12:42:43 PM] File Info:
{
  "ignored": false,
  "inferredParser": "css"
}
["INFO" - 12:42:43 PM] Detected local configuration (i.e. .prettierrc or .editorconfig), VS Code configuration will not be used
["INFO" - 12:42:43 PM] Prettier Options:
{
  "filepath": "/home/bontzkl/projects/projekcikpykpyk/pomeranian-bolierplate-public/src/App/Layout/styles/aside.css",
  "parser": "css",
  "singleQuote": true,
  "trailingComma": "es5",
  "endOfLine": "auto"
}
["INFO" - 12:42:43 PM] Formatting completed in 16ms.
