2023-05-03 18:02:37.635 [info] Log level: Info
2023-05-03 18:02:37.635 [info] Validating found git in: "git"
2023-05-03 18:02:37.635 [info] Using git "2.34.1" from "git"
2023-05-03 18:02:37.635 [info] > git rev-parse --show-toplevel [31ms]
2023-05-03 18:02:37.635 [info] > git rev-parse --git-dir --git-common-dir [2ms]
2023-05-03 18:02:37.635 [info] Open repository: /home/bontzkl/projects/projekcikpykpyk/pomeranian-bolierplate-public
2023-05-03 18:02:37.635 [info] > git rev-parse --show-toplevel [39ms]
2023-05-03 18:02:37.635 [info] > git rev-parse --show-toplevel [22ms]
2023-05-03 18:02:37.635 [info] > git config --get commit.template [49ms]
2023-05-03 18:02:37.635 [info] > git rev-parse --show-toplevel [32ms]
2023-05-03 18:02:37.635 [info] > git rev-parse --show-toplevel [30ms]
2023-05-03 18:02:37.635 [info] > git for-each-ref --format=%(refname)%00%(upstream:short)%00%(objectname)%00%(upstream:track)%00%(upstream:remotename)%00%(upstream:remoteref) refs/heads/feature/exercise3 refs/remotes/feature/exercise3 [22ms]
2023-05-03 18:02:37.635 [info] > git status -z -uall [21ms]
2023-05-03 18:02:37.635 [info] > git config --get commit.template [528ms]
2023-05-03 18:02:37.637 [info] > git check-ignore -v -z --stdin [21ms]
2023-05-03 18:02:37.642 [info] > git for-each-ref --format=%(refname)%00%(upstream:short)%00%(objectname)%00%(upstream:track)%00%(upstream:remotename)%00%(upstream:remoteref) refs/heads/feature/exercise3 refs/remotes/feature/exercise3 [11ms]
2023-05-03 18:02:37.660 [info] > git status -z -uall [3ms]
2023-05-03 18:02:37.743 [info] > git show --textconv :src/App/Exercises/index.jsx [34ms]
2023-05-03 18:02:37.744 [info] > git show --textconv :src/App/Exercises/styles.css [29ms]
2023-05-03 18:02:37.745 [info] > git ls-files --stage -- /home/bontzkl/projects/projekcikpykpyk/pomeranian-bolierplate-public/src/App/Exercises/styles.css [8ms]
2023-05-03 18:02:37.753 [info] > git ls-files --stage -- /home/bontzkl/projects/projekcikpykpyk/pomeranian-bolierplate-public/src/App/Exercises/index.jsx [30ms]
2023-05-03 18:02:37.776 [info] > git cat-file -s a8ed2c0a9649e1c69884209f8084d5ee8c3ee1db [9ms]
2023-05-03 18:02:37.779 [info] > git cat-file -s f15c63a603b1bbeb8f87a1ab481c367552bc806b [27ms]
2023-05-03 18:02:47.597 [info] > git show --textconv :src/App/Exercises/Categories.jsx [8ms]
2023-05-03 18:02:47.598 [info] > git ls-files --stage -- /home/bontzkl/projects/projekcikpykpyk/pomeranian-bolierplate-public/src/App/Exercises/Categories.jsx [5ms]
2023-05-03 18:02:47.603 [info] > git cat-file -s 030d644e208df8e9fd6a5d617978a97e104d30d1 [1ms]
2023-05-03 18:02:52.061 [info] > git check-ignore -v -z --stdin [1ms]
2023-05-03 18:02:53.906 [info] > git check-ignore -v -z --stdin [1ms]
2023-05-03 18:03:27.546 [info] > git config --get commit.template [3ms]
2023-05-03 18:03:27.555 [info] > git for-each-ref --format=%(refname)%00%(upstream:short)%00%(objectname)%00%(upstream:track)%00%(upstream:remotename)%00%(upstream:remoteref) refs/heads/feature/exercise3 refs/remotes/feature/exercise3 [1ms]
2023-05-03 18:03:27.561 [info] > git status -z -uall [2ms]
2023-05-03 18:03:28.137 [info] > git check-ignore -v -z --stdin [1ms]
2023-05-03 18:03:29.490 [info] > git check-ignore -v -z --stdin [0ms]
2023-05-03 18:03:30.353 [info] > git show --textconv :src/App/Exercises/ReactExercises/SubRouteExercise4/style.css [6ms]
2023-05-03 18:03:30.355 [info] > git ls-files --stage -- /home/bontzkl/projects/projekcikpykpyk/pomeranian-bolierplate-public/src/App/Exercises/ReactExercises/SubRouteExercise4/style.css [4ms]
2023-05-03 18:03:30.360 [info] > git cat-file -s 1329ab6b6aa01f14eac6ec8cb4e52262d266152d [0ms]
2023-05-03 18:03:39.695 [info] > git show --textconv :src/App/Exercises/ReactExercises/SubRouteExercise4/Exercise4.jsx [5ms]
2023-05-03 18:03:39.697 [info] > git ls-files --stage -- /home/bontzkl/projects/projekcikpykpyk/pomeranian-bolierplate-public/src/App/Exercises/ReactExercises/SubRouteExercise4/Exercise4.jsx [2ms]
2023-05-03 18:03:39.705 [info] > git cat-file -s 65bb9a19fa3f46046ee6d09b0694b125c46b2df7 [1ms]
2023-05-03 18:04:15.771 [info] > git config --get commit.template [1ms]
2023-05-03 18:04:15.776 [info] > git for-each-ref --format=%(refname)%00%(upstream:short)%00%(objectname)%00%(upstream:track)%00%(upstream:remotename)%00%(upstream:remoteref) refs/heads/feature/exercise3 refs/remotes/feature/exercise3 [1ms]
2023-05-03 18:04:15.786 [info] > git status -z -uall [2ms]
2023-05-03 18:04:50.008 [info] > git config --get commit.template [9ms]
2023-05-03 18:04:50.008 [info] > git for-each-ref --format=%(refname)%00%(upstream:short)%00%(objectname)%00%(upstream:track)%00%(upstream:remotename)%00%(upstream:remoteref) refs/heads/feature/exercise3 refs/remotes/feature/exercise3 [3ms]
2023-05-03 18:04:50.019 [info] > git status -z -uall [4ms]
2023-05-03 18:04:55.028 [info] > git config --get commit.template [1ms]
2023-05-03 18:04:55.033 [info] > git for-each-ref --format=%(refname)%00%(upstream:short)%00%(objectname)%00%(upstream:track)%00%(upstream:remotename)%00%(upstream:remoteref) refs/heads/feature/exercise3 refs/remotes/feature/exercise3 [1ms]
2023-05-03 18:04:55.038 [info] > git status -z -uall [2ms]
2023-05-03 18:05:08.236 [info] > git config --get commit.template [4ms]
2023-05-03 18:05:08.237 [info] > git for-each-ref --format=%(refname)%00%(upstream:short)%00%(objectname)%00%(upstream:track)%00%(upstream:remotename)%00%(upstream:remoteref) refs/heads/feature/exercise3 refs/remotes/feature/exercise3 [2ms]
2023-05-03 18:05:08.244 [info] > git status -z -uall [2ms]
2023-05-03 18:05:33.427 [info] > git config --get commit.template [1ms]
2023-05-03 18:05:33.434 [info] > git for-each-ref --format=%(refname)%00%(upstream:short)%00%(objectname)%00%(upstream:track)%00%(upstream:remotename)%00%(upstream:remoteref) refs/heads/feature/exercise3 refs/remotes/feature/exercise3 [1ms]
2023-05-03 18:05:33.444 [info] > git status -z -uall [2ms]
2023-05-03 18:06:11.245 [info] > git config --get commit.template [1ms]
2023-05-03 18:06:11.254 [info] > git for-each-ref --format=%(refname)%00%(upstream:short)%00%(objectname)%00%(upstream:track)%00%(upstream:remotename)%00%(upstream:remoteref) refs/heads/feature/exercise3 refs/remotes/feature/exercise3 [1ms]
2023-05-03 18:06:11.259 [info] > git status -z -uall [2ms]
2023-05-03 18:08:13.131 [info] > git config --get commit.template [2ms]
2023-05-03 18:08:13.135 [info] > git for-each-ref --format=%(refname)%00%(upstream:short)%00%(objectname)%00%(upstream:track)%00%(upstream:remotename)%00%(upstream:remoteref) refs/heads/feature/exercise3 refs/remotes/feature/exercise3 [1ms]
2023-05-03 18:08:13.141 [info] > git status -z -uall [2ms]
2023-05-03 18:18:09.771 [info] > git config --get commit.template [0ms]
2023-05-03 18:18:09.776 [info] > git for-each-ref --format=%(refname)%00%(upstream:short)%00%(objectname)%00%(upstream:track)%00%(upstream:remotename)%00%(upstream:remoteref) refs/heads/feature/exercise3 refs/remotes/feature/exercise3 [1ms]
2023-05-03 18:18:09.782 [info] > git status -z -uall [2ms]
2023-05-03 18:18:54.402 [info] > git config --get commit.template [2ms]
2023-05-03 18:18:54.407 [info] > git for-each-ref --format=%(refname)%00%(upstream:short)%00%(objectname)%00%(upstream:track)%00%(upstream:remotename)%00%(upstream:remoteref) refs/heads/feature/exercise3 refs/remotes/feature/exercise3 [1ms]
2023-05-03 18:18:54.413 [info] > git status -z -uall [1ms]
2023-05-03 18:19:44.372 [info] > git config --get commit.template [1ms]
2023-05-03 18:19:44.378 [info] > git for-each-ref --format=%(refname)%00%(upstream:short)%00%(objectname)%00%(upstream:track)%00%(upstream:remotename)%00%(upstream:remoteref) refs/heads/feature/exercise3 refs/remotes/feature/exercise3 [1ms]
2023-05-03 18:19:44.386 [info] > git status -z -uall [2ms]
2023-05-03 18:19:55.457 [info] > git config --get commit.template [1ms]
2023-05-03 18:19:55.462 [info] > git for-each-ref --format=%(refname)%00%(upstream:short)%00%(objectname)%00%(upstream:track)%00%(upstream:remotename)%00%(upstream:remoteref) refs/heads/feature/exercise3 refs/remotes/feature/exercise3 [1ms]
2023-05-03 18:19:55.471 [info] > git status -z -uall [1ms]
2023-05-03 18:21:33.594 [info] > git config --get commit.template [5ms]
2023-05-03 18:21:33.594 [info] > git for-each-ref --format=%(refname)%00%(upstream:short)%00%(objectname)%00%(upstream:track)%00%(upstream:remotename)%00%(upstream:remoteref) refs/heads/feature/exercise3 refs/remotes/feature/exercise3 [1ms]
2023-05-03 18:21:33.600 [info] > git status -z -uall [2ms]
2023-05-03 18:24:43.663 [info] > git config --get commit.template [1ms]
2023-05-03 18:24:43.669 [info] > git for-each-ref --format=%(refname)%00%(upstream:short)%00%(objectname)%00%(upstream:track)%00%(upstream:remotename)%00%(upstream:remoteref) refs/heads/feature/exercise3 refs/remotes/feature/exercise3 [1ms]
2023-05-03 18:24:43.675 [info] > git status -z -uall [2ms]
2023-05-03 18:24:50.684 [info] > git config --get commit.template [5ms]
2023-05-03 18:24:50.685 [info] > git for-each-ref --format=%(refname)%00%(upstream:short)%00%(objectname)%00%(upstream:track)%00%(upstream:remotename)%00%(upstream:remoteref) refs/heads/feature/exercise3 refs/remotes/feature/exercise3 [1ms]
2023-05-03 18:24:50.694 [info] > git status -z -uall [2ms]
2023-05-03 18:29:11.817 [info] > git config --get commit.template [25ms]
2023-05-03 18:29:11.818 [info] > git ls-files --stage -- /home/bontzkl/projects/projekcikpykpyk/pomeranian-bolierplate-public/src/App/Exercises/ReactExercises/SubRouteExercise4/Exercise4.jsx [7ms]
2023-05-03 18:29:11.851 [info] > git for-each-ref --format=%(refname)%00%(upstream:short)%00%(objectname)%00%(upstream:track)%00%(upstream:remotename)%00%(upstream:remoteref) refs/heads/feature/exercise3 refs/remotes/feature/exercise3 [2ms]
2023-05-03 18:29:11.884 [info] > git cat-file -s 65bb9a19fa3f46046ee6d09b0694b125c46b2df7 [51ms]
2023-05-03 18:29:11.926 [info] > git status -z -uall [43ms]
2023-05-03 18:29:11.934 [info] > git show --textconv :src/App/Exercises/ReactExercises/SubRouteExercise4/Exercise4.jsx [10ms]
