2023-05-01 12:17:39.627 [info] Log level: Info
2023-05-01 12:17:39.627 [info] Validating found git in: "git"
2023-05-01 12:17:39.628 [info] Using git "2.34.1" from "git"
2023-05-01 12:17:39.628 [info] > git rev-parse --show-toplevel [10ms]
2023-05-01 12:17:39.628 [info] > git rev-parse --git-dir --git-common-dir [31ms]
2023-05-01 12:17:39.628 [info] Open repository: /home/bontzkl/projects/projekcikpykpyk/pomeranian-bolierplate-public
2023-05-01 12:17:39.628 [info] > git rev-parse --show-toplevel [44ms]
2023-05-01 12:17:39.628 [info] > git rev-parse --show-toplevel [16ms]
2023-05-01 12:17:39.628 [info] > git config --get commit.template [39ms]
2023-05-01 12:17:39.628 [info] > git rev-parse --show-toplevel [8ms]
2023-05-01 12:17:39.640 [info] > git for-each-ref --format=%(refname)%00%(upstream:short)%00%(objectname)%00%(upstream:track)%00%(upstream:remotename)%00%(upstream:remoteref) refs/heads/feature/exercise3 refs/remotes/feature/exercise3 [17ms]
2023-05-01 12:17:39.902 [info] > git status -z -uall [246ms]
2023-05-01 12:17:39.902 [info] > git show --textconv :src/App/Exercises/ReactExercises/SubRouteExercise4/Exercise4.jsx [11ms]
2023-05-01 12:17:39.902 [info] > git check-ignore -v -z --stdin [24ms]
2023-05-01 12:17:39.926 [info] > git ls-files --stage -- /home/bontzkl/projects/projekcikpykpyk/pomeranian-bolierplate-public/src/App/Exercises/ReactExercises/SubRouteExercise4/Exercise4.jsx [26ms]
2023-05-01 12:17:39.939 [info] > git cat-file -s 65bb9a19fa3f46046ee6d09b0694b125c46b2df7 [3ms]
2023-05-01 12:17:39.940 [info] > git config --get commit.template [15ms]
2023-05-01 12:17:39.957 [info] > git for-each-ref --format=%(refname)%00%(upstream:short)%00%(objectname)%00%(upstream:track)%00%(upstream:remotename)%00%(upstream:remoteref) refs/heads/feature/exercise3 refs/remotes/feature/exercise3 [3ms]
2023-05-01 12:17:39.971 [info] > git status -z -uall [3ms]
2023-05-01 12:17:54.832 [info] > git check-ignore -v -z --stdin [1ms]
2023-05-01 12:17:58.436 [info] > git check-ignore -v -z --stdin [1ms]
2023-05-01 12:18:00.685 [info] > git check-ignore -v -z --stdin [1ms]
2023-05-01 12:18:05.444 [info] > git check-ignore -v -z --stdin [0ms]
2023-05-01 12:18:08.902 [info] > git show --textconv :src/App/Layout/styles/aside.css [7ms]
2023-05-01 12:18:08.904 [info] > git ls-files --stage -- /home/bontzkl/projects/projekcikpykpyk/pomeranian-bolierplate-public/src/App/Layout/styles/aside.css [1ms]
2023-05-01 12:18:08.920 [info] > git cat-file -s 14276dbb8547cb2e0f5a7a4cf0bb19165cdcbdbc [13ms]
2023-05-01 12:18:24.736 [info] > git show --textconv :src/App/Layout/AppAside.jsx [6ms]
2023-05-01 12:18:24.738 [info] > git ls-files --stage -- /home/bontzkl/projects/projekcikpykpyk/pomeranian-bolierplate-public/src/App/Layout/AppAside.jsx [2ms]
2023-05-01 12:18:24.747 [info] > git cat-file -s a20190b29679db739e17ae0239b477ebe146f4ca [1ms]
2023-05-01 12:18:34.385 [info] > git show --textconv :src/App/Layout/styles/aside.css [8ms]
2023-05-01 12:18:34.387 [info] > git ls-files --stage -- /home/bontzkl/projects/projekcikpykpyk/pomeranian-bolierplate-public/src/App/Layout/styles/aside.css [3ms]
2023-05-01 12:18:34.396 [info] > git cat-file -s 14276dbb8547cb2e0f5a7a4cf0bb19165cdcbdbc [2ms]
2023-05-01 12:18:40.443 [info] > git show --textconv :src/App/Layout/AppAside.jsx [8ms]
2023-05-01 12:18:40.444 [info] > git ls-files --stage -- /home/bontzkl/projects/projekcikpykpyk/pomeranian-bolierplate-public/src/App/Layout/AppAside.jsx [2ms]
2023-05-01 12:18:40.451 [info] > git cat-file -s a20190b29679db739e17ae0239b477ebe146f4ca [3ms]
2023-05-01 12:18:41.399 [info] > git config --get commit.template [2ms]
2023-05-01 12:18:41.418 [info] > git for-each-ref --format=%(refname)%00%(upstream:short)%00%(objectname)%00%(upstream:track)%00%(upstream:remotename)%00%(upstream:remoteref) refs/heads/feature/exercise3 refs/remotes/feature/exercise3 [2ms]
2023-05-01 12:18:41.434 [info] > git status -z -uall [6ms]
2023-05-01 12:18:52.438 [info] > git config --get commit.template [8ms]
2023-05-01 12:18:52.439 [info] > git for-each-ref --format=%(refname)%00%(upstream:short)%00%(objectname)%00%(upstream:track)%00%(upstream:remotename)%00%(upstream:remoteref) refs/heads/feature/exercise3 refs/remotes/feature/exercise3 [1ms]
2023-05-01 12:18:52.447 [info] > git status -z -uall [2ms]
2023-05-01 12:21:42.702 [info] > git config --get commit.template [2ms]
2023-05-01 12:21:42.710 [info] > git for-each-ref --format=%(refname)%00%(upstream:short)%00%(objectname)%00%(upstream:track)%00%(upstream:remotename)%00%(upstream:remoteref) refs/heads/feature/exercise3 refs/remotes/feature/exercise3 [2ms]
2023-05-01 12:21:42.719 [info] > git status -z -uall [5ms]
2023-05-01 12:25:13.340 [info] > git config --get commit.template [2ms]
2023-05-01 12:25:13.349 [info] > git for-each-ref --format=%(refname)%00%(upstream:short)%00%(objectname)%00%(upstream:track)%00%(upstream:remotename)%00%(upstream:remoteref) refs/heads/feature/exercise3 refs/remotes/feature/exercise3 [1ms]
2023-05-01 12:25:13.359 [info] > git status -z -uall [5ms]
2023-05-01 12:25:24.557 [info] > git config --get commit.template [3ms]
2023-05-01 12:25:24.564 [info] > git for-each-ref --format=%(refname)%00%(upstream:short)%00%(objectname)%00%(upstream:track)%00%(upstream:remotename)%00%(upstream:remoteref) refs/heads/feature/exercise3 refs/remotes/feature/exercise3 [1ms]
2023-05-01 12:25:24.569 [info] > git status -z -uall [2ms]
2023-05-01 12:25:32.354 [info] > git config --get commit.template [2ms]
2023-05-01 12:25:32.359 [info] > git for-each-ref --format=%(refname)%00%(upstream:short)%00%(objectname)%00%(upstream:track)%00%(upstream:remotename)%00%(upstream:remoteref) refs/heads/feature/exercise3 refs/remotes/feature/exercise3 [1ms]
2023-05-01 12:25:32.365 [info] > git status -z -uall [2ms]
2023-05-01 12:26:26.574 [info] > git config --get commit.template [1ms]
2023-05-01 12:26:26.579 [info] > git for-each-ref --format=%(refname)%00%(upstream:short)%00%(objectname)%00%(upstream:track)%00%(upstream:remotename)%00%(upstream:remoteref) refs/heads/feature/exercise3 refs/remotes/feature/exercise3 [1ms]
2023-05-01 12:26:26.586 [info] > git status -z -uall [1ms]
2023-05-01 12:26:36.688 [info] > git config --get commit.template [6ms]
2023-05-01 12:26:36.688 [info] > git for-each-ref --format=%(refname)%00%(upstream:short)%00%(objectname)%00%(upstream:track)%00%(upstream:remotename)%00%(upstream:remoteref) refs/heads/feature/exercise3 refs/remotes/feature/exercise3 [1ms]
2023-05-01 12:26:36.694 [info] > git status -z -uall [1ms]
2023-05-01 12:27:01.621 [info] > git config --get commit.template [1ms]
2023-05-01 12:27:01.627 [info] > git for-each-ref --format=%(refname)%00%(upstream:short)%00%(objectname)%00%(upstream:track)%00%(upstream:remotename)%00%(upstream:remoteref) refs/heads/feature/exercise3 refs/remotes/feature/exercise3 [0ms]
2023-05-01 12:27:01.633 [info] > git status -z -uall [2ms]
2023-05-01 12:27:27.169 [info] > git config --get commit.template [5ms]
2023-05-01 12:27:27.169 [info] > git for-each-ref --format=%(refname)%00%(upstream:short)%00%(objectname)%00%(upstream:track)%00%(upstream:remotename)%00%(upstream:remoteref) refs/heads/feature/exercise3 refs/remotes/feature/exercise3 [1ms]
2023-05-01 12:27:27.177 [info] > git status -z -uall [2ms]
2023-05-01 12:28:40.015 [info] > git show --textconv :src/App/Components/Icons/EditIcon.jsx [7ms]
2023-05-01 12:28:40.015 [info] > git ls-files --stage -- /home/bontzkl/projects/projekcikpykpyk/pomeranian-bolierplate-public/src/App/Components/Icons/EditIcon.jsx [2ms]
2023-05-01 12:28:40.022 [info] > git cat-file -s ebee105bb04f3b15fc499a9f40964b09f7fa3d8f [1ms]
2023-05-01 12:28:40.289 [info] > git check-ignore -v -z --stdin [1ms]
2023-05-01 12:29:56.778 [info] > git config --get commit.template [2ms]
2023-05-01 12:29:56.790 [info] > git for-each-ref --format=%(refname)%00%(upstream:short)%00%(objectname)%00%(upstream:track)%00%(upstream:remotename)%00%(upstream:remoteref) refs/heads/feature/exercise3 refs/remotes/feature/exercise3 [4ms]
2023-05-01 12:29:56.800 [info] > git status -z -uall [3ms]
2023-05-01 12:32:18.189 [info] > git config --get commit.template [7ms]
2023-05-01 12:32:18.198 [info] > git for-each-ref --format=%(refname)%00%(upstream:short)%00%(objectname)%00%(upstream:track)%00%(upstream:remotename)%00%(upstream:remoteref) refs/heads/feature/exercise3 refs/remotes/feature/exercise3 [1ms]
2023-05-01 12:32:18.209 [info] > git status -z -uall [2ms]
2023-05-01 12:32:41.008 [info] > git config --get commit.template [5ms]
2023-05-01 12:32:41.009 [info] > git for-each-ref --format=%(refname)%00%(upstream:short)%00%(objectname)%00%(upstream:track)%00%(upstream:remotename)%00%(upstream:remoteref) refs/heads/feature/exercise3 refs/remotes/feature/exercise3 [2ms]
2023-05-01 12:32:41.015 [info] > git status -z -uall [2ms]
2023-05-01 12:34:41.323 [info] > git config --get commit.template [1ms]
2023-05-01 12:34:41.329 [info] > git for-each-ref --format=%(refname)%00%(upstream:short)%00%(objectname)%00%(upstream:track)%00%(upstream:remotename)%00%(upstream:remoteref) refs/heads/feature/exercise3 refs/remotes/feature/exercise3 [2ms]
2023-05-01 12:34:41.340 [info] > git status -z -uall [5ms]
2023-05-01 12:42:31.249 [info] > git config --get commit.template [1ms]
2023-05-01 12:42:31.255 [info] > git for-each-ref --format=%(refname)%00%(upstream:short)%00%(objectname)%00%(upstream:track)%00%(upstream:remotename)%00%(upstream:remoteref) refs/heads/feature/exercise3 refs/remotes/feature/exercise3 [1ms]
2023-05-01 12:42:31.262 [info] > git status -z -uall [1ms]
2023-05-01 12:42:38.009 [info] > git config --get commit.template [1ms]
2023-05-01 12:42:38.014 [info] > git for-each-ref --format=%(refname)%00%(upstream:short)%00%(objectname)%00%(upstream:track)%00%(upstream:remotename)%00%(upstream:remoteref) refs/heads/feature/exercise3 refs/remotes/feature/exercise3 [1ms]
2023-05-01 12:42:38.020 [info] > git status -z -uall [2ms]
2023-05-01 12:42:44.660 [info] > git config --get commit.template [7ms]
2023-05-01 12:42:44.661 [info] > git for-each-ref --format=%(refname)%00%(upstream:short)%00%(objectname)%00%(upstream:track)%00%(upstream:remotename)%00%(upstream:remoteref) refs/heads/feature/exercise3 refs/remotes/feature/exercise3 [1ms]
2023-05-01 12:42:44.667 [info] > git status -z -uall [2ms]
