2023-05-07 20:33:02.790 [info] Log level: Info
2023-05-07 20:33:02.790 [info] Validating found git in: "git"
2023-05-07 20:33:02.790 [info] Using git "2.34.1" from "git"
2023-05-07 20:33:02.790 [info] > git rev-parse --show-toplevel [9ms]
2023-05-07 20:33:02.790 [info] > git rev-parse --git-dir --git-common-dir [34ms]
2023-05-07 20:33:02.790 [info] Open repository: /home/bontzkl/projects/projekcikpykpyk/pomeranian-bolierplate-public
2023-05-07 20:33:02.790 [info] > git rev-parse --show-toplevel [12ms]
2023-05-07 20:33:02.790 [info] > git config --get commit.template [13ms]
2023-05-07 20:33:02.790 [info] > git rev-parse --show-toplevel [3ms]
2023-05-07 20:33:02.790 [info] > git for-each-ref --format=%(refname)%00%(upstream:short)%00%(objectname)%00%(upstream:track)%00%(upstream:remotename)%00%(upstream:remoteref) refs/heads/selectors-and-cascade refs/remotes/selectors-and-cascade [19ms]
2023-05-07 20:33:02.790 [info] > git status -z -uall [3ms]
2023-05-07 20:33:02.790 [info] > git config --get commit.template [13ms]
2023-05-07 20:33:02.790 [info] > git for-each-ref --format=%(refname)%00%(upstream:short)%00%(objectname)%00%(upstream:track)%00%(upstream:remotename)%00%(upstream:remoteref) refs/heads/selectors-and-cascade refs/remotes/selectors-and-cascade [4ms]
2023-05-07 20:33:02.790 [info] > git status -z -uall [3ms]
2023-05-07 20:33:03.087 [info] > git check-ignore -v -z --stdin [2ms]
2023-05-07 20:33:12.308 [info] > git check-ignore -v -z --stdin [0ms]
2023-05-07 20:33:14.264 [info] > git check-ignore -v -z --stdin [1ms]
2023-05-07 20:33:19.391 [info] > git check-ignore -v -z --stdin [1ms]
2023-05-07 20:33:20.181 [info] > git check-ignore -v -z --stdin [1ms]
2023-05-07 20:33:25.964 [info] > git check-ignore -v -z --stdin [1ms]
2023-05-07 20:33:26.505 [info] > git config --get commit.template [1ms]
2023-05-07 20:33:26.512 [info] > git for-each-ref --format=%(refname)%00%(upstream:short)%00%(objectname)%00%(upstream:track)%00%(upstream:remotename)%00%(upstream:remoteref) refs/heads/selectors-and-cascade refs/remotes/selectors-and-cascade [2ms]
2023-05-07 20:33:26.518 [info] > git status -z -uall [2ms]
2023-05-07 20:33:38.034 [info] > git check-ignore -v -z --stdin [1ms]
2023-05-07 20:33:38.565 [info] > git config --get commit.template [1ms]
2023-05-07 20:33:38.569 [info] > git for-each-ref --format=%(refname)%00%(upstream:short)%00%(objectname)%00%(upstream:track)%00%(upstream:remotename)%00%(upstream:remoteref) refs/heads/selectors-and-cascade refs/remotes/selectors-and-cascade [1ms]
2023-05-07 20:33:38.575 [info] > git status -z -uall [2ms]
2023-05-07 20:34:05.720 [info] > git check-ignore -v -z --stdin [1ms]
2023-05-07 20:34:06.885 [info] > git show --textconv :src/App/Exercises/HtmlCss/SelectorsAndCascade/index.jsx [31ms]
2023-05-07 20:34:06.890 [info] > git ls-files --stage -- /home/bontzkl/projects/projekcikpykpyk/pomeranian-bolierplate-public/src/App/Exercises/HtmlCss/SelectorsAndCascade/index.jsx [14ms]
2023-05-07 20:34:23.615 [info] > git show --textconv :src/App/Exercises/HtmlCss/SelectorsAndCascade/styles.css [33ms]
2023-05-07 20:34:23.626 [info] > git ls-files --stage -- /home/bontzkl/projects/projekcikpykpyk/pomeranian-bolierplate-public/src/App/Exercises/HtmlCss/SelectorsAndCascade/styles.css [18ms]
2023-05-07 20:34:24.787 [info] > git config --get commit.template [3ms]
2023-05-07 20:34:24.805 [info] > git for-each-ref --format=%(refname)%00%(upstream:short)%00%(objectname)%00%(upstream:track)%00%(upstream:remotename)%00%(upstream:remoteref) refs/heads/selectors-and-cascade refs/remotes/selectors-and-cascade [2ms]
2023-05-07 20:34:24.830 [info] > git status -z -uall [3ms]
2023-05-07 20:34:27.342 [info] > git show --textconv :src/App/Exercises/HtmlCss/SelectorsAndCascade/router-data.jsx [16ms]
2023-05-07 20:34:27.343 [info] > git ls-files --stage -- /home/bontzkl/projects/projekcikpykpyk/pomeranian-bolierplate-public/src/App/Exercises/HtmlCss/SelectorsAndCascade/router-data.jsx [3ms]
2023-05-07 20:34:29.846 [info] > git config --get commit.template [1ms]
2023-05-07 20:34:29.851 [info] > git for-each-ref --format=%(refname)%00%(upstream:short)%00%(objectname)%00%(upstream:track)%00%(upstream:remotename)%00%(upstream:remoteref) refs/heads/selectors-and-cascade refs/remotes/selectors-and-cascade [0ms]
2023-05-07 20:34:29.856 [info] > git status -z -uall [2ms]
2023-05-07 20:36:00.636 [info] > git config --get commit.template [2ms]
2023-05-07 20:36:00.650 [info] > git for-each-ref --format=%(refname)%00%(upstream:short)%00%(objectname)%00%(upstream:track)%00%(upstream:remotename)%00%(upstream:remoteref) refs/heads/selectors-and-cascade refs/remotes/selectors-and-cascade [2ms]
2023-05-07 20:36:00.666 [info] > git status -z -uall [3ms]
2023-05-07 20:36:33.039 [info] > git config --get commit.template [26ms]
2023-05-07 20:36:33.040 [info] > git for-each-ref --format=%(refname)%00%(upstream:short)%00%(objectname)%00%(upstream:track)%00%(upstream:remotename)%00%(upstream:remoteref) refs/heads/selectors-and-cascade refs/remotes/selectors-and-cascade [10ms]
2023-05-07 20:36:33.059 [info] > git status -z -uall [6ms]
2023-05-07 20:37:57.020 [info] > git config --get commit.template [4ms]
2023-05-07 20:37:57.032 [info] > git for-each-ref --format=%(refname)%00%(upstream:short)%00%(objectname)%00%(upstream:track)%00%(upstream:remotename)%00%(upstream:remoteref) refs/heads/selectors-and-cascade refs/remotes/selectors-and-cascade [1ms]
2023-05-07 20:37:57.038 [info] > git status -z -uall [2ms]
2023-05-07 20:37:57.532 [info] > git show --textconv :src/App/Exercises/HtmlCss/view-router-data.jsx [16ms]
2023-05-07 20:37:57.534 [info] > git ls-files --stage -- /home/bontzkl/projects/projekcikpykpyk/pomeranian-bolierplate-public/src/App/Exercises/HtmlCss/view-router-data.jsx [3ms]
2023-05-07 20:37:57.558 [info] > git cat-file -s 5e3604a001f086c014db09bbf780fcf8a73765f8 [6ms]
2023-05-07 20:38:35.962 [info] > git config --get commit.template [1ms]
2023-05-07 20:38:35.967 [info] > git for-each-ref --format=%(refname)%00%(upstream:short)%00%(objectname)%00%(upstream:track)%00%(upstream:remotename)%00%(upstream:remoteref) refs/heads/selectors-and-cascade refs/remotes/selectors-and-cascade [1ms]
2023-05-07 20:38:35.972 [info] > git status -z -uall [2ms]
2023-05-07 20:38:51.068 [info] > git config --get commit.template [3ms]
2023-05-07 20:38:51.083 [info] > git for-each-ref --format=%(refname)%00%(upstream:short)%00%(objectname)%00%(upstream:track)%00%(upstream:remotename)%00%(upstream:remoteref) refs/heads/selectors-and-cascade refs/remotes/selectors-and-cascade [2ms]
2023-05-07 20:38:51.090 [info] > git status -z -uall [2ms]
2023-05-07 20:39:09.920 [info] > git config --get commit.template [6ms]
2023-05-07 20:39:09.921 [info] > git for-each-ref --format=%(refname)%00%(upstream:short)%00%(objectname)%00%(upstream:track)%00%(upstream:remotename)%00%(upstream:remoteref) refs/heads/selectors-and-cascade refs/remotes/selectors-and-cascade [1ms]
2023-05-07 20:39:09.929 [info] > git status -z -uall [2ms]
2023-05-07 20:40:13.246 [info] > git config --get commit.template [7ms]
2023-05-07 20:40:13.261 [info] > git for-each-ref --format=%(refname)%00%(upstream:short)%00%(objectname)%00%(upstream:track)%00%(upstream:remotename)%00%(upstream:remoteref) refs/heads/selectors-and-cascade refs/remotes/selectors-and-cascade [3ms]
2023-05-07 20:40:13.276 [info] > git status -z -uall [2ms]
2023-05-07 20:40:22.365 [info] > git config --get commit.template [2ms]
2023-05-07 20:40:22.375 [info] > git for-each-ref --format=%(refname)%00%(upstream:short)%00%(objectname)%00%(upstream:track)%00%(upstream:remotename)%00%(upstream:remoteref) refs/heads/selectors-and-cascade refs/remotes/selectors-and-cascade [1ms]
2023-05-07 20:40:22.383 [info] > git status -z -uall [1ms]
2023-05-07 21:00:26.250 [info] > git config --get commit.template [33ms]
2023-05-07 21:00:26.251 [info] > git ls-files --stage -- /home/bontzkl/projects/projekcikpykpyk/pomeranian-bolierplate-public/src/App/Exercises/HtmlCss/view-router-data.jsx [2ms]
2023-05-07 21:00:26.256 [info] > git ls-files --stage -- /home/bontzkl/projects/projekcikpykpyk/pomeranian-bolierplate-public/src/App/Exercises/HtmlCss/SelectorsAndCascade/router-data.jsx [11ms]
2023-05-07 21:00:26.261 [info] > git ls-files --stage -- /home/bontzkl/projects/projekcikpykpyk/pomeranian-bolierplate-public/src/App/Exercises/HtmlCss/SelectorsAndCascade/styles.css [22ms]
2023-05-07 21:00:26.266 [info] > git ls-files --stage -- /home/bontzkl/projects/projekcikpykpyk/pomeranian-bolierplate-public/src/App/Exercises/HtmlCss/SelectorsAndCascade/index.jsx [36ms]
2023-05-07 21:00:26.279 [info] > git cat-file -s 8b137891791fe96927ad78e64b0aad7bded08bdc [13ms]
2023-05-07 21:00:26.280 [info] > git cat-file -s dc8c2f6f4d59247b9b3cc76d70a9697be7c9978a [19ms]
2023-05-07 21:00:26.280 [info] > git cat-file -s 47616c8316804b2fcf5592be3914208a83cfa154 [24ms]
2023-05-07 21:00:26.281 [info] > git for-each-ref --format=%(refname)%00%(upstream:short)%00%(objectname)%00%(upstream:track)%00%(upstream:remotename)%00%(upstream:remoteref) refs/heads/selectors-and-cascade refs/remotes/selectors-and-cascade [4ms]
2023-05-07 21:00:26.287 [info] > git cat-file -s f7251cff7ae08124b3168f1195f61d4cce58e973 [14ms]
2023-05-07 21:00:26.289 [info] > git status -z -uall [3ms]
2023-05-07 21:00:26.450 [info] > git show --textconv :src/App/Exercises/HtmlCss/SelectorsAndCascade/styles.css [48ms]
2023-05-07 21:00:26.450 [info] > git show --textconv :src/App/Exercises/HtmlCss/SelectorsAndCascade/router-data.jsx [34ms]
2023-05-07 21:00:26.450 [info] > git show --textconv :src/App/Exercises/HtmlCss/view-router-data.jsx [18ms]
2023-05-07 21:00:26.450 [info] > git show --textconv :src/App/Exercises/HtmlCss/SelectorsAndCascade/index.jsx [3ms]
2023-05-07 21:00:31.302 [info] > git config --get commit.template [1ms]
2023-05-07 21:00:31.307 [info] > git for-each-ref --format=%(refname)%00%(upstream:short)%00%(objectname)%00%(upstream:track)%00%(upstream:remotename)%00%(upstream:remoteref) refs/heads/selectors-and-cascade refs/remotes/selectors-and-cascade [1ms]
2023-05-07 21:00:31.312 [info] > git status -z -uall [2ms]
2023-05-07 21:00:36.320 [info] > git config --get commit.template [1ms]
2023-05-07 21:00:36.327 [info] > git for-each-ref --format=%(refname)%00%(upstream:short)%00%(objectname)%00%(upstream:track)%00%(upstream:remotename)%00%(upstream:remoteref) refs/heads/selectors-and-cascade refs/remotes/selectors-and-cascade [1ms]
2023-05-07 21:00:36.335 [info] > git status -z -uall [1ms]
2023-05-07 21:02:46.900 [info] > git config --get commit.template [2ms]
2023-05-07 21:02:46.909 [info] > git for-each-ref --format=%(refname)%00%(upstream:short)%00%(objectname)%00%(upstream:track)%00%(upstream:remotename)%00%(upstream:remoteref) refs/heads/selectors-and-cascade refs/remotes/selectors-and-cascade [2ms]
2023-05-07 21:02:46.916 [info] > git status -z -uall [1ms]
2023-05-07 21:02:59.129 [info] > git config --get commit.template [6ms]
2023-05-07 21:02:59.129 [info] > git for-each-ref --format=%(refname)%00%(upstream:short)%00%(objectname)%00%(upstream:track)%00%(upstream:remotename)%00%(upstream:remoteref) refs/heads/selectors-and-cascade refs/remotes/selectors-and-cascade [1ms]
2023-05-07 21:02:59.135 [info] > git status -z -uall [1ms]
2023-05-07 21:03:09.873 [info] > git config --get commit.template [1ms]
2023-05-07 21:03:09.880 [info] > git for-each-ref --format=%(refname)%00%(upstream:short)%00%(objectname)%00%(upstream:track)%00%(upstream:remotename)%00%(upstream:remoteref) refs/heads/selectors-and-cascade refs/remotes/selectors-and-cascade [1ms]
2023-05-07 21:03:09.887 [info] > git status -z -uall [2ms]
2023-05-07 21:03:16.185 [info] > git config --get commit.template [7ms]
2023-05-07 21:03:16.186 [info] > git for-each-ref --format=%(refname)%00%(upstream:short)%00%(objectname)%00%(upstream:track)%00%(upstream:remotename)%00%(upstream:remoteref) refs/heads/selectors-and-cascade refs/remotes/selectors-and-cascade [2ms]
2023-05-07 21:03:16.192 [info] > git status -z -uall [1ms]
2023-05-07 21:06:26.139 [info] > git config --get commit.template [2ms]
2023-05-07 21:06:26.158 [info] > git for-each-ref --format=%(refname)%00%(upstream:short)%00%(objectname)%00%(upstream:track)%00%(upstream:remotename)%00%(upstream:remoteref) refs/heads/selectors-and-cascade refs/remotes/selectors-and-cascade [1ms]
2023-05-07 21:06:26.173 [info] > git status -z -uall [3ms]
