["INFO" - 7:44:24 PM] Extension Name: esbenp.prettier-vscode.
["INFO" - 7:44:24 PM] Extension Version: 9.12.0.
["INFO" - 7:46:12 PM] Formatting file:///home/bontzkl/projects/projekcikpykpyk/pomeranian-bolierplate-public/src/App/Exercises/ReactExercises/SubRouteExercise3/Exercise3.jsx
["INFO" - 7:46:12 PM] Using config file at '/home/bontzkl/projects/projekcikpykpyk/pomeranian-bolierplate-public/.prettierrc.json'
["INFO" - 7:46:12 PM] Using ignore file (if present) at /home/bontzkl/projects/projekcikpykpyk/pomeranian-bolierplate-public/.prettierignore
["INFO" - 7:46:12 PM] File Info:
{
  "ignored": false,
  "inferredParser": "babel"
}
["INFO" - 7:46:12 PM] Detected local configuration (i.e. .prettierrc or .editorconfig), VS Code configuration will not be used
["INFO" - 7:46:12 PM] Prettier Options:
{
  "filepath": "/home/bontzkl/projects/projekcikpykpyk/pomeranian-bolierplate-public/src/App/Exercises/ReactExercises/SubRouteExercise3/Exercise3.jsx",
  "parser": "babel",
  "singleQuote": true,
  "trailingComma": "es5",
  "endOfLine": "auto"
}
["INFO" - 7:46:12 PM] Formatting completed in 109ms.
["INFO" - 7:48:09 PM] Formatting file:///home/bontzkl/projects/projekcikpykpyk/pomeranian-bolierplate-public/src/App/Exercises/ReactExercises/SubRouteExercise3/Exercise3.jsx
["INFO" - 7:48:09 PM] Using config file at '/home/bontzkl/projects/projekcikpykpyk/pomeranian-bolierplate-public/.prettierrc.json'
["INFO" - 7:48:09 PM] Using ignore file (if present) at /home/bontzkl/projects/projekcikpykpyk/pomeranian-bolierplate-public/.prettierignore
["INFO" - 7:48:09 PM] File Info:
{
  "ignored": false,
  "inferredParser": "babel"
}
["INFO" - 7:48:09 PM] Detected local configuration (i.e. .prettierrc or .editorconfig), VS Code configuration will not be used
["INFO" - 7:48:09 PM] Prettier Options:
{
  "filepath": "/home/bontzkl/projects/projekcikpykpyk/pomeranian-bolierplate-public/src/App/Exercises/ReactExercises/SubRouteExercise3/Exercise3.jsx",
  "parser": "babel",
  "singleQuote": true,
  "trailingComma": "es5",
  "endOfLine": "auto"
}
["INFO" - 7:48:09 PM] Formatting completed in 27ms.
["INFO" - 7:48:24 PM] Formatting file:///home/bontzkl/projects/projekcikpykpyk/pomeranian-bolierplate-public/src/App/Exercises/ReactExercises/SubRouteExercise3/Exercise3.jsx
["INFO" - 7:48:24 PM] Using config file at '/home/bontzkl/projects/projekcikpykpyk/pomeranian-bolierplate-public/.prettierrc.json'
["INFO" - 7:48:24 PM] Using ignore file (if present) at /home/bontzkl/projects/projekcikpykpyk/pomeranian-bolierplate-public/.prettierignore
["INFO" - 7:48:24 PM] File Info:
{
  "ignored": false,
  "inferredParser": "babel"
}
["INFO" - 7:48:24 PM] Detected local configuration (i.e. .prettierrc or .editorconfig), VS Code configuration will not be used
["INFO" - 7:48:24 PM] Prettier Options:
{
  "filepath": "/home/bontzkl/projects/projekcikpykpyk/pomeranian-bolierplate-public/src/App/Exercises/ReactExercises/SubRouteExercise3/Exercise3.jsx",
  "parser": "babel",
  "singleQuote": true,
  "trailingComma": "es5",
  "endOfLine": "auto"
}
["ERROR" - 7:48:24 PM] Error formatting document.
["ERROR" - 7:48:24 PM] Unexpected token, expected "}" (28:73)
  26 |     <div>
  27 |       <h1>Czy A jest większe od 10?</h1>
> 28 |       <input type="number" onChange={(handleChange, setEventTargetValue)2} />
     |                                                                         ^
  29 |       {isEmpty && <p>{text}</p>}
  30 |     </div>
  31 |   );
SyntaxError: Unexpected token, expected "}" (28:73)
  26 |     <div>
  27 |       <h1>Czy A jest większe od 10?</h1>
> 28 |       <input type="number" onChange={(handleChange, setEventTargetValue)2} />
     |                                                                         ^
  29 |       {isEmpty && <p>{text}</p>}
  30 |     </div>
  31 |   );
	at f (/home/bontzkl/projects/projekcikpykpyk/pomeranian-bolierplate-public/node_modules/prettier/parser-babel.js:22:1054)
	at d (/home/bontzkl/projects/projekcikpykpyk/pomeranian-bolierplate-public/node_modules/prettier/parser-babel.js:22:1287)
	at Object.parse (/home/bontzkl/projects/projekcikpykpyk/pomeranian-bolierplate-public/node_modules/prettier/parser-babel.js:29:54613)
	at Object.parse (/home/bontzkl/projects/projekcikpykpyk/pomeranian-bolierplate-public/node_modules/prettier/index.js:7515:23)
	at coreFormat (/home/bontzkl/projects/projekcikpykpyk/pomeranian-bolierplate-public/node_modules/prettier/index.js:8829:18)
	at formatWithCursor2 (/home/bontzkl/projects/projekcikpykpyk/pomeranian-bolierplate-public/node_modules/prettier/index.js:9021:18)
	at /home/bontzkl/projects/projekcikpykpyk/pomeranian-bolierplate-public/node_modules/prettier/index.js:38176:12
	at Object.format (/home/bontzkl/projects/projekcikpykpyk/pomeranian-bolierplate-public/node_modules/prettier/index.js:38190:12)
	at t.default.format (/home/bontzkl/.vscode-server/extensions/esbenp.prettier-vscode-9.12.0/dist/extension.js:1:14694)
	at async t.PrettierEditProvider.provideEdits (/home/bontzkl/.vscode-server/extensions/esbenp.prettier-vscode-9.12.0/dist/extension.js:1:11367)
	at async B.provideDocumentFormattingEdits (/home/bontzkl/.vscode-server/bin/704ed70d4fd1c6bd6342c436f1ede30d1cff4710/out/vs/workbench/api/node/extensionHostProcess.js:101:46615)
["INFO" - 7:48:24 PM] Formatting completed in 39ms.
["INFO" - 7:48:32 PM] Formatting file:///home/bontzkl/projects/projekcikpykpyk/pomeranian-bolierplate-public/src/App/Exercises/ReactExercises/SubRouteExercise3/Exercise3.jsx
["INFO" - 7:48:32 PM] Using config file at '/home/bontzkl/projects/projekcikpykpyk/pomeranian-bolierplate-public/.prettierrc.json'
["INFO" - 7:48:32 PM] Using ignore file (if present) at /home/bontzkl/projects/projekcikpykpyk/pomeranian-bolierplate-public/.prettierignore
["INFO" - 7:48:32 PM] File Info:
{
  "ignored": false,
  "inferredParser": "babel"
}
["INFO" - 7:48:32 PM] Detected local configuration (i.e. .prettierrc or .editorconfig), VS Code configuration will not be used
["INFO" - 7:48:32 PM] Prettier Options:
{
  "filepath": "/home/bontzkl/projects/projekcikpykpyk/pomeranian-bolierplate-public/src/App/Exercises/ReactExercises/SubRouteExercise3/Exercise3.jsx",
  "parser": "babel",
  "singleQuote": true,
  "trailingComma": "es5",
  "endOfLine": "auto"
}
["INFO" - 7:48:32 PM] Formatting completed in 21ms.
["INFO" - 7:49:17 PM] Formatting file:///home/bontzkl/projects/projekcikpykpyk/pomeranian-bolierplate-public/src/App/Exercises/ReactExercises/SubRouteExercise3/Exercise3.jsx
["INFO" - 7:49:17 PM] Using config file at '/home/bontzkl/projects/projekcikpykpyk/pomeranian-bolierplate-public/.prettierrc.json'
["INFO" - 7:49:17 PM] Using ignore file (if present) at /home/bontzkl/projects/projekcikpykpyk/pomeranian-bolierplate-public/.prettierignore
["INFO" - 7:49:17 PM] File Info:
{
  "ignored": false,
  "inferredParser": "babel"
}
["INFO" - 7:49:17 PM] Detected local configuration (i.e. .prettierrc or .editorconfig), VS Code configuration will not be used
["INFO" - 7:49:17 PM] Prettier Options:
{
  "filepath": "/home/bontzkl/projects/projekcikpykpyk/pomeranian-bolierplate-public/src/App/Exercises/ReactExercises/SubRouteExercise3/Exercise3.jsx",
  "parser": "babel",
  "singleQuote": true,
  "trailingComma": "es5",
  "endOfLine": "auto"
}
["INFO" - 7:49:18 PM] Formatting completed in 18ms.
["INFO" - 7:49:45 PM] Formatting file:///home/bontzkl/projects/projekcikpykpyk/pomeranian-bolierplate-public/src/App/Exercises/ReactExercises/SubRouteExercise3/Exercise3.jsx
["INFO" - 7:49:45 PM] Using config file at '/home/bontzkl/projects/projekcikpykpyk/pomeranian-bolierplate-public/.prettierrc.json'
["INFO" - 7:49:45 PM] Using ignore file (if present) at /home/bontzkl/projects/projekcikpykpyk/pomeranian-bolierplate-public/.prettierignore
["INFO" - 7:49:45 PM] File Info:
{
  "ignored": false,
  "inferredParser": "babel"
}
["INFO" - 7:49:45 PM] Detected local configuration (i.e. .prettierrc or .editorconfig), VS Code configuration will not be used
["INFO" - 7:49:45 PM] Prettier Options:
{
  "filepath": "/home/bontzkl/projects/projekcikpykpyk/pomeranian-bolierplate-public/src/App/Exercises/ReactExercises/SubRouteExercise3/Exercise3.jsx",
  "parser": "babel",
  "singleQuote": true,
  "trailingComma": "es5",
  "endOfLine": "auto"
}
["INFO" - 7:49:45 PM] Formatting completed in 24ms.
["INFO" - 7:50:12 PM] Formatting file:///home/bontzkl/projects/projekcikpykpyk/pomeranian-bolierplate-public/src/App/Exercises/ReactExercises/SubRouteExercise3/Exercise3.jsx
["INFO" - 7:50:12 PM] Using config file at '/home/bontzkl/projects/projekcikpykpyk/pomeranian-bolierplate-public/.prettierrc.json'
["INFO" - 7:50:12 PM] Using ignore file (if present) at /home/bontzkl/projects/projekcikpykpyk/pomeranian-bolierplate-public/.prettierignore
["INFO" - 7:50:12 PM] File Info:
{
  "ignored": false,
  "inferredParser": "babel"
}
["INFO" - 7:50:12 PM] Detected local configuration (i.e. .prettierrc or .editorconfig), VS Code configuration will not be used
["INFO" - 7:50:12 PM] Prettier Options:
{
  "filepath": "/home/bontzkl/projects/projekcikpykpyk/pomeranian-bolierplate-public/src/App/Exercises/ReactExercises/SubRouteExercise3/Exercise3.jsx",
  "parser": "babel",
  "singleQuote": true,
  "trailingComma": "es5",
  "endOfLine": "auto"
}
["INFO" - 7:50:12 PM] Formatting completed in 35ms.
["INFO" - 7:51:10 PM] Formatting file:///home/bontzkl/projects/projekcikpykpyk/pomeranian-bolierplate-public/src/App/Exercises/ReactExercises/SubRouteExercise3/Exercise3.jsx
["INFO" - 7:51:10 PM] Using config file at '/home/bontzkl/projects/projekcikpykpyk/pomeranian-bolierplate-public/.prettierrc.json'
["INFO" - 7:51:10 PM] Using ignore file (if present) at /home/bontzkl/projects/projekcikpykpyk/pomeranian-bolierplate-public/.prettierignore
["INFO" - 7:51:10 PM] File Info:
{
  "ignored": false,
  "inferredParser": "babel"
}
["INFO" - 7:51:10 PM] Detected local configuration (i.e. .prettierrc or .editorconfig), VS Code configuration will not be used
["INFO" - 7:51:10 PM] Prettier Options:
{
  "filepath": "/home/bontzkl/projects/projekcikpykpyk/pomeranian-bolierplate-public/src/App/Exercises/ReactExercises/SubRouteExercise3/Exercise3.jsx",
  "parser": "babel",
  "singleQuote": true,
  "trailingComma": "es5",
  "endOfLine": "auto"
}
["INFO" - 7:51:10 PM] Formatting completed in 18ms.
["INFO" - 7:52:21 PM] Formatting file:///home/bontzkl/projects/projekcikpykpyk/pomeranian-bolierplate-public/src/App/Exercises/ReactExercises/SubRouteExercise3/Exercise3.jsx
["INFO" - 7:52:21 PM] Using config file at '/home/bontzkl/projects/projekcikpykpyk/pomeranian-bolierplate-public/.prettierrc.json'
["INFO" - 7:52:21 PM] Using ignore file (if present) at /home/bontzkl/projects/projekcikpykpyk/pomeranian-bolierplate-public/.prettierignore
["INFO" - 7:52:21 PM] File Info:
{
  "ignored": false,
  "inferredParser": "babel"
}
["INFO" - 7:52:21 PM] Detected local configuration (i.e. .prettierrc or .editorconfig), VS Code configuration will not be used
["INFO" - 7:52:21 PM] Prettier Options:
{
  "filepath": "/home/bontzkl/projects/projekcikpykpyk/pomeranian-bolierplate-public/src/App/Exercises/ReactExercises/SubRouteExercise3/Exercise3.jsx",
  "parser": "babel",
  "singleQuote": true,
  "trailingComma": "es5",
  "endOfLine": "auto"
}
["INFO" - 7:52:21 PM] Formatting completed in 16ms.
["INFO" - 7:55:31 PM] Formatting file:///home/bontzkl/projects/projekcikpykpyk/pomeranian-bolierplate-public/src/App/Exercises/ReactExercises/SubRouteExercise3/Exercise3.jsx
["INFO" - 7:55:31 PM] Using config file at '/home/bontzkl/projects/projekcikpykpyk/pomeranian-bolierplate-public/.prettierrc.json'
["INFO" - 7:55:31 PM] Using ignore file (if present) at /home/bontzkl/projects/projekcikpykpyk/pomeranian-bolierplate-public/.prettierignore
["INFO" - 7:55:31 PM] File Info:
{
  "ignored": false,
  "inferredParser": "babel"
}
["INFO" - 7:55:31 PM] Detected local configuration (i.e. .prettierrc or .editorconfig), VS Code configuration will not be used
["INFO" - 7:55:31 PM] Prettier Options:
{
  "filepath": "/home/bontzkl/projects/projekcikpykpyk/pomeranian-bolierplate-public/src/App/Exercises/ReactExercises/SubRouteExercise3/Exercise3.jsx",
  "parser": "babel",
  "singleQuote": true,
  "trailingComma": "es5",
  "endOfLine": "auto"
}
["INFO" - 7:55:31 PM] Formatting completed in 18ms.
["INFO" - 7:55:38 PM] Formatting file:///home/bontzkl/projects/projekcikpykpyk/pomeranian-bolierplate-public/src/App/Exercises/ReactExercises/SubRouteExercise3/Exercise3.jsx
["INFO" - 7:55:38 PM] Using config file at '/home/bontzkl/projects/projekcikpykpyk/pomeranian-bolierplate-public/.prettierrc.json'
["INFO" - 7:55:38 PM] Using ignore file (if present) at /home/bontzkl/projects/projekcikpykpyk/pomeranian-bolierplate-public/.prettierignore
["INFO" - 7:55:38 PM] File Info:
{
  "ignored": false,
  "inferredParser": "babel"
}
["INFO" - 7:55:38 PM] Detected local configuration (i.e. .prettierrc or .editorconfig), VS Code configuration will not be used
["INFO" - 7:55:38 PM] Prettier Options:
{
  "filepath": "/home/bontzkl/projects/projekcikpykpyk/pomeranian-bolierplate-public/src/App/Exercises/ReactExercises/SubRouteExercise3/Exercise3.jsx",
  "parser": "babel",
  "singleQuote": true,
  "trailingComma": "es5",
  "endOfLine": "auto"
}
["ERROR" - 7:55:38 PM] Error formatting document.
["ERROR" - 7:55:38 PM] Unexpected token (30:36)
  28 |       <input
  29 |         type="number"
> 30 |         onChange={setEventNewValue},
     |                                    ^
  31 |         onChange={handleChange}
  32 |       />
  33 |       {isEmpty && <p>{text}</p>}
SyntaxError: Unexpected token (30:36)
  28 |       <input
  29 |         type="number"
> 30 |         onChange={setEventNewValue},
     |                                    ^
  31 |         onChange={handleChange}
  32 |       />
  33 |       {isEmpty && <p>{text}</p>}
	at f (/home/bontzkl/projects/projekcikpykpyk/pomeranian-bolierplate-public/node_modules/prettier/parser-babel.js:22:1054)
	at d (/home/bontzkl/projects/projekcikpykpyk/pomeranian-bolierplate-public/node_modules/prettier/parser-babel.js:22:1287)
	at Object.parse (/home/bontzkl/projects/projekcikpykpyk/pomeranian-bolierplate-public/node_modules/prettier/parser-babel.js:29:54613)
	at Object.parse (/home/bontzkl/projects/projekcikpykpyk/pomeranian-bolierplate-public/node_modules/prettier/index.js:7515:23)
	at coreFormat (/home/bontzkl/projects/projekcikpykpyk/pomeranian-bolierplate-public/node_modules/prettier/index.js:8829:18)
	at formatWithCursor2 (/home/bontzkl/projects/projekcikpykpyk/pomeranian-bolierplate-public/node_modules/prettier/index.js:9021:18)
	at /home/bontzkl/projects/projekcikpykpyk/pomeranian-bolierplate-public/node_modules/prettier/index.js:38176:12
	at Object.format (/home/bontzkl/projects/projekcikpykpyk/pomeranian-bolierplate-public/node_modules/prettier/index.js:38190:12)
	at t.default.format (/home/bontzkl/.vscode-server/extensions/esbenp.prettier-vscode-9.12.0/dist/extension.js:1:14694)
	at async t.PrettierEditProvider.provideEdits (/home/bontzkl/.vscode-server/extensions/esbenp.prettier-vscode-9.12.0/dist/extension.js:1:11367)
	at async B.provideDocumentFormattingEdits (/home/bontzkl/.vscode-server/bin/704ed70d4fd1c6bd6342c436f1ede30d1cff4710/out/vs/workbench/api/node/extensionHostProcess.js:101:46615)
["INFO" - 7:55:38 PM] Formatting completed in 18ms.
["INFO" - 7:55:42 PM] Formatting file:///home/bontzkl/projects/projekcikpykpyk/pomeranian-bolierplate-public/src/App/Exercises/ReactExercises/SubRouteExercise3/Exercise3.jsx
["INFO" - 7:55:42 PM] Using config file at '/home/bontzkl/projects/projekcikpykpyk/pomeranian-bolierplate-public/.prettierrc.json'
["INFO" - 7:55:42 PM] Using ignore file (if present) at /home/bontzkl/projects/projekcikpykpyk/pomeranian-bolierplate-public/.prettierignore
["INFO" - 7:55:42 PM] File Info:
{
  "ignored": false,
  "inferredParser": "babel"
}
["INFO" - 7:55:42 PM] Detected local configuration (i.e. .prettierrc or .editorconfig), VS Code configuration will not be used
["INFO" - 7:55:42 PM] Prettier Options:
{
  "filepath": "/home/bontzkl/projects/projekcikpykpyk/pomeranian-bolierplate-public/src/App/Exercises/ReactExercises/SubRouteExercise3/Exercise3.jsx",
  "parser": "babel",
  "singleQuote": true,
  "trailingComma": "es5",
  "endOfLine": "auto"
}
["INFO" - 7:55:42 PM] Formatting completed in 26ms.
["INFO" - 7:57:59 PM] Formatting file:///home/bontzkl/projects/projekcikpykpyk/pomeranian-bolierplate-public/src/App/Exercises/ReactExercises/SubRouteExercise3/Exercise3.jsx
["INFO" - 7:57:59 PM] Using config file at '/home/bontzkl/projects/projekcikpykpyk/pomeranian-bolierplate-public/.prettierrc.json'
["INFO" - 7:57:59 PM] Using ignore file (if present) at /home/bontzkl/projects/projekcikpykpyk/pomeranian-bolierplate-public/.prettierignore
["INFO" - 7:57:59 PM] File Info:
{
  "ignored": false,
  "inferredParser": "babel"
}
["INFO" - 7:57:59 PM] Detected local configuration (i.e. .prettierrc or .editorconfig), VS Code configuration will not be used
["INFO" - 7:57:59 PM] Prettier Options:
{
  "filepath": "/home/bontzkl/projects/projekcikpykpyk/pomeranian-bolierplate-public/src/App/Exercises/ReactExercises/SubRouteExercise3/Exercise3.jsx",
  "parser": "babel",
  "singleQuote": true,
  "trailingComma": "es5",
  "endOfLine": "auto"
}
["INFO" - 7:58:00 PM] Formatting completed in 23ms.
["INFO" - 7:58:46 PM] Formatting file:///home/bontzkl/projects/projekcikpykpyk/pomeranian-bolierplate-public/src/App/Exercises/ReactExercises/SubRouteExercise3/Exercise3.jsx
["INFO" - 7:58:46 PM] Using config file at '/home/bontzkl/projects/projekcikpykpyk/pomeranian-bolierplate-public/.prettierrc.json'
["INFO" - 7:58:46 PM] Using ignore file (if present) at /home/bontzkl/projects/projekcikpykpyk/pomeranian-bolierplate-public/.prettierignore
["INFO" - 7:58:46 PM] File Info:
{
  "ignored": false,
  "inferredParser": "babel"
}
["INFO" - 7:58:46 PM] Detected local configuration (i.e. .prettierrc or .editorconfig), VS Code configuration will not be used
["INFO" - 7:58:46 PM] Prettier Options:
{
  "filepath": "/home/bontzkl/projects/projekcikpykpyk/pomeranian-bolierplate-public/src/App/Exercises/ReactExercises/SubRouteExercise3/Exercise3.jsx",
  "parser": "babel",
  "singleQuote": true,
  "trailingComma": "es5",
  "endOfLine": "auto"
}
["INFO" - 7:58:46 PM] Formatting completed in 18ms.
["INFO" - 7:59:15 PM] Formatting file:///home/bontzkl/projects/projekcikpykpyk/pomeranian-bolierplate-public/src/App/Exercises/ReactExercises/SubRouteExercise3/Exercise3.jsx
["INFO" - 7:59:15 PM] Using config file at '/home/bontzkl/projects/projekcikpykpyk/pomeranian-bolierplate-public/.prettierrc.json'
["INFO" - 7:59:15 PM] Using ignore file (if present) at /home/bontzkl/projects/projekcikpykpyk/pomeranian-bolierplate-public/.prettierignore
["INFO" - 7:59:15 PM] File Info:
{
  "ignored": false,
  "inferredParser": "babel"
}
["INFO" - 7:59:15 PM] Detected local configuration (i.e. .prettierrc or .editorconfig), VS Code configuration will not be used
["INFO" - 7:59:15 PM] Prettier Options:
{
  "filepath": "/home/bontzkl/projects/projekcikpykpyk/pomeranian-bolierplate-public/src/App/Exercises/ReactExercises/SubRouteExercise3/Exercise3.jsx",
  "parser": "babel",
  "singleQuote": true,
  "trailingComma": "es5",
  "endOfLine": "auto"
}
["INFO" - 7:59:15 PM] Formatting completed in 18ms.
["INFO" - 8:00:39 PM] Formatting file:///home/bontzkl/projects/projekcikpykpyk/pomeranian-bolierplate-public/src/App/Exercises/ReactExercises/SubRouteExercise3/Exercise3.jsx
["INFO" - 8:00:39 PM] Using config file at '/home/bontzkl/projects/projekcikpykpyk/pomeranian-bolierplate-public/.prettierrc.json'
["INFO" - 8:00:39 PM] Using ignore file (if present) at /home/bontzkl/projects/projekcikpykpyk/pomeranian-bolierplate-public/.prettierignore
["INFO" - 8:00:39 PM] File Info:
{
  "ignored": false,
  "inferredParser": "babel"
}
["INFO" - 8:00:39 PM] Detected local configuration (i.e. .prettierrc or .editorconfig), VS Code configuration will not be used
["INFO" - 8:00:39 PM] Prettier Options:
{
  "filepath": "/home/bontzkl/projects/projekcikpykpyk/pomeranian-bolierplate-public/src/App/Exercises/ReactExercises/SubRouteExercise3/Exercise3.jsx",
  "parser": "babel",
  "singleQuote": true,
  "trailingComma": "es5",
  "endOfLine": "auto"
}
["INFO" - 8:00:39 PM] Formatting completed in 19ms.
["INFO" - 8:03:55 PM] Formatting file:///home/bontzkl/projects/projekcikpykpyk/pomeranian-bolierplate-public/src/App/Exercises/ReactExercises/SubRouteExercise3/Exercise3.jsx
["INFO" - 8:03:55 PM] Using config file at '/home/bontzkl/projects/projekcikpykpyk/pomeranian-bolierplate-public/.prettierrc.json'
["INFO" - 8:03:55 PM] Using ignore file (if present) at /home/bontzkl/projects/projekcikpykpyk/pomeranian-bolierplate-public/.prettierignore
["INFO" - 8:03:55 PM] File Info:
{
  "ignored": false,
  "inferredParser": "babel"
}
["INFO" - 8:03:55 PM] Detected local configuration (i.e. .prettierrc or .editorconfig), VS Code configuration will not be used
["INFO" - 8:03:55 PM] Prettier Options:
{
  "filepath": "/home/bontzkl/projects/projekcikpykpyk/pomeranian-bolierplate-public/src/App/Exercises/ReactExercises/SubRouteExercise3/Exercise3.jsx",
  "parser": "babel",
  "singleQuote": true,
  "trailingComma": "es5",
  "endOfLine": "auto"
}
["INFO" - 8:03:55 PM] Formatting completed in 17ms.
["INFO" - 8:06:26 PM] Formatting file:///home/bontzkl/projects/projekcikpykpyk/pomeranian-bolierplate-public/src/App/Exercises/ReactExercises/SubRouteExercise3/Exercise3.jsx
["INFO" - 8:06:26 PM] Using config file at '/home/bontzkl/projects/projekcikpykpyk/pomeranian-bolierplate-public/.prettierrc.json'
["INFO" - 8:06:26 PM] Using ignore file (if present) at /home/bontzkl/projects/projekcikpykpyk/pomeranian-bolierplate-public/.prettierignore
["INFO" - 8:06:26 PM] File Info:
{
  "ignored": false,
  "inferredParser": "babel"
}
["INFO" - 8:06:26 PM] Detected local configuration (i.e. .prettierrc or .editorconfig), VS Code configuration will not be used
["INFO" - 8:06:26 PM] Prettier Options:
{
  "filepath": "/home/bontzkl/projects/projekcikpykpyk/pomeranian-bolierplate-public/src/App/Exercises/ReactExercises/SubRouteExercise3/Exercise3.jsx",
  "parser": "babel",
  "singleQuote": true,
  "trailingComma": "es5",
  "endOfLine": "auto"
}
["INFO" - 8:06:26 PM] Formatting completed in 21ms.
["INFO" - 8:06:44 PM] Formatting file:///home/bontzkl/projects/projekcikpykpyk/pomeranian-bolierplate-public/src/App/Exercises/ReactExercises/SubRouteExercise3/Exercise3.jsx
["INFO" - 8:06:44 PM] Using config file at '/home/bontzkl/projects/projekcikpykpyk/pomeranian-bolierplate-public/.prettierrc.json'
["INFO" - 8:06:44 PM] Using ignore file (if present) at /home/bontzkl/projects/projekcikpykpyk/pomeranian-bolierplate-public/.prettierignore
["INFO" - 8:06:44 PM] File Info:
{
  "ignored": false,
  "inferredParser": "babel"
}
["INFO" - 8:06:44 PM] Detected local configuration (i.e. .prettierrc or .editorconfig), VS Code configuration will not be used
["INFO" - 8:06:44 PM] Prettier Options:
{
  "filepath": "/home/bontzkl/projects/projekcikpykpyk/pomeranian-bolierplate-public/src/App/Exercises/ReactExercises/SubRouteExercise3/Exercise3.jsx",
  "parser": "babel",
  "singleQuote": true,
  "trailingComma": "es5",
  "endOfLine": "auto"
}
["INFO" - 8:06:44 PM] Formatting completed in 22ms.
["INFO" - 8:08:45 PM] Formatting file:///home/bontzkl/projects/projekcikpykpyk/pomeranian-bolierplate-public/src/App/Exercises/ReactExercises/SubRouteExercise3/Exercise3.jsx
["INFO" - 8:08:45 PM] Using config file at '/home/bontzkl/projects/projekcikpykpyk/pomeranian-bolierplate-public/.prettierrc.json'
["INFO" - 8:08:45 PM] Using ignore file (if present) at /home/bontzkl/projects/projekcikpykpyk/pomeranian-bolierplate-public/.prettierignore
["INFO" - 8:08:45 PM] File Info:
{
  "ignored": false,
  "inferredParser": "babel"
}
["INFO" - 8:08:45 PM] Detected local configuration (i.e. .prettierrc or .editorconfig), VS Code configuration will not be used
["INFO" - 8:08:45 PM] Prettier Options:
{
  "filepath": "/home/bontzkl/projects/projekcikpykpyk/pomeranian-bolierplate-public/src/App/Exercises/ReactExercises/SubRouteExercise3/Exercise3.jsx",
  "parser": "babel",
  "singleQuote": true,
  "trailingComma": "es5",
  "endOfLine": "auto"
}
["INFO" - 8:08:45 PM] Formatting completed in 29ms.
["INFO" - 8:10:01 PM] Formatting file:///home/bontzkl/projects/projekcikpykpyk/pomeranian-bolierplate-public/src/App/Exercises/ReactExercises/SubRouteExercise3/Exercise3.jsx
["INFO" - 8:10:01 PM] Using config file at '/home/bontzkl/projects/projekcikpykpyk/pomeranian-bolierplate-public/.prettierrc.json'
["INFO" - 8:10:01 PM] Using ignore file (if present) at /home/bontzkl/projects/projekcikpykpyk/pomeranian-bolierplate-public/.prettierignore
["INFO" - 8:10:01 PM] File Info:
{
  "ignored": false,
  "inferredParser": "babel"
}
["INFO" - 8:10:01 PM] Detected local configuration (i.e. .prettierrc or .editorconfig), VS Code configuration will not be used
["INFO" - 8:10:01 PM] Prettier Options:
{
  "filepath": "/home/bontzkl/projects/projekcikpykpyk/pomeranian-bolierplate-public/src/App/Exercises/ReactExercises/SubRouteExercise3/Exercise3.jsx",
  "parser": "babel",
  "singleQuote": true,
  "trailingComma": "es5",
  "endOfLine": "auto"
}
["INFO" - 8:10:01 PM] Formatting completed in 21ms.
["INFO" - 8:10:55 PM] Formatting file:///home/bontzkl/projects/projekcikpykpyk/pomeranian-bolierplate-public/src/App/Exercises/ReactExercises/SubRouteExercise3/Exercise3.jsx
["INFO" - 8:10:55 PM] Using config file at '/home/bontzkl/projects/projekcikpykpyk/pomeranian-bolierplate-public/.prettierrc.json'
["INFO" - 8:10:55 PM] Using ignore file (if present) at /home/bontzkl/projects/projekcikpykpyk/pomeranian-bolierplate-public/.prettierignore
["INFO" - 8:10:55 PM] File Info:
{
  "ignored": false,
  "inferredParser": "babel"
}
["INFO" - 8:10:55 PM] Detected local configuration (i.e. .prettierrc or .editorconfig), VS Code configuration will not be used
["INFO" - 8:10:55 PM] Prettier Options:
{
  "filepath": "/home/bontzkl/projects/projekcikpykpyk/pomeranian-bolierplate-public/src/App/Exercises/ReactExercises/SubRouteExercise3/Exercise3.jsx",
  "parser": "babel",
  "singleQuote": true,
  "trailingComma": "es5",
  "endOfLine": "auto"
}
["INFO" - 8:10:55 PM] Formatting completed in 15ms.
["INFO" - 8:11:31 PM] Formatting file:///home/bontzkl/projects/projekcikpykpyk/pomeranian-bolierplate-public/src/App/Exercises/ReactExercises/SubRouteExercise3/Exercise3.jsx
["INFO" - 8:11:31 PM] Using config file at '/home/bontzkl/projects/projekcikpykpyk/pomeranian-bolierplate-public/.prettierrc.json'
["INFO" - 8:11:31 PM] Using ignore file (if present) at /home/bontzkl/projects/projekcikpykpyk/pomeranian-bolierplate-public/.prettierignore
["INFO" - 8:11:31 PM] File Info:
{
  "ignored": false,
  "inferredParser": "babel"
}
["INFO" - 8:11:31 PM] Detected local configuration (i.e. .prettierrc or .editorconfig), VS Code configuration will not be used
["INFO" - 8:11:31 PM] Prettier Options:
{
  "filepath": "/home/bontzkl/projects/projekcikpykpyk/pomeranian-bolierplate-public/src/App/Exercises/ReactExercises/SubRouteExercise3/Exercise3.jsx",
  "parser": "babel",
  "singleQuote": true,
  "trailingComma": "es5",
  "endOfLine": "auto"
}
["INFO" - 8:11:31 PM] Formatting completed in 18ms.
["INFO" - 8:12:41 PM] Formatting file:///home/bontzkl/projects/projekcikpykpyk/pomeranian-bolierplate-public/src/App/Exercises/ReactExercises/SubRouteExercise3/Exercise3.jsx
["INFO" - 8:12:41 PM] Using config file at '/home/bontzkl/projects/projekcikpykpyk/pomeranian-bolierplate-public/.prettierrc.json'
["INFO" - 8:12:41 PM] Using ignore file (if present) at /home/bontzkl/projects/projekcikpykpyk/pomeranian-bolierplate-public/.prettierignore
["INFO" - 8:12:41 PM] File Info:
{
  "ignored": false,
  "inferredParser": "babel"
}
["INFO" - 8:12:41 PM] Detected local configuration (i.e. .prettierrc or .editorconfig), VS Code configuration will not be used
["INFO" - 8:12:41 PM] Prettier Options:
{
  "filepath": "/home/bontzkl/projects/projekcikpykpyk/pomeranian-bolierplate-public/src/App/Exercises/ReactExercises/SubRouteExercise3/Exercise3.jsx",
  "parser": "babel",
  "singleQuote": true,
  "trailingComma": "es5",
  "endOfLine": "auto"
}
["INFO" - 8:12:41 PM] Formatting completed in 23ms.
["INFO" - 8:13:01 PM] Formatting file:///home/bontzkl/projects/projekcikpykpyk/pomeranian-bolierplate-public/src/App/Exercises/ReactExercises/SubRouteExercise3/Exercise3.jsx
["INFO" - 8:13:01 PM] Using config file at '/home/bontzkl/projects/projekcikpykpyk/pomeranian-bolierplate-public/.prettierrc.json'
["INFO" - 8:13:01 PM] Using ignore file (if present) at /home/bontzkl/projects/projekcikpykpyk/pomeranian-bolierplate-public/.prettierignore
["INFO" - 8:13:01 PM] File Info:
{
  "ignored": false,
  "inferredParser": "babel"
}
["INFO" - 8:13:01 PM] Detected local configuration (i.e. .prettierrc or .editorconfig), VS Code configuration will not be used
["INFO" - 8:13:01 PM] Prettier Options:
{
  "filepath": "/home/bontzkl/projects/projekcikpykpyk/pomeranian-bolierplate-public/src/App/Exercises/ReactExercises/SubRouteExercise3/Exercise3.jsx",
  "parser": "babel",
  "singleQuote": true,
  "trailingComma": "es5",
  "endOfLine": "auto"
}
["INFO" - 8:13:01 PM] Formatting completed in 23ms.
["INFO" - 8:13:12 PM] Formatting file:///home/bontzkl/projects/projekcikpykpyk/pomeranian-bolierplate-public/src/App/Exercises/ReactExercises/SubRouteExercise3/Exercise3.jsx
["INFO" - 8:13:12 PM] Using config file at '/home/bontzkl/projects/projekcikpykpyk/pomeranian-bolierplate-public/.prettierrc.json'
["INFO" - 8:13:12 PM] Using ignore file (if present) at /home/bontzkl/projects/projekcikpykpyk/pomeranian-bolierplate-public/.prettierignore
["INFO" - 8:13:12 PM] File Info:
{
  "ignored": false,
  "inferredParser": "babel"
}
["INFO" - 8:13:12 PM] Detected local configuration (i.e. .prettierrc or .editorconfig), VS Code configuration will not be used
["INFO" - 8:13:12 PM] Prettier Options:
{
  "filepath": "/home/bontzkl/projects/projekcikpykpyk/pomeranian-bolierplate-public/src/App/Exercises/ReactExercises/SubRouteExercise3/Exercise3.jsx",
  "parser": "babel",
  "singleQuote": true,
  "trailingComma": "es5",
  "endOfLine": "auto"
}
["INFO" - 8:13:12 PM] Formatting completed in 19ms.
["INFO" - 8:13:28 PM] Formatting file:///home/bontzkl/projects/projekcikpykpyk/pomeranian-bolierplate-public/src/App/Exercises/ReactExercises/SubRouteExercise3/Exercise3.jsx
["INFO" - 8:13:28 PM] Using config file at '/home/bontzkl/projects/projekcikpykpyk/pomeranian-bolierplate-public/.prettierrc.json'
["INFO" - 8:13:28 PM] Using ignore file (if present) at /home/bontzkl/projects/projekcikpykpyk/pomeranian-bolierplate-public/.prettierignore
["INFO" - 8:13:28 PM] File Info:
{
  "ignored": false,
  "inferredParser": "babel"
}
["INFO" - 8:13:28 PM] Detected local configuration (i.e. .prettierrc or .editorconfig), VS Code configuration will not be used
["INFO" - 8:13:28 PM] Prettier Options:
{
  "filepath": "/home/bontzkl/projects/projekcikpykpyk/pomeranian-bolierplate-public/src/App/Exercises/ReactExercises/SubRouteExercise3/Exercise3.jsx",
  "parser": "babel",
  "singleQuote": true,
  "trailingComma": "es5",
  "endOfLine": "auto"
}
["INFO" - 8:13:28 PM] Formatting completed in 17ms.
["INFO" - 8:13:29 PM] Formatting file:///home/bontzkl/projects/projekcikpykpyk/pomeranian-bolierplate-public/src/App/Exercises/ReactExercises/SubRouteExercise3/Exercise3.jsx
["INFO" - 8:13:29 PM] Using config file at '/home/bontzkl/projects/projekcikpykpyk/pomeranian-bolierplate-public/.prettierrc.json'
["INFO" - 8:13:29 PM] Using ignore file (if present) at /home/bontzkl/projects/projekcikpykpyk/pomeranian-bolierplate-public/.prettierignore
["INFO" - 8:13:29 PM] File Info:
{
  "ignored": false,
  "inferredParser": "babel"
}
["INFO" - 8:13:29 PM] Detected local configuration (i.e. .prettierrc or .editorconfig), VS Code configuration will not be used
["INFO" - 8:13:29 PM] Prettier Options:
{
  "filepath": "/home/bontzkl/projects/projekcikpykpyk/pomeranian-bolierplate-public/src/App/Exercises/ReactExercises/SubRouteExercise3/Exercise3.jsx",
  "parser": "babel",
  "singleQuote": true,
  "trailingComma": "es5",
  "endOfLine": "auto"
}
["INFO" - 8:13:30 PM] Formatting completed in 24ms.
["INFO" - 8:16:51 PM] Formatting file:///home/bontzkl/projects/projekcikpykpyk/pomeranian-bolierplate-public/src/App/Exercises/ReactExercises/SubRouteExercise3/Exercise3.jsx
["INFO" - 8:16:51 PM] Using config file at '/home/bontzkl/projects/projekcikpykpyk/pomeranian-bolierplate-public/.prettierrc.json'
["INFO" - 8:16:51 PM] Using ignore file (if present) at /home/bontzkl/projects/projekcikpykpyk/pomeranian-bolierplate-public/.prettierignore
["INFO" - 8:16:51 PM] File Info:
{
  "ignored": false,
  "inferredParser": "babel"
}
["INFO" - 8:16:51 PM] Detected local configuration (i.e. .prettierrc or .editorconfig), VS Code configuration will not be used
["INFO" - 8:16:51 PM] Prettier Options:
{
  "filepath": "/home/bontzkl/projects/projekcikpykpyk/pomeranian-bolierplate-public/src/App/Exercises/ReactExercises/SubRouteExercise3/Exercise3.jsx",
  "parser": "babel",
  "singleQuote": true,
  "trailingComma": "es5",
  "endOfLine": "auto"
}
["INFO" - 8:16:51 PM] Formatting completed in 19ms.
["INFO" - 8:18:47 PM] Formatting file:///home/bontzkl/projects/projekcikpykpyk/pomeranian-bolierplate-public/src/App/Exercises/ReactExercises/SubRouteExercise3/Exercise3.jsx
["INFO" - 8:18:47 PM] Using config file at '/home/bontzkl/projects/projekcikpykpyk/pomeranian-bolierplate-public/.prettierrc.json'
["INFO" - 8:18:47 PM] Using ignore file (if present) at /home/bontzkl/projects/projekcikpykpyk/pomeranian-bolierplate-public/.prettierignore
["INFO" - 8:18:47 PM] File Info:
{
  "ignored": false,
  "inferredParser": "babel"
}
["INFO" - 8:18:47 PM] Detected local configuration (i.e. .prettierrc or .editorconfig), VS Code configuration will not be used
["INFO" - 8:18:47 PM] Prettier Options:
{
  "filepath": "/home/bontzkl/projects/projekcikpykpyk/pomeranian-bolierplate-public/src/App/Exercises/ReactExercises/SubRouteExercise3/Exercise3.jsx",
  "parser": "babel",
  "singleQuote": true,
  "trailingComma": "es5",
  "endOfLine": "auto"
}
["INFO" - 8:18:47 PM] Formatting completed in 26ms.
["INFO" - 8:19:14 PM] Formatting file:///home/bontzkl/projects/projekcikpykpyk/pomeranian-bolierplate-public/src/App/Exercises/ReactExercises/SubRouteExercise3/Exercise3.jsx
["INFO" - 8:19:14 PM] Using config file at '/home/bontzkl/projects/projekcikpykpyk/pomeranian-bolierplate-public/.prettierrc.json'
["INFO" - 8:19:14 PM] Using ignore file (if present) at /home/bontzkl/projects/projekcikpykpyk/pomeranian-bolierplate-public/.prettierignore
["INFO" - 8:19:14 PM] File Info:
{
  "ignored": false,
  "inferredParser": "babel"
}
["INFO" - 8:19:14 PM] Detected local configuration (i.e. .prettierrc or .editorconfig), VS Code configuration will not be used
["INFO" - 8:19:14 PM] Prettier Options:
{
  "filepath": "/home/bontzkl/projects/projekcikpykpyk/pomeranian-bolierplate-public/src/App/Exercises/ReactExercises/SubRouteExercise3/Exercise3.jsx",
  "parser": "babel",
  "singleQuote": true,
  "trailingComma": "es5",
  "endOfLine": "auto"
}
["ERROR" - 8:19:14 PM] Error formatting document.
["ERROR" - 8:19:14 PM] Unexpected token, expected "}" (33:50)
  31 |     <div>
  32 |       <h1>Czy A jest większe od 10?</h1>
> 33 |       <input type="number" onChange={handleChange;chekingFunction} />
     |                                                  ^
  34 |       {isEmpty && <p>{text}</p>}
  35 |     </div>
  36 |   );
SyntaxError: Unexpected token, expected "}" (33:50)
  31 |     <div>
  32 |       <h1>Czy A jest większe od 10?</h1>
> 33 |       <input type="number" onChange={handleChange;chekingFunction} />
     |                                                  ^
  34 |       {isEmpty && <p>{text}</p>}
  35 |     </div>
  36 |   );
	at f (/home/bontzkl/projects/projekcikpykpyk/pomeranian-bolierplate-public/node_modules/prettier/parser-babel.js:22:1054)
	at d (/home/bontzkl/projects/projekcikpykpyk/pomeranian-bolierplate-public/node_modules/prettier/parser-babel.js:22:1287)
	at Object.parse (/home/bontzkl/projects/projekcikpykpyk/pomeranian-bolierplate-public/node_modules/prettier/parser-babel.js:29:54613)
	at Object.parse (/home/bontzkl/projects/projekcikpykpyk/pomeranian-bolierplate-public/node_modules/prettier/index.js:7515:23)
	at coreFormat (/home/bontzkl/projects/projekcikpykpyk/pomeranian-bolierplate-public/node_modules/prettier/index.js:8829:18)
	at formatWithCursor2 (/home/bontzkl/projects/projekcikpykpyk/pomeranian-bolierplate-public/node_modules/prettier/index.js:9021:18)
	at /home/bontzkl/projects/projekcikpykpyk/pomeranian-bolierplate-public/node_modules/prettier/index.js:38176:12
	at Object.format (/home/bontzkl/projects/projekcikpykpyk/pomeranian-bolierplate-public/node_modules/prettier/index.js:38190:12)
	at t.default.format (/home/bontzkl/.vscode-server/extensions/esbenp.prettier-vscode-9.12.0/dist/extension.js:1:14694)
	at async t.PrettierEditProvider.provideEdits (/home/bontzkl/.vscode-server/extensions/esbenp.prettier-vscode-9.12.0/dist/extension.js:1:11367)
	at async B.provideDocumentFormattingEdits (/home/bontzkl/.vscode-server/bin/704ed70d4fd1c6bd6342c436f1ede30d1cff4710/out/vs/workbench/api/node/extensionHostProcess.js:101:46615)
["INFO" - 8:19:14 PM] Formatting completed in 14ms.
["INFO" - 8:19:42 PM] Formatting file:///home/bontzkl/projects/projekcikpykpyk/pomeranian-bolierplate-public/src/App/Exercises/ReactExercises/SubRouteExercise3/Exercise3.jsx
["INFO" - 8:19:42 PM] Using config file at '/home/bontzkl/projects/projekcikpykpyk/pomeranian-bolierplate-public/.prettierrc.json'
["INFO" - 8:19:42 PM] Using ignore file (if present) at /home/bontzkl/projects/projekcikpykpyk/pomeranian-bolierplate-public/.prettierignore
["INFO" - 8:19:42 PM] File Info:
{
  "ignored": false,
  "inferredParser": "babel"
}
["INFO" - 8:19:42 PM] Detected local configuration (i.e. .prettierrc or .editorconfig), VS Code configuration will not be used
["INFO" - 8:19:42 PM] Prettier Options:
{
  "filepath": "/home/bontzkl/projects/projekcikpykpyk/pomeranian-bolierplate-public/src/App/Exercises/ReactExercises/SubRouteExercise3/Exercise3.jsx",
  "parser": "babel",
  "singleQuote": true,
  "trailingComma": "es5",
  "endOfLine": "auto"
}
["INFO" - 8:19:42 PM] Formatting completed in 18ms.
["INFO" - 8:21:59 PM] Formatting file:///home/bontzkl/projects/projekcikpykpyk/pomeranian-bolierplate-public/src/App/Exercises/ReactExercises/SubRouteExercise3/Exercise3.jsx
["INFO" - 8:21:59 PM] Using config file at '/home/bontzkl/projects/projekcikpykpyk/pomeranian-bolierplate-public/.prettierrc.json'
["INFO" - 8:21:59 PM] Using ignore file (if present) at /home/bontzkl/projects/projekcikpykpyk/pomeranian-bolierplate-public/.prettierignore
["INFO" - 8:21:59 PM] File Info:
{
  "ignored": false,
  "inferredParser": "babel"
}
["INFO" - 8:21:59 PM] Detected local configuration (i.e. .prettierrc or .editorconfig), VS Code configuration will not be used
["INFO" - 8:21:59 PM] Prettier Options:
{
  "filepath": "/home/bontzkl/projects/projekcikpykpyk/pomeranian-bolierplate-public/src/App/Exercises/ReactExercises/SubRouteExercise3/Exercise3.jsx",
  "parser": "babel",
  "singleQuote": true,
  "trailingComma": "es5",
  "endOfLine": "auto"
}
["INFO" - 8:21:59 PM] Formatting completed in 14ms.
["INFO" - 8:22:27 PM] Formatting file:///home/bontzkl/projects/projekcikpykpyk/pomeranian-bolierplate-public/src/App/Exercises/ReactExercises/SubRouteExercise3/Exercise3.jsx
["INFO" - 8:22:27 PM] Using config file at '/home/bontzkl/projects/projekcikpykpyk/pomeranian-bolierplate-public/.prettierrc.json'
["INFO" - 8:22:27 PM] Using ignore file (if present) at /home/bontzkl/projects/projekcikpykpyk/pomeranian-bolierplate-public/.prettierignore
["INFO" - 8:22:27 PM] File Info:
{
  "ignored": false,
  "inferredParser": "babel"
}
["INFO" - 8:22:27 PM] Detected local configuration (i.e. .prettierrc or .editorconfig), VS Code configuration will not be used
["INFO" - 8:22:27 PM] Prettier Options:
{
  "filepath": "/home/bontzkl/projects/projekcikpykpyk/pomeranian-bolierplate-public/src/App/Exercises/ReactExercises/SubRouteExercise3/Exercise3.jsx",
  "parser": "babel",
  "singleQuote": true,
  "trailingComma": "es5",
  "endOfLine": "auto"
}
["INFO" - 8:22:27 PM] Formatting completed in 16ms.
["INFO" - 8:25:51 PM] Formatting file:///home/bontzkl/projects/projekcikpykpyk/pomeranian-bolierplate-public/src/App/Exercises/ReactExercises/SubRouteExercise3/Exercise3.jsx
["INFO" - 8:25:51 PM] Using config file at '/home/bontzkl/projects/projekcikpykpyk/pomeranian-bolierplate-public/.prettierrc.json'
["INFO" - 8:25:51 PM] Using ignore file (if present) at /home/bontzkl/projects/projekcikpykpyk/pomeranian-bolierplate-public/.prettierignore
["INFO" - 8:25:51 PM] File Info:
{
  "ignored": false,
  "inferredParser": "babel"
}
["INFO" - 8:25:51 PM] Detected local configuration (i.e. .prettierrc or .editorconfig), VS Code configuration will not be used
["INFO" - 8:25:51 PM] Prettier Options:
{
  "filepath": "/home/bontzkl/projects/projekcikpykpyk/pomeranian-bolierplate-public/src/App/Exercises/ReactExercises/SubRouteExercise3/Exercise3.jsx",
  "parser": "babel",
  "singleQuote": true,
  "trailingComma": "es5",
  "endOfLine": "auto"
}
["INFO" - 8:25:51 PM] Formatting completed in 18ms.
["INFO" - 8:26:56 PM] Formatting file:///home/bontzkl/projects/projekcikpykpyk/pomeranian-bolierplate-public/src/App/Exercises/ReactExercises/SubRouteExercise3/Exercise3.jsx
["INFO" - 8:26:56 PM] Using config file at '/home/bontzkl/projects/projekcikpykpyk/pomeranian-bolierplate-public/.prettierrc.json'
["INFO" - 8:26:56 PM] Using ignore file (if present) at /home/bontzkl/projects/projekcikpykpyk/pomeranian-bolierplate-public/.prettierignore
["INFO" - 8:26:56 PM] File Info:
{
  "ignored": false,
  "inferredParser": "babel"
}
["INFO" - 8:26:56 PM] Detected local configuration (i.e. .prettierrc or .editorconfig), VS Code configuration will not be used
["INFO" - 8:26:56 PM] Prettier Options:
{
  "filepath": "/home/bontzkl/projects/projekcikpykpyk/pomeranian-bolierplate-public/src/App/Exercises/ReactExercises/SubRouteExercise3/Exercise3.jsx",
  "parser": "babel",
  "singleQuote": true,
  "trailingComma": "es5",
  "endOfLine": "auto"
}
["INFO" - 8:26:56 PM] Formatting completed in 28ms.
["INFO" - 8:28:53 PM] Formatting file:///home/bontzkl/projects/projekcikpykpyk/pomeranian-bolierplate-public/src/App/Exercises/ReactExercises/SubRouteExercise3/Exercise3.jsx
["INFO" - 8:28:53 PM] Using config file at '/home/bontzkl/projects/projekcikpykpyk/pomeranian-bolierplate-public/.prettierrc.json'
["INFO" - 8:28:53 PM] Using ignore file (if present) at /home/bontzkl/projects/projekcikpykpyk/pomeranian-bolierplate-public/.prettierignore
["INFO" - 8:28:53 PM] File Info:
{
  "ignored": false,
  "inferredParser": "babel"
}
["INFO" - 8:28:53 PM] Detected local configuration (i.e. .prettierrc or .editorconfig), VS Code configuration will not be used
["INFO" - 8:28:53 PM] Prettier Options:
{
  "filepath": "/home/bontzkl/projects/projekcikpykpyk/pomeranian-bolierplate-public/src/App/Exercises/ReactExercises/SubRouteExercise3/Exercise3.jsx",
  "parser": "babel",
  "singleQuote": true,
  "trailingComma": "es5",
  "endOfLine": "auto"
}
["ERROR" - 8:28:53 PM] Error formatting document.
["ERROR" - 8:28:53 PM] Unexpected token, expected "..." (29:29)
  27 |     <div>
  28 |       <h1>Czy A jest większe od 10?</h1>
> 29 |       <input type="number" {()=>{setNewValue(event.target.value)}}onChange={handleChange} />
     |                             ^
  30 |       {isEmpty && <p>{text}</p>}
  31 |     </div>
  32 |   );
SyntaxError: Unexpected token, expected "..." (29:29)
  27 |     <div>
  28 |       <h1>Czy A jest większe od 10?</h1>
> 29 |       <input type="number" {()=>{setNewValue(event.target.value)}}onChange={handleChange} />
     |                             ^
  30 |       {isEmpty && <p>{text}</p>}
  31 |     </div>
  32 |   );
	at f (/home/bontzkl/projects/projekcikpykpyk/pomeranian-bolierplate-public/node_modules/prettier/parser-babel.js:22:1054)
	at d (/home/bontzkl/projects/projekcikpykpyk/pomeranian-bolierplate-public/node_modules/prettier/parser-babel.js:22:1287)
	at Object.parse (/home/bontzkl/projects/projekcikpykpyk/pomeranian-bolierplate-public/node_modules/prettier/parser-babel.js:29:54613)
	at Object.parse (/home/bontzkl/projects/projekcikpykpyk/pomeranian-bolierplate-public/node_modules/prettier/index.js:7515:23)
	at coreFormat (/home/bontzkl/projects/projekcikpykpyk/pomeranian-bolierplate-public/node_modules/prettier/index.js:8829:18)
	at formatWithCursor2 (/home/bontzkl/projects/projekcikpykpyk/pomeranian-bolierplate-public/node_modules/prettier/index.js:9021:18)
	at /home/bontzkl/projects/projekcikpykpyk/pomeranian-bolierplate-public/node_modules/prettier/index.js:38176:12
	at Object.format (/home/bontzkl/projects/projekcikpykpyk/pomeranian-bolierplate-public/node_modules/prettier/index.js:38190:12)
	at t.default.format (/home/bontzkl/.vscode-server/extensions/esbenp.prettier-vscode-9.12.0/dist/extension.js:1:14694)
	at async t.PrettierEditProvider.provideEdits (/home/bontzkl/.vscode-server/extensions/esbenp.prettier-vscode-9.12.0/dist/extension.js:1:11367)
	at async B.provideDocumentFormattingEdits (/home/bontzkl/.vscode-server/bin/704ed70d4fd1c6bd6342c436f1ede30d1cff4710/out/vs/workbench/api/node/extensionHostProcess.js:101:46615)
["INFO" - 8:28:53 PM] Formatting completed in 13ms.
["INFO" - 8:31:46 PM] Formatting file:///home/bontzkl/projects/projekcikpykpyk/pomeranian-bolierplate-public/src/App/Exercises/ReactExercises/SubRouteExercise3/Exercise3.jsx
["INFO" - 8:31:46 PM] Using config file at '/home/bontzkl/projects/projekcikpykpyk/pomeranian-bolierplate-public/.prettierrc.json'
["INFO" - 8:31:46 PM] Using ignore file (if present) at /home/bontzkl/projects/projekcikpykpyk/pomeranian-bolierplate-public/.prettierignore
["INFO" - 8:31:46 PM] File Info:
{
  "ignored": false,
  "inferredParser": "babel"
}
["INFO" - 8:31:46 PM] Detected local configuration (i.e. .prettierrc or .editorconfig), VS Code configuration will not be used
["INFO" - 8:31:46 PM] Prettier Options:
{
  "filepath": "/home/bontzkl/projects/projekcikpykpyk/pomeranian-bolierplate-public/src/App/Exercises/ReactExercises/SubRouteExercise3/Exercise3.jsx",
  "parser": "babel",
  "singleQuote": true,
  "trailingComma": "es5",
  "endOfLine": "auto"
}
["INFO" - 8:31:46 PM] Formatting completed in 15ms.
["INFO" - 8:31:52 PM] Formatting file:///home/bontzkl/projects/projekcikpykpyk/pomeranian-bolierplate-public/src/App/Exercises/ReactExercises/SubRouteExercise3/Exercise3.jsx
["INFO" - 8:31:52 PM] Using config file at '/home/bontzkl/projects/projekcikpykpyk/pomeranian-bolierplate-public/.prettierrc.json'
["INFO" - 8:31:52 PM] Using ignore file (if present) at /home/bontzkl/projects/projekcikpykpyk/pomeranian-bolierplate-public/.prettierignore
["INFO" - 8:31:52 PM] File Info:
{
  "ignored": false,
  "inferredParser": "babel"
}
["INFO" - 8:31:52 PM] Detected local configuration (i.e. .prettierrc or .editorconfig), VS Code configuration will not be used
["INFO" - 8:31:52 PM] Prettier Options:
{
  "filepath": "/home/bontzkl/projects/projekcikpykpyk/pomeranian-bolierplate-public/src/App/Exercises/ReactExercises/SubRouteExercise3/Exercise3.jsx",
  "parser": "babel",
  "singleQuote": true,
  "trailingComma": "es5",
  "endOfLine": "auto"
}
["INFO" - 8:31:52 PM] Formatting completed in 15ms.
["INFO" - 8:33:19 PM] Formatting file:///home/bontzkl/projects/projekcikpykpyk/pomeranian-bolierplate-public/src/App/Exercises/ReactExercises/SubRouteExercise3/Exercise3.jsx
["INFO" - 8:33:19 PM] Using config file at '/home/bontzkl/projects/projekcikpykpyk/pomeranian-bolierplate-public/.prettierrc.json'
["INFO" - 8:33:19 PM] Using ignore file (if present) at /home/bontzkl/projects/projekcikpykpyk/pomeranian-bolierplate-public/.prettierignore
["INFO" - 8:33:19 PM] File Info:
{
  "ignored": false,
  "inferredParser": "babel"
}
["INFO" - 8:33:19 PM] Detected local configuration (i.e. .prettierrc or .editorconfig), VS Code configuration will not be used
["INFO" - 8:33:19 PM] Prettier Options:
{
  "filepath": "/home/bontzkl/projects/projekcikpykpyk/pomeranian-bolierplate-public/src/App/Exercises/ReactExercises/SubRouteExercise3/Exercise3.jsx",
  "parser": "babel",
  "singleQuote": true,
  "trailingComma": "es5",
  "endOfLine": "auto"
}
["INFO" - 8:33:19 PM] Formatting completed in 15ms.
["INFO" - 8:40:03 PM] Formatting file:///home/bontzkl/projects/projekcikpykpyk/pomeranian-bolierplate-public/src/App/Exercises/ReactExercises/SubRouteExercise3/Exercise3.jsx
["INFO" - 8:40:03 PM] Using config file at '/home/bontzkl/projects/projekcikpykpyk/pomeranian-bolierplate-public/.prettierrc.json'
["INFO" - 8:40:03 PM] Using ignore file (if present) at /home/bontzkl/projects/projekcikpykpyk/pomeranian-bolierplate-public/.prettierignore
["INFO" - 8:40:03 PM] File Info:
{
  "ignored": false,
  "inferredParser": "babel"
}
["INFO" - 8:40:03 PM] Detected local configuration (i.e. .prettierrc or .editorconfig), VS Code configuration will not be used
["INFO" - 8:40:03 PM] Prettier Options:
{
  "filepath": "/home/bontzkl/projects/projekcikpykpyk/pomeranian-bolierplate-public/src/App/Exercises/ReactExercises/SubRouteExercise3/Exercise3.jsx",
  "parser": "babel",
  "singleQuote": true,
  "trailingComma": "es5",
  "endOfLine": "auto"
}
["INFO" - 8:40:03 PM] Formatting completed in 22ms.
["INFO" - 8:40:30 PM] Formatting file:///home/bontzkl/projects/projekcikpykpyk/pomeranian-bolierplate-public/src/App/Exercises/ReactExercises/SubRouteExercise3/Exercise3.jsx
["INFO" - 8:40:30 PM] Using config file at '/home/bontzkl/projects/projekcikpykpyk/pomeranian-bolierplate-public/.prettierrc.json'
["INFO" - 8:40:30 PM] Using ignore file (if present) at /home/bontzkl/projects/projekcikpykpyk/pomeranian-bolierplate-public/.prettierignore
["INFO" - 8:40:30 PM] File Info:
{
  "ignored": false,
  "inferredParser": "babel"
}
["INFO" - 8:40:30 PM] Detected local configuration (i.e. .prettierrc or .editorconfig), VS Code configuration will not be used
["INFO" - 8:40:30 PM] Prettier Options:
{
  "filepath": "/home/bontzkl/projects/projekcikpykpyk/pomeranian-bolierplate-public/src/App/Exercises/ReactExercises/SubRouteExercise3/Exercise3.jsx",
  "parser": "babel",
  "singleQuote": true,
  "trailingComma": "es5",
  "endOfLine": "auto"
}
["INFO" - 8:40:30 PM] Formatting completed in 28ms.
["INFO" - 8:41:19 PM] Formatting file:///home/bontzkl/projects/projekcikpykpyk/pomeranian-bolierplate-public/src/App/Exercises/ReactExercises/SubRouteExercise3/Exercise3.jsx
["INFO" - 8:41:19 PM] Using config file at '/home/bontzkl/projects/projekcikpykpyk/pomeranian-bolierplate-public/.prettierrc.json'
["INFO" - 8:41:19 PM] Using ignore file (if present) at /home/bontzkl/projects/projekcikpykpyk/pomeranian-bolierplate-public/.prettierignore
["INFO" - 8:41:19 PM] File Info:
{
  "ignored": false,
  "inferredParser": "babel"
}
["INFO" - 8:41:19 PM] Detected local configuration (i.e. .prettierrc or .editorconfig), VS Code configuration will not be used
["INFO" - 8:41:19 PM] Prettier Options:
{
  "filepath": "/home/bontzkl/projects/projekcikpykpyk/pomeranian-bolierplate-public/src/App/Exercises/ReactExercises/SubRouteExercise3/Exercise3.jsx",
  "parser": "babel",
  "singleQuote": true,
  "trailingComma": "es5",
  "endOfLine": "auto"
}
["ERROR" - 8:41:19 PM] Error formatting document.
["ERROR" - 8:41:19 PM] Unexpected token (12:18)
  10 |   const handleChange = (event) => {
  11 |     setNewValue(event.target.value);
> 12 |     for(let i=0; )
     |                  ^
  13 |     if (newValue > 10) {
  14 |       setIsBigger(true);
  15 |       setIsEmpty(true);
SyntaxError: Unexpected token (12:18)
  10 |   const handleChange = (event) => {
  11 |     setNewValue(event.target.value);
> 12 |     for(let i=0; )
     |                  ^
  13 |     if (newValue > 10) {
  14 |       setIsBigger(true);
  15 |       setIsEmpty(true);
	at f (/home/bontzkl/projects/projekcikpykpyk/pomeranian-bolierplate-public/node_modules/prettier/parser-babel.js:22:1054)
	at d (/home/bontzkl/projects/projekcikpykpyk/pomeranian-bolierplate-public/node_modules/prettier/parser-babel.js:22:1287)
	at Object.parse (/home/bontzkl/projects/projekcikpykpyk/pomeranian-bolierplate-public/node_modules/prettier/parser-babel.js:29:54613)
	at Object.parse (/home/bontzkl/projects/projekcikpykpyk/pomeranian-bolierplate-public/node_modules/prettier/index.js:7515:23)
	at coreFormat (/home/bontzkl/projects/projekcikpykpyk/pomeranian-bolierplate-public/node_modules/prettier/index.js:8829:18)
	at formatWithCursor2 (/home/bontzkl/projects/projekcikpykpyk/pomeranian-bolierplate-public/node_modules/prettier/index.js:9021:18)
	at /home/bontzkl/projects/projekcikpykpyk/pomeranian-bolierplate-public/node_modules/prettier/index.js:38176:12
	at Object.format (/home/bontzkl/projects/projekcikpykpyk/pomeranian-bolierplate-public/node_modules/prettier/index.js:38190:12)
	at t.default.format (/home/bontzkl/.vscode-server/extensions/esbenp.prettier-vscode-9.12.0/dist/extension.js:1:14694)
	at async t.PrettierEditProvider.provideEdits (/home/bontzkl/.vscode-server/extensions/esbenp.prettier-vscode-9.12.0/dist/extension.js:1:11367)
	at async B.provideDocumentFormattingEdits (/home/bontzkl/.vscode-server/bin/704ed70d4fd1c6bd6342c436f1ede30d1cff4710/out/vs/workbench/api/node/extensionHostProcess.js:101:46615)
["INFO" - 8:41:19 PM] Formatting completed in 16ms.
["INFO" - 8:41:35 PM] Formatting file:///home/bontzkl/projects/projekcikpykpyk/pomeranian-bolierplate-public/src/App/Exercises/ReactExercises/SubRouteExercise3/Exercise3.jsx
["INFO" - 8:41:35 PM] Using config file at '/home/bontzkl/projects/projekcikpykpyk/pomeranian-bolierplate-public/.prettierrc.json'
["INFO" - 8:41:35 PM] Using ignore file (if present) at /home/bontzkl/projects/projekcikpykpyk/pomeranian-bolierplate-public/.prettierignore
["INFO" - 8:41:35 PM] File Info:
{
  "ignored": false,
  "inferredParser": "babel"
}
["INFO" - 8:41:35 PM] Detected local configuration (i.e. .prettierrc or .editorconfig), VS Code configuration will not be used
["INFO" - 8:41:35 PM] Prettier Options:
{
  "filepath": "/home/bontzkl/projects/projekcikpykpyk/pomeranian-bolierplate-public/src/App/Exercises/ReactExercises/SubRouteExercise3/Exercise3.jsx",
  "parser": "babel",
  "singleQuote": true,
  "trailingComma": "es5",
  "endOfLine": "auto"
}
["INFO" - 8:41:35 PM] Formatting completed in 17ms.
["INFO" - 8:41:54 PM] Formatting file:///home/bontzkl/projects/projekcikpykpyk/pomeranian-bolierplate-public/src/App/Exercises/ReactExercises/SubRouteExercise3/Exercise3.jsx
["INFO" - 8:41:54 PM] Using config file at '/home/bontzkl/projects/projekcikpykpyk/pomeranian-bolierplate-public/.prettierrc.json'
["INFO" - 8:41:54 PM] Using ignore file (if present) at /home/bontzkl/projects/projekcikpykpyk/pomeranian-bolierplate-public/.prettierignore
["INFO" - 8:41:54 PM] File Info:
{
  "ignored": false,
  "inferredParser": "babel"
}
["INFO" - 8:41:54 PM] Detected local configuration (i.e. .prettierrc or .editorconfig), VS Code configuration will not be used
["INFO" - 8:41:54 PM] Prettier Options:
{
  "filepath": "/home/bontzkl/projects/projekcikpykpyk/pomeranian-bolierplate-public/src/App/Exercises/ReactExercises/SubRouteExercise3/Exercise3.jsx",
  "parser": "babel",
  "singleQuote": true,
  "trailingComma": "es5",
  "endOfLine": "auto"
}
["INFO" - 8:41:54 PM] Formatting completed in 18ms.
["INFO" - 8:44:49 PM] Formatting file:///home/bontzkl/projects/projekcikpykpyk/pomeranian-bolierplate-public/src/App/Exercises/ReactExercises/SubRouteExercise3/Exercise3.jsx
["INFO" - 8:44:49 PM] Using config file at '/home/bontzkl/projects/projekcikpykpyk/pomeranian-bolierplate-public/.prettierrc.json'
["INFO" - 8:44:49 PM] Using ignore file (if present) at /home/bontzkl/projects/projekcikpykpyk/pomeranian-bolierplate-public/.prettierignore
["INFO" - 8:44:49 PM] File Info:
{
  "ignored": false,
  "inferredParser": "babel"
}
["INFO" - 8:44:49 PM] Detected local configuration (i.e. .prettierrc or .editorconfig), VS Code configuration will not be used
["INFO" - 8:44:49 PM] Prettier Options:
{
  "filepath": "/home/bontzkl/projects/projekcikpykpyk/pomeranian-bolierplate-public/src/App/Exercises/ReactExercises/SubRouteExercise3/Exercise3.jsx",
  "parser": "babel",
  "singleQuote": true,
  "trailingComma": "es5",
  "endOfLine": "auto"
}
["INFO" - 8:44:49 PM] Formatting completed in 17ms.
["INFO" - 8:46:51 PM] Formatting file:///home/bontzkl/projects/projekcikpykpyk/pomeranian-bolierplate-public/src/App/Exercises/ReactExercises/SubRouteExercise3/Exercise3.jsx
["INFO" - 8:46:51 PM] Using config file at '/home/bontzkl/projects/projekcikpykpyk/pomeranian-bolierplate-public/.prettierrc.json'
["INFO" - 8:46:51 PM] Using ignore file (if present) at /home/bontzkl/projects/projekcikpykpyk/pomeranian-bolierplate-public/.prettierignore
["INFO" - 8:46:51 PM] File Info:
{
  "ignored": false,
  "inferredParser": "babel"
}
["INFO" - 8:46:51 PM] Detected local configuration (i.e. .prettierrc or .editorconfig), VS Code configuration will not be used
["INFO" - 8:46:51 PM] Prettier Options:
{
  "filepath": "/home/bontzkl/projects/projekcikpykpyk/pomeranian-bolierplate-public/src/App/Exercises/ReactExercises/SubRouteExercise3/Exercise3.jsx",
  "parser": "babel",
  "singleQuote": true,
  "trailingComma": "es5",
  "endOfLine": "auto"
}
["INFO" - 8:46:51 PM] Formatting completed in 23ms.
["INFO" - 8:46:56 PM] Formatting file:///home/bontzkl/projects/projekcikpykpyk/pomeranian-bolierplate-public/src/App/Exercises/ReactExercises/SubRouteExercise3/Exercise3.jsx
["INFO" - 8:46:56 PM] Using config file at '/home/bontzkl/projects/projekcikpykpyk/pomeranian-bolierplate-public/.prettierrc.json'
["INFO" - 8:46:56 PM] Using ignore file (if present) at /home/bontzkl/projects/projekcikpykpyk/pomeranian-bolierplate-public/.prettierignore
["INFO" - 8:46:56 PM] File Info:
{
  "ignored": false,
  "inferredParser": "babel"
}
["INFO" - 8:46:56 PM] Detected local configuration (i.e. .prettierrc or .editorconfig), VS Code configuration will not be used
["INFO" - 8:46:56 PM] Prettier Options:
{
  "filepath": "/home/bontzkl/projects/projekcikpykpyk/pomeranian-bolierplate-public/src/App/Exercises/ReactExercises/SubRouteExercise3/Exercise3.jsx",
  "parser": "babel",
  "singleQuote": true,
  "trailingComma": "es5",
  "endOfLine": "auto"
}
["INFO" - 8:46:56 PM] Formatting completed in 20ms.
