2023-04-29 19:44:23.784 [info] Log level: Info
2023-04-29 19:44:23.784 [info] Validating found git in: "git"
2023-04-29 19:44:23.784 [info] Using git "2.34.1" from "git"
2023-04-29 19:44:23.784 [info] > git rev-parse --show-toplevel [58ms]
2023-04-29 19:44:23.784 [info] > git rev-parse --git-dir --git-common-dir [26ms]
2023-04-29 19:44:23.784 [info] Open repository: /home/bontzkl/projects/projekcikpykpyk/pomeranian-bolierplate-public
2023-04-29 19:44:23.784 [info] > git rev-parse --show-toplevel [14ms]
2023-04-29 19:44:23.786 [info] > git rev-parse --show-toplevel [4ms]
2023-04-29 19:44:23.795 [info] > git config --get commit.template [21ms]
2023-04-29 19:44:23.796 [info] > git rev-parse --show-toplevel [3ms]
2023-04-29 19:44:24.032 [info] > git for-each-ref --format=%(refname)%00%(upstream:short)%00%(objectname)%00%(upstream:track)%00%(upstream:remotename)%00%(upstream:remoteref) refs/heads/feature/exercise3 refs/remotes/feature/exercise3 [206ms]
2023-04-29 19:44:24.298 [info] > git status -z -uall [256ms]
2023-04-29 19:44:24.298 [info] > git show --textconv :src/App/Exercises/ReactExercises/SubRouteExercise3/Exercise3.jsx [10ms]
2023-04-29 19:44:24.318 [info] > git ls-files --stage -- /home/bontzkl/projects/projekcikpykpyk/pomeranian-bolierplate-public/src/App/Exercises/ReactExercises/SubRouteExercise3/Exercise3.jsx [21ms]
2023-04-29 19:44:24.328 [info] > git cat-file -s 921fa4da22b6709b9686db782afd62b5d93e3880 [3ms]
2023-04-29 19:44:24.331 [info] > git config --get commit.template [12ms]
2023-04-29 19:44:24.361 [info] > git check-ignore -v -z --stdin [5ms]
2023-04-29 19:44:24.363 [info] > git for-each-ref --format=%(refname)%00%(upstream:short)%00%(objectname)%00%(upstream:track)%00%(upstream:remotename)%00%(upstream:remoteref) refs/heads/feature/exercise3 refs/remotes/feature/exercise3 [21ms]
2023-04-29 19:44:24.373 [info] > git status -z -uall [3ms]
2023-04-29 19:44:44.176 [info] > git check-ignore -v -z --stdin [1ms]
2023-04-29 19:44:45.351 [info] > git check-ignore -v -z --stdin [1ms]
2023-04-29 19:44:46.128 [info] > git show --textconv :src/App/Exercises/ReactExercises/SubRouteExercise4/Exercise4.jsx [6ms]
2023-04-29 19:44:46.129 [info] > git ls-files --stage -- /home/bontzkl/projects/projekcikpykpyk/pomeranian-bolierplate-public/src/App/Exercises/ReactExercises/SubRouteExercise4/Exercise4.jsx [3ms]
2023-04-29 19:44:46.134 [info] > git cat-file -s 65bb9a19fa3f46046ee6d09b0694b125c46b2df7 [1ms]
2023-04-29 19:45:16.073 [info] > git show --textconv :src/App/Exercises/ReactExercises/SubRouteExercise3/Exercise3.jsx [7ms]
2023-04-29 19:45:16.081 [info] > git ls-files --stage -- /home/bontzkl/projects/projekcikpykpyk/pomeranian-bolierplate-public/src/App/Exercises/ReactExercises/SubRouteExercise3/Exercise3.jsx [9ms]
2023-04-29 19:45:16.087 [info] > git cat-file -s 921fa4da22b6709b9686db782afd62b5d93e3880 [2ms]
2023-04-29 19:46:13.643 [info] > git config --get commit.template [1ms]
2023-04-29 19:46:13.653 [info] > git for-each-ref --format=%(refname)%00%(upstream:short)%00%(objectname)%00%(upstream:track)%00%(upstream:remotename)%00%(upstream:remoteref) refs/heads/feature/exercise3 refs/remotes/feature/exercise3 [5ms]
2023-04-29 19:46:13.660 [info] > git status -z -uall [2ms]
2023-04-29 19:48:10.769 [info] > git config --get commit.template [6ms]
2023-04-29 19:48:10.770 [info] > git for-each-ref --format=%(refname)%00%(upstream:short)%00%(objectname)%00%(upstream:track)%00%(upstream:remotename)%00%(upstream:remoteref) refs/heads/feature/exercise3 refs/remotes/feature/exercise3 [2ms]
2023-04-29 19:48:10.776 [info] > git status -z -uall [2ms]
2023-04-29 19:48:27.453 [info] > git config --get commit.template [9ms]
2023-04-29 19:48:27.453 [info] > git for-each-ref --format=%(refname)%00%(upstream:short)%00%(objectname)%00%(upstream:track)%00%(upstream:remotename)%00%(upstream:remoteref) refs/heads/feature/exercise3 refs/remotes/feature/exercise3 [4ms]
2023-04-29 19:48:27.461 [info] > git status -z -uall [2ms]
2023-04-29 19:48:33.560 [info] > git config --get commit.template [4ms]
2023-04-29 19:48:33.561 [info] > git for-each-ref --format=%(refname)%00%(upstream:short)%00%(objectname)%00%(upstream:track)%00%(upstream:remotename)%00%(upstream:remoteref) refs/heads/feature/exercise3 refs/remotes/feature/exercise3 [1ms]
2023-04-29 19:48:33.566 [info] > git status -z -uall [2ms]
2023-04-29 19:49:23.981 [info] > git config --get commit.template [6ms]
2023-04-29 19:49:23.988 [info] > git for-each-ref --format=%(refname)%00%(upstream:short)%00%(objectname)%00%(upstream:track)%00%(upstream:remotename)%00%(upstream:remoteref) refs/heads/feature/exercise3 refs/remotes/feature/exercise3 [1ms]
2023-04-29 19:49:23.999 [info] > git status -z -uall [1ms]
2023-04-29 19:49:46.778 [info] > git config --get commit.template [6ms]
2023-04-29 19:49:46.778 [info] > git for-each-ref --format=%(refname)%00%(upstream:short)%00%(objectname)%00%(upstream:track)%00%(upstream:remotename)%00%(upstream:remoteref) refs/heads/feature/exercise3 refs/remotes/feature/exercise3 [1ms]
2023-04-29 19:49:46.784 [info] > git status -z -uall [2ms]
2023-04-29 19:50:50.205 [info] > git config --get commit.template [3ms]
2023-04-29 19:50:50.219 [info] > git for-each-ref --format=%(refname)%00%(upstream:short)%00%(objectname)%00%(upstream:track)%00%(upstream:remotename)%00%(upstream:remoteref) refs/heads/feature/exercise3 refs/remotes/feature/exercise3 [4ms]
2023-04-29 19:50:50.228 [info] > git status -z -uall [2ms]
2023-04-29 19:51:11.695 [info] > git config --get commit.template [1ms]
2023-04-29 19:51:11.701 [info] > git for-each-ref --format=%(refname)%00%(upstream:short)%00%(objectname)%00%(upstream:track)%00%(upstream:remotename)%00%(upstream:remoteref) refs/heads/feature/exercise3 refs/remotes/feature/exercise3 [1ms]
2023-04-29 19:51:11.708 [info] > git status -z -uall [2ms]
2023-04-29 19:52:22.453 [info] > git config --get commit.template [1ms]
2023-04-29 19:52:22.458 [info] > git for-each-ref --format=%(refname)%00%(upstream:short)%00%(objectname)%00%(upstream:track)%00%(upstream:remotename)%00%(upstream:remoteref) refs/heads/feature/exercise3 refs/remotes/feature/exercise3 [1ms]
2023-04-29 19:52:22.464 [info] > git status -z -uall [2ms]
2023-04-29 19:52:58.365 [info] > git show --textconv HEAD:src/App/Exercises/ReactExercises/SubRouteExercise3/Exercise3.jsx [6ms]
2023-04-29 19:52:58.367 [info] > git ls-tree -l HEAD -- /home/bontzkl/projects/projekcikpykpyk/pomeranian-bolierplate-public/src/App/Exercises/ReactExercises/SubRouteExercise3/Exercise3.jsx [3ms]
2023-04-29 19:53:10.195 [info] > git ls-tree -l HEAD -- /home/bontzkl/projects/projekcikpykpyk/pomeranian-bolierplate-public/src/App/Exercises/ReactExercises/SubRouteExercise3/Exercise3.jsx [6ms]
2023-04-29 19:53:10.200 [info] > git checkout -q -- /home/bontzkl/projects/projekcikpykpyk/pomeranian-bolierplate-public/src/App/Exercises/ReactExercises/SubRouteExercise3/Exercise3.jsx [6ms]
2023-04-29 19:53:10.216 [info] > git config --get commit.template [5ms]
2023-04-29 19:53:10.228 [info] > git for-each-ref --format=%(refname)%00%(upstream:short)%00%(objectname)%00%(upstream:track)%00%(upstream:remotename)%00%(upstream:remoteref) refs/heads/feature/exercise3 refs/remotes/feature/exercise3 [1ms]
2023-04-29 19:53:10.240 [info] > git status -z -uall [2ms]
2023-04-29 19:53:11.298 [info] > git config --get commit.template [6ms]
2023-04-29 19:53:11.299 [info] > git for-each-ref --format=%(refname)%00%(upstream:short)%00%(objectname)%00%(upstream:track)%00%(upstream:remotename)%00%(upstream:remoteref) refs/heads/feature/exercise3 refs/remotes/feature/exercise3 [1ms]
2023-04-29 19:53:11.306 [info] > git status -z -uall [3ms]
2023-04-29 19:53:11.407 [info] > git ls-files --stage -- /home/bontzkl/projects/projekcikpykpyk/pomeranian-bolierplate-public/src/App/Exercises/ReactExercises/SubRouteExercise3/Exercise3.jsx [6ms]
2023-04-29 19:53:11.412 [info] > git ls-tree -l HEAD -- /home/bontzkl/projects/projekcikpykpyk/pomeranian-bolierplate-public/src/App/Exercises/ReactExercises/SubRouteExercise3/Exercise3.jsx [5ms]
2023-04-29 19:53:11.414 [info] > git cat-file -s 921fa4da22b6709b9686db782afd62b5d93e3880 [3ms]
2023-04-29 19:53:11.423 [info] > git show --textconv HEAD:src/App/Exercises/ReactExercises/SubRouteExercise3/Exercise3.jsx [1ms]
2023-04-29 19:53:11.434 [info] > git show --textconv :src/App/Exercises/ReactExercises/SubRouteExercise3/Exercise3.jsx [1ms]
2023-04-29 19:53:16.314 [info] > git config --get commit.template [1ms]
2023-04-29 19:53:16.321 [info] > git for-each-ref --format=%(refname)%00%(upstream:short)%00%(objectname)%00%(upstream:track)%00%(upstream:remotename)%00%(upstream:remoteref) refs/heads/feature/exercise3 refs/remotes/feature/exercise3 [2ms]
2023-04-29 19:53:16.328 [info] > git status -z -uall [3ms]
2023-04-29 19:55:33.023 [info] > git config --get commit.template [7ms]
2023-04-29 19:55:33.023 [info] > git for-each-ref --format=%(refname)%00%(upstream:short)%00%(objectname)%00%(upstream:track)%00%(upstream:remotename)%00%(upstream:remoteref) refs/heads/feature/exercise3 refs/remotes/feature/exercise3 [1ms]
2023-04-29 19:55:33.030 [info] > git status -z -uall [2ms]
2023-04-29 19:55:39.734 [info] > git config --get commit.template [6ms]
2023-04-29 19:55:39.735 [info] > git for-each-ref --format=%(refname)%00%(upstream:short)%00%(objectname)%00%(upstream:track)%00%(upstream:remotename)%00%(upstream:remoteref) refs/heads/feature/exercise3 refs/remotes/feature/exercise3 [3ms]
2023-04-29 19:55:39.741 [info] > git status -z -uall [1ms]
2023-04-29 19:55:44.754 [info] > git config --get commit.template [5ms]
2023-04-29 19:55:44.754 [info] > git for-each-ref --format=%(refname)%00%(upstream:short)%00%(objectname)%00%(upstream:track)%00%(upstream:remotename)%00%(upstream:remoteref) refs/heads/feature/exercise3 refs/remotes/feature/exercise3 [1ms]
2023-04-29 19:55:44.760 [info] > git status -z -uall [2ms]
2023-04-29 19:58:01.136 [info] > git config --get commit.template [7ms]
2023-04-29 19:58:01.136 [info] > git for-each-ref --format=%(refname)%00%(upstream:short)%00%(objectname)%00%(upstream:track)%00%(upstream:remotename)%00%(upstream:remoteref) refs/heads/feature/exercise3 refs/remotes/feature/exercise3 [4ms]
2023-04-29 19:58:01.144 [info] > git status -z -uall [3ms]
2023-04-29 19:58:47.597 [info] > git config --get commit.template [6ms]
2023-04-29 19:58:47.598 [info] > git for-each-ref --format=%(refname)%00%(upstream:short)%00%(objectname)%00%(upstream:track)%00%(upstream:remotename)%00%(upstream:remoteref) refs/heads/feature/exercise3 refs/remotes/feature/exercise3 [1ms]
2023-04-29 19:58:47.607 [info] > git status -z -uall [2ms]
2023-04-29 19:59:16.197 [info] > git config --get commit.template [6ms]
2023-04-29 19:59:16.198 [info] > git for-each-ref --format=%(refname)%00%(upstream:short)%00%(objectname)%00%(upstream:track)%00%(upstream:remotename)%00%(upstream:remoteref) refs/heads/feature/exercise3 refs/remotes/feature/exercise3 [1ms]
2023-04-29 19:59:16.205 [info] > git status -z -uall [2ms]
2023-04-29 20:00:40.200 [info] > git config --get commit.template [2ms]
2023-04-29 20:00:40.205 [info] > git for-each-ref --format=%(refname)%00%(upstream:short)%00%(objectname)%00%(upstream:track)%00%(upstream:remotename)%00%(upstream:remoteref) refs/heads/feature/exercise3 refs/remotes/feature/exercise3 [1ms]
2023-04-29 20:00:40.212 [info] > git status -z -uall [2ms]
2023-04-29 20:03:56.902 [info] > git config --get commit.template [9ms]
2023-04-29 20:03:56.902 [info] > git for-each-ref --format=%(refname)%00%(upstream:short)%00%(objectname)%00%(upstream:track)%00%(upstream:remotename)%00%(upstream:remoteref) refs/heads/feature/exercise3 refs/remotes/feature/exercise3 [1ms]
2023-04-29 20:03:56.912 [info] > git status -z -uall [3ms]
2023-04-29 20:06:27.934 [info] > git config --get commit.template [8ms]
2023-04-29 20:06:27.934 [info] > git for-each-ref --format=%(refname)%00%(upstream:short)%00%(objectname)%00%(upstream:track)%00%(upstream:remotename)%00%(upstream:remoteref) refs/heads/feature/exercise3 refs/remotes/feature/exercise3 [1ms]
2023-04-29 20:06:27.943 [info] > git status -z -uall [2ms]
2023-04-29 20:06:45.519 [info] > git config --get commit.template [11ms]
2023-04-29 20:06:45.521 [info] > git for-each-ref --format=%(refname)%00%(upstream:short)%00%(objectname)%00%(upstream:track)%00%(upstream:remotename)%00%(upstream:remoteref) refs/heads/feature/exercise3 refs/remotes/feature/exercise3 [3ms]
2023-04-29 20:06:45.529 [info] > git status -z -uall [1ms]
2023-04-29 20:09:11.237 [info] > git config --get commit.template [8ms]
2023-04-29 20:09:11.237 [info] > git for-each-ref --format=%(refname)%00%(upstream:short)%00%(objectname)%00%(upstream:track)%00%(upstream:remotename)%00%(upstream:remoteref) refs/heads/feature/exercise3 refs/remotes/feature/exercise3 [1ms]
2023-04-29 20:09:11.249 [info] > git status -z -uall [1ms]
2023-04-29 20:10:02.633 [info] > git config --get commit.template [6ms]
2023-04-29 20:10:02.633 [info] > git for-each-ref --format=%(refname)%00%(upstream:short)%00%(objectname)%00%(upstream:track)%00%(upstream:remotename)%00%(upstream:remoteref) refs/heads/feature/exercise3 refs/remotes/feature/exercise3 [2ms]
2023-04-29 20:10:02.643 [info] > git status -z -uall [2ms]
2023-04-29 20:10:56.391 [info] > git config --get commit.template [1ms]
2023-04-29 20:10:56.399 [info] > git for-each-ref --format=%(refname)%00%(upstream:short)%00%(objectname)%00%(upstream:track)%00%(upstream:remotename)%00%(upstream:remoteref) refs/heads/feature/exercise3 refs/remotes/feature/exercise3 [1ms]
2023-04-29 20:10:56.407 [info] > git status -z -uall [2ms]
2023-04-29 20:11:32.810 [info] > git config --get commit.template [9ms]
2023-04-29 20:11:32.810 [info] > git for-each-ref --format=%(refname)%00%(upstream:short)%00%(objectname)%00%(upstream:track)%00%(upstream:remotename)%00%(upstream:remoteref) refs/heads/feature/exercise3 refs/remotes/feature/exercise3 [1ms]
2023-04-29 20:11:32.818 [info] > git status -z -uall [1ms]
2023-04-29 20:12:42.753 [info] > git config --get commit.template [10ms]
2023-04-29 20:12:42.753 [info] > git for-each-ref --format=%(refname)%00%(upstream:short)%00%(objectname)%00%(upstream:track)%00%(upstream:remotename)%00%(upstream:remoteref) refs/heads/feature/exercise3 refs/remotes/feature/exercise3 [1ms]
2023-04-29 20:12:42.760 [info] > git status -z -uall [1ms]
2023-04-29 20:13:02.535 [info] > git config --get commit.template [6ms]
2023-04-29 20:13:02.536 [info] > git for-each-ref --format=%(refname)%00%(upstream:short)%00%(objectname)%00%(upstream:track)%00%(upstream:remotename)%00%(upstream:remoteref) refs/heads/feature/exercise3 refs/remotes/feature/exercise3 [1ms]
2023-04-29 20:13:02.543 [info] > git status -z -uall [2ms]
2023-04-29 20:13:21.855 [info] > git config --get commit.template [23ms]
2023-04-29 20:13:21.856 [info] > git for-each-ref --format=%(refname)%00%(upstream:short)%00%(objectname)%00%(upstream:track)%00%(upstream:remotename)%00%(upstream:remoteref) refs/heads/feature/exercise3 refs/remotes/feature/exercise3 [4ms]
2023-04-29 20:13:21.870 [info] > git status -z -uall [1ms]
2023-04-29 20:13:29.496 [info] > git config --get commit.template [4ms]
2023-04-29 20:13:29.502 [info] > git for-each-ref --format=%(refname)%00%(upstream:short)%00%(objectname)%00%(upstream:track)%00%(upstream:remotename)%00%(upstream:remoteref) refs/heads/feature/exercise3 refs/remotes/feature/exercise3 [2ms]
2023-04-29 20:13:29.509 [info] > git status -z -uall [2ms]
2023-04-29 20:13:41.935 [info] > git config --get commit.template [31ms]
2023-04-29 20:13:41.935 [info] > git for-each-ref --format=%(refname)%00%(upstream:short)%00%(objectname)%00%(upstream:track)%00%(upstream:remotename)%00%(upstream:remoteref) refs/heads/feature/exercise3 refs/remotes/feature/exercise3 [11ms]
2023-04-29 20:13:41.947 [info] > git status -z -uall [1ms]
2023-04-29 20:16:53.109 [info] > git config --get commit.template [6ms]
2023-04-29 20:16:53.109 [info] > git for-each-ref --format=%(refname)%00%(upstream:short)%00%(objectname)%00%(upstream:track)%00%(upstream:remotename)%00%(upstream:remoteref) refs/heads/feature/exercise3 refs/remotes/feature/exercise3 [1ms]
2023-04-29 20:16:53.118 [info] > git status -z -uall [2ms]
2023-04-29 20:19:07.459 [info] > git config --get commit.template [1ms]
2023-04-29 20:19:07.472 [info] > git for-each-ref --format=%(refname)%00%(upstream:short)%00%(objectname)%00%(upstream:track)%00%(upstream:remotename)%00%(upstream:remoteref) refs/heads/feature/exercise3 refs/remotes/feature/exercise3 [2ms]
2023-04-29 20:19:07.491 [info] > git status -z -uall [2ms]
2023-04-29 20:19:15.727 [info] > git config --get commit.template [7ms]
2023-04-29 20:19:15.728 [info] > git for-each-ref --format=%(refname)%00%(upstream:short)%00%(objectname)%00%(upstream:track)%00%(upstream:remotename)%00%(upstream:remoteref) refs/heads/feature/exercise3 refs/remotes/feature/exercise3 [2ms]
2023-04-29 20:19:15.736 [info] > git status -z -uall [1ms]
2023-04-29 20:19:44.029 [info] > git config --get commit.template [1ms]
2023-04-29 20:19:44.035 [info] > git for-each-ref --format=%(refname)%00%(upstream:short)%00%(objectname)%00%(upstream:track)%00%(upstream:remotename)%00%(upstream:remoteref) refs/heads/feature/exercise3 refs/remotes/feature/exercise3 [1ms]
2023-04-29 20:19:44.041 [info] > git status -z -uall [2ms]
2023-04-29 20:19:45.912 [info] > git check-ignore -v -z --stdin [1ms]
2023-04-29 20:19:46.514 [info] > git show --textconv :src/App/Exercises/ReactExercises/SubRouteExercise2/Exercise2.jsx [9ms]
2023-04-29 20:19:46.516 [info] > git ls-files --stage -- /home/bontzkl/projects/projekcikpykpyk/pomeranian-bolierplate-public/src/App/Exercises/ReactExercises/SubRouteExercise2/Exercise2.jsx [3ms]
2023-04-29 20:19:46.522 [info] > git cat-file -s 3644662222e864ade001f143c8ba6fedc9e26dc3 [2ms]
2023-04-29 20:19:51.512 [info] > git check-ignore -v -z --stdin [1ms]
2023-04-29 20:19:52.344 [info] > git show --textconv :src/App/Exercises/ReactExercises/SubRouteExercise1/Exercise1.jsx [8ms]
2023-04-29 20:19:52.344 [info] > git ls-files --stage -- /home/bontzkl/projects/projekcikpykpyk/pomeranian-bolierplate-public/src/App/Exercises/ReactExercises/SubRouteExercise1/Exercise1.jsx [1ms]
2023-04-29 20:19:52.350 [info] > git cat-file -s 6cd975a0a193087abdc2b3a2eef953aea5caf611 [1ms]
2023-04-29 20:20:03.321 [info] > git show --textconv :src/App/Exercises/ReactExercises/SubRouteExercise1/router-data.jsx [9ms]
2023-04-29 20:20:03.323 [info] > git ls-files --stage -- /home/bontzkl/projects/projekcikpykpyk/pomeranian-bolierplate-public/src/App/Exercises/ReactExercises/SubRouteExercise1/router-data.jsx [4ms]
2023-04-29 20:20:03.335 [info] > git cat-file -s 334118213dd1f656997e8f76b2a8f9a188a87b54 [1ms]
2023-04-29 20:20:04.335 [info] > git show --textconv :src/App/Exercises/ReactExercises/SubRouteExercise2/router-data.jsx [7ms]
2023-04-29 20:20:04.336 [info] > git ls-files --stage -- /home/bontzkl/projects/projekcikpykpyk/pomeranian-bolierplate-public/src/App/Exercises/ReactExercises/SubRouteExercise2/router-data.jsx [2ms]
2023-04-29 20:20:04.343 [info] > git cat-file -s 65ab5e523c80f4af837fbc8a1ef2e3b66c4c2b85 [1ms]
2023-04-29 20:20:05.736 [info] > git show --textconv :src/App/Exercises/ReactExercises/SubRouteExercise2/Exercise2.jsx [10ms]
2023-04-29 20:20:05.737 [info] > git ls-files --stage -- /home/bontzkl/projects/projekcikpykpyk/pomeranian-bolierplate-public/src/App/Exercises/ReactExercises/SubRouteExercise2/Exercise2.jsx [4ms]
2023-04-29 20:20:05.747 [info] > git cat-file -s 3644662222e864ade001f143c8ba6fedc9e26dc3 [3ms]
2023-04-29 20:20:28.966 [info] > git show --textconv :node_modules/@testing-library/user-event/dist/utils/edit/calculateNewValue.d.ts [7ms]
2023-04-29 20:20:28.967 [info] > git ls-files --stage -- /home/bontzkl/projects/projekcikpykpyk/pomeranian-bolierplate-public/node_modules/@testing-library/user-event/dist/utils/edit/calculateNewValue.d.ts [3ms]
2023-04-29 20:20:29.217 [info] > git check-ignore -v -z --stdin [1ms]
2023-04-29 20:22:00.938 [info] > git config --get commit.template [5ms]
2023-04-29 20:22:00.938 [info] > git for-each-ref --format=%(refname)%00%(upstream:short)%00%(objectname)%00%(upstream:track)%00%(upstream:remotename)%00%(upstream:remoteref) refs/heads/feature/exercise3 refs/remotes/feature/exercise3 [1ms]
2023-04-29 20:22:00.944 [info] > git status -z -uall [2ms]
2023-04-29 20:25:45.863 [info] > git config --get commit.template [12ms]
2023-04-29 20:25:45.864 [info] > git for-each-ref --format=%(refname)%00%(upstream:short)%00%(objectname)%00%(upstream:track)%00%(upstream:remotename)%00%(upstream:remoteref) refs/heads/feature/exercise3 refs/remotes/feature/exercise3 [2ms]
2023-04-29 20:25:45.884 [info] > git status -z -uall [6ms]
2023-04-29 20:25:52.523 [info] > git config --get commit.template [1ms]
2023-04-29 20:25:52.531 [info] > git for-each-ref --format=%(refname)%00%(upstream:short)%00%(objectname)%00%(upstream:track)%00%(upstream:remotename)%00%(upstream:remoteref) refs/heads/feature/exercise3 refs/remotes/feature/exercise3 [1ms]
2023-04-29 20:25:52.538 [info] > git status -z -uall [2ms]
2023-04-29 20:28:07.454 [info] > git config --get commit.template [16ms]
2023-04-29 20:28:07.466 [info] > git for-each-ref --format=%(refname)%00%(upstream:short)%00%(objectname)%00%(upstream:track)%00%(upstream:remotename)%00%(upstream:remoteref) refs/heads/feature/exercise3 refs/remotes/feature/exercise3 [13ms]
2023-04-29 20:28:07.491 [info] > git status -z -uall [14ms]
2023-04-29 20:28:54.367 [info] > git config --get commit.template [6ms]
2023-04-29 20:28:54.367 [info] > git for-each-ref --format=%(refname)%00%(upstream:short)%00%(objectname)%00%(upstream:track)%00%(upstream:remotename)%00%(upstream:remoteref) refs/heads/feature/exercise3 refs/remotes/feature/exercise3 [1ms]
2023-04-29 20:28:54.373 [info] > git status -z -uall [2ms]
2023-04-29 20:31:47.905 [info] > git config --get commit.template [0ms]
2023-04-29 20:31:47.910 [info] > git for-each-ref --format=%(refname)%00%(upstream:short)%00%(objectname)%00%(upstream:track)%00%(upstream:remotename)%00%(upstream:remoteref) refs/heads/feature/exercise3 refs/remotes/feature/exercise3 [0ms]
2023-04-29 20:31:47.915 [info] > git status -z -uall [2ms]
2023-04-29 20:31:53.648 [info] > git config --get commit.template [5ms]
2023-04-29 20:31:53.648 [info] > git for-each-ref --format=%(refname)%00%(upstream:short)%00%(objectname)%00%(upstream:track)%00%(upstream:remotename)%00%(upstream:remoteref) refs/heads/feature/exercise3 refs/remotes/feature/exercise3 [1ms]
2023-04-29 20:31:53.657 [info] > git status -z -uall [3ms]
2023-04-29 20:33:20.968 [info] > git config --get commit.template [6ms]
2023-04-29 20:33:20.969 [info] > git for-each-ref --format=%(refname)%00%(upstream:short)%00%(objectname)%00%(upstream:track)%00%(upstream:remotename)%00%(upstream:remoteref) refs/heads/feature/exercise3 refs/remotes/feature/exercise3 [1ms]
2023-04-29 20:33:20.975 [info] > git status -z -uall [2ms]
2023-04-29 20:33:42.015 [info] > git checkout -q -- /home/bontzkl/projects/projekcikpykpyk/pomeranian-bolierplate-public/src/App/Exercises/ReactExercises/SubRouteExercise3/Exercise3.jsx [9ms]
2023-04-29 20:33:42.034 [info] > git config --get commit.template [7ms]
2023-04-29 20:33:42.035 [info] > git for-each-ref --format=%(refname)%00%(upstream:short)%00%(objectname)%00%(upstream:track)%00%(upstream:remotename)%00%(upstream:remoteref) refs/heads/feature/exercise3 refs/remotes/feature/exercise3 [2ms]
2023-04-29 20:33:42.047 [info] > git status -z -uall [2ms]
2023-04-29 20:33:43.154 [info] > git config --get commit.template [19ms]
2023-04-29 20:33:43.155 [info] > git for-each-ref --format=%(refname)%00%(upstream:short)%00%(objectname)%00%(upstream:track)%00%(upstream:remotename)%00%(upstream:remoteref) refs/heads/feature/exercise3 refs/remotes/feature/exercise3 [1ms]
2023-04-29 20:33:43.170 [info] > git status -z -uall [3ms]
2023-04-29 20:33:43.247 [info] > git ls-files --stage -- /home/bontzkl/projects/projekcikpykpyk/pomeranian-bolierplate-public/src/App/Exercises/ReactExercises/SubRouteExercise3/Exercise3.jsx [7ms]
2023-04-29 20:33:43.253 [info] > git ls-files --stage -- /home/bontzkl/projects/projekcikpykpyk/pomeranian-bolierplate-public/node_modules/@testing-library/user-event/dist/utils/edit/calculateNewValue.d.ts [8ms]
2023-04-29 20:33:43.255 [info] > git cat-file -s 921fa4da22b6709b9686db782afd62b5d93e3880 [2ms]
2023-04-29 20:33:43.272 [info] > git show --textconv :node_modules/@testing-library/user-event/dist/utils/edit/calculateNewValue.d.ts [8ms]
2023-04-29 20:33:43.273 [info] > git show --textconv :src/App/Exercises/ReactExercises/SubRouteExercise3/Exercise3.jsx [2ms]
2023-04-29 20:33:48.181 [info] > git config --get commit.template [1ms]
2023-04-29 20:33:48.188 [info] > git for-each-ref --format=%(refname)%00%(upstream:short)%00%(objectname)%00%(upstream:track)%00%(upstream:remotename)%00%(upstream:remoteref) refs/heads/feature/exercise3 refs/remotes/feature/exercise3 [0ms]
2023-04-29 20:33:48.196 [info] > git status -z -uall [2ms]
2023-04-29 20:40:06.016 [info] > git config --get commit.template [18ms]
2023-04-29 20:40:06.016 [info] > git for-each-ref --format=%(refname)%00%(upstream:short)%00%(objectname)%00%(upstream:track)%00%(upstream:remotename)%00%(upstream:remoteref) refs/heads/feature/exercise3 refs/remotes/feature/exercise3 [1ms]
2023-04-29 20:40:06.035 [info] > git status -z -uall [1ms]
2023-04-29 20:41:09.139 [info] > git config --get commit.template [19ms]
2023-04-29 20:41:09.142 [info] > git for-each-ref --format=%(refname)%00%(upstream:short)%00%(objectname)%00%(upstream:track)%00%(upstream:remotename)%00%(upstream:remoteref) refs/heads/feature/exercise3 refs/remotes/feature/exercise3 [4ms]
2023-04-29 20:41:09.157 [info] > git status -z -uall [1ms]
2023-04-29 20:41:21.951 [info] > git config --get commit.template [8ms]
2023-04-29 20:41:21.963 [info] > git for-each-ref --format=%(refname)%00%(upstream:short)%00%(objectname)%00%(upstream:track)%00%(upstream:remotename)%00%(upstream:remoteref) refs/heads/feature/exercise3 refs/remotes/feature/exercise3 [4ms]
2023-04-29 20:41:21.980 [info] > git status -z -uall [5ms]
2023-04-29 20:41:36.428 [info] > git config --get commit.template [7ms]
2023-04-29 20:41:36.429 [info] > git for-each-ref --format=%(refname)%00%(upstream:short)%00%(objectname)%00%(upstream:track)%00%(upstream:remotename)%00%(upstream:remoteref) refs/heads/feature/exercise3 refs/remotes/feature/exercise3 [2ms]
2023-04-29 20:41:36.439 [info] > git status -z -uall [2ms]
2023-04-29 20:41:55.209 [info] > git config --get commit.template [7ms]
2023-04-29 20:41:55.210 [info] > git for-each-ref --format=%(refname)%00%(upstream:short)%00%(objectname)%00%(upstream:track)%00%(upstream:remotename)%00%(upstream:remoteref) refs/heads/feature/exercise3 refs/remotes/feature/exercise3 [1ms]
2023-04-29 20:41:55.217 [info] > git status -z -uall [2ms]
2023-04-29 20:44:50.562 [info] > git config --get commit.template [1ms]
2023-04-29 20:44:50.568 [info] > git for-each-ref --format=%(refname)%00%(upstream:short)%00%(objectname)%00%(upstream:track)%00%(upstream:remotename)%00%(upstream:remoteref) refs/heads/feature/exercise3 refs/remotes/feature/exercise3 [1ms]
2023-04-29 20:44:50.576 [info] > git status -z -uall [3ms]
2023-04-29 20:46:52.351 [info] > git config --get commit.template [2ms]
2023-04-29 20:46:52.359 [info] > git for-each-ref --format=%(refname)%00%(upstream:short)%00%(objectname)%00%(upstream:track)%00%(upstream:remotename)%00%(upstream:remoteref) refs/heads/feature/exercise3 refs/remotes/feature/exercise3 [1ms]
2023-04-29 20:46:52.369 [info] > git status -z -uall [3ms]
2023-04-29 20:46:57.473 [info] > git config --get commit.template [2ms]
2023-04-29 20:46:57.479 [info] > git for-each-ref --format=%(refname)%00%(upstream:short)%00%(objectname)%00%(upstream:track)%00%(upstream:remotename)%00%(upstream:remoteref) refs/heads/feature/exercise3 refs/remotes/feature/exercise3 [1ms]
2023-04-29 20:46:57.488 [info] > git status -z -uall [2ms]
