2023-04-30 13:36:48.542 [info] Log level: Info
2023-04-30 13:36:48.542 [info] Validating found git in: "git"
2023-04-30 13:36:48.542 [info] Using git "" from "git"
2023-04-30 13:36:48.542 [info] > git rev-parse --show-toplevel [21ms]
2023-04-30 13:36:48.542 [info] > git rev-parse --git-dir --git-common-dir [24ms]
2023-04-30 13:36:48.542 [info] Open repository: /home/bontzkl/projects/projekcikpykpyk/pomeranian-bolierplate-public
2023-04-30 13:36:48.542 [info] > git config --get commit.template [19ms]
2023-04-30 13:36:48.542 [info] > git rev-parse --show-toplevel [32ms]
2023-04-30 13:36:48.552 [info] > git rev-parse --show-toplevel [11ms]
2023-04-30 13:36:48.776 [info] > git for-each-ref --format=%(refname)%00%(upstream:short)%00%(objectname)%00%(upstream:track)%00%(upstream:remotename)%00%(upstream:remoteref) refs/heads/feature/exercise3 refs/remotes/feature/exercise3 [225ms]
2023-04-30 13:36:48.786 [info] > git rev-parse --show-toplevel [224ms]
2023-04-30 13:36:48.803 [info] > git status -z -uall [18ms]
2023-04-30 13:36:49.071 [info] > git show --textconv :src/App/Exercises/ReactExercises/SubRouteExercise3/Exercise3.jsx [10ms]
2023-04-30 13:36:49.072 [info] > git config --get commit.template [25ms]
2023-04-30 13:36:49.082 [info] > git ls-files --stage -- /home/bontzkl/projects/projekcikpykpyk/pomeranian-bolierplate-public/src/App/Exercises/ReactExercises/SubRouteExercise3/Exercise3.jsx [13ms]
2023-04-30 13:36:49.130 [info] > git check-ignore -v -z --stdin [18ms]
2023-04-30 13:36:49.136 [info] > git cat-file -s 921fa4da22b6709b9686db782afd62b5d93e3880 [43ms]
2023-04-30 13:36:49.139 [info] > git for-each-ref --format=%(refname)%00%(upstream:short)%00%(objectname)%00%(upstream:track)%00%(upstream:remotename)%00%(upstream:remoteref) refs/heads/feature/exercise3 refs/remotes/feature/exercise3 [13ms]
2023-04-30 13:36:49.155 [info] > git status -z -uall [9ms]
2023-04-30 13:37:09.542 [info] > git check-ignore -v -z --stdin [0ms]
2023-04-30 13:37:10.415 [info] > git check-ignore -v -z --stdin [1ms]
2023-04-30 13:37:13.848 [info] > git show --textconv :node_modules/@testing-library/user-event/dist/utils/edit/calculateNewValue.d.ts [7ms]
2023-04-30 13:37:13.850 [info] > git ls-files --stage -- /home/bontzkl/projects/projekcikpykpyk/pomeranian-bolierplate-public/node_modules/@testing-library/user-event/dist/utils/edit/calculateNewValue.d.ts [3ms]
2023-04-30 13:37:14.010 [info] > git check-ignore -v -z --stdin [1ms]
2023-04-30 13:37:15.751 [info] > git show --textconv :src/App/Exercises/ReactExercises/SubRouteExercise4/Exercise4.jsx [5ms]
2023-04-30 13:37:15.753 [info] > git ls-files --stage -- /home/bontzkl/projects/projekcikpykpyk/pomeranian-bolierplate-public/src/App/Exercises/ReactExercises/SubRouteExercise4/Exercise4.jsx [3ms]
2023-04-30 13:37:15.759 [info] > git cat-file -s 65bb9a19fa3f46046ee6d09b0694b125c46b2df7 [2ms]
2023-04-30 13:37:36.141 [info] > git config --get commit.template [1ms]
2023-04-30 13:37:36.151 [info] > git for-each-ref --format=%(refname)%00%(upstream:short)%00%(objectname)%00%(upstream:track)%00%(upstream:remotename)%00%(upstream:remoteref) refs/heads/feature/exercise3 refs/remotes/feature/exercise3 [1ms]
2023-04-30 13:37:36.157 [info] > git status -z -uall [1ms]
2023-04-30 13:38:51.989 [info] > git config --get commit.template [6ms]
2023-04-30 13:38:51.998 [info] > git for-each-ref --format=%(refname)%00%(upstream:short)%00%(objectname)%00%(upstream:track)%00%(upstream:remotename)%00%(upstream:remoteref) refs/heads/feature/exercise3 refs/remotes/feature/exercise3 [1ms]
2023-04-30 13:38:52.009 [info] > git status -z -uall [2ms]
2023-04-30 13:44:50.769 [info] > git config --get commit.template [3ms]
2023-04-30 13:44:50.784 [info] > git for-each-ref --format=%(refname)%00%(upstream:short)%00%(objectname)%00%(upstream:track)%00%(upstream:remotename)%00%(upstream:remoteref) refs/heads/feature/exercise3 refs/remotes/feature/exercise3 [2ms]
2023-04-30 13:44:50.798 [info] > git status -z -uall [4ms]
2023-04-30 13:45:07.774 [info] > git config --get commit.template [2ms]
2023-04-30 13:45:07.782 [info] > git for-each-ref --format=%(refname)%00%(upstream:short)%00%(objectname)%00%(upstream:track)%00%(upstream:remotename)%00%(upstream:remoteref) refs/heads/feature/exercise3 refs/remotes/feature/exercise3 [2ms]
2023-04-30 13:45:07.793 [info] > git status -z -uall [3ms]
2023-04-30 13:46:20.645 [info] > git show --textconv :src/App/Exercises/ReactExercises/SubRouteExercise4/style.css [11ms]
2023-04-30 13:46:20.645 [info] > git ls-files --stage -- /home/bontzkl/projects/projekcikpykpyk/pomeranian-bolierplate-public/src/App/Exercises/ReactExercises/SubRouteExercise4/style.css [5ms]
2023-04-30 13:46:20.655 [info] > git cat-file -s 1329ab6b6aa01f14eac6ec8cb4e52262d266152d [4ms]
2023-04-30 13:46:21.620 [info] > git config --get commit.template [1ms]
2023-04-30 13:46:21.628 [info] > git for-each-ref --format=%(refname)%00%(upstream:short)%00%(objectname)%00%(upstream:track)%00%(upstream:remotename)%00%(upstream:remoteref) refs/heads/feature/exercise3 refs/remotes/feature/exercise3 [1ms]
2023-04-30 13:46:21.635 [info] > git status -z -uall [2ms]
2023-04-30 13:46:51.917 [info] > git config --get commit.template [5ms]
2023-04-30 13:46:51.917 [info] > git for-each-ref --format=%(refname)%00%(upstream:short)%00%(objectname)%00%(upstream:track)%00%(upstream:remotename)%00%(upstream:remoteref) refs/heads/feature/exercise3 refs/remotes/feature/exercise3 [1ms]
2023-04-30 13:46:51.924 [info] > git status -z -uall [2ms]
2023-04-30 13:47:04.733 [info] > git config --get commit.template [1ms]
2023-04-30 13:47:04.739 [info] > git for-each-ref --format=%(refname)%00%(upstream:short)%00%(objectname)%00%(upstream:track)%00%(upstream:remotename)%00%(upstream:remoteref) refs/heads/feature/exercise3 refs/remotes/feature/exercise3 [1ms]
2023-04-30 13:47:04.744 [info] > git status -z -uall [1ms]
2023-04-30 13:47:28.289 [info] > git config --get commit.template [5ms]
2023-04-30 13:47:28.290 [info] > git for-each-ref --format=%(refname)%00%(upstream:short)%00%(objectname)%00%(upstream:track)%00%(upstream:remotename)%00%(upstream:remoteref) refs/heads/feature/exercise3 refs/remotes/feature/exercise3 [2ms]
2023-04-30 13:47:28.295 [info] > git status -z -uall [1ms]
2023-04-30 13:47:33.305 [info] > git config --get commit.template [1ms]
2023-04-30 13:47:33.310 [info] > git for-each-ref --format=%(refname)%00%(upstream:short)%00%(objectname)%00%(upstream:track)%00%(upstream:remotename)%00%(upstream:remoteref) refs/heads/feature/exercise3 refs/remotes/feature/exercise3 [1ms]
2023-04-30 13:47:33.316 [info] > git status -z -uall [2ms]
2023-04-30 13:52:01.758 [info] > git config --get commit.template [14ms]
2023-04-30 13:52:01.759 [info] > git for-each-ref --format=%(refname)%00%(upstream:short)%00%(objectname)%00%(upstream:track)%00%(upstream:remotename)%00%(upstream:remoteref) refs/heads/feature/exercise3 refs/remotes/feature/exercise3 [3ms]
2023-04-30 13:52:01.770 [info] > git status -z -uall [2ms]
2023-04-30 13:52:07.402 [info] > git config --get commit.template [6ms]
2023-04-30 13:52:07.402 [info] > git for-each-ref --format=%(refname)%00%(upstream:short)%00%(objectname)%00%(upstream:track)%00%(upstream:remotename)%00%(upstream:remoteref) refs/heads/feature/exercise3 refs/remotes/feature/exercise3 [1ms]
2023-04-30 13:52:07.408 [info] > git status -z -uall [2ms]
2023-04-30 13:52:14.639 [info] > git config --get commit.template [6ms]
2023-04-30 13:52:14.640 [info] > git for-each-ref --format=%(refname)%00%(upstream:short)%00%(objectname)%00%(upstream:track)%00%(upstream:remotename)%00%(upstream:remoteref) refs/heads/feature/exercise3 refs/remotes/feature/exercise3 [1ms]
2023-04-30 13:52:14.646 [info] > git status -z -uall [2ms]
2023-04-30 13:52:19.656 [info] > git config --get commit.template [2ms]
2023-04-30 13:52:19.666 [info] > git for-each-ref --format=%(refname)%00%(upstream:short)%00%(objectname)%00%(upstream:track)%00%(upstream:remotename)%00%(upstream:remoteref) refs/heads/feature/exercise3 refs/remotes/feature/exercise3 [5ms]
2023-04-30 13:52:19.673 [info] > git status -z -uall [2ms]
2023-04-30 13:54:50.731 [info] > git config --get commit.template [6ms]
2023-04-30 13:54:50.739 [info] > git for-each-ref --format=%(refname)%00%(upstream:short)%00%(objectname)%00%(upstream:track)%00%(upstream:remotename)%00%(upstream:remoteref) refs/heads/feature/exercise3 refs/remotes/feature/exercise3 [2ms]
2023-04-30 13:54:50.750 [info] > git status -z -uall [2ms]
2023-04-30 13:56:02.611 [info] > git config --get commit.template [7ms]
2023-04-30 13:56:02.611 [info] > git for-each-ref --format=%(refname)%00%(upstream:short)%00%(objectname)%00%(upstream:track)%00%(upstream:remotename)%00%(upstream:remoteref) refs/heads/feature/exercise3 refs/remotes/feature/exercise3 [1ms]
2023-04-30 13:56:02.621 [info] > git status -z -uall [2ms]
2023-04-30 14:00:12.066 [info] > git config --get commit.template [7ms]
2023-04-30 14:00:12.067 [info] > git for-each-ref --format=%(refname)%00%(upstream:short)%00%(objectname)%00%(upstream:track)%00%(upstream:remotename)%00%(upstream:remoteref) refs/heads/feature/exercise3 refs/remotes/feature/exercise3 [3ms]
2023-04-30 14:00:12.073 [info] > git status -z -uall [1ms]
2023-04-30 14:04:05.480 [info] > git config --get commit.template [15ms]
2023-04-30 14:04:05.480 [info] > git for-each-ref --format=%(refname)%00%(upstream:short)%00%(objectname)%00%(upstream:track)%00%(upstream:remotename)%00%(upstream:remoteref) refs/heads/feature/exercise3 refs/remotes/feature/exercise3 [1ms]
2023-04-30 14:04:05.497 [info] > git status -z -uall [2ms]
2023-04-30 14:07:06.425 [info] > git config --get commit.template [7ms]
2023-04-30 14:07:06.426 [info] > git for-each-ref --format=%(refname)%00%(upstream:short)%00%(objectname)%00%(upstream:track)%00%(upstream:remotename)%00%(upstream:remoteref) refs/heads/feature/exercise3 refs/remotes/feature/exercise3 [1ms]
2023-04-30 14:07:06.432 [info] > git status -z -uall [2ms]
2023-04-30 14:07:49.177 [info] > git config --get commit.template [11ms]
2023-04-30 14:07:49.180 [info] > git for-each-ref --format=%(refname)%00%(upstream:short)%00%(objectname)%00%(upstream:track)%00%(upstream:remotename)%00%(upstream:remoteref) refs/heads/feature/exercise3 refs/remotes/feature/exercise3 [6ms]
2023-04-30 14:07:49.197 [info] > git status -z -uall [4ms]
2023-04-30 14:09:24.379 [info] > git config --get commit.template [1ms]
2023-04-30 14:09:24.385 [info] > git for-each-ref --format=%(refname)%00%(upstream:short)%00%(objectname)%00%(upstream:track)%00%(upstream:remotename)%00%(upstream:remoteref) refs/heads/feature/exercise3 refs/remotes/feature/exercise3 [0ms]
2023-04-30 14:09:24.391 [info] > git status -z -uall [1ms]
2023-04-30 14:09:39.562 [info] > git config --get commit.template [3ms]
2023-04-30 14:09:39.571 [info] > git for-each-ref --format=%(refname)%00%(upstream:short)%00%(objectname)%00%(upstream:track)%00%(upstream:remotename)%00%(upstream:remoteref) refs/heads/feature/exercise3 refs/remotes/feature/exercise3 [1ms]
2023-04-30 14:09:39.591 [info] > git status -z -uall [3ms]
2023-04-30 14:12:47.104 [info] > git config --get commit.template [7ms]
2023-04-30 14:12:47.105 [info] > git for-each-ref --format=%(refname)%00%(upstream:short)%00%(objectname)%00%(upstream:track)%00%(upstream:remotename)%00%(upstream:remoteref) refs/heads/feature/exercise3 refs/remotes/feature/exercise3 [2ms]
2023-04-30 14:12:47.111 [info] > git status -z -uall [2ms]
2023-04-30 14:12:59.588 [info] > git config --get commit.template [1ms]
2023-04-30 14:12:59.595 [info] > git for-each-ref --format=%(refname)%00%(upstream:short)%00%(objectname)%00%(upstream:track)%00%(upstream:remotename)%00%(upstream:remoteref) refs/heads/feature/exercise3 refs/remotes/feature/exercise3 [0ms]
2023-04-30 14:12:59.601 [info] > git status -z -uall [2ms]
2023-04-30 14:13:04.609 [info] > git config --get commit.template [0ms]
2023-04-30 14:13:04.615 [info] > git for-each-ref --format=%(refname)%00%(upstream:short)%00%(objectname)%00%(upstream:track)%00%(upstream:remotename)%00%(upstream:remoteref) refs/heads/feature/exercise3 refs/remotes/feature/exercise3 [1ms]
2023-04-30 14:13:04.621 [info] > git status -z -uall [2ms]
2023-04-30 14:13:22.307 [info] > git config --get commit.template [8ms]
2023-04-30 14:13:22.307 [info] > git for-each-ref --format=%(refname)%00%(upstream:short)%00%(objectname)%00%(upstream:track)%00%(upstream:remotename)%00%(upstream:remoteref) refs/heads/feature/exercise3 refs/remotes/feature/exercise3 [1ms]
2023-04-30 14:13:22.313 [info] > git status -z -uall [1ms]
2023-04-30 14:16:58.497 [info] > git show --textconv :src/App/Exercises/ReactExercises/SubRouteExercise3/Exercise3.jsx [19ms]
2023-04-30 14:16:58.500 [info] > git ls-files --stage -- /home/bontzkl/projects/projekcikpykpyk/pomeranian-bolierplate-public/src/App/Exercises/ReactExercises/SubRouteExercise3/Exercise3.jsx [10ms]
2023-04-30 14:16:58.512 [info] > git cat-file -s 921fa4da22b6709b9686db782afd62b5d93e3880 [2ms]
2023-04-30 14:17:03.015 [info] > git config --get commit.template [13ms]
2023-04-30 14:17:03.015 [info] > git for-each-ref --format=%(refname)%00%(upstream:short)%00%(objectname)%00%(upstream:track)%00%(upstream:remotename)%00%(upstream:remoteref) refs/heads/feature/exercise3 refs/remotes/feature/exercise3 [2ms]
2023-04-30 14:17:03.027 [info] > git status -z -uall [3ms]
2023-04-30 14:19:12.204 [info] > git config --get commit.template [1ms]
2023-04-30 14:19:12.211 [info] > git for-each-ref --format=%(refname)%00%(upstream:short)%00%(objectname)%00%(upstream:track)%00%(upstream:remotename)%00%(upstream:remoteref) refs/heads/feature/exercise3 refs/remotes/feature/exercise3 [1ms]
2023-04-30 14:19:12.221 [info] > git status -z -uall [1ms]
2023-04-30 14:21:48.558 [info] > git config --get commit.template [7ms]
2023-04-30 14:21:48.558 [info] > git for-each-ref --format=%(refname)%00%(upstream:short)%00%(objectname)%00%(upstream:track)%00%(upstream:remotename)%00%(upstream:remoteref) refs/heads/feature/exercise3 refs/remotes/feature/exercise3 [1ms]
2023-04-30 14:21:48.565 [info] > git status -z -uall [2ms]
2023-04-30 14:21:55.705 [info] > git config --get commit.template [7ms]
2023-04-30 14:21:55.706 [info] > git for-each-ref --format=%(refname)%00%(upstream:short)%00%(objectname)%00%(upstream:track)%00%(upstream:remotename)%00%(upstream:remoteref) refs/heads/feature/exercise3 refs/remotes/feature/exercise3 [2ms]
2023-04-30 14:21:55.713 [info] > git status -z -uall [2ms]
