2023-05-03 11:38:26.028 [info] Log level: Info
2023-05-03 11:38:26.028 [info] Validating found git in: "git"
2023-05-03 11:38:26.028 [info] Using git "2.34.1" from "git"
2023-05-03 11:38:26.028 [info] > git rev-parse --show-toplevel [35ms]
2023-05-03 11:38:26.042 [info] > git rev-parse --git-dir --git-common-dir [39ms]
2023-05-03 11:38:26.071 [info] Open repository: /home/bontzkl/projects/projekcikpykpyk/pomeranian-bolierplate-public
2023-05-03 11:38:26.131 [info] > git rev-parse --show-toplevel [28ms]
2023-05-03 11:38:26.146 [info] > git config --get commit.template [18ms]
2023-05-03 11:38:26.147 [info] > git rev-parse --show-toplevel [4ms]
2023-05-03 11:38:26.191 [info] > git rev-parse --show-toplevel [33ms]
2023-05-03 11:38:26.441 [info] > git for-each-ref --format=%(refname)%00%(upstream:short)%00%(objectname)%00%(upstream:track)%00%(upstream:remotename)%00%(upstream:remoteref) refs/heads/feature/exercise3 refs/remotes/feature/exercise3 [262ms]
2023-05-03 11:38:26.463 [info] > git rev-parse --show-toplevel [265ms]
2023-05-03 11:38:26.477 [info] > git status -z -uall [15ms]
2023-05-03 11:38:26.843 [info] > git show --textconv :src/App/Layout/styles/aside.css [341ms]
2023-05-03 11:38:26.843 [info] > git show --textconv :src/App/Layout/AppAside.jsx [332ms]
2023-05-03 11:38:26.843 [info] > git check-ignore -v -z --stdin [41ms]
2023-05-03 11:38:26.846 [info] > git config --get commit.template [61ms]
2023-05-03 11:38:26.846 [info] > git ls-files --stage -- /home/bontzkl/projects/projekcikpykpyk/pomeranian-bolierplate-public/src/App/Layout/AppAside.jsx [317ms]
2023-05-03 11:38:26.858 [info] > git ls-files --stage -- /home/bontzkl/projects/projekcikpykpyk/pomeranian-bolierplate-public/src/App/Layout/styles/aside.css [335ms]
2023-05-03 11:38:26.876 [info] > git cat-file -s 14276dbb8547cb2e0f5a7a4cf0bb19165cdcbdbc [10ms]
2023-05-03 11:38:26.878 [info] > git cat-file -s a20190b29679db739e17ae0239b477ebe146f4ca [23ms]
2023-05-03 11:38:26.894 [info] > git for-each-ref --format=%(refname)%00%(upstream:short)%00%(objectname)%00%(upstream:track)%00%(upstream:remotename)%00%(upstream:remoteref) refs/heads/feature/exercise3 refs/remotes/feature/exercise3 [6ms]
2023-05-03 11:38:26.915 [info] > git status -z -uall [7ms]
2023-05-03 11:39:37.668 [info] > git config --get commit.template [1ms]
2023-05-03 11:39:37.673 [info] > git for-each-ref --format=%(refname)%00%(upstream:short)%00%(objectname)%00%(upstream:track)%00%(upstream:remotename)%00%(upstream:remoteref) refs/heads/feature/exercise3 refs/remotes/feature/exercise3 [1ms]
2023-05-03 11:39:37.678 [info] > git status -z -uall [1ms]
2023-05-03 11:39:45.743 [info] > git config --get commit.template [1ms]
2023-05-03 11:39:45.748 [info] > git for-each-ref --format=%(refname)%00%(upstream:short)%00%(objectname)%00%(upstream:track)%00%(upstream:remotename)%00%(upstream:remoteref) refs/heads/feature/exercise3 refs/remotes/feature/exercise3 [1ms]
2023-05-03 11:39:45.755 [info] > git status -z -uall [2ms]
2023-05-03 11:40:06.181 [info] > git config --get commit.template [1ms]
2023-05-03 11:40:06.187 [info] > git for-each-ref --format=%(refname)%00%(upstream:short)%00%(objectname)%00%(upstream:track)%00%(upstream:remotename)%00%(upstream:remoteref) refs/heads/feature/exercise3 refs/remotes/feature/exercise3 [2ms]
2023-05-03 11:40:06.194 [info] > git status -z -uall [2ms]
2023-05-03 11:41:00.873 [info] > git config --get commit.template [1ms]
2023-05-03 11:41:00.878 [info] > git for-each-ref --format=%(refname)%00%(upstream:short)%00%(objectname)%00%(upstream:track)%00%(upstream:remotename)%00%(upstream:remoteref) refs/heads/feature/exercise3 refs/remotes/feature/exercise3 [1ms]
2023-05-03 11:41:00.886 [info] > git status -z -uall [2ms]
2023-05-03 11:41:07.831 [info] > git config --get commit.template [5ms]
2023-05-03 11:41:07.831 [info] > git for-each-ref --format=%(refname)%00%(upstream:short)%00%(objectname)%00%(upstream:track)%00%(upstream:remotename)%00%(upstream:remoteref) refs/heads/feature/exercise3 refs/remotes/feature/exercise3 [2ms]
2023-05-03 11:41:07.837 [info] > git status -z -uall [1ms]
2023-05-03 11:41:22.951 [info] > git config --get commit.template [1ms]
2023-05-03 11:41:22.957 [info] > git for-each-ref --format=%(refname)%00%(upstream:short)%00%(objectname)%00%(upstream:track)%00%(upstream:remotename)%00%(upstream:remoteref) refs/heads/feature/exercise3 refs/remotes/feature/exercise3 [1ms]
2023-05-03 11:41:22.963 [info] > git status -z -uall [2ms]
2023-05-03 11:41:38.619 [info] > git config --get commit.template [5ms]
2023-05-03 11:41:38.619 [info] > git for-each-ref --format=%(refname)%00%(upstream:short)%00%(objectname)%00%(upstream:track)%00%(upstream:remotename)%00%(upstream:remoteref) refs/heads/feature/exercise3 refs/remotes/feature/exercise3 [1ms]
2023-05-03 11:41:38.624 [info] > git status -z -uall [1ms]
2023-05-03 11:45:08.047 [info] > git config --get commit.template [5ms]
2023-05-03 11:45:08.047 [info] > git for-each-ref --format=%(refname)%00%(upstream:short)%00%(objectname)%00%(upstream:track)%00%(upstream:remotename)%00%(upstream:remoteref) refs/heads/feature/exercise3 refs/remotes/feature/exercise3 [1ms]
2023-05-03 11:45:08.054 [info] > git status -z -uall [2ms]
2023-05-03 11:45:59.142 [info] > git config --get commit.template [5ms]
2023-05-03 11:45:59.142 [info] > git for-each-ref --format=%(refname)%00%(upstream:short)%00%(objectname)%00%(upstream:track)%00%(upstream:remotename)%00%(upstream:remoteref) refs/heads/feature/exercise3 refs/remotes/feature/exercise3 [1ms]
2023-05-03 11:45:59.153 [info] > git status -z -uall [2ms]
2023-05-03 11:46:11.766 [info] > git config --get commit.template [1ms]
2023-05-03 11:46:11.771 [info] > git for-each-ref --format=%(refname)%00%(upstream:short)%00%(objectname)%00%(upstream:track)%00%(upstream:remotename)%00%(upstream:remoteref) refs/heads/feature/exercise3 refs/remotes/feature/exercise3 [1ms]
2023-05-03 11:46:11.776 [info] > git status -z -uall [1ms]
2023-05-03 11:46:33.958 [info] > git config --get commit.template [6ms]
2023-05-03 11:46:33.958 [info] > git for-each-ref --format=%(refname)%00%(upstream:short)%00%(objectname)%00%(upstream:track)%00%(upstream:remotename)%00%(upstream:remoteref) refs/heads/feature/exercise3 refs/remotes/feature/exercise3 [2ms]
2023-05-03 11:46:33.963 [info] > git status -z -uall [1ms]
2023-05-03 11:47:17.687 [info] > git config --get commit.template [5ms]
2023-05-03 11:47:17.687 [info] > git for-each-ref --format=%(refname)%00%(upstream:short)%00%(objectname)%00%(upstream:track)%00%(upstream:remotename)%00%(upstream:remoteref) refs/heads/feature/exercise3 refs/remotes/feature/exercise3 [1ms]
2023-05-03 11:47:17.692 [info] > git status -z -uall [2ms]
2023-05-03 11:48:41.169 [info] > git config --get commit.template [1ms]
2023-05-03 11:48:41.175 [info] > git for-each-ref --format=%(refname)%00%(upstream:short)%00%(objectname)%00%(upstream:track)%00%(upstream:remotename)%00%(upstream:remoteref) refs/heads/feature/exercise3 refs/remotes/feature/exercise3 [1ms]
2023-05-03 11:48:41.182 [info] > git status -z -uall [1ms]
2023-05-03 11:49:22.346 [info] > git config --get commit.template [4ms]
2023-05-03 11:49:22.346 [info] > git for-each-ref --format=%(refname)%00%(upstream:short)%00%(objectname)%00%(upstream:track)%00%(upstream:remotename)%00%(upstream:remoteref) refs/heads/feature/exercise3 refs/remotes/feature/exercise3 [1ms]
2023-05-03 11:49:22.352 [info] > git status -z -uall [2ms]
2023-05-03 11:50:34.006 [info] > git config --get commit.template [5ms]
2023-05-03 11:50:34.006 [info] > git for-each-ref --format=%(refname)%00%(upstream:short)%00%(objectname)%00%(upstream:track)%00%(upstream:remotename)%00%(upstream:remoteref) refs/heads/feature/exercise3 refs/remotes/feature/exercise3 [1ms]
2023-05-03 11:50:34.012 [info] > git status -z -uall [2ms]
2023-05-03 11:50:47.764 [info] > git config --get commit.template [6ms]
2023-05-03 11:50:47.764 [info] > git for-each-ref --format=%(refname)%00%(upstream:short)%00%(objectname)%00%(upstream:track)%00%(upstream:remotename)%00%(upstream:remoteref) refs/heads/feature/exercise3 refs/remotes/feature/exercise3 [1ms]
2023-05-03 11:50:47.770 [info] > git status -z -uall [2ms]
2023-05-03 11:51:10.011 [info] > git config --get commit.template [6ms]
2023-05-03 11:51:10.011 [info] > git for-each-ref --format=%(refname)%00%(upstream:short)%00%(objectname)%00%(upstream:track)%00%(upstream:remotename)%00%(upstream:remoteref) refs/heads/feature/exercise3 refs/remotes/feature/exercise3 [1ms]
2023-05-03 11:51:10.018 [info] > git status -z -uall [1ms]
2023-05-03 11:51:36.787 [info] > git config --get commit.template [10ms]
2023-05-03 11:51:36.788 [info] > git for-each-ref --format=%(refname)%00%(upstream:short)%00%(objectname)%00%(upstream:track)%00%(upstream:remotename)%00%(upstream:remoteref) refs/heads/feature/exercise3 refs/remotes/feature/exercise3 [4ms]
2023-05-03 11:51:36.794 [info] > git status -z -uall [2ms]
2023-05-03 11:53:08.757 [info] > git config --get commit.template [11ms]
2023-05-03 11:53:08.759 [info] > git for-each-ref --format=%(refname)%00%(upstream:short)%00%(objectname)%00%(upstream:track)%00%(upstream:remotename)%00%(upstream:remoteref) refs/heads/feature/exercise3 refs/remotes/feature/exercise3 [6ms]
2023-05-03 11:53:08.769 [info] > git status -z -uall [3ms]
2023-05-03 11:53:18.402 [info] > git config --get commit.template [1ms]
2023-05-03 11:53:18.408 [info] > git for-each-ref --format=%(refname)%00%(upstream:short)%00%(objectname)%00%(upstream:track)%00%(upstream:remotename)%00%(upstream:remoteref) refs/heads/feature/exercise3 refs/remotes/feature/exercise3 [1ms]
2023-05-03 11:53:18.414 [info] > git status -z -uall [2ms]
2023-05-03 11:53:49.681 [info] > git config --get commit.template [6ms]
2023-05-03 11:53:49.681 [info] > git for-each-ref --format=%(refname)%00%(upstream:short)%00%(objectname)%00%(upstream:track)%00%(upstream:remotename)%00%(upstream:remoteref) refs/heads/feature/exercise3 refs/remotes/feature/exercise3 [1ms]
2023-05-03 11:53:49.689 [info] > git status -z -uall [2ms]
2023-05-03 11:56:28.574 [info] > git show --textconv :node_modules/react-router-dom/dist/index.d.ts [7ms]
2023-05-03 11:56:28.576 [info] > git ls-files --stage -- /home/bontzkl/projects/projekcikpykpyk/pomeranian-bolierplate-public/node_modules/react-router-dom/dist/index.d.ts [3ms]
2023-05-03 11:56:28.802 [info] > git check-ignore -v -z --stdin [3ms]
2023-05-03 11:58:02.857 [info] > git config --get commit.template [1ms]
2023-05-03 11:58:02.862 [info] > git for-each-ref --format=%(refname)%00%(upstream:short)%00%(objectname)%00%(upstream:track)%00%(upstream:remotename)%00%(upstream:remoteref) refs/heads/feature/exercise3 refs/remotes/feature/exercise3 [1ms]
2023-05-03 11:58:02.870 [info] > git status -z -uall [2ms]
2023-05-03 11:58:17.701 [info] > git check-ignore -v -z --stdin [1ms]
2023-05-03 11:58:38.307 [info] > git show --textconv :src/App/Layout/styles/layout.css [5ms]
2023-05-03 11:58:38.308 [info] > git ls-files --stage -- /home/bontzkl/projects/projekcikpykpyk/pomeranian-bolierplate-public/src/App/Layout/styles/layout.css [1ms]
2023-05-03 11:58:38.322 [info] > git cat-file -s 83a3a4f18ea89b064f0f0b3fb5acec78c62d0744 [1ms]
2023-05-03 11:58:43.846 [info] > git check-ignore -v -z --stdin [1ms]
2023-05-03 11:58:46.506 [info] > git show --textconv :src/App/Layout/index.jsx [8ms]
2023-05-03 11:58:46.507 [info] > git ls-files --stage -- /home/bontzkl/projects/projekcikpykpyk/pomeranian-bolierplate-public/src/App/Layout/index.jsx [2ms]
2023-05-03 11:58:46.516 [info] > git cat-file -s a85bf34a43a7967625f7d66e0547fc17a765663d [1ms]
2023-05-03 11:58:54.285 [info] > git show --textconv :src/App.jsx [9ms]
2023-05-03 11:58:54.286 [info] > git ls-files --stage -- /home/bontzkl/projects/projekcikpykpyk/pomeranian-bolierplate-public/src/App.jsx [1ms]
2023-05-03 11:58:54.300 [info] > git cat-file -s 84233274d1deba1c491cdfa94ee9e7450c909207 [3ms]
2023-05-03 11:59:08.800 [info] > git show --textconv :src/App/Exercises/index.jsx [6ms]
2023-05-03 11:59:08.801 [info] > git ls-files --stage -- /home/bontzkl/projects/projekcikpykpyk/pomeranian-bolierplate-public/src/App/Exercises/index.jsx [2ms]
2023-05-03 11:59:08.807 [info] > git cat-file -s a8ed2c0a9649e1c69884209f8084d5ee8c3ee1db [1ms]
2023-05-03 11:59:09.050 [info] > git check-ignore -v -z --stdin [0ms]
2023-05-03 11:59:42.736 [info] > git show --textconv :src/App/Exercises/styles.css [6ms]
2023-05-03 11:59:42.737 [info] > git ls-files --stage -- /home/bontzkl/projects/projekcikpykpyk/pomeranian-bolierplate-public/src/App/Exercises/styles.css [2ms]
2023-05-03 11:59:42.743 [info] > git cat-file -s f15c63a603b1bbeb8f87a1ab481c367552bc806b [1ms]
2023-05-03 11:59:43.002 [info] > git check-ignore -v -z --stdin [0ms]
2023-05-03 12:00:36.718 [info] > git show --textconv :src/App/Exercises/Categories.jsx [7ms]
2023-05-03 12:00:36.719 [info] > git ls-files --stage -- /home/bontzkl/projects/projekcikpykpyk/pomeranian-bolierplate-public/src/App/Exercises/Categories.jsx [2ms]
2023-05-03 12:00:36.724 [info] > git cat-file -s 030d644e208df8e9fd6a5d617978a97e104d30d1 [1ms]
2023-05-03 12:00:36.973 [info] > git check-ignore -v -z --stdin [1ms]
2023-05-03 12:01:07.055 [info] > git show --textconv :node_modules/react-router/dist/lib/components.d.ts [6ms]
2023-05-03 12:01:07.056 [info] > git ls-files --stage -- /home/bontzkl/projects/projekcikpykpyk/pomeranian-bolierplate-public/node_modules/react-router/dist/lib/components.d.ts [2ms]
2023-05-03 12:01:07.321 [info] > git check-ignore -v -z --stdin [3ms]
2023-05-03 12:01:59.311 [info] > git show --textconv :src/App/Exercises/Categories.jsx [8ms]
2023-05-03 12:01:59.311 [info] > git ls-files --stage -- /home/bontzkl/projects/projekcikpykpyk/pomeranian-bolierplate-public/src/App/Exercises/Categories.jsx [2ms]
2023-05-03 12:01:59.317 [info] > git cat-file -s 030d644e208df8e9fd6a5d617978a97e104d30d1 [1ms]
