["INFO" - 1:36:48 PM] Extension Name: esbenp.prettier-vscode.
["INFO" - 1:36:48 PM] Extension Version: 9.12.0.
["INFO" - 1:37:27 PM] Formatting file:///home/bontzkl/projects/projekcikpykpyk/pomeranian-bolierplate-public/src/App/Exercises/ReactExercises/SubRouteExercise4/Exercise4.jsx
["INFO" - 1:37:27 PM] Using config file at '/home/bontzkl/projects/projekcikpykpyk/pomeranian-bolierplate-public/.prettierrc.json'
["INFO" - 1:37:27 PM] Using ignore file (if present) at /home/bontzkl/projects/projekcikpykpyk/pomeranian-bolierplate-public/.prettierignore
["INFO" - 1:37:27 PM] File Info:
{
  "ignored": false,
  "inferredParser": "babel"
}
["INFO" - 1:37:27 PM] Detected local configuration (i.e. .prettierrc or .editorconfig), VS Code configuration will not be used
["INFO" - 1:37:27 PM] Prettier Options:
{
  "filepath": "/home/bontzkl/projects/projekcikpykpyk/pomeranian-bolierplate-public/src/App/Exercises/ReactExercises/SubRouteExercise4/Exercise4.jsx",
  "parser": "babel",
  "singleQuote": true,
  "trailingComma": "es5",
  "endOfLine": "auto"
}
["INFO" - 1:37:27 PM] Formatting completed in 120ms.
["INFO" - 1:38:26 PM] Formatting file:///home/bontzkl/projects/projekcikpykpyk/pomeranian-bolierplate-public/src/App/Exercises/ReactExercises/SubRouteExercise4/Exercise4.jsx
["INFO" - 1:38:26 PM] Using config file at '/home/bontzkl/projects/projekcikpykpyk/pomeranian-bolierplate-public/.prettierrc.json'
["INFO" - 1:38:26 PM] Using ignore file (if present) at /home/bontzkl/projects/projekcikpykpyk/pomeranian-bolierplate-public/.prettierignore
["INFO" - 1:38:26 PM] File Info:
{
  "ignored": false,
  "inferredParser": "babel"
}
["INFO" - 1:38:26 PM] Detected local configuration (i.e. .prettierrc or .editorconfig), VS Code configuration will not be used
["INFO" - 1:38:26 PM] Prettier Options:
{
  "filepath": "/home/bontzkl/projects/projekcikpykpyk/pomeranian-bolierplate-public/src/App/Exercises/ReactExercises/SubRouteExercise4/Exercise4.jsx",
  "parser": "babel",
  "singleQuote": true,
  "trailingComma": "es5",
  "endOfLine": "auto"
}
["INFO" - 1:38:26 PM] Formatting completed in 37ms.
["INFO" - 1:39:32 PM] Formatting file:///home/bontzkl/projects/projekcikpykpyk/pomeranian-bolierplate-public/src/App/Exercises/ReactExercises/SubRouteExercise4/Exercise4.jsx
["INFO" - 1:39:32 PM] Using config file at '/home/bontzkl/projects/projekcikpykpyk/pomeranian-bolierplate-public/.prettierrc.json'
["INFO" - 1:39:32 PM] Using ignore file (if present) at /home/bontzkl/projects/projekcikpykpyk/pomeranian-bolierplate-public/.prettierignore
["INFO" - 1:39:32 PM] File Info:
{
  "ignored": false,
  "inferredParser": "babel"
}
["INFO" - 1:39:32 PM] Detected local configuration (i.e. .prettierrc or .editorconfig), VS Code configuration will not be used
["INFO" - 1:39:32 PM] Prettier Options:
{
  "filepath": "/home/bontzkl/projects/projekcikpykpyk/pomeranian-bolierplate-public/src/App/Exercises/ReactExercises/SubRouteExercise4/Exercise4.jsx",
  "parser": "babel",
  "singleQuote": true,
  "trailingComma": "es5",
  "endOfLine": "auto"
}
["INFO" - 1:39:32 PM] Formatting completed in 46ms.
["INFO" - 1:45:06 PM] Formatting file:///home/bontzkl/projects/projekcikpykpyk/pomeranian-bolierplate-public/src/App/Exercises/ReactExercises/SubRouteExercise4/Exercise4.jsx
["INFO" - 1:45:06 PM] Using config file at '/home/bontzkl/projects/projekcikpykpyk/pomeranian-bolierplate-public/.prettierrc.json'
["INFO" - 1:45:06 PM] Using ignore file (if present) at /home/bontzkl/projects/projekcikpykpyk/pomeranian-bolierplate-public/.prettierignore
["INFO" - 1:45:06 PM] File Info:
{
  "ignored": false,
  "inferredParser": "babel"
}
["INFO" - 1:45:06 PM] Detected local configuration (i.e. .prettierrc or .editorconfig), VS Code configuration will not be used
["INFO" - 1:45:06 PM] Prettier Options:
{
  "filepath": "/home/bontzkl/projects/projekcikpykpyk/pomeranian-bolierplate-public/src/App/Exercises/ReactExercises/SubRouteExercise4/Exercise4.jsx",
  "parser": "babel",
  "singleQuote": true,
  "trailingComma": "es5",
  "endOfLine": "auto"
}
["INFO" - 1:45:06 PM] Formatting completed in 25ms.
["INFO" - 1:46:20 PM] Formatting file:///home/bontzkl/projects/projekcikpykpyk/pomeranian-bolierplate-public/src/App/Exercises/ReactExercises/SubRouteExercise4/Exercise4.jsx
["INFO" - 1:46:20 PM] Using config file at '/home/bontzkl/projects/projekcikpykpyk/pomeranian-bolierplate-public/.prettierrc.json'
["INFO" - 1:46:20 PM] Using ignore file (if present) at /home/bontzkl/projects/projekcikpykpyk/pomeranian-bolierplate-public/.prettierignore
["INFO" - 1:46:20 PM] File Info:
{
  "ignored": false,
  "inferredParser": "babel"
}
["INFO" - 1:46:20 PM] Detected local configuration (i.e. .prettierrc or .editorconfig), VS Code configuration will not be used
["INFO" - 1:46:20 PM] Prettier Options:
{
  "filepath": "/home/bontzkl/projects/projekcikpykpyk/pomeranian-bolierplate-public/src/App/Exercises/ReactExercises/SubRouteExercise4/Exercise4.jsx",
  "parser": "babel",
  "singleQuote": true,
  "trailingComma": "es5",
  "endOfLine": "auto"
}
["INFO" - 1:46:20 PM] Formatting completed in 18ms.
["INFO" - 1:46:50 PM] Formatting file:///home/bontzkl/projects/projekcikpykpyk/pomeranian-bolierplate-public/src/App/Exercises/ReactExercises/SubRouteExercise4/style.css
["INFO" - 1:46:50 PM] Using config file at '/home/bontzkl/projects/projekcikpykpyk/pomeranian-bolierplate-public/.prettierrc.json'
["INFO" - 1:46:50 PM] Using ignore file (if present) at /home/bontzkl/projects/projekcikpykpyk/pomeranian-bolierplate-public/.prettierignore
["INFO" - 1:46:50 PM] File Info:
{
  "ignored": false,
  "inferredParser": "css"
}
["INFO" - 1:46:50 PM] Detected local configuration (i.e. .prettierrc or .editorconfig), VS Code configuration will not be used
["INFO" - 1:46:50 PM] Prettier Options:
{
  "filepath": "/home/bontzkl/projects/projekcikpykpyk/pomeranian-bolierplate-public/src/App/Exercises/ReactExercises/SubRouteExercise4/style.css",
  "parser": "css",
  "singleQuote": true,
  "trailingComma": "es5",
  "endOfLine": "auto"
}
["INFO" - 1:46:50 PM] Formatting completed in 41ms.
["INFO" - 1:47:03 PM] Formatting file:///home/bontzkl/projects/projekcikpykpyk/pomeranian-bolierplate-public/src/App/Exercises/ReactExercises/SubRouteExercise4/style.css
["INFO" - 1:47:03 PM] Using config file at '/home/bontzkl/projects/projekcikpykpyk/pomeranian-bolierplate-public/.prettierrc.json'
["INFO" - 1:47:03 PM] Using ignore file (if present) at /home/bontzkl/projects/projekcikpykpyk/pomeranian-bolierplate-public/.prettierignore
["INFO" - 1:47:03 PM] File Info:
{
  "ignored": false,
  "inferredParser": "css"
}
["INFO" - 1:47:03 PM] Detected local configuration (i.e. .prettierrc or .editorconfig), VS Code configuration will not be used
["INFO" - 1:47:03 PM] Prettier Options:
{
  "filepath": "/home/bontzkl/projects/projekcikpykpyk/pomeranian-bolierplate-public/src/App/Exercises/ReactExercises/SubRouteExercise4/style.css",
  "parser": "css",
  "singleQuote": true,
  "trailingComma": "es5",
  "endOfLine": "auto"
}
["INFO" - 1:47:03 PM] Formatting completed in 13ms.
["INFO" - 1:47:27 PM] Formatting file:///home/bontzkl/projects/projekcikpykpyk/pomeranian-bolierplate-public/src/App/Exercises/ReactExercises/SubRouteExercise4/style.css
["INFO" - 1:47:27 PM] Using config file at '/home/bontzkl/projects/projekcikpykpyk/pomeranian-bolierplate-public/.prettierrc.json'
["INFO" - 1:47:27 PM] Using ignore file (if present) at /home/bontzkl/projects/projekcikpykpyk/pomeranian-bolierplate-public/.prettierignore
["INFO" - 1:47:27 PM] File Info:
{
  "ignored": false,
  "inferredParser": "css"
}
["INFO" - 1:47:27 PM] Detected local configuration (i.e. .prettierrc or .editorconfig), VS Code configuration will not be used
["INFO" - 1:47:27 PM] Prettier Options:
{
  "filepath": "/home/bontzkl/projects/projekcikpykpyk/pomeranian-bolierplate-public/src/App/Exercises/ReactExercises/SubRouteExercise4/style.css",
  "parser": "css",
  "singleQuote": true,
  "trailingComma": "es5",
  "endOfLine": "auto"
}
["INFO" - 1:47:27 PM] Formatting completed in 14ms.
["INFO" - 1:47:31 PM] Formatting file:///home/bontzkl/projects/projekcikpykpyk/pomeranian-bolierplate-public/src/App/Exercises/ReactExercises/SubRouteExercise4/style.css
["INFO" - 1:47:31 PM] Using config file at '/home/bontzkl/projects/projekcikpykpyk/pomeranian-bolierplate-public/.prettierrc.json'
["INFO" - 1:47:31 PM] Using ignore file (if present) at /home/bontzkl/projects/projekcikpykpyk/pomeranian-bolierplate-public/.prettierignore
["INFO" - 1:47:31 PM] File Info:
{
  "ignored": false,
  "inferredParser": "css"
}
["INFO" - 1:47:31 PM] Detected local configuration (i.e. .prettierrc or .editorconfig), VS Code configuration will not be used
["INFO" - 1:47:31 PM] Prettier Options:
{
  "filepath": "/home/bontzkl/projects/projekcikpykpyk/pomeranian-bolierplate-public/src/App/Exercises/ReactExercises/SubRouteExercise4/style.css",
  "parser": "css",
  "singleQuote": true,
  "trailingComma": "es5",
  "endOfLine": "auto"
}
["INFO" - 1:47:31 PM] Formatting completed in 17ms.
["INFO" - 1:50:50 PM] Formatting file:///home/bontzkl/projects/projekcikpykpyk/pomeranian-bolierplate-public/src/App/Exercises/ReactExercises/SubRouteExercise4/style.css
["INFO" - 1:50:50 PM] Using config file at '/home/bontzkl/projects/projekcikpykpyk/pomeranian-bolierplate-public/.prettierrc.json'
["INFO" - 1:50:50 PM] Using ignore file (if present) at /home/bontzkl/projects/projekcikpykpyk/pomeranian-bolierplate-public/.prettierignore
["INFO" - 1:50:50 PM] File Info:
{
  "ignored": false,
  "inferredParser": "css"
}
["INFO" - 1:50:50 PM] Detected local configuration (i.e. .prettierrc or .editorconfig), VS Code configuration will not be used
["INFO" - 1:50:50 PM] Prettier Options:
{
  "filepath": "/home/bontzkl/projects/projekcikpykpyk/pomeranian-bolierplate-public/src/App/Exercises/ReactExercises/SubRouteExercise4/style.css",
  "parser": "css",
  "singleQuote": true,
  "trailingComma": "es5",
  "endOfLine": "auto"
}
["INFO" - 1:50:50 PM] Formatting completed in 51ms.
["INFO" - 1:52:06 PM] Formatting file:///home/bontzkl/projects/projekcikpykpyk/pomeranian-bolierplate-public/src/App/Exercises/ReactExercises/SubRouteExercise4/style.css
["INFO" - 1:52:06 PM] Using config file at '/home/bontzkl/projects/projekcikpykpyk/pomeranian-bolierplate-public/.prettierrc.json'
["INFO" - 1:52:06 PM] Using ignore file (if present) at /home/bontzkl/projects/projekcikpykpyk/pomeranian-bolierplate-public/.prettierignore
["INFO" - 1:52:06 PM] File Info:
{
  "ignored": false,
  "inferredParser": "css"
}
["INFO" - 1:52:06 PM] Detected local configuration (i.e. .prettierrc or .editorconfig), VS Code configuration will not be used
["INFO" - 1:52:06 PM] Prettier Options:
{
  "filepath": "/home/bontzkl/projects/projekcikpykpyk/pomeranian-bolierplate-public/src/App/Exercises/ReactExercises/SubRouteExercise4/style.css",
  "parser": "css",
  "singleQuote": true,
  "trailingComma": "es5",
  "endOfLine": "auto"
}
["INFO" - 1:52:06 PM] Formatting completed in 13ms.
["INFO" - 1:52:13 PM] Formatting file:///home/bontzkl/projects/projekcikpykpyk/pomeranian-bolierplate-public/src/App/Exercises/ReactExercises/SubRouteExercise4/style.css
["INFO" - 1:52:13 PM] Using config file at '/home/bontzkl/projects/projekcikpykpyk/pomeranian-bolierplate-public/.prettierrc.json'
["INFO" - 1:52:13 PM] Using ignore file (if present) at /home/bontzkl/projects/projekcikpykpyk/pomeranian-bolierplate-public/.prettierignore
["INFO" - 1:52:13 PM] File Info:
{
  "ignored": false,
  "inferredParser": "css"
}
["INFO" - 1:52:13 PM] Detected local configuration (i.e. .prettierrc or .editorconfig), VS Code configuration will not be used
["INFO" - 1:52:13 PM] Prettier Options:
{
  "filepath": "/home/bontzkl/projects/projekcikpykpyk/pomeranian-bolierplate-public/src/App/Exercises/ReactExercises/SubRouteExercise4/style.css",
  "parser": "css",
  "singleQuote": true,
  "trailingComma": "es5",
  "endOfLine": "auto"
}
["INFO" - 1:52:13 PM] Formatting completed in 16ms.
["INFO" - 1:52:16 PM] Formatting file:///home/bontzkl/projects/projekcikpykpyk/pomeranian-bolierplate-public/src/App/Exercises/ReactExercises/SubRouteExercise4/style.css
["INFO" - 1:52:16 PM] Using config file at '/home/bontzkl/projects/projekcikpykpyk/pomeranian-bolierplate-public/.prettierrc.json'
["INFO" - 1:52:16 PM] Using ignore file (if present) at /home/bontzkl/projects/projekcikpykpyk/pomeranian-bolierplate-public/.prettierignore
["INFO" - 1:52:16 PM] File Info:
{
  "ignored": false,
  "inferredParser": "css"
}
["INFO" - 1:52:16 PM] Detected local configuration (i.e. .prettierrc or .editorconfig), VS Code configuration will not be used
["INFO" - 1:52:16 PM] Prettier Options:
{
  "filepath": "/home/bontzkl/projects/projekcikpykpyk/pomeranian-bolierplate-public/src/App/Exercises/ReactExercises/SubRouteExercise4/style.css",
  "parser": "css",
  "singleQuote": true,
  "trailingComma": "es5",
  "endOfLine": "auto"
}
["INFO" - 1:52:16 PM] Formatting completed in 12ms.
["INFO" - 1:54:33 PM] Formatting file:///home/bontzkl/projects/projekcikpykpyk/pomeranian-bolierplate-public/src/App/Exercises/ReactExercises/SubRouteExercise4/Exercise4.jsx
["INFO" - 1:54:33 PM] Using config file at '/home/bontzkl/projects/projekcikpykpyk/pomeranian-bolierplate-public/.prettierrc.json'
["INFO" - 1:54:33 PM] Using ignore file (if present) at /home/bontzkl/projects/projekcikpykpyk/pomeranian-bolierplate-public/.prettierignore
["INFO" - 1:54:33 PM] File Info:
{
  "ignored": false,
  "inferredParser": "babel"
}
["INFO" - 1:54:33 PM] Detected local configuration (i.e. .prettierrc or .editorconfig), VS Code configuration will not be used
["INFO" - 1:54:33 PM] Prettier Options:
{
  "filepath": "/home/bontzkl/projects/projekcikpykpyk/pomeranian-bolierplate-public/src/App/Exercises/ReactExercises/SubRouteExercise4/Exercise4.jsx",
  "parser": "babel",
  "singleQuote": true,
  "trailingComma": "es5",
  "endOfLine": "auto"
}
["INFO" - 1:54:33 PM] Formatting completed in 23ms.
["INFO" - 1:56:01 PM] Formatting file:///home/bontzkl/projects/projekcikpykpyk/pomeranian-bolierplate-public/src/App/Exercises/ReactExercises/SubRouteExercise4/Exercise4.jsx
["INFO" - 1:56:01 PM] Using config file at '/home/bontzkl/projects/projekcikpykpyk/pomeranian-bolierplate-public/.prettierrc.json'
["INFO" - 1:56:01 PM] Using ignore file (if present) at /home/bontzkl/projects/projekcikpykpyk/pomeranian-bolierplate-public/.prettierignore
["INFO" - 1:56:01 PM] File Info:
{
  "ignored": false,
  "inferredParser": "babel"
}
["INFO" - 1:56:01 PM] Detected local configuration (i.e. .prettierrc or .editorconfig), VS Code configuration will not be used
["INFO" - 1:56:01 PM] Prettier Options:
{
  "filepath": "/home/bontzkl/projects/projekcikpykpyk/pomeranian-bolierplate-public/src/App/Exercises/ReactExercises/SubRouteExercise4/Exercise4.jsx",
  "parser": "babel",
  "singleQuote": true,
  "trailingComma": "es5",
  "endOfLine": "auto"
}
["INFO" - 1:56:01 PM] Formatting completed in 18ms.
["INFO" - 2:00:10 PM] Formatting file:///home/bontzkl/projects/projekcikpykpyk/pomeranian-bolierplate-public/src/App/Exercises/ReactExercises/SubRouteExercise4/Exercise4.jsx
["INFO" - 2:00:10 PM] Using config file at '/home/bontzkl/projects/projekcikpykpyk/pomeranian-bolierplate-public/.prettierrc.json'
["INFO" - 2:00:10 PM] Using ignore file (if present) at /home/bontzkl/projects/projekcikpykpyk/pomeranian-bolierplate-public/.prettierignore
["INFO" - 2:00:10 PM] File Info:
{
  "ignored": false,
  "inferredParser": "babel"
}
["INFO" - 2:00:10 PM] Detected local configuration (i.e. .prettierrc or .editorconfig), VS Code configuration will not be used
["INFO" - 2:00:10 PM] Prettier Options:
{
  "filepath": "/home/bontzkl/projects/projekcikpykpyk/pomeranian-bolierplate-public/src/App/Exercises/ReactExercises/SubRouteExercise4/Exercise4.jsx",
  "parser": "babel",
  "singleQuote": true,
  "trailingComma": "es5",
  "endOfLine": "auto"
}
["INFO" - 2:00:10 PM] Formatting completed in 32ms.
["INFO" - 2:04:04 PM] Formatting file:///home/bontzkl/projects/projekcikpykpyk/pomeranian-bolierplate-public/src/App/Exercises/ReactExercises/SubRouteExercise4/Exercise4.jsx
["INFO" - 2:04:04 PM] Using config file at '/home/bontzkl/projects/projekcikpykpyk/pomeranian-bolierplate-public/.prettierrc.json'
["INFO" - 2:04:04 PM] Using ignore file (if present) at /home/bontzkl/projects/projekcikpykpyk/pomeranian-bolierplate-public/.prettierignore
["INFO" - 2:04:04 PM] File Info:
{
  "ignored": false,
  "inferredParser": "babel"
}
["INFO" - 2:04:04 PM] Detected local configuration (i.e. .prettierrc or .editorconfig), VS Code configuration will not be used
["INFO" - 2:04:04 PM] Prettier Options:
{
  "filepath": "/home/bontzkl/projects/projekcikpykpyk/pomeranian-bolierplate-public/src/App/Exercises/ReactExercises/SubRouteExercise4/Exercise4.jsx",
  "parser": "babel",
  "singleQuote": true,
  "trailingComma": "es5",
  "endOfLine": "auto"
}
["INFO" - 2:04:04 PM] Formatting completed in 32ms.
["INFO" - 2:07:05 PM] Formatting file:///home/bontzkl/projects/projekcikpykpyk/pomeranian-bolierplate-public/src/App/Exercises/ReactExercises/SubRouteExercise4/Exercise4.jsx
["INFO" - 2:07:05 PM] Using config file at '/home/bontzkl/projects/projekcikpykpyk/pomeranian-bolierplate-public/.prettierrc.json'
["INFO" - 2:07:05 PM] Using ignore file (if present) at /home/bontzkl/projects/projekcikpykpyk/pomeranian-bolierplate-public/.prettierignore
["INFO" - 2:07:05 PM] File Info:
{
  "ignored": false,
  "inferredParser": "babel"
}
["INFO" - 2:07:05 PM] Detected local configuration (i.e. .prettierrc or .editorconfig), VS Code configuration will not be used
["INFO" - 2:07:05 PM] Prettier Options:
{
  "filepath": "/home/bontzkl/projects/projekcikpykpyk/pomeranian-bolierplate-public/src/App/Exercises/ReactExercises/SubRouteExercise4/Exercise4.jsx",
  "parser": "babel",
  "singleQuote": true,
  "trailingComma": "es5",
  "endOfLine": "auto"
}
["INFO" - 2:07:05 PM] Formatting completed in 38ms.
["INFO" - 2:07:26 PM] Formatting file:///home/bontzkl/projects/projekcikpykpyk/pomeranian-bolierplate-public/src/App/Exercises/ReactExercises/SubRouteExercise4/Exercise4.jsx
["INFO" - 2:07:26 PM] Using config file at '/home/bontzkl/projects/projekcikpykpyk/pomeranian-bolierplate-public/.prettierrc.json'
["INFO" - 2:07:26 PM] Using ignore file (if present) at /home/bontzkl/projects/projekcikpykpyk/pomeranian-bolierplate-public/.prettierignore
["INFO" - 2:07:26 PM] File Info:
{
  "ignored": false,
  "inferredParser": "babel"
}
["INFO" - 2:07:26 PM] Detected local configuration (i.e. .prettierrc or .editorconfig), VS Code configuration will not be used
["INFO" - 2:07:26 PM] Prettier Options:
{
  "filepath": "/home/bontzkl/projects/projekcikpykpyk/pomeranian-bolierplate-public/src/App/Exercises/ReactExercises/SubRouteExercise4/Exercise4.jsx",
  "parser": "babel",
  "singleQuote": true,
  "trailingComma": "es5",
  "endOfLine": "auto"
}
["INFO" - 2:07:26 PM] Formatting completed in 19ms.
["INFO" - 2:09:23 PM] Formatting file:///home/bontzkl/projects/projekcikpykpyk/pomeranian-bolierplate-public/src/App/Exercises/ReactExercises/SubRouteExercise4/Exercise4.jsx
["INFO" - 2:09:23 PM] Using config file at '/home/bontzkl/projects/projekcikpykpyk/pomeranian-bolierplate-public/.prettierrc.json'
["INFO" - 2:09:23 PM] Using ignore file (if present) at /home/bontzkl/projects/projekcikpykpyk/pomeranian-bolierplate-public/.prettierignore
["INFO" - 2:09:23 PM] File Info:
{
  "ignored": false,
  "inferredParser": "babel"
}
["INFO" - 2:09:23 PM] Detected local configuration (i.e. .prettierrc or .editorconfig), VS Code configuration will not be used
["INFO" - 2:09:23 PM] Prettier Options:
{
  "filepath": "/home/bontzkl/projects/projekcikpykpyk/pomeranian-bolierplate-public/src/App/Exercises/ReactExercises/SubRouteExercise4/Exercise4.jsx",
  "parser": "babel",
  "singleQuote": true,
  "trailingComma": "es5",
  "endOfLine": "auto"
}
["INFO" - 2:09:23 PM] Formatting completed in 23ms.
["INFO" - 2:09:38 PM] Formatting file:///home/bontzkl/projects/projekcikpykpyk/pomeranian-bolierplate-public/src/App/Exercises/ReactExercises/SubRouteExercise4/Exercise4.jsx
["INFO" - 2:09:38 PM] Using config file at '/home/bontzkl/projects/projekcikpykpyk/pomeranian-bolierplate-public/.prettierrc.json'
["INFO" - 2:09:38 PM] Using ignore file (if present) at /home/bontzkl/projects/projekcikpykpyk/pomeranian-bolierplate-public/.prettierignore
["INFO" - 2:09:38 PM] File Info:
{
  "ignored": false,
  "inferredParser": "babel"
}
["INFO" - 2:09:38 PM] Detected local configuration (i.e. .prettierrc or .editorconfig), VS Code configuration will not be used
["INFO" - 2:09:38 PM] Prettier Options:
{
  "filepath": "/home/bontzkl/projects/projekcikpykpyk/pomeranian-bolierplate-public/src/App/Exercises/ReactExercises/SubRouteExercise4/Exercise4.jsx",
  "parser": "babel",
  "singleQuote": true,
  "trailingComma": "es5",
  "endOfLine": "auto"
}
["INFO" - 2:09:38 PM] Formatting completed in 20ms.
["INFO" - 2:12:45 PM] Formatting file:///home/bontzkl/projects/projekcikpykpyk/pomeranian-bolierplate-public/src/App/Exercises/ReactExercises/SubRouteExercise4/Exercise4.jsx
["INFO" - 2:12:45 PM] Using config file at '/home/bontzkl/projects/projekcikpykpyk/pomeranian-bolierplate-public/.prettierrc.json'
["INFO" - 2:12:45 PM] Using ignore file (if present) at /home/bontzkl/projects/projekcikpykpyk/pomeranian-bolierplate-public/.prettierignore
["INFO" - 2:12:45 PM] File Info:
{
  "ignored": false,
  "inferredParser": "babel"
}
["INFO" - 2:12:45 PM] Detected local configuration (i.e. .prettierrc or .editorconfig), VS Code configuration will not be used
["INFO" - 2:12:45 PM] Prettier Options:
{
  "filepath": "/home/bontzkl/projects/projekcikpykpyk/pomeranian-bolierplate-public/src/App/Exercises/ReactExercises/SubRouteExercise4/Exercise4.jsx",
  "parser": "babel",
  "singleQuote": true,
  "trailingComma": "es5",
  "endOfLine": "auto"
}
["INFO" - 2:12:45 PM] Formatting completed in 32ms.
["INFO" - 2:12:58 PM] Formatting file:///home/bontzkl/projects/projekcikpykpyk/pomeranian-bolierplate-public/src/App/Exercises/ReactExercises/SubRouteExercise4/Exercise4.jsx
["INFO" - 2:12:58 PM] Using config file at '/home/bontzkl/projects/projekcikpykpyk/pomeranian-bolierplate-public/.prettierrc.json'
["INFO" - 2:12:58 PM] Using ignore file (if present) at /home/bontzkl/projects/projekcikpykpyk/pomeranian-bolierplate-public/.prettierignore
["INFO" - 2:12:58 PM] File Info:
{
  "ignored": false,
  "inferredParser": "babel"
}
["INFO" - 2:12:58 PM] Detected local configuration (i.e. .prettierrc or .editorconfig), VS Code configuration will not be used
["INFO" - 2:12:58 PM] Prettier Options:
{
  "filepath": "/home/bontzkl/projects/projekcikpykpyk/pomeranian-bolierplate-public/src/App/Exercises/ReactExercises/SubRouteExercise4/Exercise4.jsx",
  "parser": "babel",
  "singleQuote": true,
  "trailingComma": "es5",
  "endOfLine": "auto"
}
["INFO" - 2:12:58 PM] Formatting completed in 22ms.
["INFO" - 2:13:03 PM] Formatting file:///home/bontzkl/projects/projekcikpykpyk/pomeranian-bolierplate-public/src/App/Exercises/ReactExercises/SubRouteExercise4/Exercise4.jsx
["INFO" - 2:13:03 PM] Using config file at '/home/bontzkl/projects/projekcikpykpyk/pomeranian-bolierplate-public/.prettierrc.json'
["INFO" - 2:13:03 PM] Using ignore file (if present) at /home/bontzkl/projects/projekcikpykpyk/pomeranian-bolierplate-public/.prettierignore
["INFO" - 2:13:03 PM] File Info:
{
  "ignored": false,
  "inferredParser": "babel"
}
["INFO" - 2:13:03 PM] Detected local configuration (i.e. .prettierrc or .editorconfig), VS Code configuration will not be used
["INFO" - 2:13:03 PM] Prettier Options:
{
  "filepath": "/home/bontzkl/projects/projekcikpykpyk/pomeranian-bolierplate-public/src/App/Exercises/ReactExercises/SubRouteExercise4/Exercise4.jsx",
  "parser": "babel",
  "singleQuote": true,
  "trailingComma": "es5",
  "endOfLine": "auto"
}
["INFO" - 2:13:03 PM] Formatting completed in 23ms.
["INFO" - 2:13:21 PM] Formatting file:///home/bontzkl/projects/projekcikpykpyk/pomeranian-bolierplate-public/src/App/Exercises/ReactExercises/SubRouteExercise4/Exercise4.jsx
["INFO" - 2:13:21 PM] Using config file at '/home/bontzkl/projects/projekcikpykpyk/pomeranian-bolierplate-public/.prettierrc.json'
["INFO" - 2:13:21 PM] Using ignore file (if present) at /home/bontzkl/projects/projekcikpykpyk/pomeranian-bolierplate-public/.prettierignore
["INFO" - 2:13:21 PM] File Info:
{
  "ignored": false,
  "inferredParser": "babel"
}
["INFO" - 2:13:21 PM] Detected local configuration (i.e. .prettierrc or .editorconfig), VS Code configuration will not be used
["INFO" - 2:13:21 PM] Prettier Options:
{
  "filepath": "/home/bontzkl/projects/projekcikpykpyk/pomeranian-bolierplate-public/src/App/Exercises/ReactExercises/SubRouteExercise4/Exercise4.jsx",
  "parser": "babel",
  "singleQuote": true,
  "trailingComma": "es5",
  "endOfLine": "auto"
}
["INFO" - 2:13:21 PM] Formatting completed in 25ms.
["INFO" - 2:17:01 PM] Formatting file:///home/bontzkl/projects/projekcikpykpyk/pomeranian-bolierplate-public/src/App/Exercises/ReactExercises/SubRouteExercise3/Exercise3.jsx
["INFO" - 2:17:01 PM] Using config file at '/home/bontzkl/projects/projekcikpykpyk/pomeranian-bolierplate-public/.prettierrc.json'
["INFO" - 2:17:01 PM] Using ignore file (if present) at /home/bontzkl/projects/projekcikpykpyk/pomeranian-bolierplate-public/.prettierignore
["INFO" - 2:17:01 PM] File Info:
{
  "ignored": false,
  "inferredParser": "babel"
}
["INFO" - 2:17:01 PM] Detected local configuration (i.e. .prettierrc or .editorconfig), VS Code configuration will not be used
["INFO" - 2:17:01 PM] Prettier Options:
{
  "filepath": "/home/bontzkl/projects/projekcikpykpyk/pomeranian-bolierplate-public/src/App/Exercises/ReactExercises/SubRouteExercise3/Exercise3.jsx",
  "parser": "babel",
  "singleQuote": true,
  "trailingComma": "es5",
  "endOfLine": "auto"
}
["INFO" - 2:17:01 PM] Formatting completed in 41ms.
["INFO" - 2:19:11 PM] Formatting file:///home/bontzkl/projects/projekcikpykpyk/pomeranian-bolierplate-public/src/App/Exercises/ReactExercises/SubRouteExercise4/Exercise4.jsx
["INFO" - 2:19:11 PM] Using config file at '/home/bontzkl/projects/projekcikpykpyk/pomeranian-bolierplate-public/.prettierrc.json'
["INFO" - 2:19:11 PM] Using ignore file (if present) at /home/bontzkl/projects/projekcikpykpyk/pomeranian-bolierplate-public/.prettierignore
["INFO" - 2:19:11 PM] File Info:
{
  "ignored": false,
  "inferredParser": "babel"
}
["INFO" - 2:19:11 PM] Detected local configuration (i.e. .prettierrc or .editorconfig), VS Code configuration will not be used
["INFO" - 2:19:11 PM] Prettier Options:
{
  "filepath": "/home/bontzkl/projects/projekcikpykpyk/pomeranian-bolierplate-public/src/App/Exercises/ReactExercises/SubRouteExercise4/Exercise4.jsx",
  "parser": "babel",
  "singleQuote": true,
  "trailingComma": "es5",
  "endOfLine": "auto"
}
["INFO" - 2:19:11 PM] Formatting completed in 22ms.
["INFO" - 2:21:47 PM] Formatting file:///home/bontzkl/projects/projekcikpykpyk/pomeranian-bolierplate-public/src/App/Exercises/ReactExercises/SubRouteExercise4/Exercise4.jsx
["INFO" - 2:21:47 PM] Using config file at '/home/bontzkl/projects/projekcikpykpyk/pomeranian-bolierplate-public/.prettierrc.json'
["INFO" - 2:21:47 PM] Using ignore file (if present) at /home/bontzkl/projects/projekcikpykpyk/pomeranian-bolierplate-public/.prettierignore
["INFO" - 2:21:47 PM] File Info:
{
  "ignored": false,
  "inferredParser": "babel"
}
["INFO" - 2:21:47 PM] Detected local configuration (i.e. .prettierrc or .editorconfig), VS Code configuration will not be used
["INFO" - 2:21:47 PM] Prettier Options:
{
  "filepath": "/home/bontzkl/projects/projekcikpykpyk/pomeranian-bolierplate-public/src/App/Exercises/ReactExercises/SubRouteExercise4/Exercise4.jsx",
  "parser": "babel",
  "singleQuote": true,
  "trailingComma": "es5",
  "endOfLine": "auto"
}
["ERROR" - 2:21:47 PM] Error formatting document.
["ERROR" - 2:21:47 PM] Unexpected token, expected "..." (40:38)
  38 |       <h1>Czy A jest większe od B?</h1>
  39 |       <label>A:</label>
> 40 |       <input type="number" name="A" {(event)=>onChange{setValueA(event.target.value)}}onChange={handleChangeA} />
     |                                      ^
  41 |       <label>B:</label>
  42 |       <input type="number" name="B" onChange={handleChangeB} />
  43 |       {!isEmpty && (
SyntaxError: Unexpected token, expected "..." (40:38)
  38 |       <h1>Czy A jest większe od B?</h1>
  39 |       <label>A:</label>
> 40 |       <input type="number" name="A" {(event)=>onChange{setValueA(event.target.value)}}onChange={handleChangeA} />
     |                                      ^
  41 |       <label>B:</label>
  42 |       <input type="number" name="B" onChange={handleChangeB} />
  43 |       {!isEmpty && (
	at f (/home/bontzkl/projects/projekcikpykpyk/pomeranian-bolierplate-public/node_modules/prettier/parser-babel.js:22:1054)
	at d (/home/bontzkl/projects/projekcikpykpyk/pomeranian-bolierplate-public/node_modules/prettier/parser-babel.js:22:1287)
	at Object.parse (/home/bontzkl/projects/projekcikpykpyk/pomeranian-bolierplate-public/node_modules/prettier/parser-babel.js:29:54613)
	at Object.parse (/home/bontzkl/projects/projekcikpykpyk/pomeranian-bolierplate-public/node_modules/prettier/index.js:7515:23)
	at coreFormat (/home/bontzkl/projects/projekcikpykpyk/pomeranian-bolierplate-public/node_modules/prettier/index.js:8829:18)
	at formatWithCursor2 (/home/bontzkl/projects/projekcikpykpyk/pomeranian-bolierplate-public/node_modules/prettier/index.js:9021:18)
	at /home/bontzkl/projects/projekcikpykpyk/pomeranian-bolierplate-public/node_modules/prettier/index.js:38176:12
	at Object.format (/home/bontzkl/projects/projekcikpykpyk/pomeranian-bolierplate-public/node_modules/prettier/index.js:38190:12)
	at t.default.format (/home/bontzkl/.vscode-server/extensions/esbenp.prettier-vscode-9.12.0/dist/extension.js:1:14694)
	at async t.PrettierEditProvider.provideEdits (/home/bontzkl/.vscode-server/extensions/esbenp.prettier-vscode-9.12.0/dist/extension.js:1:11367)
	at async B.provideDocumentFormattingEdits (/home/bontzkl/.vscode-server/bin/704ed70d4fd1c6bd6342c436f1ede30d1cff4710/out/vs/workbench/api/node/extensionHostProcess.js:101:46615)
["INFO" - 2:21:47 PM] Formatting completed in 27ms.
["INFO" - 2:21:54 PM] Formatting file:///home/bontzkl/projects/projekcikpykpyk/pomeranian-bolierplate-public/src/App/Exercises/ReactExercises/SubRouteExercise4/Exercise4.jsx
["INFO" - 2:21:54 PM] Using config file at '/home/bontzkl/projects/projekcikpykpyk/pomeranian-bolierplate-public/.prettierrc.json'
["INFO" - 2:21:54 PM] Using ignore file (if present) at /home/bontzkl/projects/projekcikpykpyk/pomeranian-bolierplate-public/.prettierignore
["INFO" - 2:21:54 PM] File Info:
{
  "ignored": false,
  "inferredParser": "babel"
}
["INFO" - 2:21:54 PM] Detected local configuration (i.e. .prettierrc or .editorconfig), VS Code configuration will not be used
["INFO" - 2:21:54 PM] Prettier Options:
{
  "filepath": "/home/bontzkl/projects/projekcikpykpyk/pomeranian-bolierplate-public/src/App/Exercises/ReactExercises/SubRouteExercise4/Exercise4.jsx",
  "parser": "babel",
  "singleQuote": true,
  "trailingComma": "es5",
  "endOfLine": "auto"
}
["INFO" - 2:21:54 PM] Formatting completed in 21ms.
