2023-04-28 17:59:14.903 [info] Extension host with pid 1605 started
2023-04-28 17:59:15.011 [info] Lock '/home/bontzkl/.vscode-server/data/User/workspaceStorage/f8c7ad0c118f350c39f0b4a6bd7e3cc5/vscode.lock': Lock acquired.
2023-04-28 17:59:15.457 [info] ExtensionService#_doActivateExtension vscode.typescript-language-features, startup: false, activationEvent: 'onLanguage:javascriptreact'
2023-04-28 17:59:15.459 [info] ExtensionService#_doActivateExtension vscode.emmet, startup: false, activationEvent: 'onLanguage'
2023-04-28 17:59:16.804 [info] ExtensionService#_doActivateExtension vscode.git-base, startup: true, activationEvent: '*', root cause: vscode.git
2023-04-28 17:59:16.844 [info] ExtensionService#_doActivateExtension vscode.npm, startup: true, activationEvent: 'workspaceContains:package.json'
2023-04-28 17:59:17.192 [info] ExtensionService#_doActivateExtension vscode.git, startup: true, activationEvent: '*'
2023-04-28 17:59:17.201 [info] ExtensionService#_doActivateExtension vscode.github, startup: true, activationEvent: '*'
2023-04-28 17:59:18.494 [info] Eager extensions activated
2023-04-28 17:59:18.500 [info] ExtensionService#_doActivateExtension vscode.debug-auto-launch, startup: false, activationEvent: 'onStartupFinished'
2023-04-28 17:59:18.506 [info] ExtensionService#_doActivateExtension vscode.merge-conflict, startup: false, activationEvent: 'onStartupFinished'
2023-04-28 17:59:18.508 [info] ExtensionService#_doActivateExtension esbenp.prettier-vscode, startup: false, activationEvent: 'onStartupFinished'
2023-04-28 18:03:52.200 [error] [vscode.typescript-language-features] provider FAILED
2023-04-28 18:03:52.200 [error] Error: <semantic> TypeScript Server Error (5.0.4)
No Project.
Error: No Project.
    at Object.ThrowNoProject (/home/bontzkl/.vscode-server/bin/704ed70d4fd1c6bd6342c436f1ede30d1cff4710/extensions/node_modules/typescript/lib/tsserver.js:170274:11)
    at ScriptInfo.getDefaultProject (/home/bontzkl/.vscode-server/bin/704ed70d4fd1c6bd6342c436f1ede30d1cff4710/extensions/node_modules/typescript/lib/tsserver.js:171021:23)
    at _ProjectService.doEnsureDefaultProjectForFile (/home/bontzkl/.vscode-server/bin/704ed70d4fd1c6bd6342c436f1ede30d1cff4710/extensions/node_modules/typescript/lib/tsserver.js:174146:36)
    at _ProjectService.ensureDefaultProjectForFile (/home/bontzkl/.vscode-server/bin/704ed70d4fd1c6bd6342c436f1ede30d1cff4710/extensions/node_modules/typescript/lib/tsserver.js:174141:75)
    at IpcIOSession.getFileAndProjectWorker (/home/bontzkl/.vscode-server/bin/704ed70d4fd1c6bd6342c436f1ede30d1cff4710/extensions/node_modules/typescript/lib/tsserver.js:179058:77)
    at IpcIOSession.getFileAndProject (/home/bontzkl/.vscode-server/bin/704ed70d4fd1c6bd6342c436f1ede30d1cff4710/extensions/node_modules/typescript/lib/tsserver.js:179044:17)
    at IpcIOSession.getQuickInfoWorker (/home/bontzkl/.vscode-server/bin/704ed70d4fd1c6bd6342c436f1ede30d1cff4710/extensions/node_modules/typescript/lib/tsserver.js:179115:36)
    at quickinfo (/home/bontzkl/.vscode-server/bin/704ed70d4fd1c6bd6342c436f1ede30d1cff4710/extensions/node_modules/typescript/lib/tsserver.js:177554:43)
    at /home/bontzkl/.vscode-server/bin/704ed70d4fd1c6bd6342c436f1ede30d1cff4710/extensions/node_modules/typescript/lib/tsserver.js:179985:69
    at IpcIOSession.executeWithRequestId (/home/bontzkl/.vscode-server/bin/704ed70d4fd1c6bd6342c436f1ede30d1cff4710/extensions/node_modules/typescript/lib/tsserver.js:179977:14)
    at IpcIOSession.executeCommand (/home/bontzkl/.vscode-server/bin/704ed70d4fd1c6bd6342c436f1ede30d1cff4710/extensions/node_modules/typescript/lib/tsserver.js:179985:29)
    at IpcIOSession.onMessage (/home/bontzkl/.vscode-server/bin/704ed70d4fd1c6bd6342c436f1ede30d1cff4710/extensions/node_modules/typescript/lib/tsserver.js:180027:51)
    at process.<anonymous> (/home/bontzkl/.vscode-server/bin/704ed70d4fd1c6bd6342c436f1ede30d1cff4710/extensions/node_modules/typescript/lib/tsserver.js:181594:14)
    at process.emit (node:events:526:28)
    at emit (node:internal/child_process:938:14)
    at processTicksAndRejections (node:internal/process/task_queues:84:21)
	at Function.create (/home/bontzkl/.vscode-server/bin/704ed70d4fd1c6bd6342c436f1ede30d1cff4710/extensions/typescript-language-features/dist/extension.js:2:901289)
	at h.w (/home/bontzkl/.vscode-server/bin/704ed70d4fd1c6bd6342c436f1ede30d1cff4710/extensions/typescript-language-features/dist/extension.js:2:896498)
	at h.u (/home/bontzkl/.vscode-server/bin/704ed70d4fd1c6bd6342c436f1ede30d1cff4710/extensions/typescript-language-features/dist/extension.js:2:895563)
	at ChildProcess.<anonymous> (/home/bontzkl/.vscode-server/bin/704ed70d4fd1c6bd6342c436f1ede30d1cff4710/extensions/typescript-language-features/dist/extension.js:2:895195)
	at ChildProcess.emit (node:events:526:28)
	at emit (node:internal/child_process:938:14)
	at processTicksAndRejections (node:internal/process/task_queues:84:21)
2023-04-28 18:03:52.535 [error] [vscode.typescript-language-features] provider FAILED
2023-04-28 18:03:52.535 [error] Error: <semantic> TypeScript Server Error (5.0.4)
No Project.
Error: No Project.
    at Object.ThrowNoProject (/home/bontzkl/.vscode-server/bin/704ed70d4fd1c6bd6342c436f1ede30d1cff4710/extensions/node_modules/typescript/lib/tsserver.js:170274:11)
    at ScriptInfo.getDefaultProject (/home/bontzkl/.vscode-server/bin/704ed70d4fd1c6bd6342c436f1ede30d1cff4710/extensions/node_modules/typescript/lib/tsserver.js:171021:23)
    at _ProjectService.doEnsureDefaultProjectForFile (/home/bontzkl/.vscode-server/bin/704ed70d4fd1c6bd6342c436f1ede30d1cff4710/extensions/node_modules/typescript/lib/tsserver.js:174146:36)
    at _ProjectService.ensureDefaultProjectForFile (/home/bontzkl/.vscode-server/bin/704ed70d4fd1c6bd6342c436f1ede30d1cff4710/extensions/node_modules/typescript/lib/tsserver.js:174141:75)
    at IpcIOSession.getFileAndProjectWorker (/home/bontzkl/.vscode-server/bin/704ed70d4fd1c6bd6342c436f1ede30d1cff4710/extensions/node_modules/typescript/lib/tsserver.js:179058:77)
    at IpcIOSession.getFileAndProject (/home/bontzkl/.vscode-server/bin/704ed70d4fd1c6bd6342c436f1ede30d1cff4710/extensions/node_modules/typescript/lib/tsserver.js:179044:17)
    at IpcIOSession.getQuickInfoWorker (/home/bontzkl/.vscode-server/bin/704ed70d4fd1c6bd6342c436f1ede30d1cff4710/extensions/node_modules/typescript/lib/tsserver.js:179115:36)
    at quickinfo (/home/bontzkl/.vscode-server/bin/704ed70d4fd1c6bd6342c436f1ede30d1cff4710/extensions/node_modules/typescript/lib/tsserver.js:177554:43)
    at /home/bontzkl/.vscode-server/bin/704ed70d4fd1c6bd6342c436f1ede30d1cff4710/extensions/node_modules/typescript/lib/tsserver.js:179985:69
    at IpcIOSession.executeWithRequestId (/home/bontzkl/.vscode-server/bin/704ed70d4fd1c6bd6342c436f1ede30d1cff4710/extensions/node_modules/typescript/lib/tsserver.js:179977:14)
    at IpcIOSession.executeCommand (/home/bontzkl/.vscode-server/bin/704ed70d4fd1c6bd6342c436f1ede30d1cff4710/extensions/node_modules/typescript/lib/tsserver.js:179985:29)
    at IpcIOSession.onMessage (/home/bontzkl/.vscode-server/bin/704ed70d4fd1c6bd6342c436f1ede30d1cff4710/extensions/node_modules/typescript/lib/tsserver.js:180027:51)
    at process.<anonymous> (/home/bontzkl/.vscode-server/bin/704ed70d4fd1c6bd6342c436f1ede30d1cff4710/extensions/node_modules/typescript/lib/tsserver.js:181594:14)
    at process.emit (node:events:526:28)
    at emit (node:internal/child_process:938:14)
    at processTicksAndRejections (node:internal/process/task_queues:84:21)
	at Function.create (/home/bontzkl/.vscode-server/bin/704ed70d4fd1c6bd6342c436f1ede30d1cff4710/extensions/typescript-language-features/dist/extension.js:2:901289)
	at h.w (/home/bontzkl/.vscode-server/bin/704ed70d4fd1c6bd6342c436f1ede30d1cff4710/extensions/typescript-language-features/dist/extension.js:2:896498)
	at h.u (/home/bontzkl/.vscode-server/bin/704ed70d4fd1c6bd6342c436f1ede30d1cff4710/extensions/typescript-language-features/dist/extension.js:2:895563)
	at ChildProcess.<anonymous> (/home/bontzkl/.vscode-server/bin/704ed70d4fd1c6bd6342c436f1ede30d1cff4710/extensions/typescript-language-features/dist/extension.js:2:895195)
	at ChildProcess.emit (node:events:526:28)
	at emit (node:internal/child_process:938:14)
	at processTicksAndRejections (node:internal/process/task_queues:84:21)
2023-04-28 18:03:54.765 [error] [vscode.typescript-language-features] provider FAILED
2023-04-28 18:03:54.766 [error] Error: <semantic> TypeScript Server Error (5.0.4)
No Project.
Error: No Project.
    at Object.ThrowNoProject (/home/bontzkl/.vscode-server/bin/704ed70d4fd1c6bd6342c436f1ede30d1cff4710/extensions/node_modules/typescript/lib/tsserver.js:170274:11)
    at ScriptInfo.getDefaultProject (/home/bontzkl/.vscode-server/bin/704ed70d4fd1c6bd6342c436f1ede30d1cff4710/extensions/node_modules/typescript/lib/tsserver.js:171021:23)
    at _ProjectService.doEnsureDefaultProjectForFile (/home/bontzkl/.vscode-server/bin/704ed70d4fd1c6bd6342c436f1ede30d1cff4710/extensions/node_modules/typescript/lib/tsserver.js:174146:36)
    at _ProjectService.ensureDefaultProjectForFile (/home/bontzkl/.vscode-server/bin/704ed70d4fd1c6bd6342c436f1ede30d1cff4710/extensions/node_modules/typescript/lib/tsserver.js:174141:75)
    at IpcIOSession.getFileAndProjectWorker (/home/bontzkl/.vscode-server/bin/704ed70d4fd1c6bd6342c436f1ede30d1cff4710/extensions/node_modules/typescript/lib/tsserver.js:179058:77)
    at IpcIOSession.getFileAndProject (/home/bontzkl/.vscode-server/bin/704ed70d4fd1c6bd6342c436f1ede30d1cff4710/extensions/node_modules/typescript/lib/tsserver.js:179044:17)
    at IpcIOSession.getDocumentHighlights (/home/bontzkl/.vscode-server/bin/704ed70d4fd1c6bd6342c436f1ede30d1cff4710/extensions/node_modules/typescript/lib/tsserver.js:178819:36)
    at documentHighlights (/home/bontzkl/.vscode-server/bin/704ed70d4fd1c6bd6342c436f1ede30d1cff4710/extensions/node_modules/typescript/lib/tsserver.js:177797:43)
    at /home/bontzkl/.vscode-server/bin/704ed70d4fd1c6bd6342c436f1ede30d1cff4710/extensions/node_modules/typescript/lib/tsserver.js:179985:69
    at IpcIOSession.executeWithRequestId (/home/bontzkl/.vscode-server/bin/704ed70d4fd1c6bd6342c436f1ede30d1cff4710/extensions/node_modules/typescript/lib/tsserver.js:179977:14)
    at IpcIOSession.executeCommand (/home/bontzkl/.vscode-server/bin/704ed70d4fd1c6bd6342c436f1ede30d1cff4710/extensions/node_modules/typescript/lib/tsserver.js:179985:29)
    at IpcIOSession.onMessage (/home/bontzkl/.vscode-server/bin/704ed70d4fd1c6bd6342c436f1ede30d1cff4710/extensions/node_modules/typescript/lib/tsserver.js:180027:51)
    at process.<anonymous> (/home/bontzkl/.vscode-server/bin/704ed70d4fd1c6bd6342c436f1ede30d1cff4710/extensions/node_modules/typescript/lib/tsserver.js:181594:14)
    at process.emit (node:events:526:28)
    at emit (node:internal/child_process:938:14)
    at processTicksAndRejections (node:internal/process/task_queues:84:21)
	at Function.create (/home/bontzkl/.vscode-server/bin/704ed70d4fd1c6bd6342c436f1ede30d1cff4710/extensions/typescript-language-features/dist/extension.js:2:901289)
	at h.w (/home/bontzkl/.vscode-server/bin/704ed70d4fd1c6bd6342c436f1ede30d1cff4710/extensions/typescript-language-features/dist/extension.js:2:896498)
	at h.u (/home/bontzkl/.vscode-server/bin/704ed70d4fd1c6bd6342c436f1ede30d1cff4710/extensions/typescript-language-features/dist/extension.js:2:895563)
	at ChildProcess.<anonymous> (/home/bontzkl/.vscode-server/bin/704ed70d4fd1c6bd6342c436f1ede30d1cff4710/extensions/typescript-language-features/dist/extension.js:2:895195)
	at ChildProcess.emit (node:events:526:28)
	at emit (node:internal/child_process:938:14)
	at processTicksAndRejections (node:internal/process/task_queues:84:21)
2023-04-28 18:03:54.985 [error] [vscode.typescript-language-features] provider FAILED
2023-04-28 18:03:54.985 [error] Error: <semantic> TypeScript Server Error (5.0.4)
No Project.
Error: No Project.
    at Object.ThrowNoProject (/home/bontzkl/.vscode-server/bin/704ed70d4fd1c6bd6342c436f1ede30d1cff4710/extensions/node_modules/typescript/lib/tsserver.js:170274:11)
    at ScriptInfo.getDefaultProject (/home/bontzkl/.vscode-server/bin/704ed70d4fd1c6bd6342c436f1ede30d1cff4710/extensions/node_modules/typescript/lib/tsserver.js:171021:23)
    at _ProjectService.doEnsureDefaultProjectForFile (/home/bontzkl/.vscode-server/bin/704ed70d4fd1c6bd6342c436f1ede30d1cff4710/extensions/node_modules/typescript/lib/tsserver.js:174146:36)
    at _ProjectService.ensureDefaultProjectForFile (/home/bontzkl/.vscode-server/bin/704ed70d4fd1c6bd6342c436f1ede30d1cff4710/extensions/node_modules/typescript/lib/tsserver.js:174141:75)
    at IpcIOSession.getFileAndProjectWorker (/home/bontzkl/.vscode-server/bin/704ed70d4fd1c6bd6342c436f1ede30d1cff4710/extensions/node_modules/typescript/lib/tsserver.js:179058:77)
    at IpcIOSession.getFileAndProject (/home/bontzkl/.vscode-server/bin/704ed70d4fd1c6bd6342c436f1ede30d1cff4710/extensions/node_modules/typescript/lib/tsserver.js:179044:17)
    at IpcIOSession.getApplicableRefactors (/home/bontzkl/.vscode-server/bin/704ed70d4fd1c6bd6342c436f1ede30d1cff4710/extensions/node_modules/typescript/lib/tsserver.js:179603:36)
    at getApplicableRefactors (/home/bontzkl/.vscode-server/bin/704ed70d4fd1c6bd6342c436f1ede30d1cff4710/extensions/node_modules/typescript/lib/tsserver.js:177862:43)
    at /home/bontzkl/.vscode-server/bin/704ed70d4fd1c6bd6342c436f1ede30d1cff4710/extensions/node_modules/typescript/lib/tsserver.js:179985:69
    at IpcIOSession.executeWithRequestId (/home/bontzkl/.vscode-server/bin/704ed70d4fd1c6bd6342c436f1ede30d1cff4710/extensions/node_modules/typescript/lib/tsserver.js:179977:14)
    at IpcIOSession.executeCommand (/home/bontzkl/.vscode-server/bin/704ed70d4fd1c6bd6342c436f1ede30d1cff4710/extensions/node_modules/typescript/lib/tsserver.js:179985:29)
    at IpcIOSession.onMessage (/home/bontzkl/.vscode-server/bin/704ed70d4fd1c6bd6342c436f1ede30d1cff4710/extensions/node_modules/typescript/lib/tsserver.js:180027:51)
    at process.<anonymous> (/home/bontzkl/.vscode-server/bin/704ed70d4fd1c6bd6342c436f1ede30d1cff4710/extensions/node_modules/typescript/lib/tsserver.js:181594:14)
    at process.emit (node:events:526:28)
    at emit (node:internal/child_process:938:14)
    at processTicksAndRejections (node:internal/process/task_queues:84:21)
	at Function.create (/home/bontzkl/.vscode-server/bin/704ed70d4fd1c6bd6342c436f1ede30d1cff4710/extensions/typescript-language-features/dist/extension.js:2:901289)
	at h.w (/home/bontzkl/.vscode-server/bin/704ed70d4fd1c6bd6342c436f1ede30d1cff4710/extensions/typescript-language-features/dist/extension.js:2:896498)
	at h.u (/home/bontzkl/.vscode-server/bin/704ed70d4fd1c6bd6342c436f1ede30d1cff4710/extensions/typescript-language-features/dist/extension.js:2:895563)
	at ChildProcess.<anonymous> (/home/bontzkl/.vscode-server/bin/704ed70d4fd1c6bd6342c436f1ede30d1cff4710/extensions/typescript-language-features/dist/extension.js:2:895195)
	at ChildProcess.emit (node:events:526:28)
	at emit (node:internal/child_process:938:14)
	at processTicksAndRejections (node:internal/process/task_queues:84:21)
2023-04-28 18:03:55.430 [error] [vscode.typescript-language-features] provider FAILED
2023-04-28 18:03:55.430 [error] Error: <semantic> TypeScript Server Error (5.0.4)
No Project.
Error: No Project.
    at Object.ThrowNoProject (/home/bontzkl/.vscode-server/bin/704ed70d4fd1c6bd6342c436f1ede30d1cff4710/extensions/node_modules/typescript/lib/tsserver.js:170274:11)
    at ScriptInfo.getDefaultProject (/home/bontzkl/.vscode-server/bin/704ed70d4fd1c6bd6342c436f1ede30d1cff4710/extensions/node_modules/typescript/lib/tsserver.js:171021:23)
    at _ProjectService.doEnsureDefaultProjectForFile (/home/bontzkl/.vscode-server/bin/704ed70d4fd1c6bd6342c436f1ede30d1cff4710/extensions/node_modules/typescript/lib/tsserver.js:174146:36)
    at _ProjectService.ensureDefaultProjectForFile (/home/bontzkl/.vscode-server/bin/704ed70d4fd1c6bd6342c436f1ede30d1cff4710/extensions/node_modules/typescript/lib/tsserver.js:174141:75)
    at IpcIOSession.getFileAndProjectWorker (/home/bontzkl/.vscode-server/bin/704ed70d4fd1c6bd6342c436f1ede30d1cff4710/extensions/node_modules/typescript/lib/tsserver.js:179058:77)
    at IpcIOSession.getFileAndProject (/home/bontzkl/.vscode-server/bin/704ed70d4fd1c6bd6342c436f1ede30d1cff4710/extensions/node_modules/typescript/lib/tsserver.js:179044:17)
    at IpcIOSession.getApplicableRefactors (/home/bontzkl/.vscode-server/bin/704ed70d4fd1c6bd6342c436f1ede30d1cff4710/extensions/node_modules/typescript/lib/tsserver.js:179603:36)
    at getApplicableRefactors (/home/bontzkl/.vscode-server/bin/704ed70d4fd1c6bd6342c436f1ede30d1cff4710/extensions/node_modules/typescript/lib/tsserver.js:177862:43)
    at /home/bontzkl/.vscode-server/bin/704ed70d4fd1c6bd6342c436f1ede30d1cff4710/extensions/node_modules/typescript/lib/tsserver.js:179985:69
    at IpcIOSession.executeWithRequestId (/home/bontzkl/.vscode-server/bin/704ed70d4fd1c6bd6342c436f1ede30d1cff4710/extensions/node_modules/typescript/lib/tsserver.js:179977:14)
    at IpcIOSession.executeCommand (/home/bontzkl/.vscode-server/bin/704ed70d4fd1c6bd6342c436f1ede30d1cff4710/extensions/node_modules/typescript/lib/tsserver.js:179985:29)
    at IpcIOSession.onMessage (/home/bontzkl/.vscode-server/bin/704ed70d4fd1c6bd6342c436f1ede30d1cff4710/extensions/node_modules/typescript/lib/tsserver.js:180027:51)
    at process.<anonymous> (/home/bontzkl/.vscode-server/bin/704ed70d4fd1c6bd6342c436f1ede30d1cff4710/extensions/node_modules/typescript/lib/tsserver.js:181594:14)
    at process.emit (node:events:526:28)
    at emit (node:internal/child_process:938:14)
    at processTicksAndRejections (node:internal/process/task_queues:84:21)
	at Function.create (/home/bontzkl/.vscode-server/bin/704ed70d4fd1c6bd6342c436f1ede30d1cff4710/extensions/typescript-language-features/dist/extension.js:2:901289)
	at h.w (/home/bontzkl/.vscode-server/bin/704ed70d4fd1c6bd6342c436f1ede30d1cff4710/extensions/typescript-language-features/dist/extension.js:2:896498)
	at h.u (/home/bontzkl/.vscode-server/bin/704ed70d4fd1c6bd6342c436f1ede30d1cff4710/extensions/typescript-language-features/dist/extension.js:2:895563)
	at ChildProcess.<anonymous> (/home/bontzkl/.vscode-server/bin/704ed70d4fd1c6bd6342c436f1ede30d1cff4710/extensions/typescript-language-features/dist/extension.js:2:895195)
	at ChildProcess.emit (node:events:526:28)
	at emit (node:internal/child_process:938:14)
	at processTicksAndRejections (node:internal/process/task_queues:84:21)
2023-04-28 18:03:55.582 [error] [vscode.typescript-language-features] provider FAILED
2023-04-28 18:03:55.583 [error] Error: <semantic> TypeScript Server Error (5.0.4)
No Project.
Error: No Project.
    at Object.ThrowNoProject (/home/bontzkl/.vscode-server/bin/704ed70d4fd1c6bd6342c436f1ede30d1cff4710/extensions/node_modules/typescript/lib/tsserver.js:170274:11)
    at ScriptInfo.getDefaultProject (/home/bontzkl/.vscode-server/bin/704ed70d4fd1c6bd6342c436f1ede30d1cff4710/extensions/node_modules/typescript/lib/tsserver.js:171021:23)
    at _ProjectService.doEnsureDefaultProjectForFile (/home/bontzkl/.vscode-server/bin/704ed70d4fd1c6bd6342c436f1ede30d1cff4710/extensions/node_modules/typescript/lib/tsserver.js:174146:36)
    at _ProjectService.ensureDefaultProjectForFile (/home/bontzkl/.vscode-server/bin/704ed70d4fd1c6bd6342c436f1ede30d1cff4710/extensions/node_modules/typescript/lib/tsserver.js:174141:75)
    at IpcIOSession.getFileAndProjectWorker (/home/bontzkl/.vscode-server/bin/704ed70d4fd1c6bd6342c436f1ede30d1cff4710/extensions/node_modules/typescript/lib/tsserver.js:179058:77)
    at IpcIOSession.getFileAndProject (/home/bontzkl/.vscode-server/bin/704ed70d4fd1c6bd6342c436f1ede30d1cff4710/extensions/node_modules/typescript/lib/tsserver.js:179044:17)
    at IpcIOSession.getCompletions (/home/bontzkl/.vscode-server/bin/704ed70d4fd1c6bd6342c436f1ede30d1cff4710/extensions/node_modules/typescript/lib/tsserver.js:179218:36)
    at completionInfo (/home/bontzkl/.vscode-server/bin/704ed70d4fd1c6bd6342c436f1ede30d1cff4710/extensions/node_modules/typescript/lib/tsserver.js:177632:43)
    at /home/bontzkl/.vscode-server/bin/704ed70d4fd1c6bd6342c436f1ede30d1cff4710/extensions/node_modules/typescript/lib/tsserver.js:179985:69
    at IpcIOSession.executeWithRequestId (/home/bontzkl/.vscode-server/bin/704ed70d4fd1c6bd6342c436f1ede30d1cff4710/extensions/node_modules/typescript/lib/tsserver.js:179977:14)
    at IpcIOSession.executeCommand (/home/bontzkl/.vscode-server/bin/704ed70d4fd1c6bd6342c436f1ede30d1cff4710/extensions/node_modules/typescript/lib/tsserver.js:179985:29)
    at IpcIOSession.onMessage (/home/bontzkl/.vscode-server/bin/704ed70d4fd1c6bd6342c436f1ede30d1cff4710/extensions/node_modules/typescript/lib/tsserver.js:180027:51)
    at process.<anonymous> (/home/bontzkl/.vscode-server/bin/704ed70d4fd1c6bd6342c436f1ede30d1cff4710/extensions/node_modules/typescript/lib/tsserver.js:181594:14)
    at process.emit (node:events:526:28)
    at emit (node:internal/child_process:938:14)
    at processTicksAndRejections (node:internal/process/task_queues:84:21)
	at Function.create (/home/bontzkl/.vscode-server/bin/704ed70d4fd1c6bd6342c436f1ede30d1cff4710/extensions/typescript-language-features/dist/extension.js:2:901289)
	at h.w (/home/bontzkl/.vscode-server/bin/704ed70d4fd1c6bd6342c436f1ede30d1cff4710/extensions/typescript-language-features/dist/extension.js:2:896498)
	at h.u (/home/bontzkl/.vscode-server/bin/704ed70d4fd1c6bd6342c436f1ede30d1cff4710/extensions/typescript-language-features/dist/extension.js:2:895563)
	at ChildProcess.<anonymous> (/home/bontzkl/.vscode-server/bin/704ed70d4fd1c6bd6342c436f1ede30d1cff4710/extensions/typescript-language-features/dist/extension.js:2:895195)
	at ChildProcess.emit (node:events:526:28)
	at emit (node:internal/child_process:938:14)
	at processTicksAndRejections (node:internal/process/task_queues:84:21)
2023-04-28 18:03:55.668 [error] [vscode.typescript-language-features] provider FAILED
2023-04-28 18:03:55.668 [error] Error: <semantic> TypeScript Server Error (5.0.4)
No Project.
Error: No Project.
    at Object.ThrowNoProject (/home/bontzkl/.vscode-server/bin/704ed70d4fd1c6bd6342c436f1ede30d1cff4710/extensions/node_modules/typescript/lib/tsserver.js:170274:11)
    at ScriptInfo.getDefaultProject (/home/bontzkl/.vscode-server/bin/704ed70d4fd1c6bd6342c436f1ede30d1cff4710/extensions/node_modules/typescript/lib/tsserver.js:171021:23)
    at _ProjectService.doEnsureDefaultProjectForFile (/home/bontzkl/.vscode-server/bin/704ed70d4fd1c6bd6342c436f1ede30d1cff4710/extensions/node_modules/typescript/lib/tsserver.js:174146:36)
    at _ProjectService.ensureDefaultProjectForFile (/home/bontzkl/.vscode-server/bin/704ed70d4fd1c6bd6342c436f1ede30d1cff4710/extensions/node_modules/typescript/lib/tsserver.js:174141:75)
    at IpcIOSession.getFileAndProjectWorker (/home/bontzkl/.vscode-server/bin/704ed70d4fd1c6bd6342c436f1ede30d1cff4710/extensions/node_modules/typescript/lib/tsserver.js:179058:77)
    at IpcIOSession.getFileAndProject (/home/bontzkl/.vscode-server/bin/704ed70d4fd1c6bd6342c436f1ede30d1cff4710/extensions/node_modules/typescript/lib/tsserver.js:179044:17)
    at IpcIOSession.getEncodedSemanticClassifications (/home/bontzkl/.vscode-server/bin/704ed70d4fd1c6bd6342c436f1ede30d1cff4710/extensions/node_modules/typescript/lib/tsserver.js:178372:36)
    at encodedSemanticClassifications-full (/home/bontzkl/.vscode-server/bin/704ed70d4fd1c6bd6342c436f1ede30d1cff4710/extensions/node_modules/typescript/lib/tsserver.js:177681:43)
    at /home/bontzkl/.vscode-server/bin/704ed70d4fd1c6bd6342c436f1ede30d1cff4710/extensions/node_modules/typescript/lib/tsserver.js:179985:69
    at IpcIOSession.executeWithRequestId (/home/bontzkl/.vscode-server/bin/704ed70d4fd1c6bd6342c436f1ede30d1cff4710/extensions/node_modules/typescript/lib/tsserver.js:179977:14)
    at IpcIOSession.executeCommand (/home/bontzkl/.vscode-server/bin/704ed70d4fd1c6bd6342c436f1ede30d1cff4710/extensions/node_modules/typescript/lib/tsserver.js:179985:29)
    at IpcIOSession.onMessage (/home/bontzkl/.vscode-server/bin/704ed70d4fd1c6bd6342c436f1ede30d1cff4710/extensions/node_modules/typescript/lib/tsserver.js:180027:51)
    at process.<anonymous> (/home/bontzkl/.vscode-server/bin/704ed70d4fd1c6bd6342c436f1ede30d1cff4710/extensions/node_modules/typescript/lib/tsserver.js:181594:14)
    at process.emit (node:events:526:28)
    at emit (node:internal/child_process:938:14)
    at processTicksAndRejections (node:internal/process/task_queues:84:21)
	at Function.create (/home/bontzkl/.vscode-server/bin/704ed70d4fd1c6bd6342c436f1ede30d1cff4710/extensions/typescript-language-features/dist/extension.js:2:901289)
	at h.w (/home/bontzkl/.vscode-server/bin/704ed70d4fd1c6bd6342c436f1ede30d1cff4710/extensions/typescript-language-features/dist/extension.js:2:896498)
	at h.u (/home/bontzkl/.vscode-server/bin/704ed70d4fd1c6bd6342c436f1ede30d1cff4710/extensions/typescript-language-features/dist/extension.js:2:895563)
	at ChildProcess.<anonymous> (/home/bontzkl/.vscode-server/bin/704ed70d4fd1c6bd6342c436f1ede30d1cff4710/extensions/typescript-language-features/dist/extension.js:2:895195)
	at ChildProcess.emit (node:events:526:28)
	at emit (node:internal/child_process:938:14)
	at processTicksAndRejections (node:internal/process/task_queues:84:21)
2023-04-28 18:03:55.765 [error] Error: <semantic> TypeScript Server Error (5.0.4)
No Project.
Error: No Project.
    at Object.ThrowNoProject (/home/bontzkl/.vscode-server/bin/704ed70d4fd1c6bd6342c436f1ede30d1cff4710/extensions/node_modules/typescript/lib/tsserver.js:170274:11)
    at ScriptInfo.getDefaultProject (/home/bontzkl/.vscode-server/bin/704ed70d4fd1c6bd6342c436f1ede30d1cff4710/extensions/node_modules/typescript/lib/tsserver.js:171021:23)
    at _ProjectService.doEnsureDefaultProjectForFile (/home/bontzkl/.vscode-server/bin/704ed70d4fd1c6bd6342c436f1ede30d1cff4710/extensions/node_modules/typescript/lib/tsserver.js:174146:36)
    at _ProjectService.ensureDefaultProjectForFile (/home/bontzkl/.vscode-server/bin/704ed70d4fd1c6bd6342c436f1ede30d1cff4710/extensions/node_modules/typescript/lib/tsserver.js:174141:75)
    at IpcIOSession.getFileAndProjectWorker (/home/bontzkl/.vscode-server/bin/704ed70d4fd1c6bd6342c436f1ede30d1cff4710/extensions/node_modules/typescript/lib/tsserver.js:179058:77)
    at IpcIOSession.getProjectInfoWorker (/home/bontzkl/.vscode-server/bin/704ed70d4fd1c6bd6342c436f1ede30d1cff4710/extensions/node_modules/typescript/lib/tsserver.js:178859:30)
    at IpcIOSession.getProjectInfo (/home/bontzkl/.vscode-server/bin/704ed70d4fd1c6bd6342c436f1ede30d1cff4710/extensions/node_modules/typescript/lib/tsserver.js:178850:17)
    at projectInfo (/home/bontzkl/.vscode-server/bin/704ed70d4fd1c6bd6342c436f1ede30d1cff4710/extensions/node_modules/typescript/lib/tsserver.js:177818:43)
    at /home/bontzkl/.vscode-server/bin/704ed70d4fd1c6bd6342c436f1ede30d1cff4710/extensions/node_modules/typescript/lib/tsserver.js:179985:69
    at IpcIOSession.executeWithRequestId (/home/bontzkl/.vscode-server/bin/704ed70d4fd1c6bd6342c436f1ede30d1cff4710/extensions/node_modules/typescript/lib/tsserver.js:179977:14)
    at IpcIOSession.executeCommand (/home/bontzkl/.vscode-server/bin/704ed70d4fd1c6bd6342c436f1ede30d1cff4710/extensions/node_modules/typescript/lib/tsserver.js:179985:29)
    at IpcIOSession.onMessage (/home/bontzkl/.vscode-server/bin/704ed70d4fd1c6bd6342c436f1ede30d1cff4710/extensions/node_modules/typescript/lib/tsserver.js:180027:51)
    at process.<anonymous> (/home/bontzkl/.vscode-server/bin/704ed70d4fd1c6bd6342c436f1ede30d1cff4710/extensions/node_modules/typescript/lib/tsserver.js:181594:14)
    at process.emit (node:events:526:28)
    at emit (node:internal/child_process:938:14)
    at processTicksAndRejections (node:internal/process/task_queues:84:21)
	at Function.create (/home/bontzkl/.vscode-server/bin/704ed70d4fd1c6bd6342c436f1ede30d1cff4710/extensions/typescript-language-features/dist/extension.js:2:901289)
	at h.w (/home/bontzkl/.vscode-server/bin/704ed70d4fd1c6bd6342c436f1ede30d1cff4710/extensions/typescript-language-features/dist/extension.js:2:896498)
	at h.u (/home/bontzkl/.vscode-server/bin/704ed70d4fd1c6bd6342c436f1ede30d1cff4710/extensions/typescript-language-features/dist/extension.js:2:895563)
	at ChildProcess.<anonymous> (/home/bontzkl/.vscode-server/bin/704ed70d4fd1c6bd6342c436f1ede30d1cff4710/extensions/typescript-language-features/dist/extension.js:2:895195)
	at ChildProcess.emit (node:events:526:28)
	at emit (node:internal/child_process:938:14)
	at processTicksAndRejections (node:internal/process/task_queues:84:21)
2023-04-28 18:03:55.832 [error] [vscode.typescript-language-features] provider FAILED
2023-04-28 18:03:55.832 [error] Error: <semantic> TypeScript Server Error (5.0.4)
No Project.
Error: No Project.
    at Object.ThrowNoProject (/home/bontzkl/.vscode-server/bin/704ed70d4fd1c6bd6342c436f1ede30d1cff4710/extensions/node_modules/typescript/lib/tsserver.js:170274:11)
    at ScriptInfo.getDefaultProject (/home/bontzkl/.vscode-server/bin/704ed70d4fd1c6bd6342c436f1ede30d1cff4710/extensions/node_modules/typescript/lib/tsserver.js:171021:23)
    at _ProjectService.doEnsureDefaultProjectForFile (/home/bontzkl/.vscode-server/bin/704ed70d4fd1c6bd6342c436f1ede30d1cff4710/extensions/node_modules/typescript/lib/tsserver.js:174146:36)
    at _ProjectService.ensureDefaultProjectForFile (/home/bontzkl/.vscode-server/bin/704ed70d4fd1c6bd6342c436f1ede30d1cff4710/extensions/node_modules/typescript/lib/tsserver.js:174141:75)
    at IpcIOSession.getFileAndProjectWorker (/home/bontzkl/.vscode-server/bin/704ed70d4fd1c6bd6342c436f1ede30d1cff4710/extensions/node_modules/typescript/lib/tsserver.js:179058:77)
    at IpcIOSession.getFileAndProject (/home/bontzkl/.vscode-server/bin/704ed70d4fd1c6bd6342c436f1ede30d1cff4710/extensions/node_modules/typescript/lib/tsserver.js:179044:17)
    at IpcIOSession.getApplicableRefactors (/home/bontzkl/.vscode-server/bin/704ed70d4fd1c6bd6342c436f1ede30d1cff4710/extensions/node_modules/typescript/lib/tsserver.js:179603:36)
    at getApplicableRefactors (/home/bontzkl/.vscode-server/bin/704ed70d4fd1c6bd6342c436f1ede30d1cff4710/extensions/node_modules/typescript/lib/tsserver.js:177862:43)
    at /home/bontzkl/.vscode-server/bin/704ed70d4fd1c6bd6342c436f1ede30d1cff4710/extensions/node_modules/typescript/lib/tsserver.js:179985:69
    at IpcIOSession.executeWithRequestId (/home/bontzkl/.vscode-server/bin/704ed70d4fd1c6bd6342c436f1ede30d1cff4710/extensions/node_modules/typescript/lib/tsserver.js:179977:14)
    at IpcIOSession.executeCommand (/home/bontzkl/.vscode-server/bin/704ed70d4fd1c6bd6342c436f1ede30d1cff4710/extensions/node_modules/typescript/lib/tsserver.js:179985:29)
    at IpcIOSession.onMessage (/home/bontzkl/.vscode-server/bin/704ed70d4fd1c6bd6342c436f1ede30d1cff4710/extensions/node_modules/typescript/lib/tsserver.js:180027:51)
    at process.<anonymous> (/home/bontzkl/.vscode-server/bin/704ed70d4fd1c6bd6342c436f1ede30d1cff4710/extensions/node_modules/typescript/lib/tsserver.js:181594:14)
    at process.emit (node:events:526:28)
    at emit (node:internal/child_process:938:14)
    at processTicksAndRejections (node:internal/process/task_queues:84:21)
	at Function.create (/home/bontzkl/.vscode-server/bin/704ed70d4fd1c6bd6342c436f1ede30d1cff4710/extensions/typescript-language-features/dist/extension.js:2:901289)
	at h.w (/home/bontzkl/.vscode-server/bin/704ed70d4fd1c6bd6342c436f1ede30d1cff4710/extensions/typescript-language-features/dist/extension.js:2:896498)
	at h.u (/home/bontzkl/.vscode-server/bin/704ed70d4fd1c6bd6342c436f1ede30d1cff4710/extensions/typescript-language-features/dist/extension.js:2:895563)
	at ChildProcess.<anonymous> (/home/bontzkl/.vscode-server/bin/704ed70d4fd1c6bd6342c436f1ede30d1cff4710/extensions/typescript-language-features/dist/extension.js:2:895195)
	at ChildProcess.emit (node:events:526:28)
	at emit (node:internal/child_process:938:14)
	at processTicksAndRejections (node:internal/process/task_queues:84:21)
2023-04-28 18:03:56.670 [error] Error: <semantic> TypeScript Server Error (5.0.4)
No Project.
Error: No Project.
    at Object.ThrowNoProject (/home/bontzkl/.vscode-server/bin/704ed70d4fd1c6bd6342c436f1ede30d1cff4710/extensions/node_modules/typescript/lib/tsserver.js:170274:11)
    at ScriptInfo.getDefaultProject (/home/bontzkl/.vscode-server/bin/704ed70d4fd1c6bd6342c436f1ede30d1cff4710/extensions/node_modules/typescript/lib/tsserver.js:171021:23)
    at _ProjectService.doEnsureDefaultProjectForFile (/home/bontzkl/.vscode-server/bin/704ed70d4fd1c6bd6342c436f1ede30d1cff4710/extensions/node_modules/typescript/lib/tsserver.js:174146:36)
    at _ProjectService.ensureDefaultProjectForFile (/home/bontzkl/.vscode-server/bin/704ed70d4fd1c6bd6342c436f1ede30d1cff4710/extensions/node_modules/typescript/lib/tsserver.js:174141:75)
    at IpcIOSession.getFileAndProjectWorker (/home/bontzkl/.vscode-server/bin/704ed70d4fd1c6bd6342c436f1ede30d1cff4710/extensions/node_modules/typescript/lib/tsserver.js:179058:77)
    at IpcIOSession.getFileAndProject (/home/bontzkl/.vscode-server/bin/704ed70d4fd1c6bd6342c436f1ede30d1cff4710/extensions/node_modules/typescript/lib/tsserver.js:179044:17)
    at IpcIOSession.getEncodedSemanticClassifications (/home/bontzkl/.vscode-server/bin/704ed70d4fd1c6bd6342c436f1ede30d1cff4710/extensions/node_modules/typescript/lib/tsserver.js:178372:36)
    at encodedSemanticClassifications-full (/home/bontzkl/.vscode-server/bin/704ed70d4fd1c6bd6342c436f1ede30d1cff4710/extensions/node_modules/typescript/lib/tsserver.js:177681:43)
    at /home/bontzkl/.vscode-server/bin/704ed70d4fd1c6bd6342c436f1ede30d1cff4710/extensions/node_modules/typescript/lib/tsserver.js:179985:69
    at IpcIOSession.executeWithRequestId (/home/bontzkl/.vscode-server/bin/704ed70d4fd1c6bd6342c436f1ede30d1cff4710/extensions/node_modules/typescript/lib/tsserver.js:179977:14)
    at IpcIOSession.executeCommand (/home/bontzkl/.vscode-server/bin/704ed70d4fd1c6bd6342c436f1ede30d1cff4710/extensions/node_modules/typescript/lib/tsserver.js:179985:29)
    at IpcIOSession.onMessage (/home/bontzkl/.vscode-server/bin/704ed70d4fd1c6bd6342c436f1ede30d1cff4710/extensions/node_modules/typescript/lib/tsserver.js:180027:51)
    at process.<anonymous> (/home/bontzkl/.vscode-server/bin/704ed70d4fd1c6bd6342c436f1ede30d1cff4710/extensions/node_modules/typescript/lib/tsserver.js:181594:14)
    at process.emit (node:events:526:28)
    at emit (node:internal/child_process:938:14)
    at processTicksAndRejections (node:internal/process/task_queues:84:21)
	at Function.create (/home/bontzkl/.vscode-server/bin/704ed70d4fd1c6bd6342c436f1ede30d1cff4710/extensions/typescript-language-features/dist/extension.js:2:901289)
	at h.w (/home/bontzkl/.vscode-server/bin/704ed70d4fd1c6bd6342c436f1ede30d1cff4710/extensions/typescript-language-features/dist/extension.js:2:896498)
	at h.u (/home/bontzkl/.vscode-server/bin/704ed70d4fd1c6bd6342c436f1ede30d1cff4710/extensions/typescript-language-features/dist/extension.js:2:895563)
	at ChildProcess.<anonymous> (/home/bontzkl/.vscode-server/bin/704ed70d4fd1c6bd6342c436f1ede30d1cff4710/extensions/typescript-language-features/dist/extension.js:2:895195)
	at ChildProcess.emit (node:events:526:28)
	at emit (node:internal/child_process:938:14)
	at processTicksAndRejections (node:internal/process/task_queues:84:21)
2023-04-28 19:15:33.790 [info] ExtensionService#_doActivateExtension vscode.css-language-features, startup: false, activationEvent: 'onLanguage:css'
2023-04-28 21:02:00.715 [info] Extension host terminating: received terminate message from renderer
2023-04-28 21:02:00.718 [info] Lock '/home/bontzkl/.vscode-server/data/User/workspaceStorage/f8c7ad0c118f350c39f0b4a6bd7e3cc5/vscode.lock': Marking the lockfile as scheduled to be released in 6000 ms.
2023-04-28 21:02:00.913 [error] Canceled: Canceled
	at new l (/home/bontzkl/.vscode-server/bin/704ed70d4fd1c6bd6342c436f1ede30d1cff4710/out/vs/workbench/api/node/extensionHostProcess.js:99:105190)
	at c.O (/home/bontzkl/.vscode-server/bin/704ed70d4fd1c6bd6342c436f1ede30d1cff4710/out/vs/workbench/api/node/extensionHostProcess.js:109:11692)
	at Proxy.G.<computed>.Q.charCodeAt.G.<computed> (/home/bontzkl/.vscode-server/bin/704ed70d4fd1c6bd6342c436f1ede30d1cff4710/out/vs/workbench/api/node/extensionHostProcess.js:109:8967)
	at m.g (/home/bontzkl/.vscode-server/bin/704ed70d4fd1c6bd6342c436f1ede30d1cff4710/out/vs/workbench/api/node/extensionHostProcess.js:99:125211)
	at m.executeCommand (/home/bontzkl/.vscode-server/bin/704ed70d4fd1c6bd6342c436f1ede30d1cff4710/out/vs/workbench/api/node/extensionHostProcess.js:99:124587)
	at L.registerCommand.description (/home/bontzkl/.vscode-server/bin/704ed70d4fd1c6bd6342c436f1ede30d1cff4710/out/vs/workbench/api/node/extensionHostProcess.js:99:123880)
	at m.h (/home/bontzkl/.vscode-server/bin/704ed70d4fd1c6bd6342c436f1ede30d1cff4710/out/vs/workbench/api/node/extensionHostProcess.js:99:125797)
	at m.g (/home/bontzkl/.vscode-server/bin/704ed70d4fd1c6bd6342c436f1ede30d1cff4710/out/vs/workbench/api/node/extensionHostProcess.js:99:124687)
	at m.executeCommand (/home/bontzkl/.vscode-server/bin/704ed70d4fd1c6bd6342c436f1ede30d1cff4710/out/vs/workbench/api/node/extensionHostProcess.js:99:124587)
	at Object.executeCommand (/home/bontzkl/.vscode-server/bin/704ed70d4fd1c6bd6342c436f1ede30d1cff4710/out/vs/workbench/api/node/extensionHostProcess.js:115:23801)
	at D (/home/bontzkl/.vscode-server/bin/704ed70d4fd1c6bd6342c436f1ede30d1cff4710/extensions/git/dist/main.js:2:1467156)
	at E.invoke (/home/bontzkl/.vscode-server/bin/704ed70d4fd1c6bd6342c436f1ede30d1cff4710/out/vs/workbench/api/node/extensionHostProcess.js:63:145)
	at h.deliver (/home/bontzkl/.vscode-server/bin/704ed70d4fd1c6bd6342c436f1ede30d1cff4710/out/vs/workbench/api/node/extensionHostProcess.js:63:2121)
	at n.fire (/home/bontzkl/.vscode-server/bin/704ed70d4fd1c6bd6342c436f1ede30d1cff4710/out/vs/workbench/api/node/extensionHostProcess.js:63:1729)
	at Object.m [as dispose] (/home/bontzkl/.vscode-server/bin/704ed70d4fd1c6bd6342c436f1ede30d1cff4710/extensions/git/dist/main.js:2:1481885)
	at /home/bontzkl/.vscode-server/bin/704ed70d4fd1c6bd6342c436f1ede30d1cff4710/extensions/git/dist/main.js:2:1485952
	at Array.forEach (<anonymous>)
	at g.dispose (/home/bontzkl/.vscode-server/bin/704ed70d4fd1c6bd6342c436f1ede30d1cff4710/extensions/git/dist/main.js:2:1485938)
	at t.<anonymous> (/home/bontzkl/.vscode-server/bin/704ed70d4fd1c6bd6342c436f1ede30d1cff4710/out/vs/workbench/api/node/extensionHostProcess.js:97:12398)
	at t.dispose (/home/bontzkl/.vscode-server/bin/704ed70d4fd1c6bd6342c436f1ede30d1cff4710/out/vs/workbench/api/node/extensionHostProcess.js:97:12533)
	at t.<anonymous> (/home/bontzkl/.vscode-server/bin/704ed70d4fd1c6bd6342c436f1ede30d1cff4710/extensions/git/dist/main.js:2:1469286)
	at t.dispose (/home/bontzkl/.vscode-server/bin/704ed70d4fd1c6bd6342c436f1ede30d1cff4710/out/vs/workbench/api/node/extensionHostProcess.js:97:12533)
	at I (/home/bontzkl/.vscode-server/bin/704ed70d4fd1c6bd6342c436f1ede30d1cff4710/out/vs/workbench/api/node/extensionHostProcess.js:10:12084)
	at E.Y (/home/bontzkl/.vscode-server/bin/704ed70d4fd1c6bd6342c436f1ede30d1cff4710/out/vs/workbench/api/node/extensionHostProcess.js:111:11147)
	at /home/bontzkl/.vscode-server/bin/704ed70d4fd1c6bd6342c436f1ede30d1cff4710/out/vs/workbench/api/node/extensionHostProcess.js:111:9131
	at Array.map (<anonymous>)
	at E.R (/home/bontzkl/.vscode-server/bin/704ed70d4fd1c6bd6342c436f1ede30d1cff4710/out/vs/workbench/api/node/extensionHostProcess.js:111:9118)
	at E.terminate (/home/bontzkl/.vscode-server/bin/704ed70d4fd1c6bd6342c436f1ede30d1cff4710/out/vs/workbench/api/node/extensionHostProcess.js:111:9389)
	at d.terminate (/home/bontzkl/.vscode-server/bin/704ed70d4fd1c6bd6342c436f1ede30d1cff4710/out/vs/workbench/api/node/extensionHostProcess.js:115:1544)
	at p (/home/bontzkl/.vscode-server/bin/704ed70d4fd1c6bd6342c436f1ede30d1cff4710/out/vs/workbench/api/node/extensionHostProcess.js:125:18690)
	at /home/bontzkl/.vscode-server/bin/704ed70d4fd1c6bd6342c436f1ede30d1cff4710/out/vs/workbench/api/node/extensionHostProcess.js:125:16600
	at E.invoke (/home/bontzkl/.vscode-server/bin/704ed70d4fd1c6bd6342c436f1ede30d1cff4710/out/vs/workbench/api/node/extensionHostProcess.js:63:145)
	at h.deliver (/home/bontzkl/.vscode-server/bin/704ed70d4fd1c6bd6342c436f1ede30d1cff4710/out/vs/workbench/api/node/extensionHostProcess.js:63:2121)
	at n.fire (/home/bontzkl/.vscode-server/bin/704ed70d4fd1c6bd6342c436f1ede30d1cff4710/out/vs/workbench/api/node/extensionHostProcess.js:63:1729)
	at p.fire (/home/bontzkl/.vscode-server/bin/704ed70d4fd1c6bd6342c436f1ede30d1cff4710/out/vs/workbench/api/node/extensionHostProcess.js:72:14916)
	at s.E (/home/bontzkl/.vscode-server/bin/704ed70d4fd1c6bd6342c436f1ede30d1cff4710/out/vs/workbench/api/node/extensionHostProcess.js:72:18982)
	at /home/bontzkl/.vscode-server/bin/704ed70d4fd1c6bd6342c436f1ede30d1cff4710/out/vs/workbench/api/node/extensionHostProcess.js:72:16970
	at E.invoke (/home/bontzkl/.vscode-server/bin/704ed70d4fd1c6bd6342c436f1ede30d1cff4710/out/vs/workbench/api/node/extensionHostProcess.js:63:145)
	at h.deliver (/home/bontzkl/.vscode-server/bin/704ed70d4fd1c6bd6342c436f1ede30d1cff4710/out/vs/workbench/api/node/extensionHostProcess.js:63:2121)
	at n.fire (/home/bontzkl/.vscode-server/bin/704ed70d4fd1c6bd6342c436f1ede30d1cff4710/out/vs/workbench/api/node/extensionHostProcess.js:63:1729)
	at d.acceptChunk (/home/bontzkl/.vscode-server/bin/704ed70d4fd1c6bd6342c436f1ede30d1cff4710/out/vs/workbench/api/node/extensionHostProcess.js:72:12647)
	at /home/bontzkl/.vscode-server/bin/704ed70d4fd1c6bd6342c436f1ede30d1cff4710/out/vs/workbench/api/node/extensionHostProcess.js:72:11934
	at E.invoke (/home/bontzkl/.vscode-server/bin/704ed70d4fd1c6bd6342c436f1ede30d1cff4710/out/vs/workbench/api/node/extensionHostProcess.js:63:145)
	at h.deliver (/home/bontzkl/.vscode-server/bin/704ed70d4fd1c6bd6342c436f1ede30d1cff4710/out/vs/workbench/api/node/extensionHostProcess.js:63:2121)
	at n.fire (/home/bontzkl/.vscode-server/bin/704ed70d4fd1c6bd6342c436f1ede30d1cff4710/out/vs/workbench/api/node/extensionHostProcess.js:63:1729)
	at n.u (/home/bontzkl/.vscode-server/bin/704ed70d4fd1c6bd6342c436f1ede30d1cff4710/out/vs/workbench/api/node/extensionHostProcess.js:72:28919)
	at n.acceptFrame (/home/bontzkl/.vscode-server/bin/704ed70d4fd1c6bd6342c436f1ede30d1cff4710/out/vs/workbench/api/node/extensionHostProcess.js:72:28725)
	at E.l (/home/bontzkl/.vscode-server/bin/704ed70d4fd1c6bd6342c436f1ede30d1cff4710/out/vs/workbench/api/node/extensionHostProcess.js:72:27312)
	at /home/bontzkl/.vscode-server/bin/704ed70d4fd1c6bd6342c436f1ede30d1cff4710/out/vs/workbench/api/node/extensionHostProcess.js:72:24635
	at Socket.s (/home/bontzkl/.vscode-server/bin/704ed70d4fd1c6bd6342c436f1ede30d1cff4710/out/vs/workbench/api/node/extensionHostProcess.js:72:22469)
	at Socket.emit (node:events:526:28)
	at addChunk (node:internal/streams/readable:315:12)
	at readableAddChunk (node:internal/streams/readable:289:9)
	at Socket.Readable.push (node:internal/streams/readable:228:10)
	at TCP.onStreamRead (node:internal/stream_base_commons:190:23) setContext undefined
2023-04-28 21:02:00.936 [info] Extension host with pid 1605 exiting with code 0
