["INFO" - 6:02:37 PM] Extension Name: esbenp.prettier-vscode.
["INFO" - 6:02:37 PM] Extension Version: 9.12.0.
["INFO" - 6:04:14 PM] Formatting file:///home/bontzkl/projects/projekcikpykpyk/pomeranian-bolierplate-public/src/App/Exercises/ReactExercises/SubRouteExercise4/Exercise4.jsx
["INFO" - 6:04:14 PM] Using config file at '/home/bontzkl/projects/projekcikpykpyk/pomeranian-bolierplate-public/.prettierrc.json'
["INFO" - 6:04:14 PM] Using ignore file (if present) at /home/bontzkl/projects/projekcikpykpyk/pomeranian-bolierplate-public/.prettierignore
["INFO" - 6:04:14 PM] File Info:
{
  "ignored": false,
  "inferredParser": "babel"
}
["INFO" - 6:04:14 PM] Detected local configuration (i.e. .prettierrc or .editorconfig), VS Code configuration will not be used
["INFO" - 6:04:14 PM] Prettier Options:
{
  "filepath": "/home/bontzkl/projects/projekcikpykpyk/pomeranian-bolierplate-public/src/App/Exercises/ReactExercises/SubRouteExercise4/Exercise4.jsx",
  "parser": "babel",
  "singleQuote": true,
  "trailingComma": "es5",
  "endOfLine": "auto"
}
["INFO" - 6:04:14 PM] Formatting completed in 117ms.
["INFO" - 6:04:45 PM] Formatting file:///home/bontzkl/projects/projekcikpykpyk/pomeranian-bolierplate-public/src/App/Exercises/ReactExercises/SubRouteExercise4/Exercise4.jsx
["INFO" - 6:04:45 PM] Using config file at '/home/bontzkl/projects/projekcikpykpyk/pomeranian-bolierplate-public/.prettierrc.json'
["INFO" - 6:04:45 PM] Using ignore file (if present) at /home/bontzkl/projects/projekcikpykpyk/pomeranian-bolierplate-public/.prettierignore
["INFO" - 6:04:45 PM] File Info:
{
  "ignored": false,
  "inferredParser": "babel"
}
["INFO" - 6:04:45 PM] Detected local configuration (i.e. .prettierrc or .editorconfig), VS Code configuration will not be used
["INFO" - 6:04:45 PM] Prettier Options:
{
  "filepath": "/home/bontzkl/projects/projekcikpykpyk/pomeranian-bolierplate-public/src/App/Exercises/ReactExercises/SubRouteExercise4/Exercise4.jsx",
  "parser": "babel",
  "singleQuote": true,
  "trailingComma": "es5",
  "endOfLine": "auto"
}
["INFO" - 6:04:45 PM] Formatting completed in 39ms.
["INFO" - 6:04:52 PM] Formatting file:///home/bontzkl/projects/projekcikpykpyk/pomeranian-bolierplate-public/src/App/Exercises/ReactExercises/SubRouteExercise4/Exercise4.jsx
["INFO" - 6:04:52 PM] Using config file at '/home/bontzkl/projects/projekcikpykpyk/pomeranian-bolierplate-public/.prettierrc.json'
["INFO" - 6:04:52 PM] Using ignore file (if present) at /home/bontzkl/projects/projekcikpykpyk/pomeranian-bolierplate-public/.prettierignore
["INFO" - 6:04:52 PM] File Info:
{
  "ignored": false,
  "inferredParser": "babel"
}
["INFO" - 6:04:52 PM] Detected local configuration (i.e. .prettierrc or .editorconfig), VS Code configuration will not be used
["INFO" - 6:04:52 PM] Prettier Options:
{
  "filepath": "/home/bontzkl/projects/projekcikpykpyk/pomeranian-bolierplate-public/src/App/Exercises/ReactExercises/SubRouteExercise4/Exercise4.jsx",
  "parser": "babel",
  "singleQuote": true,
  "trailingComma": "es5",
  "endOfLine": "auto"
}
["ERROR" - 6:04:52 PM] Error formatting document.
["ERROR" - 6:04:52 PM] 'await' is only allowed within async functions and at the top levels of modules. (14:5)
  12 |   const handleChangeA = (event) => {
  13 |     setValueA(event.target.value);
> 14 |     await delay(1000);
     |     ^
  15 |     if (valueA > valueB) {
  16 |       seIsBBiggerThanA(false);
  17 |       setIsEmpty(false);
SyntaxError: 'await' is only allowed within async functions and at the top levels of modules. (14:5)
  12 |   const handleChangeA = (event) => {
  13 |     setValueA(event.target.value);
> 14 |     await delay(1000);
     |     ^
  15 |     if (valueA > valueB) {
  16 |       seIsBBiggerThanA(false);
  17 |       setIsEmpty(false);
	at f (/home/bontzkl/projects/projekcikpykpyk/pomeranian-bolierplate-public/node_modules/prettier/parser-babel.js:22:1054)
	at d (/home/bontzkl/projects/projekcikpykpyk/pomeranian-bolierplate-public/node_modules/prettier/parser-babel.js:22:1287)
	at Object.parse (/home/bontzkl/projects/projekcikpykpyk/pomeranian-bolierplate-public/node_modules/prettier/parser-babel.js:29:54613)
	at Object.parse (/home/bontzkl/projects/projekcikpykpyk/pomeranian-bolierplate-public/node_modules/prettier/index.js:7515:23)
	at coreFormat (/home/bontzkl/projects/projekcikpykpyk/pomeranian-bolierplate-public/node_modules/prettier/index.js:8829:18)
	at formatWithCursor2 (/home/bontzkl/projects/projekcikpykpyk/pomeranian-bolierplate-public/node_modules/prettier/index.js:9021:18)
	at /home/bontzkl/projects/projekcikpykpyk/pomeranian-bolierplate-public/node_modules/prettier/index.js:38176:12
	at Object.format (/home/bontzkl/projects/projekcikpykpyk/pomeranian-bolierplate-public/node_modules/prettier/index.js:38190:12)
	at t.default.format (/home/bontzkl/.vscode-server/extensions/esbenp.prettier-vscode-9.12.0/dist/extension.js:1:14694)
	at async t.PrettierEditProvider.provideEdits (/home/bontzkl/.vscode-server/extensions/esbenp.prettier-vscode-9.12.0/dist/extension.js:1:11367)
	at async B.provideDocumentFormattingEdits (/home/bontzkl/.vscode-server/bin/704ed70d4fd1c6bd6342c436f1ede30d1cff4710/out/vs/workbench/api/node/extensionHostProcess.js:101:46615)
["INFO" - 6:04:52 PM] Formatting completed in 23ms.
["INFO" - 6:05:07 PM] Formatting file:///home/bontzkl/projects/projekcikpykpyk/pomeranian-bolierplate-public/src/App/Exercises/ReactExercises/SubRouteExercise4/Exercise4.jsx
["INFO" - 6:05:07 PM] Using config file at '/home/bontzkl/projects/projekcikpykpyk/pomeranian-bolierplate-public/.prettierrc.json'
["INFO" - 6:05:07 PM] Using ignore file (if present) at /home/bontzkl/projects/projekcikpykpyk/pomeranian-bolierplate-public/.prettierignore
["INFO" - 6:05:07 PM] File Info:
{
  "ignored": false,
  "inferredParser": "babel"
}
["INFO" - 6:05:07 PM] Detected local configuration (i.e. .prettierrc or .editorconfig), VS Code configuration will not be used
["INFO" - 6:05:07 PM] Prettier Options:
{
  "filepath": "/home/bontzkl/projects/projekcikpykpyk/pomeranian-bolierplate-public/src/App/Exercises/ReactExercises/SubRouteExercise4/Exercise4.jsx",
  "parser": "babel",
  "singleQuote": true,
  "trailingComma": "es5",
  "endOfLine": "auto"
}
["INFO" - 6:05:07 PM] Formatting completed in 26ms.
["INFO" - 6:05:32 PM] Formatting file:///home/bontzkl/projects/projekcikpykpyk/pomeranian-bolierplate-public/src/App/Exercises/ReactExercises/SubRouteExercise4/Exercise4.jsx
["INFO" - 6:05:32 PM] Using config file at '/home/bontzkl/projects/projekcikpykpyk/pomeranian-bolierplate-public/.prettierrc.json'
["INFO" - 6:05:32 PM] Using ignore file (if present) at /home/bontzkl/projects/projekcikpykpyk/pomeranian-bolierplate-public/.prettierignore
["INFO" - 6:05:32 PM] File Info:
{
  "ignored": false,
  "inferredParser": "babel"
}
["INFO" - 6:05:32 PM] Detected local configuration (i.e. .prettierrc or .editorconfig), VS Code configuration will not be used
["INFO" - 6:05:32 PM] Prettier Options:
{
  "filepath": "/home/bontzkl/projects/projekcikpykpyk/pomeranian-bolierplate-public/src/App/Exercises/ReactExercises/SubRouteExercise4/Exercise4.jsx",
  "parser": "babel",
  "singleQuote": true,
  "trailingComma": "es5",
  "endOfLine": "auto"
}
["INFO" - 6:05:32 PM] Formatting completed in 30ms.
["INFO" - 6:06:10 PM] Formatting file:///home/bontzkl/projects/projekcikpykpyk/pomeranian-bolierplate-public/src/App/Exercises/ReactExercises/SubRouteExercise4/Exercise4.jsx
["INFO" - 6:06:10 PM] Using config file at '/home/bontzkl/projects/projekcikpykpyk/pomeranian-bolierplate-public/.prettierrc.json'
["INFO" - 6:06:10 PM] Using ignore file (if present) at /home/bontzkl/projects/projekcikpykpyk/pomeranian-bolierplate-public/.prettierignore
["INFO" - 6:06:10 PM] File Info:
{
  "ignored": false,
  "inferredParser": "babel"
}
["INFO" - 6:06:10 PM] Detected local configuration (i.e. .prettierrc or .editorconfig), VS Code configuration will not be used
["INFO" - 6:06:10 PM] Prettier Options:
{
  "filepath": "/home/bontzkl/projects/projekcikpykpyk/pomeranian-bolierplate-public/src/App/Exercises/ReactExercises/SubRouteExercise4/Exercise4.jsx",
  "parser": "babel",
  "singleQuote": true,
  "trailingComma": "es5",
  "endOfLine": "auto"
}
["INFO" - 6:06:10 PM] Formatting completed in 23ms.
["INFO" - 6:08:11 PM] Formatting file:///home/bontzkl/projects/projekcikpykpyk/pomeranian-bolierplate-public/src/App/Exercises/ReactExercises/SubRouteExercise4/Exercise4.jsx
["INFO" - 6:08:11 PM] Using config file at '/home/bontzkl/projects/projekcikpykpyk/pomeranian-bolierplate-public/.prettierrc.json'
["INFO" - 6:08:11 PM] Using ignore file (if present) at /home/bontzkl/projects/projekcikpykpyk/pomeranian-bolierplate-public/.prettierignore
["INFO" - 6:08:11 PM] File Info:
{
  "ignored": false,
  "inferredParser": "babel"
}
["INFO" - 6:08:11 PM] Detected local configuration (i.e. .prettierrc or .editorconfig), VS Code configuration will not be used
["INFO" - 6:08:11 PM] Prettier Options:
{
  "filepath": "/home/bontzkl/projects/projekcikpykpyk/pomeranian-bolierplate-public/src/App/Exercises/ReactExercises/SubRouteExercise4/Exercise4.jsx",
  "parser": "babel",
  "singleQuote": true,
  "trailingComma": "es5",
  "endOfLine": "auto"
}
["INFO" - 6:08:12 PM] Formatting completed in 23ms.
["INFO" - 6:18:08 PM] Formatting file:///home/bontzkl/projects/projekcikpykpyk/pomeranian-bolierplate-public/src/App/Exercises/ReactExercises/SubRouteExercise4/Exercise4.jsx
["INFO" - 6:18:08 PM] Using config file at '/home/bontzkl/projects/projekcikpykpyk/pomeranian-bolierplate-public/.prettierrc.json'
["INFO" - 6:18:08 PM] Using ignore file (if present) at /home/bontzkl/projects/projekcikpykpyk/pomeranian-bolierplate-public/.prettierignore
["INFO" - 6:18:08 PM] File Info:
{
  "ignored": false,
  "inferredParser": "babel"
}
["INFO" - 6:18:08 PM] Detected local configuration (i.e. .prettierrc or .editorconfig), VS Code configuration will not be used
["INFO" - 6:18:08 PM] Prettier Options:
{
  "filepath": "/home/bontzkl/projects/projekcikpykpyk/pomeranian-bolierplate-public/src/App/Exercises/ReactExercises/SubRouteExercise4/Exercise4.jsx",
  "parser": "babel",
  "singleQuote": true,
  "trailingComma": "es5",
  "endOfLine": "auto"
}
["INFO" - 6:18:08 PM] Formatting completed in 30ms.
["INFO" - 6:18:53 PM] Formatting file:///home/bontzkl/projects/projekcikpykpyk/pomeranian-bolierplate-public/src/App/Exercises/ReactExercises/SubRouteExercise4/Exercise4.jsx
["INFO" - 6:18:53 PM] Using config file at '/home/bontzkl/projects/projekcikpykpyk/pomeranian-bolierplate-public/.prettierrc.json'
["INFO" - 6:18:53 PM] Using ignore file (if present) at /home/bontzkl/projects/projekcikpykpyk/pomeranian-bolierplate-public/.prettierignore
["INFO" - 6:18:53 PM] File Info:
{
  "ignored": false,
  "inferredParser": "babel"
}
["INFO" - 6:18:53 PM] Detected local configuration (i.e. .prettierrc or .editorconfig), VS Code configuration will not be used
["INFO" - 6:18:53 PM] Prettier Options:
{
  "filepath": "/home/bontzkl/projects/projekcikpykpyk/pomeranian-bolierplate-public/src/App/Exercises/ReactExercises/SubRouteExercise4/Exercise4.jsx",
  "parser": "babel",
  "singleQuote": true,
  "trailingComma": "es5",
  "endOfLine": "auto"
}
["INFO" - 6:18:53 PM] Formatting completed in 21ms.
["INFO" - 6:19:43 PM] Formatting file:///home/bontzkl/projects/projekcikpykpyk/pomeranian-bolierplate-public/src/App/Exercises/ReactExercises/SubRouteExercise4/Exercise4.jsx
["INFO" - 6:19:43 PM] Using config file at '/home/bontzkl/projects/projekcikpykpyk/pomeranian-bolierplate-public/.prettierrc.json'
["INFO" - 6:19:43 PM] Using ignore file (if present) at /home/bontzkl/projects/projekcikpykpyk/pomeranian-bolierplate-public/.prettierignore
["INFO" - 6:19:43 PM] File Info:
{
  "ignored": false,
  "inferredParser": "babel"
}
["INFO" - 6:19:43 PM] Detected local configuration (i.e. .prettierrc or .editorconfig), VS Code configuration will not be used
["INFO" - 6:19:43 PM] Prettier Options:
{
  "filepath": "/home/bontzkl/projects/projekcikpykpyk/pomeranian-bolierplate-public/src/App/Exercises/ReactExercises/SubRouteExercise4/Exercise4.jsx",
  "parser": "babel",
  "singleQuote": true,
  "trailingComma": "es5",
  "endOfLine": "auto"
}
["INFO" - 6:19:43 PM] Formatting completed in 25ms.
["INFO" - 6:19:54 PM] Formatting file:///home/bontzkl/projects/projekcikpykpyk/pomeranian-bolierplate-public/src/App/Exercises/ReactExercises/SubRouteExercise4/Exercise4.jsx
["INFO" - 6:19:54 PM] Using config file at '/home/bontzkl/projects/projekcikpykpyk/pomeranian-bolierplate-public/.prettierrc.json'
["INFO" - 6:19:54 PM] Using ignore file (if present) at /home/bontzkl/projects/projekcikpykpyk/pomeranian-bolierplate-public/.prettierignore
["INFO" - 6:19:54 PM] File Info:
{
  "ignored": false,
  "inferredParser": "babel"
}
["INFO" - 6:19:54 PM] Detected local configuration (i.e. .prettierrc or .editorconfig), VS Code configuration will not be used
["INFO" - 6:19:54 PM] Prettier Options:
{
  "filepath": "/home/bontzkl/projects/projekcikpykpyk/pomeranian-bolierplate-public/src/App/Exercises/ReactExercises/SubRouteExercise4/Exercise4.jsx",
  "parser": "babel",
  "singleQuote": true,
  "trailingComma": "es5",
  "endOfLine": "auto"
}
["INFO" - 6:19:54 PM] Formatting completed in 19ms.
["INFO" - 6:21:32 PM] Formatting file:///home/bontzkl/projects/projekcikpykpyk/pomeranian-bolierplate-public/src/App/Exercises/ReactExercises/SubRouteExercise4/Exercise4.jsx
["INFO" - 6:21:32 PM] Using config file at '/home/bontzkl/projects/projekcikpykpyk/pomeranian-bolierplate-public/.prettierrc.json'
["INFO" - 6:21:32 PM] Using ignore file (if present) at /home/bontzkl/projects/projekcikpykpyk/pomeranian-bolierplate-public/.prettierignore
["INFO" - 6:21:32 PM] File Info:
{
  "ignored": false,
  "inferredParser": "babel"
}
["INFO" - 6:21:32 PM] Detected local configuration (i.e. .prettierrc or .editorconfig), VS Code configuration will not be used
["INFO" - 6:21:32 PM] Prettier Options:
{
  "filepath": "/home/bontzkl/projects/projekcikpykpyk/pomeranian-bolierplate-public/src/App/Exercises/ReactExercises/SubRouteExercise4/Exercise4.jsx",
  "parser": "babel",
  "singleQuote": true,
  "trailingComma": "es5",
  "endOfLine": "auto"
}
["INFO" - 6:21:32 PM] Formatting completed in 24ms.
["INFO" - 6:24:42 PM] Formatting file:///home/bontzkl/projects/projekcikpykpyk/pomeranian-bolierplate-public/src/App/Exercises/ReactExercises/SubRouteExercise4/Exercise4.jsx
["INFO" - 6:24:42 PM] Using config file at '/home/bontzkl/projects/projekcikpykpyk/pomeranian-bolierplate-public/.prettierrc.json'
["INFO" - 6:24:42 PM] Using ignore file (if present) at /home/bontzkl/projects/projekcikpykpyk/pomeranian-bolierplate-public/.prettierignore
["INFO" - 6:24:42 PM] File Info:
{
  "ignored": false,
  "inferredParser": "babel"
}
["INFO" - 6:24:42 PM] Detected local configuration (i.e. .prettierrc or .editorconfig), VS Code configuration will not be used
["INFO" - 6:24:42 PM] Prettier Options:
{
  "filepath": "/home/bontzkl/projects/projekcikpykpyk/pomeranian-bolierplate-public/src/App/Exercises/ReactExercises/SubRouteExercise4/Exercise4.jsx",
  "parser": "babel",
  "singleQuote": true,
  "trailingComma": "es5",
  "endOfLine": "auto"
}
["INFO" - 6:24:42 PM] Formatting completed in 26ms.
["INFO" - 6:24:49 PM] Formatting file:///home/bontzkl/projects/projekcikpykpyk/pomeranian-bolierplate-public/src/App/Exercises/ReactExercises/SubRouteExercise4/Exercise4.jsx
["INFO" - 6:24:49 PM] Using config file at '/home/bontzkl/projects/projekcikpykpyk/pomeranian-bolierplate-public/.prettierrc.json'
["INFO" - 6:24:49 PM] Using ignore file (if present) at /home/bontzkl/projects/projekcikpykpyk/pomeranian-bolierplate-public/.prettierignore
["INFO" - 6:24:49 PM] File Info:
{
  "ignored": false,
  "inferredParser": "babel"
}
["INFO" - 6:24:49 PM] Detected local configuration (i.e. .prettierrc or .editorconfig), VS Code configuration will not be used
["INFO" - 6:24:49 PM] Prettier Options:
{
  "filepath": "/home/bontzkl/projects/projekcikpykpyk/pomeranian-bolierplate-public/src/App/Exercises/ReactExercises/SubRouteExercise4/Exercise4.jsx",
  "parser": "babel",
  "singleQuote": true,
  "trailingComma": "es5",
  "endOfLine": "auto"
}
["INFO" - 6:24:49 PM] Formatting completed in 22ms.
["INFO" - 6:24:53 PM] Formatting file:///home/bontzkl/projects/projekcikpykpyk/pomeranian-bolierplate-public/src/App/Exercises/ReactExercises/SubRouteExercise4/Exercise4.jsx
["INFO" - 6:24:53 PM] Using config file at '/home/bontzkl/projects/projekcikpykpyk/pomeranian-bolierplate-public/.prettierrc.json'
["INFO" - 6:24:53 PM] Using ignore file (if present) at /home/bontzkl/projects/projekcikpykpyk/pomeranian-bolierplate-public/.prettierignore
["INFO" - 6:24:53 PM] File Info:
{
  "ignored": false,
  "inferredParser": "babel"
}
["INFO" - 6:24:53 PM] Detected local configuration (i.e. .prettierrc or .editorconfig), VS Code configuration will not be used
["INFO" - 6:24:53 PM] Prettier Options:
{
  "filepath": "/home/bontzkl/projects/projekcikpykpyk/pomeranian-bolierplate-public/src/App/Exercises/ReactExercises/SubRouteExercise4/Exercise4.jsx",
  "parser": "babel",
  "singleQuote": true,
  "trailingComma": "es5",
  "endOfLine": "auto"
}
["INFO" - 6:24:53 PM] Formatting completed in 20ms.
