["INFO" - 8:33:02 PM] Extension Name: esbenp.prettier-vscode.
["INFO" - 8:33:02 PM] Extension Version: 9.12.0.
["INFO" - 8:34:22 PM] Formatting file:///home/bontzkl/projects/projekcikpykpyk/pomeranian-bolierplate-public/src/App/Exercises/HtmlCss/SelectorsAndCascade/index.jsx
["INFO" - 8:34:22 PM] Using config file at '/home/bontzkl/projects/projekcikpykpyk/pomeranian-bolierplate-public/.prettierrc.json'
["INFO" - 8:34:22 PM] Using ignore file (if present) at /home/bontzkl/projects/projekcikpykpyk/pomeranian-bolierplate-public/.prettierignore
["INFO" - 8:34:22 PM] File Info:
{
  "ignored": false,
  "inferredParser": "babel"
}
["INFO" - 8:34:22 PM] Detected local configuration (i.e. .prettierrc or .editorconfig), VS Code configuration will not be used
["INFO" - 8:34:22 PM] Prettier Options:
{
  "filepath": "/home/bontzkl/projects/projekcikpykpyk/pomeranian-bolierplate-public/src/App/Exercises/HtmlCss/SelectorsAndCascade/index.jsx",
  "parser": "babel",
  "singleQuote": true,
  "trailingComma": "es5",
  "endOfLine": "auto"
}
["INFO" - 8:34:23 PM] Formatting completed in 250ms.
["INFO" - 8:34:26 PM] Formatting file:///home/bontzkl/projects/projekcikpykpyk/pomeranian-bolierplate-public/src/App/Exercises/HtmlCss/SelectorsAndCascade/styles.css
["INFO" - 8:34:26 PM] Using config file at '/home/bontzkl/projects/projekcikpykpyk/pomeranian-bolierplate-public/.prettierrc.json'
["INFO" - 8:34:26 PM] Using ignore file (if present) at /home/bontzkl/projects/projekcikpykpyk/pomeranian-bolierplate-public/.prettierignore
["INFO" - 8:34:26 PM] File Info:
{
  "ignored": false,
  "inferredParser": "css"
}
["INFO" - 8:34:26 PM] Detected local configuration (i.e. .prettierrc or .editorconfig), VS Code configuration will not be used
["INFO" - 8:34:26 PM] Prettier Options:
{
  "filepath": "/home/bontzkl/projects/projekcikpykpyk/pomeranian-bolierplate-public/src/App/Exercises/HtmlCss/SelectorsAndCascade/styles.css",
  "parser": "css",
  "singleQuote": true,
  "trailingComma": "es5",
  "endOfLine": "auto"
}
["INFO" - 8:35:52 PM] Formatting file:///home/bontzkl/projects/projekcikpykpyk/pomeranian-bolierplate-public/src/App/Exercises/HtmlCss/SelectorsAndCascade/router-data.jsx
["INFO" - 8:35:52 PM] Using config file at '/home/bontzkl/projects/projekcikpykpyk/pomeranian-bolierplate-public/.prettierrc.json'
["INFO" - 8:35:52 PM] Using ignore file (if present) at /home/bontzkl/projects/projekcikpykpyk/pomeranian-bolierplate-public/.prettierignore
["INFO" - 8:35:52 PM] File Info:
{
  "ignored": false,
  "inferredParser": "babel"
}
["INFO" - 8:35:52 PM] Detected local configuration (i.e. .prettierrc or .editorconfig), VS Code configuration will not be used
["INFO" - 8:35:52 PM] Prettier Options:
{
  "filepath": "/home/bontzkl/projects/projekcikpykpyk/pomeranian-bolierplate-public/src/App/Exercises/HtmlCss/SelectorsAndCascade/router-data.jsx",
  "parser": "babel",
  "singleQuote": true,
  "trailingComma": "es5",
  "endOfLine": "auto"
}
["INFO" - 8:35:52 PM] Formatting completed in 89ms.
["INFO" - 8:36:06 PM] Formatting file:///home/bontzkl/projects/projekcikpykpyk/pomeranian-bolierplate-public/src/App/Exercises/HtmlCss/SelectorsAndCascade/router-data.jsx
["INFO" - 8:36:06 PM] Using config file at '/home/bontzkl/projects/projekcikpykpyk/pomeranian-bolierplate-public/.prettierrc.json'
["INFO" - 8:36:06 PM] Using ignore file (if present) at /home/bontzkl/projects/projekcikpykpyk/pomeranian-bolierplate-public/.prettierignore
["INFO" - 8:36:06 PM] File Info:
{
  "ignored": false,
  "inferredParser": "babel"
}
["INFO" - 8:36:06 PM] Detected local configuration (i.e. .prettierrc or .editorconfig), VS Code configuration will not be used
["INFO" - 8:36:06 PM] Prettier Options:
{
  "filepath": "/home/bontzkl/projects/projekcikpykpyk/pomeranian-bolierplate-public/src/App/Exercises/HtmlCss/SelectorsAndCascade/router-data.jsx",
  "parser": "babel",
  "singleQuote": true,
  "trailingComma": "es5",
  "endOfLine": "auto"
}
["INFO" - 8:36:06 PM] Formatting completed in 43ms.
["INFO" - 8:36:47 PM] Formatting file:///home/bontzkl/projects/projekcikpykpyk/pomeranian-bolierplate-public/src/App/Exercises/HtmlCss/SelectorsAndCascade/router-data.jsx
["INFO" - 8:36:47 PM] Using config file at '/home/bontzkl/projects/projekcikpykpyk/pomeranian-bolierplate-public/.prettierrc.json'
["INFO" - 8:36:47 PM] Using ignore file (if present) at /home/bontzkl/projects/projekcikpykpyk/pomeranian-bolierplate-public/.prettierignore
["INFO" - 8:36:47 PM] File Info:
{
  "ignored": false,
  "inferredParser": "babel"
}
["INFO" - 8:36:47 PM] Detected local configuration (i.e. .prettierrc or .editorconfig), VS Code configuration will not be used
["INFO" - 8:36:47 PM] Prettier Options:
{
  "filepath": "/home/bontzkl/projects/projekcikpykpyk/pomeranian-bolierplate-public/src/App/Exercises/HtmlCss/SelectorsAndCascade/router-data.jsx",
  "parser": "babel",
  "singleQuote": true,
  "trailingComma": "es5",
  "endOfLine": "auto"
}
["INFO" - 8:36:47 PM] Formatting completed in 26ms.
["INFO" - 8:38:34 PM] Formatting file:///home/bontzkl/projects/projekcikpykpyk/pomeranian-bolierplate-public/src/App/Exercises/HtmlCss/view-router-data.jsx
["INFO" - 8:38:34 PM] Using config file at '/home/bontzkl/projects/projekcikpykpyk/pomeranian-bolierplate-public/.prettierrc.json'
["INFO" - 8:38:34 PM] Using ignore file (if present) at /home/bontzkl/projects/projekcikpykpyk/pomeranian-bolierplate-public/.prettierignore
["INFO" - 8:38:34 PM] File Info:
{
  "ignored": false,
  "inferredParser": "babel"
}
["INFO" - 8:38:34 PM] Detected local configuration (i.e. .prettierrc or .editorconfig), VS Code configuration will not be used
["INFO" - 8:38:34 PM] Prettier Options:
{
  "filepath": "/home/bontzkl/projects/projekcikpykpyk/pomeranian-bolierplate-public/src/App/Exercises/HtmlCss/view-router-data.jsx",
  "parser": "babel",
  "singleQuote": true,
  "trailingComma": "es5",
  "endOfLine": "auto"
}
["ERROR" - 8:38:34 PM] Error formatting document.
["ERROR" - 8:38:34 PM] Unexpected token (4:32)
  2 |
  3 | import { blockRouterMetaData as blockRouterMetaData121220231 } from './Exercise-example-12-12-2023-1/router-data';
> 4 | import {blockRouterMetaData as }
    |                                ^
  5 | export const blockRouterMetaData = [blockRouterMetaData121220231];
  6 | export const blockRouterData = getParsedRouterDataList(blockRouterMetaData);
  7 |
SyntaxError: Unexpected token (4:32)
  2 |
  3 | import { blockRouterMetaData as blockRouterMetaData121220231 } from './Exercise-example-12-12-2023-1/router-data';
> 4 | import {blockRouterMetaData as }
    |                                ^
  5 | export const blockRouterMetaData = [blockRouterMetaData121220231];
  6 | export const blockRouterData = getParsedRouterDataList(blockRouterMetaData);
  7 |
	at f (/home/bontzkl/projects/projekcikpykpyk/pomeranian-bolierplate-public/node_modules/prettier/parser-babel.js:22:1054)
	at d (/home/bontzkl/projects/projekcikpykpyk/pomeranian-bolierplate-public/node_modules/prettier/parser-babel.js:22:1287)
	at Object.parse (/home/bontzkl/projects/projekcikpykpyk/pomeranian-bolierplate-public/node_modules/prettier/parser-babel.js:29:54613)
	at Object.parse (/home/bontzkl/projects/projekcikpykpyk/pomeranian-bolierplate-public/node_modules/prettier/index.js:7515:23)
	at coreFormat (/home/bontzkl/projects/projekcikpykpyk/pomeranian-bolierplate-public/node_modules/prettier/index.js:8829:18)
	at formatWithCursor2 (/home/bontzkl/projects/projekcikpykpyk/pomeranian-bolierplate-public/node_modules/prettier/index.js:9021:18)
	at /home/bontzkl/projects/projekcikpykpyk/pomeranian-bolierplate-public/node_modules/prettier/index.js:38176:12
	at Object.format (/home/bontzkl/projects/projekcikpykpyk/pomeranian-bolierplate-public/node_modules/prettier/index.js:38190:12)
	at t.default.format (/home/bontzkl/.vscode-server/extensions/esbenp.prettier-vscode-9.12.0/dist/extension.js:1:14694)
	at async t.PrettierEditProvider.provideEdits (/home/bontzkl/.vscode-server/extensions/esbenp.prettier-vscode-9.12.0/dist/extension.js:1:11367)
	at async B.provideDocumentFormattingEdits (/home/bontzkl/.vscode-server/bin/704ed70d4fd1c6bd6342c436f1ede30d1cff4710/out/vs/workbench/api/node/extensionHostProcess.js:101:46615)
["INFO" - 8:38:34 PM] Formatting completed in 32ms.
["INFO" - 8:38:48 PM] Formatting file:///home/bontzkl/projects/projekcikpykpyk/pomeranian-bolierplate-public/src/App/Exercises/HtmlCss/view-router-data.jsx
["INFO" - 8:38:48 PM] Using config file at '/home/bontzkl/projects/projekcikpykpyk/pomeranian-bolierplate-public/.prettierrc.json'
["INFO" - 8:38:48 PM] Using ignore file (if present) at /home/bontzkl/projects/projekcikpykpyk/pomeranian-bolierplate-public/.prettierignore
["INFO" - 8:38:48 PM] File Info:
{
  "ignored": false,
  "inferredParser": "babel"
}
["INFO" - 8:38:48 PM] Detected local configuration (i.e. .prettierrc or .editorconfig), VS Code configuration will not be used
["INFO" - 8:38:48 PM] Prettier Options:
{
  "filepath": "/home/bontzkl/projects/projekcikpykpyk/pomeranian-bolierplate-public/src/App/Exercises/HtmlCss/view-router-data.jsx",
  "parser": "babel",
  "singleQuote": true,
  "trailingComma": "es5",
  "endOfLine": "auto"
}
["ERROR" - 8:38:48 PM] Error formatting document.
["ERROR" - 8:38:48 PM] Unexpected token, expected "from" (5:1)
  3 | import { blockRouterMetaData as blockRouterMetaData121220231 } from './Exercise-example-12-12-2023-1/router-data';
  4 | import {blockRouterMetaData as blockRouterMetaData05052023 } 
> 5 | export const blockRouterMetaData = [blockRouterMetaData121220231];
    | ^
  6 | export const blockRouterData = getParsedRouterDataList(blockRouterMetaData);
  7 |
SyntaxError: Unexpected token, expected "from" (5:1)
  3 | import { blockRouterMetaData as blockRouterMetaData121220231 } from './Exercise-example-12-12-2023-1/router-data';
  4 | import {blockRouterMetaData as blockRouterMetaData05052023 } 
> 5 | export const blockRouterMetaData = [blockRouterMetaData121220231];
    | ^
  6 | export const blockRouterData = getParsedRouterDataList(blockRouterMetaData);
  7 |
	at f (/home/bontzkl/projects/projekcikpykpyk/pomeranian-bolierplate-public/node_modules/prettier/parser-babel.js:22:1054)
	at d (/home/bontzkl/projects/projekcikpykpyk/pomeranian-bolierplate-public/node_modules/prettier/parser-babel.js:22:1287)
	at Object.parse (/home/bontzkl/projects/projekcikpykpyk/pomeranian-bolierplate-public/node_modules/prettier/parser-babel.js:29:54613)
	at Object.parse (/home/bontzkl/projects/projekcikpykpyk/pomeranian-bolierplate-public/node_modules/prettier/index.js:7515:23)
	at coreFormat (/home/bontzkl/projects/projekcikpykpyk/pomeranian-bolierplate-public/node_modules/prettier/index.js:8829:18)
	at formatWithCursor2 (/home/bontzkl/projects/projekcikpykpyk/pomeranian-bolierplate-public/node_modules/prettier/index.js:9021:18)
	at /home/bontzkl/projects/projekcikpykpyk/pomeranian-bolierplate-public/node_modules/prettier/index.js:38176:12
	at Object.format (/home/bontzkl/projects/projekcikpykpyk/pomeranian-bolierplate-public/node_modules/prettier/index.js:38190:12)
	at t.default.format (/home/bontzkl/.vscode-server/extensions/esbenp.prettier-vscode-9.12.0/dist/extension.js:1:14694)
	at async t.PrettierEditProvider.provideEdits (/home/bontzkl/.vscode-server/extensions/esbenp.prettier-vscode-9.12.0/dist/extension.js:1:11367)
	at async B.provideDocumentFormattingEdits (/home/bontzkl/.vscode-server/bin/704ed70d4fd1c6bd6342c436f1ede30d1cff4710/out/vs/workbench/api/node/extensionHostProcess.js:101:46615)
["INFO" - 8:38:48 PM] Formatting completed in 43ms.
["INFO" - 8:39:08 PM] Formatting file:///home/bontzkl/projects/projekcikpykpyk/pomeranian-bolierplate-public/src/App/Exercises/HtmlCss/view-router-data.jsx
["INFO" - 8:39:08 PM] Using config file at '/home/bontzkl/projects/projekcikpykpyk/pomeranian-bolierplate-public/.prettierrc.json'
["INFO" - 8:39:08 PM] Using ignore file (if present) at /home/bontzkl/projects/projekcikpykpyk/pomeranian-bolierplate-public/.prettierignore
["INFO" - 8:39:08 PM] File Info:
{
  "ignored": false,
  "inferredParser": "babel"
}
["INFO" - 8:39:08 PM] Detected local configuration (i.e. .prettierrc or .editorconfig), VS Code configuration will not be used
["INFO" - 8:39:08 PM] Prettier Options:
{
  "filepath": "/home/bontzkl/projects/projekcikpykpyk/pomeranian-bolierplate-public/src/App/Exercises/HtmlCss/view-router-data.jsx",
  "parser": "babel",
  "singleQuote": true,
  "trailingComma": "es5",
  "endOfLine": "auto"
}
["INFO" - 8:39:08 PM] Formatting completed in 15ms.
["INFO" - 8:40:01 PM] Formatting file:///home/bontzkl/projects/projekcikpykpyk/pomeranian-bolierplate-public/src/App/Exercises/HtmlCss/view-router-data.jsx
["INFO" - 8:40:01 PM] Using config file at '/home/bontzkl/projects/projekcikpykpyk/pomeranian-bolierplate-public/.prettierrc.json'
["INFO" - 8:40:01 PM] Using ignore file (if present) at /home/bontzkl/projects/projekcikpykpyk/pomeranian-bolierplate-public/.prettierignore
["INFO" - 8:40:01 PM] File Info:
{
  "ignored": false,
  "inferredParser": "babel"
}
["INFO" - 8:40:01 PM] Detected local configuration (i.e. .prettierrc or .editorconfig), VS Code configuration will not be used
["INFO" - 8:40:01 PM] Prettier Options:
{
  "filepath": "/home/bontzkl/projects/projekcikpykpyk/pomeranian-bolierplate-public/src/App/Exercises/HtmlCss/view-router-data.jsx",
  "parser": "babel",
  "singleQuote": true,
  "trailingComma": "es5",
  "endOfLine": "auto"
}
["INFO" - 8:40:01 PM] Formatting completed in 30ms.
["INFO" - 8:40:21 PM] Formatting file:///home/bontzkl/projects/projekcikpykpyk/pomeranian-bolierplate-public/src/App/Exercises/HtmlCss/view-router-data.jsx
["INFO" - 8:40:21 PM] Using config file at '/home/bontzkl/projects/projekcikpykpyk/pomeranian-bolierplate-public/.prettierrc.json'
["INFO" - 8:40:21 PM] Using ignore file (if present) at /home/bontzkl/projects/projekcikpykpyk/pomeranian-bolierplate-public/.prettierignore
["INFO" - 8:40:21 PM] File Info:
{
  "ignored": false,
  "inferredParser": "babel"
}
["INFO" - 8:40:21 PM] Detected local configuration (i.e. .prettierrc or .editorconfig), VS Code configuration will not be used
["INFO" - 8:40:21 PM] Prettier Options:
{
  "filepath": "/home/bontzkl/projects/projekcikpykpyk/pomeranian-bolierplate-public/src/App/Exercises/HtmlCss/view-router-data.jsx",
  "parser": "babel",
  "singleQuote": true,
  "trailingComma": "es5",
  "endOfLine": "auto"
}
["INFO" - 8:40:21 PM] Formatting completed in 14ms.
["INFO" - 9:00:32 PM] Formatting file:///home/bontzkl/projects/projekcikpykpyk/pomeranian-bolierplate-public/src/App/Exercises/HtmlCss/SelectorsAndCascade/router-data.jsx
["INFO" - 9:00:32 PM] Using config file at '/home/bontzkl/projects/projekcikpykpyk/pomeranian-bolierplate-public/.prettierrc.json'
["INFO" - 9:00:32 PM] Using ignore file (if present) at /home/bontzkl/projects/projekcikpykpyk/pomeranian-bolierplate-public/.prettierignore
["INFO" - 9:00:32 PM] File Info:
{
  "ignored": false,
  "inferredParser": "babel"
}
["INFO" - 9:00:32 PM] Detected local configuration (i.e. .prettierrc or .editorconfig), VS Code configuration will not be used
["INFO" - 9:00:32 PM] Prettier Options:
{
  "filepath": "/home/bontzkl/projects/projekcikpykpyk/pomeranian-bolierplate-public/src/App/Exercises/HtmlCss/SelectorsAndCascade/router-data.jsx",
  "parser": "babel",
  "singleQuote": true,
  "trailingComma": "es5",
  "endOfLine": "auto"
}
["INFO" - 9:00:32 PM] Formatting completed in 21ms.
["INFO" - 9:02:45 PM] Formatting file:///home/bontzkl/projects/projekcikpykpyk/pomeranian-bolierplate-public/src/App/Exercises/HtmlCss/SelectorsAndCascade/index.jsx
["INFO" - 9:02:45 PM] Using config file at '/home/bontzkl/projects/projekcikpykpyk/pomeranian-bolierplate-public/.prettierrc.json'
["INFO" - 9:02:45 PM] Using ignore file (if present) at /home/bontzkl/projects/projekcikpykpyk/pomeranian-bolierplate-public/.prettierignore
["INFO" - 9:02:45 PM] File Info:
{
  "ignored": false,
  "inferredParser": "babel"
}
["INFO" - 9:02:45 PM] Detected local configuration (i.e. .prettierrc or .editorconfig), VS Code configuration will not be used
["INFO" - 9:02:45 PM] Prettier Options:
{
  "filepath": "/home/bontzkl/projects/projekcikpykpyk/pomeranian-bolierplate-public/src/App/Exercises/HtmlCss/SelectorsAndCascade/index.jsx",
  "parser": "babel",
  "singleQuote": true,
  "trailingComma": "es5",
  "endOfLine": "auto"
}
["INFO" - 9:02:45 PM] Formatting completed in 46ms.
["INFO" - 9:02:57 PM] Formatting file:///home/bontzkl/projects/projekcikpykpyk/pomeranian-bolierplate-public/src/App/Exercises/HtmlCss/SelectorsAndCascade/index.jsx
["INFO" - 9:02:58 PM] Using config file at '/home/bontzkl/projects/projekcikpykpyk/pomeranian-bolierplate-public/.prettierrc.json'
["INFO" - 9:02:58 PM] Using ignore file (if present) at /home/bontzkl/projects/projekcikpykpyk/pomeranian-bolierplate-public/.prettierignore
["INFO" - 9:02:58 PM] File Info:
{
  "ignored": false,
  "inferredParser": "babel"
}
["INFO" - 9:02:58 PM] Detected local configuration (i.e. .prettierrc or .editorconfig), VS Code configuration will not be used
["INFO" - 9:02:58 PM] Prettier Options:
{
  "filepath": "/home/bontzkl/projects/projekcikpykpyk/pomeranian-bolierplate-public/src/App/Exercises/HtmlCss/SelectorsAndCascade/index.jsx",
  "parser": "babel",
  "singleQuote": true,
  "trailingComma": "es5",
  "endOfLine": "auto"
}
["INFO" - 9:02:58 PM] Formatting completed in 15ms.
["INFO" - 9:03:08 PM] Formatting file:///home/bontzkl/projects/projekcikpykpyk/pomeranian-bolierplate-public/src/App/Exercises/HtmlCss/SelectorsAndCascade/index.jsx
["INFO" - 9:03:08 PM] Using config file at '/home/bontzkl/projects/projekcikpykpyk/pomeranian-bolierplate-public/.prettierrc.json'
["INFO" - 9:03:08 PM] Using ignore file (if present) at /home/bontzkl/projects/projekcikpykpyk/pomeranian-bolierplate-public/.prettierignore
["INFO" - 9:03:08 PM] File Info:
{
  "ignored": false,
  "inferredParser": "babel"
}
["INFO" - 9:03:08 PM] Detected local configuration (i.e. .prettierrc or .editorconfig), VS Code configuration will not be used
["INFO" - 9:03:08 PM] Prettier Options:
{
  "filepath": "/home/bontzkl/projects/projekcikpykpyk/pomeranian-bolierplate-public/src/App/Exercises/HtmlCss/SelectorsAndCascade/index.jsx",
  "parser": "babel",
  "singleQuote": true,
  "trailingComma": "es5",
  "endOfLine": "auto"
}
["INFO" - 9:03:08 PM] Formatting completed in 13ms.
["INFO" - 9:03:15 PM] Formatting file:///home/bontzkl/projects/projekcikpykpyk/pomeranian-bolierplate-public/src/App/Exercises/HtmlCss/SelectorsAndCascade/index.jsx
["INFO" - 9:03:15 PM] Using config file at '/home/bontzkl/projects/projekcikpykpyk/pomeranian-bolierplate-public/.prettierrc.json'
["INFO" - 9:03:15 PM] Using ignore file (if present) at /home/bontzkl/projects/projekcikpykpyk/pomeranian-bolierplate-public/.prettierignore
["INFO" - 9:03:15 PM] File Info:
{
  "ignored": false,
  "inferredParser": "babel"
}
["INFO" - 9:03:15 PM] Detected local configuration (i.e. .prettierrc or .editorconfig), VS Code configuration will not be used
["INFO" - 9:03:15 PM] Prettier Options:
{
  "filepath": "/home/bontzkl/projects/projekcikpykpyk/pomeranian-bolierplate-public/src/App/Exercises/HtmlCss/SelectorsAndCascade/index.jsx",
  "parser": "babel",
  "singleQuote": true,
  "trailingComma": "es5",
  "endOfLine": "auto"
}
["INFO" - 9:03:15 PM] Formatting completed in 17ms.
["INFO" - 9:03:22 PM] Formatting file:///home/bontzkl/projects/projekcikpykpyk/pomeranian-bolierplate-public/src/App/Exercises/HtmlCss/SelectorsAndCascade/index.jsx
["INFO" - 9:03:22 PM] Using config file at '/home/bontzkl/projects/projekcikpykpyk/pomeranian-bolierplate-public/.prettierrc.json'
["INFO" - 9:03:22 PM] Using ignore file (if present) at /home/bontzkl/projects/projekcikpykpyk/pomeranian-bolierplate-public/.prettierignore
["INFO" - 9:03:22 PM] File Info:
{
  "ignored": false,
  "inferredParser": "babel"
}
["INFO" - 9:03:22 PM] Detected local configuration (i.e. .prettierrc or .editorconfig), VS Code configuration will not be used
["INFO" - 9:03:22 PM] Prettier Options:
{
  "filepath": "/home/bontzkl/projects/projekcikpykpyk/pomeranian-bolierplate-public/src/App/Exercises/HtmlCss/SelectorsAndCascade/index.jsx",
  "parser": "babel",
  "singleQuote": true,
  "trailingComma": "es5",
  "endOfLine": "auto"
}
["INFO" - 9:03:22 PM] Formatting completed in 16ms.
